#
# There is insufficient memory for the Java Runtime Environment to continue.
# Native memory allocation (malloc) failed to allocate 1275136 bytes for Chunk::new
# Possible reasons:
#   The system is out of physical RAM or swap space
#   The process is running with CompressedOops enabled, and the Java Heap may be blocking the growth of the native heap
# Possible solutions:
#   Reduce memory load on the system
#   Increase physical memory or swap space
#   Check if swap backing store is full
#   Decrease Java heap size (-Xmx/-Xms)
#   Decrease number of Java threads
#   Decrease Java thread stack sizes (-Xss)
#   Set larger code cache with -XX:ReservedCodeCacheSize=
#   JVM is running with Zero Based Compressed Oops mode in which the Java heap is
#     placed in the first 32GB address space. The Java Heap base address is the
#     maximum limit for the native heap growth. Please use -XX:HeapBaseMinAddress
#     to set the Java Heap base and to place the Java Heap above 32GB virtual address.
# This output file may be truncated or incomplete.
#
#  Out of Memory Error (arena.cpp:189), pid=11824, tid=764
#
# JRE version: Java(TM) SE Runtime Environment (17.0.9+11) (build 17.0.9+11-LTS-201)
# Java VM: Java HotSpot(TM) 64-Bit Server VM (17.0.9+11-LTS-201, mixed mode, sharing, tiered, compressed oops, compressed class ptrs, g1 gc, windows-amd64)
# No core dump will be written. Minidumps are not enabled by default on client versions of Windows
#

---------------  S U M M A R Y ------------

Command Line: -XX:+ShowCodeDetailsInExceptionMessages com.manamer.SellOut.infraestructure.eurekaserver.EurekaserverApplication

Host: 11th Gen Intel(R) Core(TM) i7-1165G7 @ 2.80GHz, 8 cores, 31G,  Windows 11 , 64 bit Build 26100 (10.0.26100.2454)
Time: Thu Dec 19 15:59:22 2024 Hora est. Pacífico, Sudamérica elapsed time: 21976.452112 seconds (0d 6h 6m 16s)

---------------  T H R E A D  ---------------

Current thread (0x000001c5d13c3c30):  JavaThread "C2 CompilerThread2" daemon [_thread_in_native, id=764, stack(0x0000000b05f00000,0x0000000b06000000)]


Current CompileTask:
C2:21976452 12693       4       org.springframework.core.type.AnnotatedTypeMetadata::getAnnotationAttributes (40 bytes)

Stack: [0x0000000b05f00000,0x0000000b06000000]
Native frames: (J=compiled Java code, j=interpreted, Vv=VM code, C=native code)
V  [jvm.dll+0x678a4a]
V  [jvm.dll+0x7d9cfd]
V  [jvm.dll+0x7db60e]
V  [jvm.dll+0x7dbc73]
V  [jvm.dll+0x245e1f]
V  [jvm.dll+0xaaafb]
V  [jvm.dll+0xab09c]
V  [jvm.dll+0x36237e]
V  [jvm.dll+0x1bbb3a]
V  [jvm.dll+0x218287]
V  [jvm.dll+0x217561]
V  [jvm.dll+0x1a3bc0]
V  [jvm.dll+0x2272de]
V  [jvm.dll+0x22548b]
V  [jvm.dll+0x78f58c]
V  [jvm.dll+0x78998a]
V  [jvm.dll+0x677875]
C  [ucrtbase.dll+0x14ea0]
C  [KERNEL32.DLL+0x2e8d7]
C  [ntdll.dll+0xdfbcc]


---------------  P R O C E S S  ---------------

Threads class SMR info:
_java_thread_list=0x000001c5cffa0540, length=18, elements={
0x000001c5fbaa1e20, 0x000001c5fbaa29e0, 0x000001c5fbab9650, 0x000001c5fbaba010,
0x000001c5fbaba9d0, 0x000001c5fbabb390, 0x000001c5fbabc8d0, 0x000001c5fbabd380,
0x000001c5fbac0450, 0x000001c5c918c690, 0x000001c5c91a29b0, 0x000001c5cfa6f620,
0x000001c5d12b8730, 0x000001c5d13f7db0, 0x000001c5d13f7390, 0x000001c5d13f6460,
0x000001c5c90e39e0, 0x000001c5d13c3c30
}

Java Threads: ( => current thread )
  0x000001c5fbaa1e20 JavaThread "Reference Handler" daemon [_thread_blocked, id=20076, stack(0x0000000b04700000,0x0000000b04800000)]
  0x000001c5fbaa29e0 JavaThread "Finalizer" daemon [_thread_blocked, id=15488, stack(0x0000000b04800000,0x0000000b04900000)]
  0x000001c5fbab9650 JavaThread "Signal Dispatcher" daemon [_thread_blocked, id=25516, stack(0x0000000b04900000,0x0000000b04a00000)]
  0x000001c5fbaba010 JavaThread "Attach Listener" daemon [_thread_blocked, id=16812, stack(0x0000000b04a00000,0x0000000b04b00000)]
  0x000001c5fbaba9d0 JavaThread "Service Thread" daemon [_thread_blocked, id=10408, stack(0x0000000b04b00000,0x0000000b04c00000)]
  0x000001c5fbabb390 JavaThread "Monitor Deflation Thread" daemon [_thread_blocked, id=24276, stack(0x0000000b04c00000,0x0000000b04d00000)]
  0x000001c5fbabc8d0 JavaThread "C2 CompilerThread0" daemon [_thread_blocked, id=26028, stack(0x0000000b04d00000,0x0000000b04e00000)]
  0x000001c5fbabd380 JavaThread "C1 CompilerThread0" daemon [_thread_blocked, id=18296, stack(0x0000000b04e00000,0x0000000b04f00000)]
  0x000001c5fbac0450 JavaThread "Sweeper thread" daemon [_thread_blocked, id=12568, stack(0x0000000b04f00000,0x0000000b05000000)]
  0x000001c5c918c690 JavaThread "Notification Thread" daemon [_thread_blocked, id=24832, stack(0x0000000b05000000,0x0000000b05100000)]
  0x000001c5c91a29b0 JavaThread "Common-Cleaner" daemon [_thread_blocked, id=23800, stack(0x0000000b05200000,0x0000000b05300000)]
  0x000001c5cfa6f620 JavaThread "Live Reload Server" daemon [_thread_in_native, id=9972, stack(0x0000000b06600000,0x0000000b06700000)]
  0x000001c5d12b8730 JavaThread "DestroyJavaVM" [_thread_blocked, id=20960, stack(0x0000000b04000000,0x0000000b04100000)]
  0x000001c5d13f7db0 JavaThread "Thread-7" [_thread_blocked, id=17492, stack(0x0000000b03f00000,0x0000000b04000000)]
  0x000001c5d13f7390 JavaThread "File Watcher" daemon [_thread_blocked, id=4172, stack(0x0000000b05400000,0x0000000b05500000)]
  0x000001c5d13f6460 JavaThread "restartedMain" [_thread_in_Java, id=12740, stack(0x0000000b05d00000,0x0000000b05e00000)]
  0x000001c5c90e39e0 JavaThread "C2 CompilerThread1" daemon [_thread_blocked, id=2432, stack(0x0000000b05e00000,0x0000000b05f00000)]
=>0x000001c5d13c3c30 JavaThread "C2 CompilerThread2" daemon [_thread_in_native, id=764, stack(0x0000000b05f00000,0x0000000b06000000)]

Other Threads:
  0x000001c5fba9cbd0 VMThread "VM Thread" [stack: 0x0000000b04600000,0x0000000b04700000] [id=22472]
  0x000001c5fb91f180 WatcherThread [stack: 0x0000000b05100000,0x0000000b05200000] [id=19408]
  0x000001c5d9f6ec60 GCTaskThread "GC Thread#0" [stack: 0x0000000b04100000,0x0000000b04200000] [id=25644]
  0x000001c5ce50db10 GCTaskThread "GC Thread#1" [stack: 0x0000000b05500000,0x0000000b05600000] [id=18028]
  0x000001c5ce50ddd0 GCTaskThread "GC Thread#2" [stack: 0x0000000b05600000,0x0000000b05700000] [id=4040]
  0x000001c5ce50e090 GCTaskThread "GC Thread#3" [stack: 0x0000000b05700000,0x0000000b05800000] [id=25992]
  0x000001c5ce4ce6e0 GCTaskThread "GC Thread#4" [stack: 0x0000000b05800000,0x0000000b05900000] [id=13936]
  0x000001c5ce50e350 GCTaskThread "GC Thread#5" [stack: 0x0000000b05900000,0x0000000b05a00000] [id=19212]
  0x000001c5ce50e610 GCTaskThread "GC Thread#6" [stack: 0x0000000b05a00000,0x0000000b05b00000] [id=18220]
  0x000001c5ce50e8d0 GCTaskThread "GC Thread#7" [stack: 0x0000000b05b00000,0x0000000b05c00000] [id=25972]
  0x000001c5fb9123d0 ConcurrentGCThread "G1 Main Marker" [stack: 0x0000000b04200000,0x0000000b04300000] [id=992]
  0x000001c5fb913ab0 ConcurrentGCThread "G1 Conc#0" [stack: 0x0000000b04300000,0x0000000b04400000] [id=23904]
  0x000001c5cff6b0f0 ConcurrentGCThread "G1 Conc#1" [stack: 0x0000000b05300000,0x0000000b05400000] [id=16072]
  0x000001c5fb9d2370 ConcurrentGCThread "G1 Refine#0" [stack: 0x0000000b04400000,0x0000000b04500000] [id=23320]
  0x000001c5ce50eb90 ConcurrentGCThread "G1 Refine#1" [stack: 0x0000000b05c00000,0x0000000b05d00000] [id=15248]
  0x000001c5fb9d2c40 ConcurrentGCThread "G1 Service" [stack: 0x0000000b04500000,0x0000000b04600000] [id=22808]

Threads with active compile tasks:
C2 CompilerThread2  21976482 12693       4       org.springframework.core.type.AnnotatedTypeMetadata::getAnnotationAttributes (40 bytes)

VM state: not at safepoint (normal execution)

VM Mutex/Monitor currently owned by a thread: None

Heap address: 0x0000000604400000, size: 8124 MB, Compressed Oops mode: Zero based, Oop shift amount: 3

CDS archive(s) mapped at: [0x000001c588000000-0x000001c588bd0000-0x000001c588bd0000), size 12386304, SharedBaseAddress: 0x000001c588000000, ArchiveRelocationMode: 1.
Compressed class space mapped at: 0x000001c589000000-0x000001c5c9000000, reserved size: 1073741824
Narrow klass base: 0x000001c588000000, Narrow klass shift: 0, Narrow klass range: 0x100000000

GC Precious Log:
 CPUs: 8 total, 8 available
 Memory: 32494M
 Large Page Support: Disabled
 NUMA Support: Disabled
 Compressed Oops: Enabled (Zero based)
 Heap Region Size: 4M
 Heap Min Capacity: 8M
 Heap Initial Capacity: 508M
 Heap Max Capacity: 8124M
 Pre-touch: Disabled
 Parallel Workers: 8
 Concurrent Workers: 2
 Concurrent Refinement Workers: 8
 Periodic GC: Disabled

Heap:
 garbage-first heap   total 98304K, used 63118K [0x0000000604400000, 0x0000000800000000)
  region size 4096K, 10 young (40960K), 0 survivors (0K)
 Metaspace       used 61814K, committed 62400K, reserved 1114112K
  class space    used 7763K, committed 8064K, reserved 1048576K

Heap Regions: E=young(eden), S=young(survivor), O=old, HS=humongous(starts), HC=humongous(continues), CS=collection set, F=free, OA=open archive, CA=closed archive, TAMS=top-at-mark-start (previous, next)
|   0|0x0000000604400000, 0x0000000604800000, 0x0000000604800000|100%| O|  |TAMS 0x0000000604400000, 0x0000000604400000| Untracked 
|   1|0x0000000604800000, 0x0000000604bfffe8, 0x0000000604c00000| 99%| O|  |TAMS 0x0000000604800000, 0x0000000604800000| Untracked 
|   2|0x0000000604c00000, 0x0000000604ffffe0, 0x0000000605000000| 99%| O|  |TAMS 0x0000000604c00000, 0x0000000604c00000| Untracked 
|   3|0x0000000605000000, 0x0000000605400000, 0x0000000605400000|100%| O|  |TAMS 0x0000000605000000, 0x0000000605000000| Untracked 
|   4|0x0000000605400000, 0x00000006057ffff8, 0x0000000605800000| 99%| O|  |TAMS 0x0000000605400000, 0x0000000605400000| Untracked 
|   5|0x0000000605800000, 0x0000000605c00000, 0x0000000605c00000|100%| O|  |TAMS 0x0000000605800000, 0x0000000605800000| Untracked 
|   6|0x0000000605c00000, 0x0000000605f9f0e8, 0x0000000606000000| 90%| O|  |TAMS 0x0000000605c00000, 0x0000000605c00000| Untracked 
|   7|0x0000000606000000, 0x00000006062047f8, 0x0000000606400000| 50%| O|  |TAMS 0x0000000606000000, 0x0000000606000000| Untracked 
|   8|0x0000000606400000, 0x0000000606400000, 0x0000000606800000|  0%| F|  |TAMS 0x0000000606400000, 0x0000000606400000| Untracked 
|   9|0x0000000606800000, 0x0000000606800000, 0x0000000606c00000|  0%| F|  |TAMS 0x0000000606800000, 0x0000000606800000| Untracked 
|  10|0x0000000606c00000, 0x0000000606c00000, 0x0000000607000000|  0%| F|  |TAMS 0x0000000606c00000, 0x0000000606c00000| Untracked 
|  11|0x0000000607000000, 0x0000000607000000, 0x0000000607400000|  0%| F|  |TAMS 0x0000000607000000, 0x0000000607000000| Untracked 
|  12|0x0000000607400000, 0x0000000607400000, 0x0000000607800000|  0%| F|  |TAMS 0x0000000607400000, 0x0000000607400000| Untracked 
|  13|0x0000000607800000, 0x0000000607800000, 0x0000000607c00000|  0%| F|  |TAMS 0x0000000607800000, 0x0000000607800000| Untracked 
|  14|0x0000000607c00000, 0x0000000607d70590, 0x0000000608000000| 35%| E|  |TAMS 0x0000000607c00000, 0x0000000607c00000| Complete 
|  15|0x0000000608000000, 0x0000000608400000, 0x0000000608400000|100%| E|CS|TAMS 0x0000000608000000, 0x0000000608000000| Complete 
|  16|0x0000000608400000, 0x0000000608800000, 0x0000000608800000|100%| E|CS|TAMS 0x0000000608400000, 0x0000000608400000| Complete 
|  17|0x0000000608800000, 0x0000000608c00000, 0x0000000608c00000|100%| E|CS|TAMS 0x0000000608800000, 0x0000000608800000| Complete 
|  18|0x0000000608c00000, 0x0000000609000000, 0x0000000609000000|100%| E|CS|TAMS 0x0000000608c00000, 0x0000000608c00000| Complete 
|  19|0x0000000609000000, 0x0000000609400000, 0x0000000609400000|100%| E|CS|TAMS 0x0000000609000000, 0x0000000609000000| Complete 
| 109|0x000000061f800000, 0x000000061fc00000, 0x000000061fc00000|100%| E|CS|TAMS 0x000000061f800000, 0x000000061f800000| Complete 
| 110|0x000000061fc00000, 0x0000000620000000, 0x0000000620000000|100%| E|CS|TAMS 0x000000061fc00000, 0x000000061fc00000| Complete 
| 111|0x0000000620000000, 0x0000000620400000, 0x0000000620400000|100%| E|CS|TAMS 0x0000000620000000, 0x0000000620000000| Complete 
| 126|0x0000000623c00000, 0x0000000624000000, 0x0000000624000000|100%| E|  |TAMS 0x0000000623c00000, 0x0000000623c00000| Complete 

Card table byte_map: [0x000001c5f1a50000,0x000001c5f2a30000] _byte_map_base: 0x000001c5eea2e000

Marking Bits (Prev, Next): (CMBitMap*) 0x000001c5fb901cd0, (CMBitMap*) 0x000001c5fb901d10
 Prev Bits: [0x000001c5f3a10000, 0x000001c5fb900000)
 Next Bits: [0x000001c580000000, 0x000001c587ef0000)

Polling page: 0x000001c5d7e90000

Metaspace:

Usage:
  Non-class:     52.78 MB used.
      Class:      7.58 MB used.
       Both:     60.37 MB used.

Virtual space:
  Non-class space:       64.00 MB reserved,      53.06 MB ( 83%) committed,  1 nodes.
      Class space:        1.00 GB reserved,       7.88 MB ( <1%) committed,  1 nodes.
             Both:        1.06 GB reserved,      60.94 MB (  6%) committed. 

Chunk freelists:
   Non-Class:  10.04 MB
       Class:  8.19 MB
        Both:  18.23 MB

MaxMetaspaceSize: unlimited
CompressedClassSpaceSize: 1.00 GB
Initial GC threshold: 21.00 MB
Current GC threshold: 101.06 MB
CDS: on
MetaspaceReclaimPolicy: balanced
 - commit_granule_bytes: 65536.
 - commit_granule_words: 8192.
 - virtual_space_node_default_size: 8388608.
 - enlarge_chunks_in_place: 1.
 - new_chunks_are_fully_committed: 0.
 - uncommit_free_chunks: 1.
 - use_allocation_guard: 0.
 - handle_deallocations: 1.


Internal statistics:

num_allocs_failed_limit: 9.
num_arena_births: 968.
num_arena_deaths: 310.
num_vsnodes_births: 2.
num_vsnodes_deaths: 0.
num_space_committed: 975.
num_space_uncommitted: 0.
num_chunks_returned_to_freelist: 356.
num_chunks_taken_from_freelist: 3343.
num_chunk_merges: 123.
num_chunk_splits: 2188.
num_chunks_enlarged: 1587.
num_inconsistent_stats: 0.

CodeHeap 'non-profiled nmethods': size=120000Kb used=9881Kb max_used=10435Kb free=110118Kb
 bounds [0x000001c5e9210000, 0x000001c5e9c60000, 0x000001c5f0740000]
CodeHeap 'profiled nmethods': size=120000Kb used=19014Kb max_used=22206Kb free=100985Kb
 bounds [0x000001c5e1740000, 0x000001c5e2cf0000, 0x000001c5e8c70000]
CodeHeap 'non-nmethods': size=5760Kb used=1316Kb max_used=1409Kb free=4443Kb
 bounds [0x000001c5e8c70000, 0x000001c5e8ee0000, 0x000001c5e9210000]
 total_blobs=10625 nmethods=9992 adapters=545
 compilation: enabled
              stopped_count=0, restarted_count=0
 full_count=0

Compilation events (20 events):
Event: 21975.143 Thread 0x000001c5fbabd380 nmethod 12698 0x000001c5e1eac090 code [0x000001c5e1eac280, 0x000001c5e1eac848]
Event: 21975.261 Thread 0x000001c5c90e39e0 12699       4       org.springframework.core.type.classreading.SimpleMethodMetadataReadingVisitor::getSource (36 bytes)
Event: 21975.263 Thread 0x000001c5c90e39e0 nmethod 12699 0x000001c5e9a3af10 code [0x000001c5e9a3b0a0, 0x000001c5e9a3b278]
Event: 21975.264 Thread 0x000001c5fbabc8d0 12700       4       java.io.FilterInputStream::read (11 bytes)
Event: 21975.265 Thread 0x000001c5fbabc8d0 nmethod 12700 0x000001c5e970ea90 code [0x000001c5e970ec00, 0x000001c5e970ec98]
Event: 21975.269 Thread 0x000001c5fbabd380 12701       3       org.springframework.context.annotation.ConfigurationClassParser$SourceClass::getInterfaces (135 bytes)
Event: 21975.269 Thread 0x000001c5c90e39e0 12702   !   4       org.springframework.util.ClassUtils::getDefaultClassLoader (37 bytes)
Event: 21975.270 Thread 0x000001c5fbabd380 nmethod 12701 0x000001c5e1b52290 code [0x000001c5e1b52520, 0x000001c5e1b531a8]
Event: 21975.270 Thread 0x000001c5c90e39e0 nmethod 12702 0x000001c5e9aca410 code [0x000001c5e9aca580, 0x000001c5e9aca638]
Event: 21975.291 Thread 0x000001c5fbabc8d0 12703       4       java.util.ImmutableCollections$SetN$SetNIterator::next (90 bytes)
Event: 21975.293 Thread 0x000001c5fbabc8d0 nmethod 12703 0x000001c5e9a49310 code [0x000001c5e9a494a0, 0x000001c5e9a495b8]
Event: 21975.350 Thread 0x000001c5fbabd380 12704       3       org.springframework.core.annotation.AnnotationTypeMapping::validateAllAliasesClaimed (97 bytes)
Event: 21975.352 Thread 0x000001c5fbabd380 nmethod 12704 0x000001c5e1f01510 code [0x000001c5e1f01820, 0x000001c5e1f02c88]
Event: 21975.452 Thread 0x000001c5fbabd380 12705       3       org.springframework.core.type.classreading.MergedAnnotationReadingVisitor::visitEnum (33 bytes)
Event: 21975.452 Thread 0x000001c5fbabd380 nmethod 12705 0x000001c5e1df3090 code [0x000001c5e1df3280, 0x000001c5e1df36a8]
Event: 21975.457 Thread 0x000001c5c90e39e0 12706       4       java.lang.reflect.Constructor::getParameterCount (6 bytes)
Event: 21975.458 Thread 0x000001c5c90e39e0 nmethod 12706 0x000001c5e9bef490 code [0x000001c5e9bef600, 0x000001c5e9bef698]
Event: 21975.461 Thread 0x000001c5c90e39e0 12707       4       sun.reflect.annotation.AnnotationType::invocationHandlerReturnType (82 bytes)
Event: 21975.462 Thread 0x000001c5c90e39e0 nmethod 12707 0x000001c5e9a7bf90 code [0x000001c5e9a7c120, 0x000001c5e9a7c278]
Event: 21975.464 Thread 0x000001c5fbabd380 12708       3       org.springframework.context.annotation.ConfigurationClass::validate (240 bytes)

GC Heap History (20 events):
Event: 12726.877 GC heap before
{Heap before GC invocations=34 (full 0):
 garbage-first heap   total 98304K, used 74739K [0x0000000604400000, 0x0000000800000000)
  region size 4096K, 11 young (45056K), 1 survivors (4096K)
 Metaspace       used 60999K, committed 61888K, reserved 1114112K
  class space    used 7669K, committed 8064K, reserved 1048576K
}
Event: 12726.888 GC heap after
{Heap after GC invocations=35 (full 0):
 garbage-first heap   total 98304K, used 37961K [0x0000000604400000, 0x0000000800000000)
  region size 4096K, 1 young (4096K), 1 survivors (4096K)
 Metaspace       used 60999K, committed 61888K, reserved 1114112K
  class space    used 7669K, committed 8064K, reserved 1048576K
}
Event: 13898.600 GC heap before
{Heap before GC invocations=35 (full 0):
 garbage-first heap   total 98304K, used 74825K [0x0000000604400000, 0x0000000800000000)
  region size 4096K, 11 young (45056K), 1 survivors (4096K)
 Metaspace       used 61023K, committed 61888K, reserved 1114112K
  class space    used 7670K, committed 8064K, reserved 1048576K
}
Event: 13898.614 GC heap after
{Heap after GC invocations=36 (full 0):
 garbage-first heap   total 98304K, used 38034K [0x0000000604400000, 0x0000000800000000)
  region size 4096K, 1 young (4096K), 1 survivors (4096K)
 Metaspace       used 61023K, committed 61888K, reserved 1114112K
  class space    used 7670K, committed 8064K, reserved 1048576K
}
Event: 14957.983 GC heap before
{Heap before GC invocations=36 (full 0):
 garbage-first heap   total 98304K, used 74898K [0x0000000604400000, 0x0000000800000000)
  region size 4096K, 10 young (40960K), 1 survivors (4096K)
 Metaspace       used 61028K, committed 61888K, reserved 1114112K
  class space    used 7670K, committed 8064K, reserved 1048576K
}
Event: 14957.991 GC heap after
{Heap after GC invocations=37 (full 0):
 garbage-first heap   total 98304K, used 38040K [0x0000000604400000, 0x0000000800000000)
  region size 4096K, 1 young (4096K), 1 survivors (4096K)
 Metaspace       used 61028K, committed 61888K, reserved 1114112K
  class space    used 7670K, committed 8064K, reserved 1048576K
}
Event: 16000.410 GC heap before
{Heap before GC invocations=37 (full 0):
 garbage-first heap   total 98304K, used 74904K [0x0000000604400000, 0x0000000800000000)
  region size 4096K, 10 young (40960K), 1 survivors (4096K)
 Metaspace       used 61105K, committed 61888K, reserved 1114112K
  class space    used 7681K, committed 8064K, reserved 1048576K
}
Event: 16000.464 GC heap after
{Heap after GC invocations=38 (full 0):
 garbage-first heap   total 98304K, used 38086K [0x0000000604400000, 0x0000000800000000)
  region size 4096K, 1 young (4096K), 1 survivors (4096K)
 Metaspace       used 61105K, committed 61888K, reserved 1114112K
  class space    used 7681K, committed 8064K, reserved 1048576K
}
Event: 16996.564 GC heap before
{Heap before GC invocations=38 (full 0):
 garbage-first heap   total 98304K, used 74950K [0x0000000604400000, 0x0000000800000000)
  region size 4096K, 10 young (40960K), 1 survivors (4096K)
 Metaspace       used 61144K, committed 61952K, reserved 1114112K
  class space    used 7683K, committed 8064K, reserved 1048576K
}
Event: 16996.569 GC heap after
{Heap after GC invocations=39 (full 0):
 garbage-first heap   total 98304K, used 38120K [0x0000000604400000, 0x0000000800000000)
  region size 4096K, 1 young (4096K), 1 survivors (4096K)
 Metaspace       used 61144K, committed 61952K, reserved 1114112K
  class space    used 7683K, committed 8064K, reserved 1048576K
}
Event: 18060.597 GC heap before
{Heap before GC invocations=39 (full 0):
 garbage-first heap   total 98304K, used 74984K [0x0000000604400000, 0x0000000800000000)
  region size 4096K, 10 young (40960K), 1 survivors (4096K)
 Metaspace       used 61165K, committed 61952K, reserved 1114112K
  class space    used 7683K, committed 8064K, reserved 1048576K
}
Event: 18060.606 GC heap after
{Heap after GC invocations=40 (full 0):
 garbage-first heap   total 98304K, used 38148K [0x0000000604400000, 0x0000000800000000)
  region size 4096K, 1 young (4096K), 1 survivors (4096K)
 Metaspace       used 61165K, committed 61952K, reserved 1114112K
  class space    used 7683K, committed 8064K, reserved 1048576K
}
Event: 19122.516 GC heap before
{Heap before GC invocations=40 (full 0):
 garbage-first heap   total 98304K, used 70916K [0x0000000604400000, 0x0000000800000000)
  region size 4096K, 10 young (40960K), 1 survivors (4096K)
 Metaspace       used 61173K, committed 61952K, reserved 1114112K
  class space    used 7684K, committed 8064K, reserved 1048576K
}
Event: 19122.519 GC heap after
{Heap after GC invocations=41 (full 0):
 garbage-first heap   total 98304K, used 38179K [0x0000000604400000, 0x0000000800000000)
  region size 4096K, 1 young (4096K), 1 survivors (4096K)
 Metaspace       used 61173K, committed 61952K, reserved 1114112K
  class space    used 7684K, committed 8064K, reserved 1048576K
}
Event: 20203.985 GC heap before
{Heap before GC invocations=41 (full 0):
 garbage-first heap   total 98304K, used 75043K [0x0000000604400000, 0x0000000800000000)
  region size 4096K, 10 young (40960K), 1 survivors (4096K)
 Metaspace       used 61205K, committed 61952K, reserved 1114112K
  class space    used 7689K, committed 8064K, reserved 1048576K
}
Event: 20203.992 GC heap after
{Heap after GC invocations=42 (full 0):
 garbage-first heap   total 98304K, used 38236K [0x0000000604400000, 0x0000000800000000)
  region size 4096K, 1 young (4096K), 1 survivors (4096K)
 Metaspace       used 61205K, committed 61952K, reserved 1114112K
  class space    used 7689K, committed 8064K, reserved 1048576K
}
Event: 21270.712 GC heap before
{Heap before GC invocations=42 (full 0):
 garbage-first heap   total 98304K, used 75100K [0x0000000604400000, 0x0000000800000000)
  region size 4096K, 10 young (40960K), 1 survivors (4096K)
 Metaspace       used 61218K, committed 61952K, reserved 1114112K
  class space    used 7689K, committed 8064K, reserved 1048576K
}
Event: 21270.717 GC heap after
{Heap after GC invocations=43 (full 0):
 garbage-first heap   total 98304K, used 38252K [0x0000000604400000, 0x0000000800000000)
  region size 4096K, 1 young (4096K), 1 survivors (4096K)
 Metaspace       used 61218K, committed 61952K, reserved 1114112K
  class space    used 7689K, committed 8064K, reserved 1048576K
}
Event: 21968.260 GC heap before
{Heap before GC invocations=43 (full 0):
 garbage-first heap   total 98304K, used 66924K [0x0000000604400000, 0x0000000800000000)
  region size 4096K, 9 young (36864K), 1 survivors (4096K)
 Metaspace       used 61444K, committed 62080K, reserved 1114112K
  class space    used 7722K, committed 8064K, reserved 1048576K
}
Event: 21968.647 GC heap after
{Heap after GC invocations=44 (full 1):
 garbage-first heap   total 98304K, used 30350K [0x0000000604400000, 0x0000000800000000)
  region size 4096K, 0 young (0K), 0 survivors (0K)
 Metaspace       used 61427K, committed 62080K, reserved 1114112K
  class space    used 7718K, committed 8064K, reserved 1048576K
}

Deoptimization events (20 events):
Event: 21974.488 Thread 0x000001c5d13f6460 Uncommon trap: trap_request=0xffffff45 fr.pc=0x000001c5e97c8630 relative=0x0000000000000870
Event: 21974.488 Thread 0x000001c5d13f6460 Uncommon trap: reason=unstable_if action=reinterpret pc=0x000001c5e97c8630 method=java.lang.StringLatin1.replace([BI[BI[BI)Ljava/lang/String; @ 36 c2
Event: 21974.488 Thread 0x000001c5d13f6460 DEOPT PACKING pc=0x000001c5e97c8630 sp=0x0000000b05dfd8b0
Event: 21974.488 Thread 0x000001c5d13f6460 DEOPT UNPACKING pc=0x000001c5e8cc5ba3 sp=0x0000000b05dfd828 mode 2
Event: 21974.853 Thread 0x000001c5d13f6460 Uncommon trap: trap_request=0xffffff45 fr.pc=0x000001c5e99fc724 relative=0x0000000000000284
Event: 21974.853 Thread 0x000001c5d13f6460 Uncommon trap: reason=unstable_if action=reinterpret pc=0x000001c5e99fc724 method=java.util.Collections.unmodifiableList(Ljava/util/List;)Ljava/util/List; @ 15 c2
Event: 21974.853 Thread 0x000001c5d13f6460 DEOPT PACKING pc=0x000001c5e99fc724 sp=0x0000000b05dfdbe0
Event: 21974.853 Thread 0x000001c5d13f6460 DEOPT UNPACKING pc=0x000001c5e8cc5ba3 sp=0x0000000b05dfdb98 mode 2
Event: 21975.085 Thread 0x000001c5d13f7390 Uncommon trap: trap_request=0xffffffde fr.pc=0x000001c5e98c84b4 relative=0x0000000000001fb4
Event: 21975.085 Thread 0x000001c5d13f7390 Uncommon trap: reason=class_check action=maybe_recompile pc=0x000001c5e98c84b4 method=org.springframework.boot.devtools.filewatch.FileSystemWatcher$Watcher.getCurrentSnapshots()Ljava/util/Map; @ 12 c2
Event: 21975.085 Thread 0x000001c5d13f7390 DEOPT PACKING pc=0x000001c5e98c84b4 sp=0x0000000b054ff530
Event: 21975.086 Thread 0x000001c5d13f7390 DEOPT UNPACKING pc=0x000001c5e8cc5ba3 sp=0x0000000b054ff540 mode 2
Event: 21975.286 Thread 0x000001c5d13f6460 Uncommon trap: trap_request=0xffffffde fr.pc=0x000001c5e987b4e4 relative=0x0000000000000564
Event: 21975.286 Thread 0x000001c5d13f6460 Uncommon trap: reason=class_check action=maybe_recompile pc=0x000001c5e987b4e4 method=java.util.stream.ReferencePipeline$7$1.accept(Ljava/lang/Object;)V @ 8 c2
Event: 21975.286 Thread 0x000001c5d13f6460 DEOPT PACKING pc=0x000001c5e987b4e4 sp=0x0000000b05dfd940
Event: 21975.286 Thread 0x000001c5d13f6460 DEOPT UNPACKING pc=0x000001c5e8cc5ba3 sp=0x0000000b05dfd8f0 mode 2
Event: 21975.286 Thread 0x000001c5d13f6460 Uncommon trap: trap_request=0xffffffc6 fr.pc=0x000001c5e9876cc4 relative=0x0000000000000704
Event: 21975.286 Thread 0x000001c5d13f6460 Uncommon trap: reason=bimorphic_or_optimized_type_check action=maybe_recompile pc=0x000001c5e9876cc4 method=java.util.stream.ReferencePipeline$Head.forEach(Ljava/util/function/Consumer;)V @ 12 c2
Event: 21975.286 Thread 0x000001c5d13f6460 DEOPT PACKING pc=0x000001c5e9876cc4 sp=0x0000000b05dfd880
Event: 21975.286 Thread 0x000001c5d13f6460 DEOPT UNPACKING pc=0x000001c5e8cc5ba3 sp=0x0000000b05dfd878 mode 2

Classes unloaded (20 events):
Event: 9257.435 Thread 0x000001c5fba9cbd0 Unloading class 0x000001c589018c00 'java/lang/invoke/LambdaForm$MH+0x000001c589018c00'
Event: 9257.435 Thread 0x000001c5fba9cbd0 Unloading class 0x000001c589018800 'java/lang/invoke/LambdaForm$MH+0x000001c589018800'
Event: 9257.435 Thread 0x000001c5fba9cbd0 Unloading class 0x000001c589018000 'java/lang/invoke/LambdaForm$MH+0x000001c589018000'
Event: 9257.435 Thread 0x000001c5fba9cbd0 Unloading class 0x000001c589017c00 'java/lang/invoke/LambdaForm$MH+0x000001c589017c00'
Event: 9257.435 Thread 0x000001c5fba9cbd0 Unloading class 0x000001c589016c00 'java/lang/invoke/LambdaForm$MH+0x000001c589016c00'
Event: 9257.435 Thread 0x000001c5fba9cbd0 Unloading class 0x000001c589016400 'java/lang/invoke/LambdaForm$MH+0x000001c589016400'
Event: 9257.435 Thread 0x000001c5fba9cbd0 Unloading class 0x000001c589016000 'java/lang/invoke/LambdaForm$MH+0x000001c589016000'
Event: 9257.435 Thread 0x000001c5fba9cbd0 Unloading class 0x000001c589015c00 'java/lang/invoke/LambdaForm$MH+0x000001c589015c00'
Event: 9257.435 Thread 0x000001c5fba9cbd0 Unloading class 0x000001c589015800 'java/lang/invoke/LambdaForm$MH+0x000001c589015800'
Event: 9257.435 Thread 0x000001c5fba9cbd0 Unloading class 0x000001c589015400 'java/lang/invoke/LambdaForm$MH+0x000001c589015400'
Event: 9257.435 Thread 0x000001c5fba9cbd0 Unloading class 0x000001c589014c00 'java/lang/invoke/LambdaForm$MH+0x000001c589014c00'
Event: 9257.435 Thread 0x000001c5fba9cbd0 Unloading class 0x000001c589014400 'java/lang/invoke/LambdaForm$MH+0x000001c589014400'
Event: 21968.344 Thread 0x000001c5fba9cbd0 Unloading class 0x000001c5897ce000 'java/lang/invoke/LambdaForm$MH+0x000001c5897ce000'
Event: 21968.344 Thread 0x000001c5fba9cbd0 Unloading class 0x000001c5897cdc00 'java/lang/invoke/LambdaForm$MH+0x000001c5897cdc00'
Event: 21968.344 Thread 0x000001c5fba9cbd0 Unloading class 0x000001c5897cd800 'java/lang/invoke/LambdaForm$MH+0x000001c5897cd800'
Event: 21968.344 Thread 0x000001c5fba9cbd0 Unloading class 0x000001c5897cd400 'java/lang/invoke/LambdaForm$MH+0x000001c5897cd400'
Event: 21968.344 Thread 0x000001c5fba9cbd0 Unloading class 0x000001c5897cd000 'java/lang/invoke/LambdaForm$MH+0x000001c5897cd000'
Event: 21968.344 Thread 0x000001c5fba9cbd0 Unloading class 0x000001c5897ccc00 'java/lang/invoke/LambdaForm$MH+0x000001c5897ccc00'
Event: 21968.344 Thread 0x000001c5fba9cbd0 Unloading class 0x000001c5897cc800 'java/lang/invoke/LambdaForm$MH+0x000001c5897cc800'
Event: 21968.344 Thread 0x000001c5fba9cbd0 Unloading class 0x000001c5897cc400 'java/lang/invoke/LambdaForm$MH+0x000001c5897cc400'

Classes redefined (0 events):
No events

Internal exceptions (20 events):
Event: 21967.271 Thread 0x000001c5cfa6c890 Implicit null exception at 0x000001c5e962a65e to 0x000001c5e962b3ac
Event: 21967.274 Thread 0x000001c5cfa6c890 Implicit null exception at 0x000001c5e96bb542 to 0x000001c5e96bf994
Event: 21967.408 Thread 0x000001c5d13f7db0 Implicit null exception at 0x000001c5e96ca188 to 0x000001c5e96cd918
Event: 21967.410 Thread 0x000001c5d13f7db0 Implicit null exception at 0x000001c5e93f0f93 to 0x000001c5e93f1500
Event: 21967.944 Thread 0x000001c5d13f7db0 Implicit null exception at 0x000001c5e9699d4e to 0x000001c5e96a0a1c
Event: 21967.996 Thread 0x000001c5ce669410 Exception <a 'java/lang/InterruptedException'{0x0000000608f49828}: sleep interrupted> (0x0000000608f49828) 
thrown [s\open\src\hotspot\share\prims\jvm.cpp, line 3038]
Event: 21968.022 Thread 0x000001c5d13f7db0 Implicit null exception at 0x000001c5e970ed38 to 0x000001c5e97104cc
Event: 21968.034 Thread 0x000001c5d13f7db0 Implicit null exception at 0x000001c5e97f5113 to 0x000001c5e97fc7dc
Event: 21968.187 Thread 0x000001c5d13f7db0 Exception <a 'java/lang/NoSuchMethodError'{0x00000006085da980}: 'java.lang.Object java.lang.invoke.DirectMethodHandle$Holder.invokeStatic(java.lang.Object, java.lang.Object, int, java.lang.Object, java.lang.Object)'> (0x00000006085da980) 
thrown [s\open\src\hotspot\share\interpreter\linkResolver.cpp, line 759]
Event: 21968.255 Thread 0x000001c5cfa6d2b0 Exception <a 'java/lang/InterruptedException'{0x00000006086318d8}: sleep interrupted> (0x00000006086318d8) 
thrown [s\open\src\hotspot\share\prims\jvm.cpp, line 3064]
Event: 21968.967 Thread 0x000001c5d13f82c0 Exception <a 'sun/nio/fs/WindowsException'{0x0000000623cffc50}> (0x0000000623cffc50) 
thrown [s\open\src\hotspot\share\prims\jni.cpp, line 516]
Event: 21970.722 Thread 0x000001c5d13f82c0 Exception <a 'java/lang/reflect/InvocationTargetException'{0x000000062002d570}> (0x000000062002d570) 
thrown [s\open\src\hotspot\share\runtime\reflection.cpp, line 1121]
Event: 21970.727 Thread 0x000001c5d13f82c0 Exception <a 'java/lang/NoClassDefFoundError'{0x0000000620057d18}: liquibase/exception/ChangeLogParseException> (0x0000000620057d18) 
thrown [s\open\src\hotspot\share\classfile\systemDictionary.cpp, line 245]
Event: 21970.734 Thread 0x000001c5d13f82c0 Exception <a 'java/lang/reflect/InvocationTargetException'{0x000000062007c018}> (0x000000062007c018) 
thrown [s\open\src\hotspot\share\runtime\reflection.cpp, line 1121]
Event: 21970.739 Thread 0x000001c5d13f82c0 Exception <a 'java/lang/NoClassDefFoundError'{0x000000062008a668}: org/springframework/jdbc/CannotGetJdbcConnectionException> (0x000000062008a668) 
thrown [s\open\src\hotspot\share\classfile\systemDictionary.cpp, line 245]
Event: 21970.750 Thread 0x000001c5d13f82c0 Implicit null exception at 0x000001c5e9662576 to 0x000001c5e9668750
Event: 21970.763 Thread 0x000001c5d13f82c0 Exception <a 'java/lang/reflect/InvocationTargetException'{0x00000006200f23e8}> (0x00000006200f23e8) 
thrown [s\open\src\hotspot\share\runtime\reflection.cpp, line 1121]
Event: 21972.479 Thread 0x000001c5d13f6460 Exception <a 'sun/nio/fs/WindowsException'{0x000000062019fe60}> (0x000000062019fe60) 
thrown [s\open\src\hotspot\share\prims\jni.cpp, line 516]
Event: 21973.496 Thread 0x000001c5d13f6460 Implicit null exception at 0x000001c5e96434d2 to 0x000001c5e9649d04
Event: 21973.528 Thread 0x000001c5d13f6460 Exception <a 'sun/nio/fs/WindowsException'{0x000000061fd9c9e8}> (0x000000061fd9c9e8) 
thrown [s\open\src\hotspot\share\prims\jni.cpp, line 516]

VM Operations (20 events):
Event: 21968.098 Executing VM operation: Cleanup done
Event: 21968.259 Executing VM operation: G1CollectFull
Event: 21968.920 Executing VM operation: G1CollectFull done
Event: 21969.932 Executing VM operation: Cleanup
Event: 21969.933 Executing VM operation: Cleanup done
Event: 21970.933 Executing VM operation: Cleanup
Event: 21970.933 Executing VM operation: Cleanup done
Event: 21972.944 Executing VM operation: Cleanup
Event: 21972.944 Executing VM operation: Cleanup done
Event: 21973.496 Executing VM operation: HandshakeAllThreads
Event: 21973.497 Executing VM operation: HandshakeAllThreads done
Event: 21973.542 Executing VM operation: HandshakeAllThreads
Event: 21973.542 Executing VM operation: HandshakeAllThreads done
Event: 21973.959 Executing VM operation: HandshakeAllThreads
Event: 21973.960 Executing VM operation: HandshakeAllThreads done
Event: 21973.960 Executing VM operation: Cleanup
Event: 21973.961 Executing VM operation: Cleanup done
Event: 21974.971 Executing VM operation: Cleanup
Event: 21974.976 Executing VM operation: Cleanup done
Event: 21975.978 Executing VM operation: Cleanup

Events (20 events):
Event: 21973.980 Thread 0x000001c5fbac0450 flushing nmethod 0x000001c5e292b590
Event: 21973.980 Thread 0x000001c5fbac0450 flushing nmethod 0x000001c5e2931090
Event: 21973.980 Thread 0x000001c5fbac0450 flushing nmethod 0x000001c5e2936d10
Event: 21973.980 Thread 0x000001c5fbac0450 flushing nmethod 0x000001c5e2939690
Event: 21973.980 Thread 0x000001c5fbac0450 flushing nmethod 0x000001c5e293fe90
Event: 21973.980 Thread 0x000001c5fbac0450 flushing nmethod 0x000001c5e295df90
Event: 21973.980 Thread 0x000001c5fbac0450 flushing nmethod 0x000001c5e295fe10
Event: 21973.980 Thread 0x000001c5fbac0450 flushing nmethod 0x000001c5e296e690
Event: 21973.980 Thread 0x000001c5fbac0450 flushing nmethod 0x000001c5e29c8910
Event: 21973.980 Thread 0x000001c5fbac0450 flushing nmethod 0x000001c5e29ded10
Event: 21973.980 Thread 0x000001c5fbac0450 flushing nmethod 0x000001c5e29df890
Event: 21973.980 Thread 0x000001c5fbac0450 flushing nmethod 0x000001c5e29e8090
Event: 21973.980 Thread 0x000001c5fbac0450 flushing nmethod 0x000001c5e29ed190
Event: 21973.981 Thread 0x000001c5fbac0450 flushing nmethod 0x000001c5e29f1710
Event: 21973.981 Thread 0x000001c5fbac0450 flushing nmethod 0x000001c5e29f9590
Event: 21973.981 Thread 0x000001c5fbac0450 flushing nmethod 0x000001c5e29fb310
Event: 21973.981 Thread 0x000001c5fbac0450 flushing nmethod 0x000001c5e29fea90
Event: 21973.981 Thread 0x000001c5fbac0450 flushing nmethod 0x000001c5e2a00390
Event: 21973.981 Thread 0x000001c5fbac0450 flushing nmethod 0x000001c5e2a41690
Event: 21973.982 Thread 0x000001c5fbac0450 flushing nmethod 0x000001c5e2b05190


Dynamic libraries:
0x00007ff733890000 - 0x00007ff7338a0000 	C:\Program Files\java\jdk-17\bin\java.exe
0x00007ffe0c5a0000 - 0x00007ffe0c803000 	C:\WINDOWS\SYSTEM32\ntdll.dll
0x00007ffe0add0000 - 0x00007ffe0ae98000 	C:\WINDOWS\System32\KERNEL32.DLL
0x00007ffe09cf0000 - 0x00007ffe0a0a2000 	C:\WINDOWS\System32\KERNELBASE.dll
0x00007ffe09ba0000 - 0x00007ffe09ceb000 	C:\WINDOWS\System32\ucrtbase.dll
0x00007ffdf7260000 - 0x00007ffdf7279000 	C:\Program Files\java\jdk-17\bin\jli.dll
0x00007ffdf7220000 - 0x00007ffdf723b000 	C:\Program Files\java\jdk-17\bin\VCRUNTIME140.dll
0x00007ffe0a7e0000 - 0x00007ffe0a894000 	C:\WINDOWS\System32\ADVAPI32.dll
0x00007ffe0a400000 - 0x00007ffe0a4a9000 	C:\WINDOWS\System32\msvcrt.dll
0x00007ffe0acc0000 - 0x00007ffe0ad66000 	C:\WINDOWS\System32\sechost.dll
0x00007ffe0aad0000 - 0x00007ffe0abe6000 	C:\WINDOWS\System32\RPCRT4.dll
0x00007ffe0a8a0000 - 0x00007ffe0aa68000 	C:\WINDOWS\System32\USER32.dll
0x00007ffe0a0b0000 - 0x00007ffe0a0d7000 	C:\WINDOWS\System32\win32u.dll
0x00007ffde7480000 - 0x00007ffde7710000 	C:\WINDOWS\WinSxS\amd64_microsoft.windows.common-controls_6595b64144ccf1df_6.0.26100.2454_none_3e0b68a2e331ad60\COMCTL32.dll
0x00007ffe0b7b0000 - 0x00007ffe0b7da000 	C:\WINDOWS\System32\GDI32.dll
0x00007ffe0a2d0000 - 0x00007ffe0a3fb000 	C:\WINDOWS\System32\gdi32full.dll
0x00007ffe09970000 - 0x00007ffe09a13000 	C:\WINDOWS\System32\msvcp_win.dll
0x00007ffe05820000 - 0x00007ffe0582b000 	C:\WINDOWS\SYSTEM32\VERSION.dll
0x00007ffe0ac80000 - 0x00007ffe0acaf000 	C:\WINDOWS\System32\IMM32.DLL
0x00007ffdf7130000 - 0x00007ffdf713c000 	C:\Program Files\java\jdk-17\bin\vcruntime140_1.dll
0x00007ffda3470000 - 0x00007ffda34fe000 	C:\Program Files\java\jdk-17\bin\msvcp140.dll
0x00007ffd2bbd0000 - 0x00007ffd2c7b1000 	C:\Program Files\java\jdk-17\bin\server\jvm.dll
0x00007ffe0b8f0000 - 0x00007ffe0b8f8000 	C:\WINDOWS\System32\PSAPI.DLL
0x00007ffe05410000 - 0x00007ffe0541a000 	C:\WINDOWS\SYSTEM32\WSOCK32.dll
0x00007ffdff070000 - 0x00007ffdff0a6000 	C:\WINDOWS\SYSTEM32\WINMM.dll
0x00007ffe0a680000 - 0x00007ffe0a6f4000 	C:\WINDOWS\System32\WS2_32.dll
0x00007ffe08770000 - 0x00007ffe0878a000 	C:\WINDOWS\SYSTEM32\kernel.appcore.dll
0x00007ffdf60d0000 - 0x00007ffdf60da000 	C:\Program Files\java\jdk-17\bin\jimage.dll
0x00007ffdf0650000 - 0x00007ffdf0891000 	C:\WINDOWS\SYSTEM32\DBGHELP.DLL
0x00007ffe0c1d0000 - 0x00007ffe0c54e000 	C:\WINDOWS\System32\combase.dll
0x00007ffe0c000000 - 0x00007ffe0c0d6000 	C:\WINDOWS\System32\OLEAUT32.dll
0x00007ffdf0180000 - 0x00007ffdf01b9000 	C:\WINDOWS\SYSTEM32\dbgcore.DLL
0x00007ffe0a170000 - 0x00007ffe0a209000 	C:\WINDOWS\System32\bcryptPrimitives.dll
0x00007ffdf60a0000 - 0x00007ffdf60c5000 	C:\Program Files\java\jdk-17\bin\java.dll
0x00007ffda2e90000 - 0x00007ffda2f67000 	C:\Program Files\java\jdk-17\bin\jsvml.dll
0x00007ffe0b090000 - 0x00007ffe0b790000 	C:\WINDOWS\System32\SHELL32.dll
0x00007ffe07640000 - 0x00007ffe07e71000 	C:\WINDOWS\SYSTEM32\windows.storage.dll
0x00007ffe0b810000 - 0x00007ffe0b8ea000 	C:\WINDOWS\System32\SHCORE.dll
0x00007ffe0ad70000 - 0x00007ffe0adcd000 	C:\WINDOWS\System32\shlwapi.dll
0x00007ffe09880000 - 0x00007ffe098ae000 	C:\WINDOWS\SYSTEM32\profapi.dll
0x00007ffdcdd00000 - 0x00007ffdcdd19000 	C:\Program Files\java\jdk-17\bin\net.dll
0x00007ffe04c00000 - 0x00007ffe04d26000 	C:\WINDOWS\SYSTEM32\WINHTTP.dll
0x00007ffe08c50000 - 0x00007ffe08cb8000 	C:\WINDOWS\system32\mswsock.dll
0x00007ffdcc280000 - 0x00007ffdcc296000 	C:\Program Files\java\jdk-17\bin\nio.dll
0x00007ffdc5a30000 - 0x00007ffdc5a48000 	C:\Program Files\java\jdk-17\bin\zip.dll
0x00007ffdf4810000 - 0x00007ffdf481a000 	C:\Program Files\java\jdk-17\bin\management.dll
0x00007ffde0770000 - 0x00007ffde077b000 	C:\Program Files\java\jdk-17\bin\management_ext.dll
0x00007ffe08130000 - 0x00007ffe08162000 	C:\WINDOWS\SYSTEM32\IPHLPAPI.DLL
0x00007ffe0ac70000 - 0x00007ffe0ac7a000 	C:\WINDOWS\System32\NSI.dll
0x00007ffe04e20000 - 0x00007ffe04e3e000 	C:\WINDOWS\SYSTEM32\dhcpcsvc6.DLL
0x00007ffe04df0000 - 0x00007ffe04e15000 	C:\WINDOWS\SYSTEM32\dhcpcsvc.DLL
0x00007ffe08170000 - 0x00007ffe08295000 	C:\WINDOWS\SYSTEM32\DNSAPI.dll
0x00007ffe01fc0000 - 0x00007ffe01fcb000 	C:\Windows\System32\rasadhlp.dll
0x00007ffe04f80000 - 0x00007ffe05005000 	C:\WINDOWS\System32\fwpuclnt.dll
0x00007ffddfbe0000 - 0x00007ffddfbee000 	C:\Program Files\java\jdk-17\bin\sunmscapi.dll
0x00007ffe09a20000 - 0x00007ffe09b96000 	C:\WINDOWS\System32\CRYPT32.dll
0x00007ffe09150000 - 0x00007ffe09180000 	C:\WINDOWS\SYSTEM32\ncrypt.dll
0x00007ffe09100000 - 0x00007ffe0913f000 	C:\WINDOWS\SYSTEM32\NTASN1.dll
0x00007ffe09000000 - 0x00007ffe0901c000 	C:\WINDOWS\SYSTEM32\CRYPTSP.dll
0x00007ffe086d0000 - 0x00007ffe08708000 	C:\WINDOWS\system32\rsaenh.dll
0x00007ffe08cf0000 - 0x00007ffe08d1b000 	C:\WINDOWS\SYSTEM32\USERENV.dll
0x00007ffe09190000 - 0x00007ffe091b6000 	C:\WINDOWS\SYSTEM32\bcrypt.dll
0x00007ffe08e80000 - 0x00007ffe08e8c000 	C:\WINDOWS\SYSTEM32\CRYPTBASE.dll
0x00007ffdded00000 - 0x00007ffdded10000 	C:\Program Files\java\jdk-17\bin\verify.dll
0x00007ffde7bb0000 - 0x00007ffde7bc8000 	C:\WINDOWS\system32\napinsp.dll
0x00007ffde77b0000 - 0x00007ffde77c2000 	C:\WINDOWS\System32\winrnr.dll
0x00007ffde7780000 - 0x00007ffde77a2000 	C:\WINDOWS\system32\nlansp_c.dll
0x00007ffde7760000 - 0x00007ffde7776000 	C:\WINDOWS\system32\wshbth.dll
0x00007ffe05b40000 - 0x00007ffe05b48000 	C:\WINDOWS\system32\wshunix.dll

dbghelp: loaded successfully - version: 4.0.5 - missing functions: none
symbol engine: initialized successfully - sym options: 0x614 - pdb path: .;C:\Program Files\java\jdk-17\bin;C:\WINDOWS\SYSTEM32;C:\WINDOWS\WinSxS\amd64_microsoft.windows.common-controls_6595b64144ccf1df_6.0.26100.2454_none_3e0b68a2e331ad60;C:\Program Files\java\jdk-17\bin\server

VM Arguments:
jvm_args: -XX:+ShowCodeDetailsInExceptionMessages 
java_command: com.manamer.SellOut.infraestructure.eurekaserver.EurekaserverApplication
java_class_path (initial): C:\Users\Fernanda Jama\OneDrive - Manamer\Documentos\PROYEC_DEVELOP\SellOut\backend\infraestructure\eureka\target\classes;C:\Users\Fernanda Jama\.m2\repository\org\springframework\cloud\spring-cloud-starter-netflix-eureka-server\4.1.1\spring-cloud-starter-netflix-eureka-server-4.1.1.jar;C:\Users\Fernanda Jama\.m2\repository\org\springframework\cloud\spring-cloud-starter\4.1.2\spring-cloud-starter-4.1.2.jar;C:\Users\Fernanda Jama\.m2\repository\org\springframework\cloud\spring-cloud-context\4.1.2\spring-cloud-context-4.1.2.jar;C:\Users\Fernanda Jama\.m2\repository\org\springframework\security\spring-security-crypto\6.3.1\spring-security-crypto-6.3.1.jar;C:\Users\Fernanda Jama\.m2\repository\org\springframework\cloud\spring-cloud-commons\4.1.2\spring-cloud-commons-4.1.2.jar;C:\Users\Fernanda Jama\.m2\repository\org\springframework\security\spring-security-rsa\1.1.2\spring-security-rsa-1.1.2.jar;C:\Users\Fernanda Jama\.m2\repository\org\bouncycastle\bcprov-jdk18on\1.77\bcprov-jdk18on-1.77.jar;C:\Users\Fernanda Jama\.m2\repository\org\springframework\cloud\spring-cloud-netflix-eureka-server\4.1.1\spring-cloud-netflix-eureka-server-4.1.1.jar;C:\Users\Fernanda Jama\.m2\repository\org\springframework\boot\spring-boot-starter-web\3.2.4\spring-boot-starter-web-3.2.4.jar;C:\Users\Fernanda Jama\.m2\repository\org\springframework\boot\spring-boot-starter-json\3.2.4\spring-boot-starter-json-3.2.4.jar;C:\Users\Fernanda Jama\.m2\repository\com\fasterxml\jackson\datatype\jackson-datatype-jdk8\2.17.2\jackson-datatype-jdk8-2.17.2.jar;C:\Users\Fernanda Jama\.m2\repository\com\fasterxml\jackson\module\jackson-module-parameter-names\2.17.2\jackson-module-parameter-names-2.17.2.jar;C:\Users\Fernanda Jama\.m2\repository\org\springframework\boot\spring-boot-starter-tomcat\3.2.4\spring-boot-starter-tomcat-3.2.4.jar;C:\Users\Fernanda Jama\.m2\repository\org\apache\tomcat\embed\tomcat-embed-core\10.1.19\tomcat-embed-core-10.1.19.jar;C:\Users\Fernanda Jama\.m2\repo
Launcher Type: SUN_STANDARD

[Global flags]
     intx CICompilerCount                          = 4                                         {product} {ergonomic}
     uint ConcGCThreads                            = 2                                         {product} {ergonomic}
     uint G1ConcRefinementThreads                  = 8                                         {product} {ergonomic}
   size_t G1HeapRegionSize                         = 4194304                                   {product} {ergonomic}
    uintx GCDrainStackTargetSize                   = 64                                        {product} {ergonomic}
   size_t InitialHeapSize                          = 532676608                                 {product} {ergonomic}
   size_t MarkStackSize                            = 4194304                                   {product} {ergonomic}
   size_t MaxHeapSize                              = 8518631424                                {product} {ergonomic}
   size_t MaxNewSize                               = 5108662272                                {product} {ergonomic}
   size_t MinHeapDeltaBytes                        = 4194304                                   {product} {ergonomic}
   size_t MinHeapSize                              = 8388608                                   {product} {ergonomic}
    uintx NonNMethodCodeHeapSize                   = 5839372                                {pd product} {ergonomic}
    uintx NonProfiledCodeHeapSize                  = 122909434                              {pd product} {ergonomic}
    uintx ProfiledCodeHeapSize                     = 122909434                              {pd product} {ergonomic}
    uintx ReservedCodeCacheSize                    = 251658240                              {pd product} {ergonomic}
     bool SegmentedCodeCache                       = true                                      {product} {ergonomic}
     bool ShowCodeDetailsInExceptionMessages       = true                                   {manageable} {command line}
   size_t SoftMaxHeapSize                          = 8518631424                             {manageable} {ergonomic}
     bool UseCompressedClassPointers               = true                           {product lp64_product} {ergonomic}
     bool UseCompressedOops                        = true                           {product lp64_product} {ergonomic}
     bool UseG1GC                                  = true                                      {product} {ergonomic}
     bool UseLargePagesIndividualAllocation        = false                                  {pd product} {ergonomic}

Logging:
Log output configuration:
 #0: stdout all=warning uptime,level,tags
 #1: stderr all=off uptime,level,tags

Environment Variables:
JAVA_HOME=C:\Program Files\java\jdk-17
CLASSPATH=C:\Program Files\SAP\SAP Business One DI API\JCO\LIB\sbowrapper.jar;C:\Program Files\SAP\SAP Business One DI API\JCO\LIB\sboapi.jar;C:\Program Files (x86)\SAP\SAP Business One DI API\JCO\LIB\sbowrapper.jar;C:\Program Files (x86)\SAP\SAP Business One DI API\JCO\LIB\sboapi.jar
PATH=C:\Python312\Scripts\;C:\Python312\;C:\Program Files\Eclipse Adoptium\jdk-21.0.3.9-hotspot\bin;C:\Program Files\java\jdk-17\bin;C:\Program Files\Microsoft MPI\Bin\;C:\apache-maven-3.9.6\bin;C:\Program Files\Common Files\Oracle\Java\javapath;C:\Program Files\Eclipse Foundation\jdk-8.0.302.8-hotspot\bin;C:\WINDOWS\system32;C:\WINDOWS;C:\WINDOWS\System32\Wbem;C:\WINDOWS\System32\WindowsPowerShell\v1.0\;C:\WINDOWS\System32\OpenSSH\;C:\Program Files\Azure Data Studio\bin;C:\Program Files\Microsoft SQL Server\Client SDK\ODBC\170\Tools\Binn\;C:\ProgramData\chocolatey\bin;C:\Program Files\Git\cmd;C:\Program Files\PuTTY\;C:\Program Files\Eclipse Adoptium\jdk-21.0.3.9-hotspot\\bin;C:\Program Files\SAP\SAP Business One DI API\JCO\LIB\;C:\Program Files\SAP\SAP Business One DI API\DI API 90;C:\Program Files\SAP\SAP Business One\;C:\Program Files (x86)\SAP\SAP Business One DI API\JCO\LIB\;C:\Program Files (x86)\SAP\SAP Business One DI API\DI API 90;C:\Program Files (x86)\SAP\SAP Business One\;C:\Program Files\Docker\Docker\resources\bin;C:\Program Files (x86)\Microsoft SQL Server\160\Tools\Binn\;C:\Program Files\Microsoft SQL Server\160\Tools\Binn\;C:\Program Files\Microsoft SQL Server\160\DTS\Binn\;C:\Program Files (x86)\Microsoft SQL Server\160\DTS\Binn\;C:\Program Files\Microsoft SQL Server\130\Tools\Binn\;C:\Program Files (x86)\Microsoft SQL Server\150\Tools\Binn\;C:\Program Files\Microsoft SQL Server\150\Tools\Binn\;C:\Program Files\Microsoft SQL Server\150\DTS\Binn\;C:\xampp\php;C:\Program Files\nodejs\;C:\Users\Fernanda Jama\AppData\Local\Microsoft\WindowsApps;C:\Program Files\Azure Data Studio\bin;C:\Users\Fernanda Jama\AppData\Local\GitHubDesktop\bin;C:\Program Files\java\jdk-17\bin;C:\Program Files\JetBrains\IntelliJ IDEA 2024.1\bin;;C:\Program Files\JetBrains\IntelliJ IDEA Community Edition 2023.2.5\bin;;C:\Users\Fernanda Jama\AppData\Local\Programs\Microsoft VS Code\bin;C:\Program Files\JetBrains\DataGrip 2024.2.1\bin;;C:\xampp\php;C:\Program Files\vtex\bin;C:\Users
USERNAME=Fernanda Jama
LANG=en_US.UTF-8
OS=Windows_NT
PROCESSOR_IDENTIFIER=Intel64 Family 6 Model 140 Stepping 1, GenuineIntel



---------------  S Y S T E M  ---------------

OS:
 Windows 11 , 64 bit Build 26100 (10.0.26100.2454)
OS uptime: 0 days 23:23 hours
Hyper-V role detected

CPU: total 8 (initial active 8) (4 cores per cpu, 2 threads per core) family 6 model 140 stepping 1 microcode 0xb8, cx8, cmov, fxsr, ht, mmx, 3dnowpref, sse, sse2, sse3, ssse3, sse4.1, sse4.2, popcnt, lzcnt, tsc, tscinvbit, avx, avx2, aes, erms, clmul, bmi1, bmi2, adx, avx512f, avx512dq, avx512cd, avx512bw, avx512vl, sha, fma, vzeroupper, avx512_vpopcntdq, avx512_vpclmulqdq, avx512_vaes, avx512_vnni, clflush, clflushopt, clwb, avx512_vbmi2, avx512_vbmi, hv

Memory: 4k page, system-wide physical 32494M (758M free)
TotalPageFile size 93435M (AvailPageFile size 2M)
current process WorkingSet (physical memory assigned to process): 320M, peak: 332M
current process commit charge ("private bytes"): 401M, peak: 692M

vm_info: Java HotSpot(TM) 64-Bit Server VM (17.0.9+11-LTS-201) for windows-amd64 JRE (17.0.9+11-LTS-201), built on Oct 10 2023 23:16:06 by "mach5one" with MS VC++ 17.1 (VS2022)

END.
