#
# There is insufficient memory for the Java Runtime Environment to continue.
# Native memory allocation (malloc) failed to allocate 2097152 bytes for AllocateHeap
# Possible reasons:
#   The system is out of physical RAM or swap space
#   The process is running with CompressedOops enabled, and the Java Heap may be blocking the growth of the native heap
# Possible solutions:
#   Reduce memory load on the system
#   Increase physical memory or swap space
#   Check if swap backing store is full
#   Decrease Java heap size (-Xmx/-Xms)
#   Decrease number of Java threads
#   Decrease Java thread stack sizes (-Xss)
#   Set larger code cache with -XX:ReservedCodeCacheSize=
#   JVM is running with Zero Based Compressed Oops mode in which the Java heap is
#     placed in the first 32GB address space. The Java Heap base address is the
#     maximum limit for the native heap growth. Please use -XX:HeapBaseMinAddress
#     to set the Java Heap base and to place the Java Heap above 32GB virtual address.
# This output file may be truncated or incomplete.
#
#  Out of Memory Error (allocation.cpp:44), pid=24068, tid=4844
#
# JRE version: Java(TM) SE Runtime Environment (17.0.9+11) (build 17.0.9+11-LTS-201)
# Java VM: Java HotSpot(TM) 64-Bit Server VM (17.0.9+11-LTS-201, mixed mode, sharing, tiered, compressed oops, compressed class ptrs, g1 gc, windows-amd64)
# No core dump will be written. Minidumps are not enabled by default on client versions of Windows
#

---------------  S U M M A R Y ------------

Command Line: -XX:+ShowCodeDetailsInExceptionMessages com.manamer.SellOut.infraestructure.eurekaserver.EurekaserverApplication

Host: 11th Gen Intel(R) Core(TM) i7-1165G7 @ 2.80GHz, 8 cores, 31G,  Windows 11 , 64 bit Build 26100 (10.0.26100.2454)
Time: Fri Dec 20 13:33:06 2024 Hora est. Pacífico, Sudamérica elapsed time: 74803.162049 seconds (0d 20h 46m 43s)

---------------  T H R E A D  ---------------

Current thread (0x000002261ff61cc0):  VMThread "VM Thread" [stack: 0x0000009a8c700000,0x0000009a8c800000] [id=4844]

Stack: [0x0000009a8c700000,0x0000009a8c800000]
Native frames: (J=compiled Java code, j=interpreted, Vv=VM code, C=native code)
V  [jvm.dll+0x678a4a]
V  [jvm.dll+0x7d9cfd]
V  [jvm.dll+0x7db60e]
V  [jvm.dll+0x7dbc73]
V  [jvm.dll+0x245e1f]
V  [jvm.dll+0xa5173]
V  [jvm.dll+0x2f4a01]
V  [jvm.dll+0x2f08d0]
V  [jvm.dll+0x2d8ea7]
V  [jvm.dll+0x31ba17]
V  [jvm.dll+0x7e048b]
V  [jvm.dll+0x7e11c4]
V  [jvm.dll+0x7e16dd]
V  [jvm.dll+0x7e1ab4]
V  [jvm.dll+0x7e1b80]
V  [jvm.dll+0x78998a]
V  [jvm.dll+0x677875]
C  [ucrtbase.dll+0x14ea0]
C  [KERNEL32.DLL+0x2e8d7]
C  [ntdll.dll+0xdfbcc]

VM_Operation (0x0000009a8beff340): G1CollectFull, mode: safepoint, requested by thread 0x000002266adbe020


---------------  P R O C E S S  ---------------

Threads class SMR info:
_java_thread_list=0x000002266b6b2f30, length=14, elements={
0x000002261ff66770, 0x000002261ff67330, 0x000002261ff7a160, 0x000002261ff7cc30,
0x000002261ff7d5f0, 0x000002261ff7dfb0, 0x000002261ff7ed50, 0x000002261ff92740,
0x000002261ffab800, 0x00000226229e2920, 0x00000226229dfb90, 0x000002266c467c50,
0x000002266e408030, 0x000002266adbe020
}

Java Threads: ( => current thread )
  0x000002261ff66770 JavaThread "Reference Handler" daemon [_thread_blocked, id=10812, stack(0x0000009a8c800000,0x0000009a8c900000)]
  0x000002261ff67330 JavaThread "Finalizer" daemon [_thread_blocked, id=23912, stack(0x0000009a8c900000,0x0000009a8ca00000)]
  0x000002261ff7a160 JavaThread "Signal Dispatcher" daemon [_thread_blocked, id=21468, stack(0x0000009a8ca00000,0x0000009a8cb00000)]
  0x000002261ff7cc30 JavaThread "Attach Listener" daemon [_thread_blocked, id=10664, stack(0x0000009a8cb00000,0x0000009a8cc00000)]
  0x000002261ff7d5f0 JavaThread "Service Thread" daemon [_thread_blocked, id=24356, stack(0x0000009a8cc00000,0x0000009a8cd00000)]
  0x000002261ff7dfb0 JavaThread "Monitor Deflation Thread" daemon [_thread_blocked, id=23128, stack(0x0000009a8cd00000,0x0000009a8ce00000)]
  0x000002261ff7ed50 JavaThread "C2 CompilerThread0" daemon [_thread_blocked, id=19192, stack(0x0000009a8ce00000,0x0000009a8cf00000)]
  0x000002261ff92740 JavaThread "C1 CompilerThread0" daemon [_thread_blocked, id=1828, stack(0x0000009a8cf00000,0x0000009a8d000000)]
  0x000002261ffab800 JavaThread "Sweeper thread" daemon [_thread_blocked, id=11568, stack(0x0000009a8d000000,0x0000009a8d100000)]
  0x00000226229e2920 JavaThread "Notification Thread" daemon [_thread_blocked, id=4488, stack(0x0000009a8d100000,0x0000009a8d200000)]
  0x00000226229dfb90 JavaThread "Common-Cleaner" daemon [_thread_blocked, id=18284, stack(0x0000009a8d300000,0x0000009a8d400000)]
  0x000002266c467c50 JavaThread "Live Reload Server" daemon [_thread_in_native, id=24296, stack(0x0000009a8e700000,0x0000009a8e800000)]
  0x000002266e408030 JavaThread "DestroyJavaVM" [_thread_blocked, id=22036, stack(0x0000009a8c100000,0x0000009a8c200000)]
  0x000002266adbe020 JavaThread "Thread-7" [_thread_blocked, id=28080, stack(0x0000009a8be00000,0x0000009a8bf00000)]

Other Threads:
=>0x000002261ff61cc0 VMThread "VM Thread" [stack: 0x0000009a8c700000,0x0000009a8c800000] [id=4844]
  0x000002261fde45d0 WatcherThread [stack: 0x0000009a8d200000,0x0000009a8d300000] [id=18348]
  0x000002267644e940 GCTaskThread "GC Thread#0" [stack: 0x0000009a8c200000,0x0000009a8c300000] [id=18608]
  0x0000022668c710b0 GCTaskThread "GC Thread#1" [stack: 0x0000009a8d600000,0x0000009a8d700000] [id=22904]
  0x0000022668e1b760 GCTaskThread "GC Thread#2" [stack: 0x0000009a8d700000,0x0000009a8d800000] [id=23896]
  0x0000022668e1ba20 GCTaskThread "GC Thread#3" [stack: 0x0000009a8d800000,0x0000009a8d900000] [id=7620]
  0x0000022668e1bce0 GCTaskThread "GC Thread#4" [stack: 0x0000009a8d900000,0x0000009a8da00000] [id=22980]
  0x0000022668e1bfa0 GCTaskThread "GC Thread#5" [stack: 0x0000009a8da00000,0x0000009a8db00000] [id=24044]
  0x0000022668c850d0 GCTaskThread "GC Thread#6" [stack: 0x0000009a8db00000,0x0000009a8dc00000] [id=23908]
  0x0000022668d208a0 GCTaskThread "GC Thread#7" [stack: 0x0000009a8dc00000,0x0000009a8dd00000] [id=12740]
  0x000002261fdd24d0 ConcurrentGCThread "G1 Main Marker" [stack: 0x0000009a8c300000,0x0000009a8c400000] [id=24040]
  0x000002261fdd3d90 ConcurrentGCThread "G1 Conc#0" [stack: 0x0000009a8c400000,0x0000009a8c500000] [id=24236]
  0x0000022668d21660 ConcurrentGCThread "G1 Conc#1" [stack: 0x0000009a8e000000,0x0000009a8e100000] [id=8764]
  0x000002261fe9b7e0 ConcurrentGCThread "G1 Refine#0" [stack: 0x0000009a8c500000,0x0000009a8c600000] [id=23312]
  0x0000022668c85390 ConcurrentGCThread "G1 Refine#1" [stack: 0x0000009a8dd00000,0x0000009a8de00000] [id=23188]
  0x000002261fe9c0b0 ConcurrentGCThread "G1 Service" [stack: 0x0000009a8c600000,0x0000009a8c700000] [id=17140]

Threads with active compile tasks:
C1 CompilerThread0  74803182 12119  s    3       org.apache.catalina.util.LifecycleBase::setStateInternal (144 bytes)

VM state: at safepoint (normal execution)

VM Mutex/Monitor currently owned by a thread:  ([mutex/lock_event])
[0x0000022676395e00] Threads_lock - owner thread: 0x000002261ff61cc0
[0x0000022676394ff0] Heap_lock - owner thread: 0x000002266adbe020

Heap address: 0x0000000604400000, size: 8124 MB, Compressed Oops mode: Zero based, Oop shift amount: 3

CDS archive(s) mapped at: [0x0000022623000000-0x0000022623bd0000-0x0000022623bd0000), size 12386304, SharedBaseAddress: 0x0000022623000000, ArchiveRelocationMode: 1.
Compressed class space mapped at: 0x0000022624000000-0x0000022664000000, reserved size: 1073741824
Narrow klass base: 0x0000022623000000, Narrow klass shift: 0, Narrow klass range: 0x100000000

GC Precious Log:
 CPUs: 8 total, 8 available
 Memory: 32494M
 Large Page Support: Disabled
 NUMA Support: Disabled
 Compressed Oops: Enabled (Zero based)
 Heap Region Size: 4M
 Heap Min Capacity: 8M
 Heap Initial Capacity: 508M
 Heap Max Capacity: 8124M
 Pre-touch: Disabled
 Parallel Workers: 8
 Concurrent Workers: 2
 Concurrent Refinement Workers: 8
 Periodic GC: Disabled

Heap:
 garbage-first heap   total 294912K, used 200336K [0x0000000604400000, 0x0000000800000000)
  region size 4096K, 43 young (176128K), 3 survivors (12288K)
 Metaspace       used 61505K, committed 62144K, reserved 1114112K
  class space    used 7765K, committed 8064K, reserved 1048576K

Heap Regions: E=young(eden), S=young(survivor), O=old, HS=humongous(starts), HC=humongous(continues), CS=collection set, F=free, OA=open archive, CA=closed archive, TAMS=top-at-mark-start (previous, next)
|   0|0x0000000604400000, 0x0000000604800000, 0x0000000604800000|100%| O|  |TAMS 0x0000000604800000, 0x0000000604400000| Untracked 
|   1|0x0000000604800000, 0x0000000604b64a00, 0x0000000604c00000| 84%| O|  |TAMS 0x0000000604b64a00, 0x0000000604800000| Untracked 
|   2|0x0000000604c00000, 0x0000000605000000, 0x0000000605000000|100%| O|  |TAMS 0x0000000605000000, 0x0000000604c00000| Untracked 
|   3|0x0000000605000000, 0x0000000605400000, 0x0000000605400000|100%| O|  |TAMS 0x0000000605400000, 0x0000000605000000| Untracked 
|   4|0x0000000605400000, 0x0000000605800000, 0x0000000605800000|100%| O|  |TAMS 0x0000000605800000, 0x0000000605400000| Untracked 
|   5|0x0000000605800000, 0x0000000605800000, 0x0000000605c00000|  0%| F|  |TAMS 0x0000000605800000, 0x0000000605800000| Untracked 
|   6|0x0000000605c00000, 0x0000000606000000, 0x0000000606000000|100%| O|  |TAMS 0x0000000605c00000, 0x0000000605c00000| Untracked 
|   7|0x0000000606000000, 0x0000000606400000, 0x0000000606400000|100%| O|  |TAMS 0x0000000606000000, 0x0000000606000000| Untracked 
|   8|0x0000000606400000, 0x0000000606775200, 0x0000000606800000| 86%| O|  |TAMS 0x0000000606400000, 0x0000000606400000| Untracked 
|   9|0x0000000606800000, 0x0000000606800000, 0x0000000606c00000|  0%| F|  |TAMS 0x0000000606800000, 0x0000000606800000| Untracked 
|  10|0x0000000606c00000, 0x0000000606c00000, 0x0000000607000000|  0%| F|  |TAMS 0x0000000606c00000, 0x0000000606c00000| Untracked 
|  11|0x0000000607000000, 0x0000000607000000, 0x0000000607400000|  0%| F|  |TAMS 0x0000000607000000, 0x0000000607000000| Untracked 
|  12|0x0000000607400000, 0x0000000607400000, 0x0000000607800000|  0%| F|  |TAMS 0x0000000607400000, 0x0000000607400000| Untracked 
|  13|0x0000000607800000, 0x0000000607800000, 0x0000000607c00000|  0%| F|  |TAMS 0x0000000607800000, 0x0000000607800000| Untracked 
|  14|0x0000000607c00000, 0x0000000607c00000, 0x0000000608000000|  0%| F|  |TAMS 0x0000000607c00000, 0x0000000607c00000| Untracked 
|  15|0x0000000608000000, 0x0000000608000000, 0x0000000608400000|  0%| F|  |TAMS 0x0000000608000000, 0x0000000608000000| Untracked 
|  16|0x0000000608400000, 0x0000000608400000, 0x0000000608800000|  0%| F|  |TAMS 0x0000000608400000, 0x0000000608400000| Untracked 
|  17|0x0000000608800000, 0x0000000608800000, 0x0000000608c00000|  0%| F|  |TAMS 0x0000000608800000, 0x0000000608800000| Untracked 
|  18|0x0000000608c00000, 0x0000000608c00000, 0x0000000609000000|  0%| F|  |TAMS 0x0000000608c00000, 0x0000000608c00000| Untracked 
|  19|0x0000000609000000, 0x0000000609000000, 0x0000000609400000|  0%| F|  |TAMS 0x0000000609000000, 0x0000000609000000| Untracked 
|  20|0x0000000609400000, 0x0000000609400000, 0x0000000609800000|  0%| F|  |TAMS 0x0000000609400000, 0x0000000609400000| Untracked 
|  21|0x0000000609800000, 0x0000000609800000, 0x0000000609c00000|  0%| F|  |TAMS 0x0000000609800000, 0x0000000609800000| Untracked 
|  22|0x0000000609c00000, 0x0000000609c00000, 0x000000060a000000|  0%| F|  |TAMS 0x0000000609c00000, 0x0000000609c00000| Untracked 
|  23|0x000000060a000000, 0x000000060a000000, 0x000000060a400000|  0%| F|  |TAMS 0x000000060a000000, 0x000000060a000000| Untracked 
|  24|0x000000060a400000, 0x000000060a400000, 0x000000060a800000|  0%| F|  |TAMS 0x000000060a400000, 0x000000060a400000| Untracked 
|  25|0x000000060a800000, 0x000000060a800000, 0x000000060ac00000|  0%| F|  |TAMS 0x000000060a800000, 0x000000060a800000| Untracked 
|  26|0x000000060ac00000, 0x000000060acca720, 0x000000060b000000| 19%| S|CS|TAMS 0x000000060ac00000, 0x000000060ac00000| Complete 
|  27|0x000000060b000000, 0x000000060b400000, 0x000000060b400000|100%| S|CS|TAMS 0x000000060b000000, 0x000000060b000000| Complete 
|  28|0x000000060b400000, 0x000000060b800000, 0x000000060b800000|100%| S|CS|TAMS 0x000000060b400000, 0x000000060b400000| Complete 
|  29|0x000000060b800000, 0x000000060b800000, 0x000000060bc00000|  0%| F|  |TAMS 0x000000060b800000, 0x000000060b800000| Untracked 
|  30|0x000000060bc00000, 0x000000060bc00000, 0x000000060c000000|  0%| F|  |TAMS 0x000000060bc00000, 0x000000060bc00000| Untracked 
|  31|0x000000060c000000, 0x000000060c000000, 0x000000060c400000|  0%| F|  |TAMS 0x000000060c000000, 0x000000060c000000| Untracked 
|  32|0x000000060c400000, 0x000000060c800000, 0x000000060c800000|100%| E|  |TAMS 0x000000060c400000, 0x000000060c400000| Complete 
|  33|0x000000060c800000, 0x000000060cc00000, 0x000000060cc00000|100%| E|CS|TAMS 0x000000060c800000, 0x000000060c800000| Complete 
|  34|0x000000060cc00000, 0x000000060d000000, 0x000000060d000000|100%| E|CS|TAMS 0x000000060cc00000, 0x000000060cc00000| Complete 
|  35|0x000000060d000000, 0x000000060d400000, 0x000000060d400000|100%| E|CS|TAMS 0x000000060d000000, 0x000000060d000000| Complete 
|  36|0x000000060d400000, 0x000000060d800000, 0x000000060d800000|100%| E|CS|TAMS 0x000000060d400000, 0x000000060d400000| Complete 
|  37|0x000000060d800000, 0x000000060dc00000, 0x000000060dc00000|100%| E|CS|TAMS 0x000000060d800000, 0x000000060d800000| Complete 
|  38|0x000000060dc00000, 0x000000060e000000, 0x000000060e000000|100%| E|CS|TAMS 0x000000060dc00000, 0x000000060dc00000| Complete 
|  39|0x000000060e000000, 0x000000060e400000, 0x000000060e400000|100%| E|CS|TAMS 0x000000060e000000, 0x000000060e000000| Complete 
|  40|0x000000060e400000, 0x000000060e800000, 0x000000060e800000|100%| E|CS|TAMS 0x000000060e400000, 0x000000060e400000| Complete 
|  41|0x000000060e800000, 0x000000060ec00000, 0x000000060ec00000|100%| E|CS|TAMS 0x000000060e800000, 0x000000060e800000| Complete 
|  42|0x000000060ec00000, 0x000000060f000000, 0x000000060f000000|100%| E|CS|TAMS 0x000000060ec00000, 0x000000060ec00000| Complete 
|  43|0x000000060f000000, 0x000000060f400000, 0x000000060f400000|100%| E|CS|TAMS 0x000000060f000000, 0x000000060f000000| Complete 
|  44|0x000000060f400000, 0x000000060f800000, 0x000000060f800000|100%| E|CS|TAMS 0x000000060f400000, 0x000000060f400000| Complete 
|  45|0x000000060f800000, 0x000000060fc00000, 0x000000060fc00000|100%| E|CS|TAMS 0x000000060f800000, 0x000000060f800000| Complete 
|  46|0x000000060fc00000, 0x0000000610000000, 0x0000000610000000|100%| E|CS|TAMS 0x000000060fc00000, 0x000000060fc00000| Complete 
|  47|0x0000000610000000, 0x0000000610400000, 0x0000000610400000|100%| E|CS|TAMS 0x0000000610000000, 0x0000000610000000| Complete 
|  48|0x0000000610400000, 0x0000000610800000, 0x0000000610800000|100%| E|CS|TAMS 0x0000000610400000, 0x0000000610400000| Complete 
|  49|0x0000000610800000, 0x0000000610c00000, 0x0000000610c00000|100%| E|CS|TAMS 0x0000000610800000, 0x0000000610800000| Complete 
|  50|0x0000000610c00000, 0x0000000611000000, 0x0000000611000000|100%| E|CS|TAMS 0x0000000610c00000, 0x0000000610c00000| Complete 
|  51|0x0000000611000000, 0x0000000611400000, 0x0000000611400000|100%| E|CS|TAMS 0x0000000611000000, 0x0000000611000000| Complete 
|  52|0x0000000611400000, 0x0000000611800000, 0x0000000611800000|100%| E|CS|TAMS 0x0000000611400000, 0x0000000611400000| Complete 
|  53|0x0000000611800000, 0x0000000611c00000, 0x0000000611c00000|100%| E|CS|TAMS 0x0000000611800000, 0x0000000611800000| Complete 
|  54|0x0000000611c00000, 0x0000000612000000, 0x0000000612000000|100%| E|CS|TAMS 0x0000000611c00000, 0x0000000611c00000| Complete 
|  55|0x0000000612000000, 0x0000000612400000, 0x0000000612400000|100%| E|CS|TAMS 0x0000000612000000, 0x0000000612000000| Complete 
|  56|0x0000000612400000, 0x0000000612800000, 0x0000000612800000|100%| E|CS|TAMS 0x0000000612400000, 0x0000000612400000| Complete 
|  57|0x0000000612800000, 0x0000000612c00000, 0x0000000612c00000|100%| E|CS|TAMS 0x0000000612800000, 0x0000000612800000| Complete 
|  58|0x0000000612c00000, 0x0000000613000000, 0x0000000613000000|100%| E|CS|TAMS 0x0000000612c00000, 0x0000000612c00000| Complete 
|  59|0x0000000613000000, 0x0000000613400000, 0x0000000613400000|100%| E|CS|TAMS 0x0000000613000000, 0x0000000613000000| Complete 
|  60|0x0000000613400000, 0x0000000613800000, 0x0000000613800000|100%| E|CS|TAMS 0x0000000613400000, 0x0000000613400000| Complete 
|  61|0x0000000613800000, 0x0000000613c00000, 0x0000000613c00000|100%| E|CS|TAMS 0x0000000613800000, 0x0000000613800000| Complete 
|  62|0x0000000613c00000, 0x0000000614000000, 0x0000000614000000|100%| E|CS|TAMS 0x0000000613c00000, 0x0000000613c00000| Complete 
|  63|0x0000000614000000, 0x0000000614400000, 0x0000000614400000|100%| E|CS|TAMS 0x0000000614000000, 0x0000000614000000| Complete 
|  64|0x0000000614400000, 0x0000000614800000, 0x0000000614800000|100%| E|CS|TAMS 0x0000000614400000, 0x0000000614400000| Complete 
|  65|0x0000000614800000, 0x0000000614c00000, 0x0000000614c00000|100%| E|CS|TAMS 0x0000000614800000, 0x0000000614800000| Complete 
|  66|0x0000000614c00000, 0x0000000615000000, 0x0000000615000000|100%| E|CS|TAMS 0x0000000614c00000, 0x0000000614c00000| Complete 
|  67|0x0000000615000000, 0x0000000615400000, 0x0000000615400000|100%| E|CS|TAMS 0x0000000615000000, 0x0000000615000000| Complete 
|  68|0x0000000615400000, 0x0000000615800000, 0x0000000615800000|100%| E|CS|TAMS 0x0000000615400000, 0x0000000615400000| Complete 
| 115|0x0000000621000000, 0x0000000621400000, 0x0000000621400000|100%| E|CS|TAMS 0x0000000621000000, 0x0000000621000000| Complete 
| 116|0x0000000621400000, 0x0000000621800000, 0x0000000621800000|100%| E|CS|TAMS 0x0000000621400000, 0x0000000621400000| Complete 
| 126|0x0000000623c00000, 0x0000000624000000, 0x0000000624000000|100%| E|CS|TAMS 0x0000000623c00000, 0x0000000623c00000| Complete 

Card table byte_map: [0x000002267ef40000,0x000002267ff20000] _byte_map_base: 0x000002267bf1e000

Marking Bits (Prev, Next): (CMBitMap*) 0x000002261fdc1140, (CMBitMap*) 0x000002261fdc1100
 Prev Bits: [0x0000022617ed0000, 0x000002261fdc0000)
 Next Bits: [0x000002260ffe0000, 0x0000022617ed0000)

Polling page: 0x0000022674280000

Metaspace:

Usage:
  Non-class:     52.48 MB used.
      Class:      7.58 MB used.
       Both:     60.06 MB used.

Virtual space:
  Non-class space:       64.00 MB reserved,      52.81 MB ( 83%) committed,  1 nodes.
      Class space:        1.00 GB reserved,       7.88 MB ( <1%) committed,  1 nodes.
             Both:        1.06 GB reserved,      60.69 MB (  6%) committed. 

Chunk freelists:
   Non-Class:  11.23 MB
       Class:  7.97 MB
        Both:  19.21 MB

MaxMetaspaceSize: unlimited
CompressedClassSpaceSize: 1.00 GB
Initial GC threshold: 21.00 MB
Current GC threshold: 64.19 MB
CDS: on
MetaspaceReclaimPolicy: balanced
 - commit_granule_bytes: 65536.
 - commit_granule_words: 8192.
 - virtual_space_node_default_size: 8388608.
 - enlarge_chunks_in_place: 1.
 - new_chunks_are_fully_committed: 0.
 - uncommit_free_chunks: 1.
 - use_allocation_guard: 0.
 - handle_deallocations: 1.


Internal statistics:

num_allocs_failed_limit: 9.
num_arena_births: 864.
num_arena_deaths: 0.
num_vsnodes_births: 2.
num_vsnodes_deaths: 0.
num_space_committed: 971.
num_space_uncommitted: 0.
num_chunks_returned_to_freelist: 9.
num_chunks_taken_from_freelist: 3154.
num_chunk_merges: 6.
num_chunk_splits: 2131.
num_chunks_enlarged: 1548.
num_inconsistent_stats: 0.

CodeHeap 'non-profiled nmethods': size=120000Kb used=8780Kb max_used=8780Kb free=111219Kb
 bounds [0x0000022607ad0000, 0x0000022608370000, 0x000002260f000000]
CodeHeap 'profiled nmethods': size=120000Kb used=19598Kb max_used=21707Kb free=100401Kb
 bounds [0x0000022600000000, 0x0000022601540000, 0x0000022607530000]
CodeHeap 'non-nmethods': size=5760Kb used=1318Kb max_used=1376Kb free=4441Kb
 bounds [0x0000022607530000, 0x00000226077a0000, 0x0000022607ad0000]
 total_blobs=10423 nmethods=9790 adapters=545
 compilation: enabled
              stopped_count=0, restarted_count=0
 full_count=0

Compilation events (20 events):
Event: 74801.839 Thread 0x000002261ff92740 12110       3       org.glassfish.hk2.utilities.ContextualInput::equals (32 bytes)
Event: 74801.840 Thread 0x000002261ff92740 nmethod 12110 0x0000022600877290 code [0x0000022600877460, 0x0000022600877908]
Event: 74801.841 Thread 0x000002261ff7ed50 nmethod 12109 0x0000022608361510 code [0x00000226083616a0, 0x0000022608361a58]
Event: 74801.844 Thread 0x000002261ff92740 12111       1       org.glassfish.hk2.internal.StarFilter::matches (2 bytes)
Event: 74801.844 Thread 0x000002261ff92740 nmethod 12111 0x0000022608361b90 code [0x0000022608361d20, 0x0000022608361df8]
Event: 74801.846 Thread 0x000002261ff92740 12113       3       org.jvnet.hk2.internal.SingletonContext$GenerationComparator::compare (13 bytes)
Event: 74801.846 Thread 0x000002261ff7ed50 12112   !   4       org.glassfish.hk2.utilities.DescriptorImpl::getScope (31 bytes)
Event: 74801.846 Thread 0x000002261ff92740 nmethod 12113 0x0000022600f19b90 code [0x0000022600f19d60, 0x0000022600f1a258]
Event: 74801.846 Thread 0x000002261ff92740 12114       3       org.jvnet.hk2.internal.SingletonContext$GenerationComparator::compare (28 bytes)
Event: 74801.846 Thread 0x000002261ff92740 nmethod 12114 0x00000226007ab510 code [0x00000226007ab6c0, 0x00000226007ab958]
Event: 74801.850 Thread 0x000002261ff7ed50 nmethod 12112 0x0000022608361e90 code [0x0000022608362040, 0x0000022608362538]
Event: 74801.852 Thread 0x000002261ff92740 12115       3       org.glassfish.hk2.utilities.ContextualInput::<init> (15 bytes)
Event: 74801.852 Thread 0x000002261ff92740 nmethod 12115 0x00000226007f0a10 code [0x00000226007f0bc0, 0x00000226007f0df8]
Event: 74801.852 Thread 0x000002261ff92740 12116       3       org.jvnet.hk2.internal.SystemDescriptor::removeList (12 bytes)
Event: 74801.852 Thread 0x000002261ff92740 nmethod 12116 0x0000022600b63610 code [0x0000022600b637c0, 0x0000022600b639a8]
Event: 74801.859 Thread 0x000002261ff7ed50 12117       4       java.lang.invoke.MethodHandles$Lookup::<init> (84 bytes)
Event: 74801.860 Thread 0x000002261ff7ed50 nmethod 12117 0x0000022608362810 code [0x0000022608362980, 0x0000022608362bb8]
Event: 74801.913 Thread 0x000002261ff7ed50 12118       4       jdk.internal.loader.BuiltinClassLoader::loadClass (22 bytes)
Event: 74801.916 Thread 0x000002261ff7ed50 nmethod 12118 0x0000022608362c10 code [0x0000022608362dc0, 0x0000022608362f38]
Event: 74801.937 Thread 0x000002261ff92740 12119  s    3       org.apache.catalina.util.LifecycleBase::setStateInternal (144 bytes)

GC Heap History (20 events):
Event: 5.349 GC heap before
{Heap before GC invocations=8 (full 0):
 garbage-first heap   total 69632K, used 39802K [0x0000000604400000, 0x0000000800000000)
  region size 4096K, 6 young (24576K), 1 survivors (4096K)
 Metaspace       used 31152K, committed 31488K, reserved 1114112K
  class space    used 3878K, committed 4032K, reserved 1048576K
}
Event: 5.353 GC heap after
{Heap after GC invocations=9 (full 0):
 garbage-first heap   total 69632K, used 24474K [0x0000000604400000, 0x0000000800000000)
  region size 4096K, 1 young (4096K), 1 survivors (4096K)
 Metaspace       used 31152K, committed 31488K, reserved 1114112K
  class space    used 3878K, committed 4032K, reserved 1048576K
}
Event: 5.740 GC heap before
{Heap before GC invocations=9 (full 0):
 garbage-first heap   total 69632K, used 44954K [0x0000000604400000, 0x0000000800000000)
  region size 4096K, 6 young (24576K), 1 survivors (4096K)
 Metaspace       used 32831K, committed 33216K, reserved 1114112K
  class space    used 4120K, committed 4288K, reserved 1048576K
}
Event: 5.744 GC heap after
{Heap after GC invocations=10 (full 0):
 garbage-first heap   total 69632K, used 25103K [0x0000000604400000, 0x0000000800000000)
  region size 4096K, 1 young (4096K), 1 survivors (4096K)
 Metaspace       used 32831K, committed 33216K, reserved 1114112K
  class space    used 4120K, committed 4288K, reserved 1048576K
}
Event: 6.133 GC heap before
{Heap before GC invocations=10 (full 0):
 garbage-first heap   total 69632K, used 37391K [0x0000000604400000, 0x0000000800000000)
  region size 4096K, 5 young (20480K), 1 survivors (4096K)
 Metaspace       used 35517K, committed 35968K, reserved 1114112K
  class space    used 4521K, committed 4736K, reserved 1048576K
}
Event: 6.137 GC heap after
{Heap after GC invocations=11 (full 0):
 garbage-first heap   total 69632K, used 26004K [0x0000000604400000, 0x0000000800000000)
  region size 4096K, 1 young (4096K), 1 survivors (4096K)
 Metaspace       used 35517K, committed 35968K, reserved 1114112K
  class space    used 4521K, committed 4736K, reserved 1048576K
}
Event: 6.643 GC heap before
{Heap before GC invocations=12 (full 0):
 garbage-first heap   total 69632K, used 50580K [0x0000000604400000, 0x0000000800000000)
  region size 4096K, 7 young (28672K), 1 survivors (4096K)
 Metaspace       used 38916K, committed 39424K, reserved 1114112K
  class space    used 5005K, committed 5248K, reserved 1048576K
}
Event: 6.649 GC heap after
{Heap after GC invocations=13 (full 0):
 garbage-first heap   total 69632K, used 29236K [0x0000000604400000, 0x0000000800000000)
  region size 4096K, 1 young (4096K), 1 survivors (4096K)
 Metaspace       used 38916K, committed 39424K, reserved 1114112K
  class space    used 5005K, committed 5248K, reserved 1048576K
}
Event: 7.155 GC heap before
{Heap before GC invocations=14 (full 0):
 garbage-first heap   total 69632K, used 49716K [0x0000000604400000, 0x0000000800000000)
  region size 4096K, 6 young (24576K), 1 survivors (4096K)
 Metaspace       used 41613K, committed 42112K, reserved 1114112K
  class space    used 5398K, committed 5632K, reserved 1048576K
}
Event: 7.160 GC heap after
{Heap after GC invocations=15 (full 0):
 garbage-first heap   total 69632K, used 32781K [0x0000000604400000, 0x0000000800000000)
  region size 4096K, 1 young (4096K), 1 survivors (4096K)
 Metaspace       used 41613K, committed 42112K, reserved 1114112K
  class space    used 5398K, committed 5632K, reserved 1048576K
}
Event: 7.282 GC heap before
{Heap before GC invocations=15 (full 0):
 garbage-first heap   total 69632K, used 36877K [0x0000000604400000, 0x0000000800000000)
  region size 4096K, 2 young (8192K), 1 survivors (4096K)
 Metaspace       used 42140K, committed 42624K, reserved 1114112K
  class space    used 5470K, committed 5696K, reserved 1048576K
}
Event: 7.288 GC heap after
{Heap after GC invocations=16 (full 0):
 garbage-first heap   total 294912K, used 32640K [0x0000000604400000, 0x0000000800000000)
  region size 4096K, 1 young (4096K), 1 survivors (4096K)
 Metaspace       used 42140K, committed 42624K, reserved 1114112K
  class space    used 5470K, committed 5696K, reserved 1048576K
}
Event: 930.586 GC heap before
{Heap before GC invocations=16 (full 0):
 garbage-first heap   total 294912K, used 192384K [0x0000000604400000, 0x0000000800000000)
  region size 4096K, 40 young (163840K), 1 survivors (4096K)
 Metaspace       used 58708K, committed 59328K, reserved 1114112K
  class space    used 7712K, committed 8000K, reserved 1048576K
}
Event: 930.599 GC heap after
{Heap after GC invocations=17 (full 0):
 garbage-first heap   total 294912K, used 40132K [0x0000000604400000, 0x0000000800000000)
  region size 4096K, 3 young (12288K), 3 survivors (12288K)
 Metaspace       used 58708K, committed 59328K, reserved 1114112K
  class space    used 7712K, committed 8000K, reserved 1048576K
}
Event: 61118.062 GC heap before
{Heap before GC invocations=17 (full 0):
 garbage-first heap   total 294912K, used 203972K [0x0000000604400000, 0x0000000800000000)
  region size 4096K, 43 young (176128K), 3 survivors (12288K)
 Metaspace       used 60948K, committed 61568K, reserved 1114112K
  class space    used 7740K, committed 8064K, reserved 1048576K
}
Event: 61118.131 GC heap after
{Heap after GC invocations=18 (full 0):
 garbage-first heap   total 294912K, used 40860K [0x0000000604400000, 0x0000000800000000)
  region size 4096K, 3 young (12288K), 3 survivors (12288K)
 Metaspace       used 60948K, committed 61568K, reserved 1114112K
  class space    used 7740K, committed 8064K, reserved 1048576K
}
Event: 65518.666 GC heap before
{Heap before GC invocations=18 (full 0):
 garbage-first heap   total 294912K, used 204700K [0x0000000604400000, 0x0000000800000000)
  region size 4096K, 43 young (176128K), 3 survivors (12288K)
 Metaspace       used 61205K, committed 61824K, reserved 1114112K
  class space    used 7742K, committed 8064K, reserved 1048576K
}
Event: 65518.743 GC heap after
{Heap after GC invocations=19 (full 0):
 garbage-first heap   total 294912K, used 40575K [0x0000000604400000, 0x0000000800000000)
  region size 4096K, 3 young (12288K), 3 survivors (12288K)
 Metaspace       used 61205K, committed 61824K, reserved 1114112K
  class space    used 7742K, committed 8064K, reserved 1048576K
}
Event: 70307.421 GC heap before
{Heap before GC invocations=19 (full 0):
 garbage-first heap   total 294912K, used 204415K [0x0000000604400000, 0x0000000800000000)
  region size 4096K, 43 young (176128K), 3 survivors (12288K)
 Metaspace       used 61301K, committed 61888K, reserved 1114112K
  class space    used 7743K, committed 8064K, reserved 1048576K
}
Event: 70307.517 GC heap after
{Heap after GC invocations=20 (full 0):
 garbage-first heap   total 294912K, used 40592K [0x0000000604400000, 0x0000000800000000)
  region size 4096K, 3 young (12288K), 3 survivors (12288K)
 Metaspace       used 61301K, committed 61888K, reserved 1114112K
  class space    used 7743K, committed 8064K, reserved 1048576K
}

Deoptimization events (20 events):
Event: 74801.933 Thread 0x00000226229df680 DEOPT PACKING pc=0x000002260823f74c sp=0x0000009a8e2fee30
Event: 74801.933 Thread 0x00000226229e2e30 DEOPT PACKING pc=0x0000022608243050 sp=0x0000009a8e1ff4c0
Event: 74801.933 Thread 0x00000226229df680 DEOPT UNPACKING pc=0x0000022607585ba3 sp=0x0000009a8e2fedb8 mode 2
Event: 74801.933 Thread 0x00000226229e2e30 DEOPT UNPACKING pc=0x0000022607585ba3 sp=0x0000009a8e1ff2e8 mode 2
Event: 74801.934 Thread 0x00000226229e2e30 Uncommon trap: trap_request=0xffffff45 fr.pc=0x000002260813a3a8 relative=0x00000000000000e8
Event: 74801.934 Thread 0x00000226229e2e30 Uncommon trap: reason=unstable_if action=reinterpret pc=0x000002260813a3a8 method=java.util.concurrent.ThreadPoolExecutor.runStateAtLeast(II)Z @ 2 c2
Event: 74801.934 Thread 0x00000226229e2e30 DEOPT PACKING pc=0x000002260813a3a8 sp=0x0000009a8e1ff5e0
Event: 74801.934 Thread 0x00000226229e2e30 DEOPT UNPACKING pc=0x0000022607585ba3 sp=0x0000009a8e1ff4f0 mode 2
Event: 74801.934 Thread 0x00000226229df680 Uncommon trap: trap_request=0xffffff45 fr.pc=0x000002260813a3a8 relative=0x00000000000000e8
Event: 74801.934 Thread 0x00000226229df680 Uncommon trap: reason=unstable_if action=reinterpret pc=0x000002260813a3a8 method=java.util.concurrent.ThreadPoolExecutor.runStateAtLeast(II)Z @ 2 c2
Event: 74801.934 Thread 0x00000226229df680 DEOPT PACKING pc=0x000002260813a3a8 sp=0x0000009a8e2fef50
Event: 74801.935 Thread 0x00000226229df680 DEOPT UNPACKING pc=0x0000022607585ba3 sp=0x0000009a8e2fee60 mode 2
Event: 74801.936 Thread 0x000002266adbe020 Uncommon trap: trap_request=0xffffffde fr.pc=0x0000022608267914 relative=0x0000000000000454
Event: 74801.936 Thread 0x000002266adbe020 Uncommon trap: reason=class_check action=maybe_recompile pc=0x0000022608267914 method=java.util.AbstractMap$1$1.<init>(Ljava/util/AbstractMap$1;)V @ 17 c2
Event: 74801.936 Thread 0x000002266adbe020 DEOPT PACKING pc=0x0000022608267914 sp=0x0000009a8beff280
Event: 74801.936 Thread 0x000002266adbe020 DEOPT UNPACKING pc=0x0000022607585ba3 sp=0x0000009a8beff1d8 mode 2
Event: 74801.936 Thread 0x000002266adbe020 Uncommon trap: trap_request=0xffffffde fr.pc=0x00000226081626b0 relative=0x0000000000000090
Event: 74801.936 Thread 0x000002266adbe020 Uncommon trap: reason=class_check action=maybe_recompile pc=0x00000226081626b0 method=java.util.AbstractMap$1$1.hasNext()Z @ 4 c2
Event: 74801.936 Thread 0x000002266adbe020 DEOPT PACKING pc=0x00000226081626b0 sp=0x0000009a8beff2c0
Event: 74801.936 Thread 0x000002266adbe020 DEOPT UNPACKING pc=0x0000022607585ba3 sp=0x0000009a8beff250 mode 2

Classes unloaded (0 events):
No events

Classes redefined (0 events):
No events

Internal exceptions (20 events):
Event: 930.616 Thread 0x00000226229e2920 Exception <a 'java/lang/NoSuchMethodError'{0x0000000623ce9f50}: 'long java.lang.invoke.DirectMethodHandle$Holder.invokeStatic(java.lang.Object, java.lang.Object, java.lang.Object)'> (0x0000000623ce9f50) 
thrown [s\open\src\hotspot\share\interpreter\linkResolver.cpp, line 759]
Event: 57042.969 Thread 0x00000226229df680 Implicit null exception at 0x00000226080ba414 to 0x00000226080ba6c0
Event: 57042.969 Thread 0x00000226229e2e30 Implicit null exception at 0x00000226080ba414 to 0x00000226080ba6c0
Event: 57042.969 Thread 0x00000226229df680 Implicit null exception at 0x00000226080ba414 to 0x00000226080ba6c0
Event: 57042.969 Thread 0x00000226229e2e30 Implicit null exception at 0x00000226080ba414 to 0x00000226080ba6c0
Event: 57042.969 Thread 0x00000226229e2e30 Implicit null exception at 0x00000226080bad11 to 0x00000226080bafb8
Event: 57051.031 Thread 0x000002266e402510 Exception <a 'java/net/SocketException'{0x000000061519fc10}: Connection reset by peer: shutdown> (0x000000061519fc10) 
thrown [s\open\src\hotspot\share\prims\jni.cpp, line 535]
Event: 57580.417 Thread 0x000002266c466810 Implicit null exception at 0x0000022607c8c5cc to 0x0000022607c8c645
Event: 72799.188 Thread 0x000002266e4066e0 Implicit null exception at 0x00000226082101d8 to 0x00000226082103e1
Event: 72799.195 Thread 0x000002266e4066e0 Implicit null exception at 0x0000022607b7749c to 0x0000022607b78fc0
Event: 72799.201 Thread 0x000002266e4066e0 Implicit null exception at 0x00000226081eb734 to 0x00000226081f0824
Event: 72799.205 Thread 0x000002266e4066e0 Implicit null exception at 0x000002260824f204 to 0x0000022608254dfc
Event: 72799.207 Thread 0x000002266e4066e0 Implicit null exception at 0x000002260817f8fd to 0x000002260817fb00
Event: 74800.314 Thread 0x00000226229e0fd0 Implicit null exception at 0x000002260808c105 to 0x000002260808c610
Event: 74801.262 Thread 0x00000226229e0fd0 Implicit null exception at 0x0000022607ce6f38 to 0x0000022607ce7904
Event: 74801.558 Thread 0x000002266adbe020 Implicit null exception at 0x0000022607ce2432 to 0x0000022607ce2b64
Event: 74801.646 Thread 0x000002266adbe020 Implicit null exception at 0x0000022607fa15d9 to 0x0000022607fa3248
Event: 74801.664 Thread 0x000002266adbe020 Implicit null exception at 0x0000022607e7aa16 to 0x0000022607e8214c
Event: 74801.833 Thread 0x000002266adbe020 Exception <a 'java/lang/NoSuchMethodError'{0x000000060c67afd8}: 'java.lang.Object java.lang.invoke.DirectMethodHandle$Holder.invokeStatic(java.lang.Object, java.lang.Object, int, java.lang.Object, java.lang.Object)'> (0x000000060c67afd8) 
thrown [s\open\src\hotspot\share\interpreter\linkResolver.cpp, line 759]
Event: 74801.934 Thread 0x00000226229e00a0 Exception <a 'java/lang/InterruptedException'{0x000000060c6b1178}: sleep interrupted> (0x000000060c6b1178) 
thrown [s\open\src\hotspot\share\prims\jvm.cpp, line 3064]

VM Operations (20 events):
Event: 74376.743 Executing VM operation: Cleanup done
Event: 74391.752 Executing VM operation: Cleanup
Event: 74391.752 Executing VM operation: Cleanup done
Event: 74399.755 Executing VM operation: Cleanup
Event: 74399.755 Executing VM operation: Cleanup done
Event: 74421.766 Executing VM operation: Cleanup
Event: 74421.766 Executing VM operation: Cleanup done
Event: 74481.804 Executing VM operation: Cleanup
Event: 74481.804 Executing VM operation: Cleanup done
Event: 74736.960 Executing VM operation: Cleanup
Event: 74736.961 Executing VM operation: Cleanup done
Event: 74755.974 Executing VM operation: Cleanup
Event: 74755.974 Executing VM operation: Cleanup done
Event: 74798.999 Executing VM operation: Cleanup
Event: 74798.999 Executing VM operation: Cleanup done
Event: 74801.699 Executing VM operation: HandshakeAllThreads
Event: 74801.699 Executing VM operation: HandshakeAllThreads done
Event: 74801.699 Executing VM operation: Cleanup
Event: 74801.699 Executing VM operation: Cleanup done
Event: 74801.936 Executing VM operation: G1CollectFull

Events (20 events):
Event: 74801.627 Thread 0x000002266e403950 Thread exited: 0x000002266e403950
Event: 74801.627 Thread 0x000002266e402510 Thread exited: 0x000002266e402510
Event: 74801.627 Thread 0x000002266e404880 Thread exited: 0x000002266e404880
Event: 74801.628 Thread 0x000002266e403440 Thread exited: 0x000002266e403440
Event: 74801.633 Thread 0x000002266e402000 Thread exited: 0x000002266e402000
Event: 74801.633 Thread 0x000002266e404370 Thread exited: 0x000002266e404370
Event: 74801.637 Thread 0x000002266c4658e0 Thread exited: 0x000002266c4658e0
Event: 74801.685 Thread 0x000002266c468670 Thread exited: 0x000002266c468670
Event: 74801.685 Thread 0x000002266e404d90 Thread exited: 0x000002266e404d90
Event: 74801.685 Thread 0x000002266c467230 Thread exited: 0x000002266c467230
Event: 74801.685 Thread 0x000002266c468160 Thread exited: 0x000002266c468160
Event: 74801.686 Thread 0x000002266c468b80 Thread exited: 0x000002266c468b80
Event: 74801.686 Thread 0x000002266c467740 Thread exited: 0x000002266c467740
Event: 74801.701 Thread 0x000002266c466300 Thread exited: 0x000002266c466300
Event: 74801.746 loading class javax/management/NotificationBroadcasterSupport$WildcardListenerInfo
Event: 74801.750 loading class javax/management/NotificationBroadcasterSupport$WildcardListenerInfo done
Event: 74801.759 Thread 0x00000226229e05b0 Thread exited: 0x00000226229e05b0
Event: 74801.934 Thread 0x00000226229e2e30 Thread exited: 0x00000226229e2e30
Event: 74801.934 Thread 0x00000226229e00a0 Thread exited: 0x00000226229e00a0
Event: 74801.935 Thread 0x00000226229df680 Thread exited: 0x00000226229df680


Dynamic libraries:
0x00007ff7e07a0000 - 0x00007ff7e07b0000 	C:\Program Files\java\jdk-17\bin\java.exe
0x00007ffb41980000 - 0x00007ffb41be3000 	C:\WINDOWS\SYSTEM32\ntdll.dll
0x00007ffb40d80000 - 0x00007ffb40e48000 	C:\WINDOWS\System32\KERNEL32.DLL
0x00007ffb3ede0000 - 0x00007ffb3f192000 	C:\WINDOWS\System32\KERNELBASE.dll
0x00007ffb3f1a0000 - 0x00007ffb3f2eb000 	C:\WINDOWS\System32\ucrtbase.dll
0x00007ffb296a0000 - 0x00007ffb296bb000 	C:\Program Files\java\jdk-17\bin\VCRUNTIME140.dll
0x00007ffb29510000 - 0x00007ffb29529000 	C:\Program Files\java\jdk-17\bin\jli.dll
0x00007ffb41480000 - 0x00007ffb41534000 	C:\WINDOWS\System32\ADVAPI32.dll
0x00007ffb3ffe0000 - 0x00007ffb40089000 	C:\WINDOWS\System32\msvcrt.dll
0x00007ffb41540000 - 0x00007ffb415e6000 	C:\WINDOWS\System32\sechost.dll
0x00007ffb40090000 - 0x00007ffb401a6000 	C:\WINDOWS\System32\RPCRT4.dll
0x00007ffb40ed0000 - 0x00007ffb41098000 	C:\WINDOWS\System32\USER32.dll
0x00007ffb3f7b0000 - 0x00007ffb3f7d7000 	C:\WINDOWS\System32\win32u.dll
0x00007ffb40290000 - 0x00007ffb402ba000 	C:\WINDOWS\System32\GDI32.dll
0x00007ffb3f680000 - 0x00007ffb3f7ab000 	C:\WINDOWS\System32\gdi32full.dll
0x00007ffb16060000 - 0x00007ffb162f0000 	C:\WINDOWS\WinSxS\amd64_microsoft.windows.common-controls_6595b64144ccf1df_6.0.26100.2454_none_3e0b68a2e331ad60\COMCTL32.dll
0x00007ffb3f3b0000 - 0x00007ffb3f453000 	C:\WINDOWS\System32\msvcp_win.dll
0x00007ffb390f0000 - 0x00007ffb390fb000 	C:\WINDOWS\SYSTEM32\VERSION.dll
0x00007ffb41610000 - 0x00007ffb4163f000 	C:\WINDOWS\System32\IMM32.DLL
0x00007ffb29500000 - 0x00007ffb2950c000 	C:\Program Files\java\jdk-17\bin\vcruntime140_1.dll
0x00007ffb28630000 - 0x00007ffb286be000 	C:\Program Files\java\jdk-17\bin\msvcp140.dll
0x00007ffa852a0000 - 0x00007ffa85e81000 	C:\Program Files\java\jdk-17\bin\server\jvm.dll
0x00007ffb3ff90000 - 0x00007ffb3ff98000 	C:\WINDOWS\System32\PSAPI.DLL
0x00007ffb32eb0000 - 0x00007ffb32ee6000 	C:\WINDOWS\SYSTEM32\WINMM.dll
0x00007ffb295b0000 - 0x00007ffb295ba000 	C:\WINDOWS\SYSTEM32\WSOCK32.dll
0x00007ffb40e50000 - 0x00007ffb40ec4000 	C:\WINDOWS\System32\WS2_32.dll
0x00007ffb3db50000 - 0x00007ffb3db6a000 	C:\WINDOWS\SYSTEM32\kernel.appcore.dll
0x00007ffb29310000 - 0x00007ffb2931a000 	C:\Program Files\java\jdk-17\bin\jimage.dll
0x00007ffb3c480000 - 0x00007ffb3c6c1000 	C:\WINDOWS\SYSTEM32\DBGHELP.DLL
0x00007ffb410a0000 - 0x00007ffb4141e000 	C:\WINDOWS\System32\combase.dll
0x00007ffb403d0000 - 0x00007ffb404a6000 	C:\WINDOWS\System32\OLEAUT32.dll
0x00007ffb242b0000 - 0x00007ffb242e9000 	C:\WINDOWS\SYSTEM32\dbgcore.DLL
0x00007ffb3f5e0000 - 0x00007ffb3f679000 	C:\WINDOWS\System32\bcryptPrimitives.dll
0x00007ffb292e0000 - 0x00007ffb29305000 	C:\Program Files\java\jdk-17\bin\java.dll
0x00007ffb0fb80000 - 0x00007ffb0fc57000 	C:\Program Files\java\jdk-17\bin\jsvml.dll
0x00007ffb40510000 - 0x00007ffb40c10000 	C:\WINDOWS\System32\SHELL32.dll
0x00007ffb3ca20000 - 0x00007ffb3d251000 	C:\WINDOWS\SYSTEM32\windows.storage.dll
0x00007ffb401b0000 - 0x00007ffb4028a000 	C:\WINDOWS\System32\SHCORE.dll
0x00007ffb402c0000 - 0x00007ffb4031d000 	C:\WINDOWS\System32\shlwapi.dll
0x00007ffb3ec60000 - 0x00007ffb3ec8e000 	C:\WINDOWS\SYSTEM32\profapi.dll
0x00007ffb292c0000 - 0x00007ffb292d9000 	C:\Program Files\java\jdk-17\bin\net.dll
0x00007ffb39b10000 - 0x00007ffb39c36000 	C:\WINDOWS\SYSTEM32\WINHTTP.dll
0x00007ffb3e030000 - 0x00007ffb3e098000 	C:\WINDOWS\system32\mswsock.dll
0x00007ffb292a0000 - 0x00007ffb292b6000 	C:\Program Files\java\jdk-17\bin\nio.dll
0x00007ffb291e0000 - 0x00007ffb291f8000 	C:\Program Files\java\jdk-17\bin\zip.dll
0x00007ffb28620000 - 0x00007ffb2862a000 	C:\Program Files\java\jdk-17\bin\management.dll
0x00007ffb28610000 - 0x00007ffb2861b000 	C:\Program Files\java\jdk-17\bin\management_ext.dll
0x00007ffb3d510000 - 0x00007ffb3d542000 	C:\WINDOWS\SYSTEM32\IPHLPAPI.DLL
0x00007ffb41650000 - 0x00007ffb4165a000 	C:\WINDOWS\System32\NSI.dll
0x00007ffb39c70000 - 0x00007ffb39c8e000 	C:\WINDOWS\SYSTEM32\dhcpcsvc6.DLL
0x00007ffb39c40000 - 0x00007ffb39c65000 	C:\WINDOWS\SYSTEM32\dhcpcsvc.DLL
0x00007ffb3d550000 - 0x00007ffb3d675000 	C:\WINDOWS\SYSTEM32\DNSAPI.dll
0x00007ffb36320000 - 0x00007ffb3632b000 	C:\Windows\System32\rasadhlp.dll
0x00007ffb3a4f0000 - 0x00007ffb3a575000 	C:\WINDOWS\System32\fwpuclnt.dll
0x00007ffb28600000 - 0x00007ffb2860e000 	C:\Program Files\java\jdk-17\bin\sunmscapi.dll
0x00007ffb3f460000 - 0x00007ffb3f5d6000 	C:\WINDOWS\System32\CRYPT32.dll
0x00007ffb3e530000 - 0x00007ffb3e560000 	C:\WINDOWS\SYSTEM32\ncrypt.dll
0x00007ffb3e4e0000 - 0x00007ffb3e51f000 	C:\WINDOWS\SYSTEM32\NTASN1.dll
0x00007ffb3e3e0000 - 0x00007ffb3e3fc000 	C:\WINDOWS\SYSTEM32\CRYPTSP.dll
0x00007ffb3dab0000 - 0x00007ffb3dae8000 	C:\WINDOWS\system32\rsaenh.dll
0x00007ffb3e0d0000 - 0x00007ffb3e0fb000 	C:\WINDOWS\SYSTEM32\USERENV.dll
0x00007ffb3e570000 - 0x00007ffb3e596000 	C:\WINDOWS\SYSTEM32\bcrypt.dll
0x00007ffb3e260000 - 0x00007ffb3e26c000 	C:\WINDOWS\SYSTEM32\CRYPTBASE.dll
0x00007ffb27720000 - 0x00007ffb27730000 	C:\Program Files\java\jdk-17\bin\verify.dll
0x00007ffb210f0000 - 0x00007ffb21108000 	C:\WINDOWS\system32\napinsp.dll
0x00007ffb1dd00000 - 0x00007ffb1dd12000 	C:\WINDOWS\System32\winrnr.dll
0x00007ffb1dcd0000 - 0x00007ffb1dcf2000 	C:\WINDOWS\system32\nlansp_c.dll
0x00007ffb362a0000 - 0x00007ffb362b6000 	C:\WINDOWS\system32\wshbth.dll
0x00007ffb06c60000 - 0x00007ffb06c68000 	C:\WINDOWS\system32\wshunix.dll

dbghelp: loaded successfully - version: 4.0.5 - missing functions: none
symbol engine: initialized successfully - sym options: 0x614 - pdb path: .;C:\Program Files\java\jdk-17\bin;C:\WINDOWS\SYSTEM32;C:\WINDOWS\WinSxS\amd64_microsoft.windows.common-controls_6595b64144ccf1df_6.0.26100.2454_none_3e0b68a2e331ad60;C:\Program Files\java\jdk-17\bin\server

VM Arguments:
jvm_args: -XX:+ShowCodeDetailsInExceptionMessages 
java_command: com.manamer.SellOut.infraestructure.eurekaserver.EurekaserverApplication
java_class_path (initial): C:\Users\Fernanda Jama\OneDrive - Manamer\Documentos\PROYEC_DEVELOP\SellOut\backend\infraestructure\eureka\target\classes;C:\Users\Fernanda Jama\.m2\repository\org\springframework\cloud\spring-cloud-starter-netflix-eureka-server\4.1.1\spring-cloud-starter-netflix-eureka-server-4.1.1.jar;C:\Users\Fernanda Jama\.m2\repository\org\springframework\cloud\spring-cloud-starter\4.1.2\spring-cloud-starter-4.1.2.jar;C:\Users\Fernanda Jama\.m2\repository\org\springframework\cloud\spring-cloud-context\4.1.2\spring-cloud-context-4.1.2.jar;C:\Users\Fernanda Jama\.m2\repository\org\springframework\security\spring-security-crypto\6.3.1\spring-security-crypto-6.3.1.jar;C:\Users\Fernanda Jama\.m2\repository\org\springframework\cloud\spring-cloud-commons\4.1.2\spring-cloud-commons-4.1.2.jar;C:\Users\Fernanda Jama\.m2\repository\org\springframework\security\spring-security-rsa\1.1.2\spring-security-rsa-1.1.2.jar;C:\Users\Fernanda Jama\.m2\repository\org\bouncycastle\bcprov-jdk18on\1.77\bcprov-jdk18on-1.77.jar;C:\Users\Fernanda Jama\.m2\repository\org\springframework\cloud\spring-cloud-netflix-eureka-server\4.1.1\spring-cloud-netflix-eureka-server-4.1.1.jar;C:\Users\Fernanda Jama\.m2\repository\org\springframework\boot\spring-boot-starter-web\3.2.4\spring-boot-starter-web-3.2.4.jar;C:\Users\Fernanda Jama\.m2\repository\org\springframework\boot\spring-boot-starter-json\3.2.4\spring-boot-starter-json-3.2.4.jar;C:\Users\Fernanda Jama\.m2\repository\com\fasterxml\jackson\datatype\jackson-datatype-jdk8\2.17.2\jackson-datatype-jdk8-2.17.2.jar;C:\Users\Fernanda Jama\.m2\repository\com\fasterxml\jackson\module\jackson-module-parameter-names\2.17.2\jackson-module-parameter-names-2.17.2.jar;C:\Users\Fernanda Jama\.m2\repository\org\springframework\boot\spring-boot-starter-tomcat\3.2.4\spring-boot-starter-tomcat-3.2.4.jar;C:\Users\Fernanda Jama\.m2\repository\org\apache\tomcat\embed\tomcat-embed-core\10.1.19\tomcat-embed-core-10.1.19.jar;C:\Users\Fernanda Jama\.m2\repo
Launcher Type: SUN_STANDARD

[Global flags]
     intx CICompilerCount                          = 4                                         {product} {ergonomic}
     uint ConcGCThreads                            = 2                                         {product} {ergonomic}
     uint G1ConcRefinementThreads                  = 8                                         {product} {ergonomic}
   size_t G1HeapRegionSize                         = 4194304                                   {product} {ergonomic}
    uintx GCDrainStackTargetSize                   = 64                                        {product} {ergonomic}
   size_t InitialHeapSize                          = 532676608                                 {product} {ergonomic}
   size_t MarkStackSize                            = 4194304                                   {product} {ergonomic}
   size_t MaxHeapSize                              = 8518631424                                {product} {ergonomic}
   size_t MaxNewSize                               = 5108662272                                {product} {ergonomic}
   size_t MinHeapDeltaBytes                        = 4194304                                   {product} {ergonomic}
   size_t MinHeapSize                              = 8388608                                   {product} {ergonomic}
    uintx NonNMethodCodeHeapSize                   = 5839372                                {pd product} {ergonomic}
    uintx NonProfiledCodeHeapSize                  = 122909434                              {pd product} {ergonomic}
    uintx ProfiledCodeHeapSize                     = 122909434                              {pd product} {ergonomic}
    uintx ReservedCodeCacheSize                    = 251658240                              {pd product} {ergonomic}
     bool SegmentedCodeCache                       = true                                      {product} {ergonomic}
     bool ShowCodeDetailsInExceptionMessages       = true                                   {manageable} {command line}
   size_t SoftMaxHeapSize                          = 8518631424                             {manageable} {ergonomic}
     bool UseCompressedClassPointers               = true                           {product lp64_product} {ergonomic}
     bool UseCompressedOops                        = true                           {product lp64_product} {ergonomic}
     bool UseG1GC                                  = true                                      {product} {ergonomic}
     bool UseLargePagesIndividualAllocation        = false                                  {pd product} {ergonomic}

Logging:
Log output configuration:
 #0: stdout all=warning uptime,level,tags
 #1: stderr all=off uptime,level,tags

Environment Variables:
JAVA_HOME=C:\Program Files\java\jdk-17
CLASSPATH=C:\Program Files\SAP\SAP Business One DI API\JCO\LIB\sbowrapper.jar;C:\Program Files\SAP\SAP Business One DI API\JCO\LIB\sboapi.jar;C:\Program Files (x86)\SAP\SAP Business One DI API\JCO\LIB\sbowrapper.jar;C:\Program Files (x86)\SAP\SAP Business One DI API\JCO\LIB\sboapi.jar
PATH=C:\Python312\Scripts\;C:\Python312\;C:\Program Files\Eclipse Adoptium\jdk-21.0.3.9-hotspot\bin;C:\Program Files\java\jdk-17\bin;C:\Program Files\Microsoft MPI\Bin\;C:\apache-maven-3.9.6\bin;C:\Program Files\Common Files\Oracle\Java\javapath;C:\Program Files\Eclipse Foundation\jdk-8.0.302.8-hotspot\bin;C:\WINDOWS\system32;C:\WINDOWS;C:\WINDOWS\System32\Wbem;C:\WINDOWS\System32\WindowsPowerShell\v1.0\;C:\WINDOWS\System32\OpenSSH\;C:\Program Files\Azure Data Studio\bin;C:\Program Files\Microsoft SQL Server\Client SDK\ODBC\170\Tools\Binn\;C:\ProgramData\chocolatey\bin;C:\Program Files\Git\cmd;C:\Program Files\PuTTY\;C:\Program Files\Eclipse Adoptium\jdk-21.0.3.9-hotspot\\bin;C:\Program Files\SAP\SAP Business One DI API\JCO\LIB\;C:\Program Files\SAP\SAP Business One DI API\DI API 90;C:\Program Files\SAP\SAP Business One\;C:\Program Files (x86)\SAP\SAP Business One DI API\JCO\LIB\;C:\Program Files (x86)\SAP\SAP Business One DI API\DI API 90;C:\Program Files (x86)\SAP\SAP Business One\;C:\Program Files\Docker\Docker\resources\bin;C:\Program Files (x86)\Microsoft SQL Server\160\Tools\Binn\;C:\Program Files\Microsoft SQL Server\160\Tools\Binn\;C:\Program Files\Microsoft SQL Server\160\DTS\Binn\;C:\Program Files (x86)\Microsoft SQL Server\160\DTS\Binn\;C:\Program Files\Microsoft SQL Server\130\Tools\Binn\;C:\Program Files (x86)\Microsoft SQL Server\150\Tools\Binn\;C:\Program Files\Microsoft SQL Server\150\Tools\Binn\;C:\Program Files\Microsoft SQL Server\150\DTS\Binn\;C:\xampp\php;C:\Program Files\nodejs\;C:\Users\Fernanda Jama\AppData\Local\Microsoft\WindowsApps;C:\Program Files\Azure Data Studio\bin;C:\Users\Fernanda Jama\AppData\Local\GitHubDesktop\bin;C:\Program Files\java\jdk-17\bin;C:\Program Files\JetBrains\IntelliJ IDEA 2024.1\bin;;C:\Program Files\JetBrains\IntelliJ IDEA Community Edition 2023.2.5\bin;;C:\Users\Fernanda Jama\AppData\Local\Programs\Microsoft VS Code\bin;C:\Program Files\JetBrains\DataGrip 2024.2.1\bin;;C:\xampp\php;C:\Program Files\vtex\bin;C:\Users
USERNAME=Fernanda Jama
LANG=en_US.UTF-8
OS=Windows_NT
PROCESSOR_IDENTIFIER=Intel64 Family 6 Model 140 Stepping 1, GenuineIntel



---------------  S Y S T E M  ---------------

OS:
 Windows 11 , 64 bit Build 26100 (10.0.26100.2454)
OS uptime: 0 days 21:18 hours
Hyper-V role detected

CPU: total 8 (initial active 8) (4 cores per cpu, 2 threads per core) family 6 model 140 stepping 1 microcode 0xb8, cx8, cmov, fxsr, ht, mmx, 3dnowpref, sse, sse2, sse3, ssse3, sse4.1, sse4.2, popcnt, lzcnt, tsc, tscinvbit, avx, avx2, aes, erms, clmul, bmi1, bmi2, adx, avx512f, avx512dq, avx512cd, avx512bw, avx512vl, sha, fma, vzeroupper, avx512_vpopcntdq, avx512_vpclmulqdq, avx512_vaes, avx512_vnni, clflush, clflushopt, clwb, avx512_vbmi2, avx512_vbmi, hv

Memory: 4k page, system-wide physical 32494M (373M free)
TotalPageFile size 93435M (AvailPageFile size 0M)
current process WorkingSet (physical memory assigned to process): 200M, peak: 355M
current process commit charge ("private bytes"): 541M, peak: 681M

vm_info: Java HotSpot(TM) 64-Bit Server VM (17.0.9+11-LTS-201) for windows-amd64 JRE (17.0.9+11-LTS-201), built on Oct 10 2023 23:16:06 by "mach5one" with MS VC++ 17.1 (VS2022)

END.
