#
# There is insufficient memory for the Java Runtime Environment to continue.
# Native memory allocation (malloc) failed to allocate 32744 bytes. Error detail: ChunkPool::allocate
# Possible reasons:
#   The system is out of physical RAM or swap space
#   This process is running with CompressedOops enabled, and the Java Heap may be blocking the growth of the native heap
# Possible solutions:
#   Reduce memory load on the system
#   Increase physical memory or swap space
#   Check if swap backing store is full
#   Decrease Java heap size (-Xmx/-Xms)
#   Decrease number of Java threads
#   Decrease Java thread stack sizes (-Xss)
#   Set larger code cache with -XX:ReservedCodeCacheSize=
#   JVM is running with Unscaled Compressed Oops mode in which the Java heap is
#     placed in the first 4GB address space. The Java Heap base address is the
#     maximum limit for the native heap growth. Please use -XX:HeapBaseMinAddress
#     to set the Java Heap base and to place the Java Heap above 4GB virtual address.
# This output file may be truncated or incomplete.
#
#  Out of Memory Error (arena.cpp:79), pid=27940, tid=27268
#
# JRE version: OpenJDK Runtime Environment Temurin-17.0.13+11 (17.0.13+11) (build 17.0.13+11)
# Java VM: OpenJDK 64-Bit Server VM Temurin-17.0.13+11 (17.0.13+11, mixed mode, tiered, compressed oops, compressed class ptrs, parallel gc, windows-amd64)
# No core dump will be written. Minidumps are not enabled by default on client versions of Windows
#

---------------  S U M M A R Y ------------

Command Line: --add-modules=ALL-SYSTEM --add-opens=java.base/java.util=ALL-UNNAMED --add-opens=java.base/java.lang=ALL-UNNAMED --add-opens=java.base/sun.nio.fs=ALL-UNNAMED -Declipse.application=org.eclipse.jdt.ls.core.id1 -Dosgi.bundles.defaultStartLevel=4 -Declipse.product=org.eclipse.jdt.ls.core.product -Djava.import.generatesMetadataFilesAtProjectRoot=false -DDetectVMInstallationsJob.disabled=true -Dfile.encoding=utf8 -XX:+UseParallelGC -XX:GCTimeRatio=4 -XX:AdaptiveSizePolicyWeight=90 -Dsun.zip.disableMemoryMapping=true -Xmx1G -Xms100m -Xlog:disable -javaagent:c:\Users\Fernanda Jama\.vscode\extensions\redhat.java-1.38.0-win32-x64\lombok\lombok-1.18.34.jar c:\Users\Fernanda Jama\.vscode\extensions\redhat.java-1.38.0-win32-x64\server\plugins\org.eclipse.equinox.launcher_1.6.900.v20240613-2009.jar -configuration c:\Users\Fernanda Jama\AppData\Roaming\Code\User\globalStorage\redhat.java\1.38.0\config_ss_win -data c:\Users\Fernanda Jama\AppData\Roaming\Code\User\workspaceStorage\0f8fcf9722f280a0dd6517273a57f36b\redhat.java\ss_ws --pipe=\\.\pipe\lsp-7ce2b3223cbc4354b0fc879900d45022-sock

Host: 11th Gen Intel(R) Core(TM) i7-1165G7 @ 2.80GHz, 8 cores, 31G,  Windows 11 , 64 bit Build 26100 (10.0.26100.2454)
Time: Thu Dec 26 08:45:44 2024 Hora est. Pacífico, Sudamérica elapsed time: 23.844315 seconds (0d 0h 0m 23s)

---------------  T H R E A D  ---------------

Current thread (0x00000262ae17f640):  JavaThread "C2 CompilerThread0" daemon [_thread_in_native, id=27268, stack(0x000000b142600000,0x000000b142700000)]


Current CompileTask:
C2:  23844 1882       4       java.io.DataInputStream::readUTF (501 bytes)

Stack: [0x000000b142600000,0x000000b142700000]
Native frames: (J=compiled Java code, j=interpreted, Vv=VM code, C=native code)
V  [jvm.dll+0x682a19]
V  [jvm.dll+0x839538]
V  [jvm.dll+0x83afe3]
V  [jvm.dll+0x83b653]
V  [jvm.dll+0x24704f]
V  [jvm.dll+0xad03c]
V  [jvm.dll+0xad4cc]
V  [jvm.dll+0xacf44]
V  [jvm.dll+0x66043c]
V  [jvm.dll+0x58ddab]
V  [jvm.dll+0x589eb3]
V  [jvm.dll+0x589c53]
V  [jvm.dll+0x588e78]
V  [jvm.dll+0x220ea2]
V  [jvm.dll+0x22129f]
V  [jvm.dll+0x21a2b0]
V  [jvm.dll+0x21738b]
V  [jvm.dll+0x1a3070]
V  [jvm.dll+0x22788c]
V  [jvm.dll+0x2259eb]
V  [jvm.dll+0x7eec98]
V  [jvm.dll+0x7e8ffc]
V  [jvm.dll+0x6818f7]
C  [ucrtbase.dll+0x14ea0]
C  [KERNEL32.DLL+0x2e8d7]
C  [ntdll.dll+0xdfbcc]


---------------  P R O C E S S  ---------------

Threads class SMR info:
_java_thread_list=0x00000262af96d470, length=17, elements={
0x000002629526fdf0, 0x00000262a90f7030, 0x00000262a90f8e90, 0x00000262ae17af10,
0x00000262ae17b7e0, 0x00000262ae17e0c0, 0x00000262ae17e990, 0x00000262ae17f640,
0x00000262ae1ea0e0, 0x00000262ae1f4620, 0x00000262952d5630, 0x00000262af3d81a0,
0x00000262aff96040, 0x00000262afd4b830, 0x00000262afae7030, 0x00000262ae332530,
0x00000262ae5079a0
}

Java Threads: ( => current thread )
  0x000002629526fdf0 JavaThread "main" [_thread_blocked, id=11760, stack(0x000000b141d00000,0x000000b141e00000)]
  0x00000262a90f7030 JavaThread "Reference Handler" daemon [_thread_blocked, id=22820, stack(0x000000b142000000,0x000000b142100000)]
  0x00000262a90f8e90 JavaThread "Finalizer" daemon [_thread_blocked, id=23128, stack(0x000000b142100000,0x000000b142200000)]
  0x00000262ae17af10 JavaThread "Signal Dispatcher" daemon [_thread_blocked, id=25412, stack(0x000000b142200000,0x000000b142300000)]
  0x00000262ae17b7e0 JavaThread "Attach Listener" daemon [_thread_blocked, id=11480, stack(0x000000b142300000,0x000000b142400000)]
  0x00000262ae17e0c0 JavaThread "Service Thread" daemon [_thread_blocked, id=17224, stack(0x000000b142400000,0x000000b142500000)]
  0x00000262ae17e990 JavaThread "Monitor Deflation Thread" daemon [_thread_blocked, id=21500, stack(0x000000b142500000,0x000000b142600000)]
=>0x00000262ae17f640 JavaThread "C2 CompilerThread0" daemon [_thread_in_native, id=27268, stack(0x000000b142600000,0x000000b142700000)]
  0x00000262ae1ea0e0 JavaThread "C1 CompilerThread0" daemon [_thread_blocked, id=25532, stack(0x000000b142700000,0x000000b142800000)]
  0x00000262ae1f4620 JavaThread "Sweeper thread" daemon [_thread_blocked, id=16944, stack(0x000000b142800000,0x000000b142900000)]
  0x00000262952d5630 JavaThread "Common-Cleaner" daemon [_thread_blocked, id=22644, stack(0x000000b142900000,0x000000b142a00000)]
  0x00000262af3d81a0 JavaThread "Notification Thread" daemon [_thread_blocked, id=24348, stack(0x000000b142b00000,0x000000b142c00000)]
  0x00000262aff96040 JavaThread "Active Thread: Equinox Container: 50488c43-91a7-4cb0-881d-aa0dc5345fc6" [_thread_blocked, id=11248, stack(0x000000b143200000,0x000000b143300000)]
  0x00000262afd4b830 JavaThread "Framework Event Dispatcher: Equinox Container: 50488c43-91a7-4cb0-881d-aa0dc5345fc6" daemon [_thread_blocked, id=16616, stack(0x000000b143300000,0x000000b143400000)]
  0x00000262afae7030 JavaThread "Start Level: Equinox Container: 50488c43-91a7-4cb0-881d-aa0dc5345fc6" daemon [_thread_in_native, id=9476, stack(0x000000b143400000,0x000000b143500000)]
  0x00000262ae332530 JavaThread "SCR Component Actor" daemon [_thread_blocked, id=2504, stack(0x000000b143500000,0x000000b143600000)]
  0x00000262ae5079a0 JavaThread "SCR Component Registry" daemon [_thread_blocked, id=14348, stack(0x000000b143100000,0x000000b143200000)]

Other Threads:
  0x000002629531ec10 VMThread "VM Thread" [stack: 0x000000b141f00000,0x000000b142000000] [id=4008]
  0x00000262ae50dec0 WatcherThread [stack: 0x000000b142c00000,0x000000b142d00000] [id=15744]
  0x0000026295285ce0 GCTaskThread "GC Thread#0" [stack: 0x000000b141e00000,0x000000b141f00000] [id=16744]
  0x00000262afa120a0 GCTaskThread "GC Thread#1" [stack: 0x000000b142a00000,0x000000b142b00000] [id=2916]
  0x00000262afd0e040 GCTaskThread "GC Thread#2" [stack: 0x000000b142d00000,0x000000b142e00000] [id=2700]
  0x00000262afd0e300 GCTaskThread "GC Thread#3" [stack: 0x000000b142e00000,0x000000b142f00000] [id=9736]
  0x00000262afd0e5c0 GCTaskThread "GC Thread#4" [stack: 0x000000b142f00000,0x000000b143000000] [id=11236]
  0x00000262afd0e880 GCTaskThread "GC Thread#5" [stack: 0x000000b143000000,0x000000b143100000] [id=7164]
  0x00000262ae42a110 GCTaskThread "GC Thread#6" [stack: 0x000000b143600000,0x000000b143700000] [id=9228]
  0x00000262ae42a8c0 GCTaskThread "GC Thread#7" [stack: 0x000000b143700000,0x000000b143800000] [id=11132]

Threads with active compile tasks:
C2 CompilerThread0    23991 1882       4       java.io.DataInputStream::readUTF (501 bytes)

VM state: not at safepoint (normal execution)

VM Mutex/Monitor currently owned by a thread: None

Heap address: 0x00000000c0000000, size: 1024 MB, Compressed Oops mode: 32-bit

CDS archive(s) not mapped
Compressed class space mapped at: 0x0000000100000000-0x0000000140000000, reserved size: 1073741824
Narrow klass base: 0x0000000000000000, Narrow klass shift: 3, Narrow klass range: 0x140000000

GC Precious Log:
 CPUs: 8 total, 8 available
 Memory: 32494M
 Large Page Support: Disabled
 NUMA Support: Disabled
 Compressed Oops: Enabled (32-bit)
 Alignments: Space 512K, Generation 512K, Heap 2M
 Heap Min Capacity: 100M
 Heap Initial Capacity: 100M
 Heap Max Capacity: 1G
 Pre-touch: Disabled
 Parallel Workers: 8

Heap:
 PSYoungGen      total 29696K, used 18598K [0x00000000eab00000, 0x00000000ecc00000, 0x0000000100000000)
  eden space 25600K, 56% used [0x00000000eab00000,0x00000000eb92b1d8,0x00000000ec400000)
  from space 4096K, 99% used [0x00000000ec800000,0x00000000ecbfe998,0x00000000ecc00000)
  to   space 4096K, 0% used [0x00000000ec400000,0x00000000ec400000,0x00000000ec800000)
 ParOldGen       total 68608K, used 808K [0x00000000c0000000, 0x00000000c4300000, 0x00000000eab00000)
  object space 68608K, 1% used [0x00000000c0000000,0x00000000c00ca360,0x00000000c4300000)
 Metaspace       used 17440K, committed 17728K, reserved 1114112K
  class space    used 1796K, committed 1920K, reserved 1048576K

Card table byte_map: [0x0000026294c00000,0x0000026294e10000] _byte_map_base: 0x0000026294600000

Marking Bits: (ParMarkBitMap*) 0x00007ffb3f4a6940
 Begin Bits: [0x00000262a6f00000, 0x00000262a7f00000)
 End Bits:   [0x00000262a7f00000, 0x00000262a8f00000)

Polling page: 0x0000026293180000

Metaspace:

Usage:
  Non-class:     15.28 MB used.
      Class:      1.75 MB used.
       Both:     17.03 MB used.

Virtual space:
  Non-class space:       64.00 MB reserved,      15.44 MB ( 24%) committed,  1 nodes.
      Class space:        1.00 GB reserved,       1.88 MB ( <1%) committed,  1 nodes.
             Both:        1.06 GB reserved,      17.31 MB (  2%) committed. 

Chunk freelists:
   Non-Class:  140.00 KB
       Class:  14.15 MB
        Both:  14.28 MB

MaxMetaspaceSize: unlimited
CompressedClassSpaceSize: 1.00 GB
Initial GC threshold: 21.00 MB
Current GC threshold: 21.00 MB
CDS: off
MetaspaceReclaimPolicy: balanced
 - commit_granule_bytes: 65536.
 - commit_granule_words: 8192.
 - virtual_space_node_default_size: 8388608.
 - enlarge_chunks_in_place: 1.
 - new_chunks_are_fully_committed: 0.
 - uncommit_free_chunks: 1.
 - use_allocation_guard: 0.
 - handle_deallocations: 1.


Internal statistics:

num_allocs_failed_limit: 0.
num_arena_births: 164.
num_arena_deaths: 0.
num_vsnodes_births: 2.
num_vsnodes_deaths: 0.
num_space_committed: 277.
num_space_uncommitted: 0.
num_chunks_returned_to_freelist: 0.
num_chunks_taken_from_freelist: 498.
num_chunk_merges: 0.
num_chunk_splits: 316.
num_chunks_enlarged: 226.
num_inconsistent_stats: 0.

CodeHeap 'non-profiled nmethods': size=120000Kb used=782Kb max_used=782Kb free=119217Kb
 bounds [0x000002629f9d0000, 0x000002629fc40000, 0x00000262a6f00000]
CodeHeap 'profiled nmethods': size=120000Kb used=3528Kb max_used=3528Kb free=116471Kb
 bounds [0x0000026297f00000, 0x0000026298280000, 0x000002629f430000]
CodeHeap 'non-nmethods': size=5760Kb used=1180Kb max_used=1199Kb free=4579Kb
 bounds [0x000002629f430000, 0x000002629f6a0000, 0x000002629f9d0000]
 total_blobs=2369 nmethods=1900 adapters=383
 compilation: enabled
              stopped_count=0, restarted_count=0
 full_count=0

Compilation events (20 events):
Event: 21.794 Thread 0x00000262ae17f640 1874       4       java.lang.Object::equals (11 bytes)
Event: 21.794 Thread 0x00000262ae1ea0e0 1876       1       java.util.LinkedList::size (5 bytes)
Event: 21.794 Thread 0x00000262ae1ea0e0 nmethod 1876 0x000002629fa91e10 code [0x000002629fa91fa0, 0x000002629fa92078]
Event: 21.794 Thread 0x00000262ae1ea0e0 1877       3       org.eclipse.osgi.internal.serviceregistry.ServiceReferenceImpl::getClasses (8 bytes)
Event: 21.794 Thread 0x00000262ae17f640 nmethod 1874 0x000002629fa92110 code [0x000002629fa92280, 0x000002629fa92318]
Event: 21.795 Thread 0x00000262ae17f640 1875       4       java.lang.Character::isWhitespace (5 bytes)
Event: 21.795 Thread 0x00000262ae1ea0e0 nmethod 1877 0x0000026298261690 code [0x0000026298261820, 0x00000262982619d8]
Event: 21.795 Thread 0x00000262ae1ea0e0 1878       1       org.eclipse.osgi.internal.serviceregistry.ServiceReferenceImpl::getRegistration (5 bytes)
Event: 21.795 Thread 0x00000262ae1ea0e0 nmethod 1878 0x000002629fa92410 code [0x000002629fa925a0, 0x000002629fa92678]
Event: 21.795 Thread 0x00000262ae17f640 nmethod 1875 0x000002629fa92710 code [0x000002629fa92880, 0x000002629fa92938]
Event: 21.797 Thread 0x00000262ae1ea0e0 1879       1       org.eclipse.osgi.internal.loader.sources.NullPackageSource::isNullSource (2 bytes)
Event: 21.797 Thread 0x00000262ae1ea0e0 nmethod 1879 0x000002629fa92a90 code [0x000002629fa92c20, 0x000002629fa92cf8]
Event: 21.797 Thread 0x00000262ae1ea0e0 1880       3       org.eclipse.osgi.container.Module::getContainer (8 bytes)
Event: 21.798 Thread 0x00000262ae1ea0e0 nmethod 1880 0x0000026298261a90 code [0x0000026298261c20, 0x0000026298261d58]
Event: 21.798 Thread 0x00000262ae17f640 1881       4       java.lang.CharacterDataLatin1::isWhitespace (23 bytes)
Event: 21.799 Thread 0x00000262ae17f640 nmethod 1881 0x000002629fa92d90 code [0x000002629fa92f00, 0x000002629fa92fb8]
Event: 21.799 Thread 0x00000262ae17f640 1882       4       java.io.DataInputStream::readUTF (501 bytes)
Event: 21.821 Thread 0x00000262ae1ea0e0 1883       3       org.eclipse.osgi.internal.hooks.EclipseLazyStarter::preFindLocalClass (120 bytes)
Event: 21.822 Thread 0x00000262ae1ea0e0 nmethod 1883 0x0000026298261e10 code [0x00000262982620a0, 0x0000026298262d98]
Event: 21.822 Thread 0x00000262ae1ea0e0 1884   !   3       org.eclipse.osgi.internal.hooks.EclipseLazyStarter::postFindLocalClass (394 bytes)

GC Heap History (4 events):
Event: 3.650 GC heap before
{Heap before GC invocations=1 (full 0):
 PSYoungGen      total 29696K, used 25600K [0x00000000eab00000, 0x00000000ecc00000, 0x0000000100000000)
  eden space 25600K, 100% used [0x00000000eab00000,0x00000000ec400000,0x00000000ec400000)
  from space 4096K, 0% used [0x00000000ec800000,0x00000000ec800000,0x00000000ecc00000)
  to   space 4096K, 0% used [0x00000000ec400000,0x00000000ec400000,0x00000000ec800000)
 ParOldGen       total 68608K, used 0K [0x00000000c0000000, 0x00000000c4300000, 0x00000000eab00000)
  object space 68608K, 0% used [0x00000000c0000000,0x00000000c0000000,0x00000000c4300000)
 Metaspace       used 10960K, committed 11136K, reserved 1114112K
  class space    used 1086K, committed 1152K, reserved 1048576K
}
Event: 3.661 GC heap after
{Heap after GC invocations=1 (full 0):
 PSYoungGen      total 29696K, used 3157K [0x00000000eab00000, 0x00000000ecc00000, 0x0000000100000000)
  eden space 25600K, 0% used [0x00000000eab00000,0x00000000eab00000,0x00000000ec400000)
  from space 4096K, 77% used [0x00000000ec400000,0x00000000ec7154f8,0x00000000ec800000)
  to   space 4096K, 0% used [0x00000000ec800000,0x00000000ec800000,0x00000000ecc00000)
 ParOldGen       total 68608K, used 16K [0x00000000c0000000, 0x00000000c4300000, 0x00000000eab00000)
  object space 68608K, 0% used [0x00000000c0000000,0x00000000c0004000,0x00000000c4300000)
 Metaspace       used 10960K, committed 11136K, reserved 1114112K
  class space    used 1086K, committed 1152K, reserved 1048576K
}
Event: 21.294 GC heap before
{Heap before GC invocations=2 (full 0):
 PSYoungGen      total 29696K, used 28757K [0x00000000eab00000, 0x00000000ecc00000, 0x0000000100000000)
  eden space 25600K, 100% used [0x00000000eab00000,0x00000000ec400000,0x00000000ec400000)
  from space 4096K, 77% used [0x00000000ec400000,0x00000000ec7154f8,0x00000000ec800000)
  to   space 4096K, 0% used [0x00000000ec800000,0x00000000ec800000,0x00000000ecc00000)
 ParOldGen       total 68608K, used 16K [0x00000000c0000000, 0x00000000c4300000, 0x00000000eab00000)
  object space 68608K, 0% used [0x00000000c0000000,0x00000000c0004000,0x00000000c4300000)
 Metaspace       used 14589K, committed 14784K, reserved 1114112K
  class space    used 1477K, committed 1536K, reserved 1048576K
}
Event: 21.300 GC heap after
{Heap after GC invocations=2 (full 0):
 PSYoungGen      total 29696K, used 4090K [0x00000000eab00000, 0x00000000ecc00000, 0x0000000100000000)
  eden space 25600K, 0% used [0x00000000eab00000,0x00000000eab00000,0x00000000ec400000)
  from space 4096K, 99% used [0x00000000ec800000,0x00000000ecbfe998,0x00000000ecc00000)
  to   space 4096K, 0% used [0x00000000ec400000,0x00000000ec400000,0x00000000ec800000)
 ParOldGen       total 68608K, used 808K [0x00000000c0000000, 0x00000000c4300000, 0x00000000eab00000)
  object space 68608K, 1% used [0x00000000c0000000,0x00000000c00ca360,0x00000000c4300000)
 Metaspace       used 14589K, committed 14784K, reserved 1114112K
  class space    used 1477K, committed 1536K, reserved 1048576K
}

Dll operation events (9 events):
Event: 0.066 Loaded shared library c:\Users\Fernanda Jama\.vscode\extensions\redhat.java-1.38.0-win32-x64\jre\17.0.13-win32-x86_64\bin\java.dll
Event: 1.439 Loaded shared library c:\Users\Fernanda Jama\.vscode\extensions\redhat.java-1.38.0-win32-x64\jre\17.0.13-win32-x86_64\bin\zip.dll
Event: 1.446 Loaded shared library C:\Users\Fernanda Jama\.vscode\extensions\redhat.java-1.38.0-win32-x64\jre\17.0.13-win32-x86_64\bin\instrument.dll
Event: 1.468 Loaded shared library C:\Users\Fernanda Jama\.vscode\extensions\redhat.java-1.38.0-win32-x64\jre\17.0.13-win32-x86_64\bin\net.dll
Event: 1.472 Loaded shared library C:\Users\Fernanda Jama\.vscode\extensions\redhat.java-1.38.0-win32-x64\jre\17.0.13-win32-x86_64\bin\nio.dll
Event: 1.484 Loaded shared library C:\Users\Fernanda Jama\.vscode\extensions\redhat.java-1.38.0-win32-x64\jre\17.0.13-win32-x86_64\bin\zip.dll
Event: 1.507 Loaded shared library C:\Users\Fernanda Jama\.vscode\extensions\redhat.java-1.38.0-win32-x64\jre\17.0.13-win32-x86_64\bin\jimage.dll
Event: 1.585 Loaded shared library c:\Users\Fernanda Jama\.vscode\extensions\redhat.java-1.38.0-win32-x64\jre\17.0.13-win32-x86_64\bin\verify.dll
Event: 21.234 Loaded shared library C:\Users\Fernanda Jama\AppData\Roaming\Code\User\globalStorage\redhat.java\1.38.0\config_ss_win\org.eclipse.equinox.launcher\org.eclipse.equinox.launcher.win32.win32.x86_64_1.2.1100.v20240722-2106\eclipse_11904.dll

Deoptimization events (20 events):
Event: 21.701 Thread 0x00000262afae7030 Uncommon trap: trap_request=0xffffffde fr.pc=0x000002629fa3e278 relative=0x0000000000000498
Event: 21.701 Thread 0x00000262afae7030 Uncommon trap: reason=class_check action=maybe_recompile pc=0x000002629fa3e278 method=java.io.DataInputStream.readInt()I @ 6 c2
Event: 21.701 Thread 0x00000262afae7030 DEOPT PACKING pc=0x000002629fa3e278 sp=0x000000b1434fba20
Event: 21.701 Thread 0x00000262afae7030 DEOPT UNPACKING pc=0x000002629f489ea3 sp=0x000000b1434fb9d8 mode 2
Event: 21.702 Thread 0x00000262afae7030 Uncommon trap: trap_request=0xffffffde fr.pc=0x000002629fa41ea8 relative=0x0000000000001428
Event: 21.702 Thread 0x00000262afae7030 Uncommon trap: reason=class_check action=maybe_recompile pc=0x000002629fa41ea8 method=java.io.DataInputStream.readUnsignedShort()I @ 6 c2
Event: 21.702 Thread 0x00000262afae7030 DEOPT PACKING pc=0x000002629fa41ea8 sp=0x000000b1434fb970
Event: 21.702 Thread 0x00000262afae7030 DEOPT UNPACKING pc=0x000002629f489ea3 sp=0x000000b1434fb8f0 mode 2
Event: 21.702 Thread 0x00000262afae7030 Uncommon trap: trap_request=0xffffffde fr.pc=0x000002629fa41ea8 relative=0x0000000000001428
Event: 21.702 Thread 0x00000262afae7030 Uncommon trap: reason=class_check action=maybe_recompile pc=0x000002629fa41ea8 method=java.io.DataInputStream.readUnsignedShort()I @ 6 c2
Event: 21.702 Thread 0x00000262afae7030 DEOPT PACKING pc=0x000002629fa41ea8 sp=0x000000b1434fb970
Event: 21.702 Thread 0x00000262afae7030 DEOPT UNPACKING pc=0x000002629f489ea3 sp=0x000000b1434fb8f0 mode 2
Event: 21.703 Thread 0x00000262afae7030 Uncommon trap: trap_request=0xffffffde fr.pc=0x000002629fa41ea8 relative=0x0000000000001428
Event: 21.703 Thread 0x00000262afae7030 Uncommon trap: reason=class_check action=maybe_recompile pc=0x000002629fa41ea8 method=java.io.DataInputStream.readUnsignedShort()I @ 6 c2
Event: 21.703 Thread 0x00000262afae7030 DEOPT PACKING pc=0x000002629fa41ea8 sp=0x000000b1434fb970
Event: 21.703 Thread 0x00000262afae7030 DEOPT UNPACKING pc=0x000002629f489ea3 sp=0x000000b1434fb8f0 mode 2
Event: 21.703 Thread 0x00000262afae7030 Uncommon trap: trap_request=0xffffffde fr.pc=0x000002629fa41ea8 relative=0x0000000000001428
Event: 21.703 Thread 0x00000262afae7030 Uncommon trap: reason=class_check action=maybe_recompile pc=0x000002629fa41ea8 method=java.io.DataInputStream.readUnsignedShort()I @ 6 c2
Event: 21.703 Thread 0x00000262afae7030 DEOPT PACKING pc=0x000002629fa41ea8 sp=0x000000b1434fb970
Event: 21.703 Thread 0x00000262afae7030 DEOPT UNPACKING pc=0x000002629f489ea3 sp=0x000000b1434fb8f0 mode 2

Classes loaded (20 events):
Event: 21.436 Loading class java/util/concurrent/locks/ReentrantLock$FairSync
Event: 21.436 Loading class java/util/concurrent/locks/ReentrantLock$FairSync done
Event: 21.439 Loading class java/util/Collections$ReverseComparator
Event: 21.439 Loading class java/util/Collections$ReverseComparator done
Event: 21.553 Loading class java/lang/CloneNotSupportedException
Event: 21.553 Loading class java/lang/CloneNotSupportedException done
Event: 21.647 Loading class java/util/TreeMap$Values
Event: 21.647 Loading class java/util/TreeMap$Values done
Event: 21.647 Loading class java/util/TreeMap$ValueIterator
Event: 21.647 Loading class java/util/TreeMap$ValueIterator done
Event: 21.672 Loading class java/nio/file/NoSuchFileException
Event: 21.672 Loading class java/nio/file/FileSystemException
Event: 21.672 Loading class java/nio/file/FileSystemException done
Event: 21.672 Loading class java/nio/file/NoSuchFileException done
Event: 21.770 Loading class java/lang/StackWalker$Option
Event: 21.770 Loading class java/lang/StackWalker$Option done
Event: 21.773 Loading class java/util/Comparators$NaturalOrderComparator
Event: 21.773 Loading class java/util/Comparators$NaturalOrderComparator done
Event: 21.773 Loading class java/util/Collections$ReverseComparator2
Event: 21.773 Loading class java/util/Collections$ReverseComparator2 done

Classes unloaded (0 events):
No events

Classes redefined (0 events):
No events

Internal exceptions (20 events):
Event: 3.480 Thread 0x000002629526fdf0 Exception <a 'java/lang/ClassNotFoundException'{0x00000000ec1318f8}: sun/net/www/protocol/c/Handler> (0x00000000ec1318f8) 
thrown [s\src\hotspot\share\classfile\systemDictionary.cpp, line 256]
Event: 3.533 Thread 0x000002629526fdf0 Exception <a 'java/io/FileNotFoundException'{0x00000000ec156160}> (0x00000000ec156160) 
thrown [s\src\hotspot\share\prims\jni.cpp, line 516]
Event: 3.599 Thread 0x000002629526fdf0 Implicit null exception at 0x000002629fa288fb to 0x000002629fa292a0
Event: 3.600 Thread 0x000002629526fdf0 Implicit null exception at 0x000002629fa1fc8c to 0x000002629fa1fea4
Event: 3.600 Thread 0x000002629526fdf0 Implicit null exception at 0x000002629fa22c0c to 0x000002629fa22e24
Event: 3.600 Thread 0x000002629526fdf0 Implicit null exception at 0x000002629fa1cc0f to 0x000002629fa1cc85
Event: 3.678 Thread 0x000002629526fdf0 Exception <a 'java/lang/NoSuchMethodError'{0x00000000eab313b8}: 'int java.lang.invoke.DirectMethodHandle$Holder.invokeStaticInit(java.lang.Object, java.lang.Object, java.lang.Object, java.lang.Object)'> (0x00000000eab313b8) 
thrown [s\src\hotspot\share\interpreter\linkResolver.cpp, line 759]
Event: 3.680 Thread 0x000002629526fdf0 Exception <a 'java/lang/NoSuchMethodError'{0x00000000eab3bb20}: 'java.lang.Object java.lang.invoke.DirectMethodHandle$Holder.invokeInterface(java.lang.Object, java.lang.Object)'> (0x00000000eab3bb20) 
thrown [s\src\hotspot\share\interpreter\linkResolver.cpp, line 759]
Event: 3.680 Thread 0x000002629526fdf0 Exception <a 'java/lang/IncompatibleClassChangeError'{0x00000000eab3f318}: Found class java.lang.Object, but interface was expected> (0x00000000eab3f318) 
thrown [s\src\hotspot\share\interpreter\linkResolver.cpp, line 826]
Event: 3.682 Thread 0x000002629526fdf0 Exception <a 'java/lang/NoSuchMethodError'{0x00000000eab437f8}: 'void java.lang.invoke.DirectMethodHandle$Holder.invokeStatic(java.lang.Object, java.lang.Object)'> (0x00000000eab437f8) 
thrown [s\src\hotspot\share\interpreter\linkResolver.cpp, line 759]
Event: 3.682 Thread 0x000002629526fdf0 Exception <a 'java/lang/NoSuchMethodError'{0x00000000eab46ff8}: 'void java.lang.invoke.DirectMethodHandle$Holder.invokeStaticInit(java.lang.Object, java.lang.Object)'> (0x00000000eab46ff8) 
thrown [s\src\hotspot\share\interpreter\linkResolver.cpp, line 759]
Event: 3.683 Thread 0x000002629526fdf0 Exception <a 'java/lang/NoSuchMethodError'{0x00000000eab4f558}: 'int java.lang.invoke.DirectMethodHandle$Holder.invokeStaticInit(java.lang.Object, java.lang.Object)'> (0x00000000eab4f558) 
thrown [s\src\hotspot\share\interpreter\linkResolver.cpp, line 759]
Event: 3.779 Thread 0x000002629526fdf0 Exception <a 'java/lang/NoSuchMethodError'{0x00000000eacbaf38}: 'void java.lang.invoke.DirectMethodHandle$Holder.invokeSpecial(java.lang.Object, java.lang.Object, java.lang.Object)'> (0x00000000eacbaf38) 
thrown [s\src\hotspot\share\interpreter\linkResolver.cpp, line 759]
Event: 4.201 Thread 0x000002629526fdf0 Exception <a 'java/lang/NoSuchMethodError'{0x00000000eb9696d0}: 'java.lang.Object java.lang.invoke.DirectMethodHandle$Holder.newInvokeSpecial(java.lang.Object, int, java.lang.Object)'> (0x00000000eb9696d0) 
thrown [s\src\hotspot\share\interpreter\linkResolver.cpp, line 759]
Event: 21.021 Thread 0x000002629526fdf0 Exception <a 'java/lang/UnsatisfiedLinkError'{0x00000000ebf3aed0}: 'void org.eclipse.equinox.launcher.JNIBridge._update_splash()'> (0x00000000ebf3aed0) 
thrown [s\src\hotspot\share\prims\nativeLookup.cpp, line 543]
Event: 21.209 Thread 0x00000262afae7030 Exception <a 'java/lang/NoSuchMethodError'{0x00000000ec229ec0}: 'java.lang.Object java.lang.invoke.DirectMethodHandle$Holder.invokeStaticInit(java.lang.Object)'> (0x00000000ec229ec0) 
thrown [s\src\hotspot\share\interpreter\linkResolver.cpp, line 759]
Event: 21.280 Thread 0x00000262afae7030 Exception <a 'java/lang/NullPointerException'{0x00000000ec36ce68}> (0x00000000ec36ce68) 
thrown [s\src\hotspot\share\interpreter\linkResolver.cpp, line 1350]
Event: 21.280 Thread 0x00000262afae7030 Exception <a 'java/lang/NullPointerException'{0x00000000ec36d140}> (0x00000000ec36d140) 
thrown [s\src\hotspot\share\interpreter\linkResolver.cpp, line 1350]
Event: 21.687 Thread 0x00000262afae7030 Exception <a 'java/io/FileNotFoundException'{0x00000000eb60f690}> (0x00000000eb60f690) 
thrown [s\src\hotspot\share\prims\jni.cpp, line 516]
Event: 21.772 Thread 0x00000262afae7030 Exception <a 'java/lang/NoSuchMethodError'{0x00000000eb7ba8f8}: 'java.lang.Object java.lang.invoke.Invokers$Holder.invokeExact_MT(java.lang.Object, java.lang.Object, java.lang.Object, java.lang.Object, java.lang.Object, java.lang.Object)'> (0x00000000eb7ba8f8) 
thrown [s\src\hotspot\share\interpreter\linkResolver.cpp, line 759]

VM Operations (20 events):
Event: 3.649 Executing VM operation: ParallelGCFailedAllocation
Event: 3.661 Executing VM operation: ParallelGCFailedAllocation done
Event: 4.148 Executing VM operation: HandshakeAllThreads
Event: 4.148 Executing VM operation: HandshakeAllThreads done
Event: 4.149 Executing VM operation: HandshakeAllThreads
Event: 4.149 Executing VM operation: HandshakeAllThreads done
Event: 4.162 Executing VM operation: HandshakeAllThreads
Event: 4.162 Executing VM operation: HandshakeAllThreads done
Event: 4.196 Executing VM operation: HandshakeAllThreads
Event: 4.196 Executing VM operation: HandshakeAllThreads done
Event: 5.203 Executing VM operation: Cleanup
Event: 5.204 Executing VM operation: Cleanup done
Event: 21.276 Executing VM operation: HandshakeAllThreads
Event: 21.276 Executing VM operation: HandshakeAllThreads done
Event: 21.276 Executing VM operation: Cleanup
Event: 21.276 Executing VM operation: Cleanup done
Event: 21.294 Executing VM operation: ParallelGCFailedAllocation
Event: 21.300 Executing VM operation: ParallelGCFailedAllocation done
Event: 22.306 Executing VM operation: Cleanup
Event: 22.306 Executing VM operation: Cleanup done

Memory protections (0 events):
No events

Nmethod flushes (0 events):
No events

Events (20 events):
Event: 1.268 Thread 0x000002629526fdf0 Thread added: 0x00000262ae1f4620
Event: 1.395 Thread 0x000002629526fdf0 Thread added: 0x00000262952d5630
Event: 1.429 Thread 0x00000262ae1ea0e0 Thread added: 0x00000262ae3bafa0
Event: 1.725 Thread 0x000002629526fdf0 Thread added: 0x00000262af3d81a0
Event: 1.844 Thread 0x00000262ae3bafa0 Thread exited: 0x00000262ae3bafa0
Event: 1.938 Thread 0x00000262ae17f640 Thread added: 0x00000262ae4c1590
Event: 1.938 Thread 0x00000262ae17f640 Thread added: 0x00000262ae4c1ab0
Event: 3.232 Thread 0x00000262ae4c1ab0 Thread exited: 0x00000262ae4c1ab0
Event: 3.532 Thread 0x00000262ae4c1590 Thread exited: 0x00000262ae4c1590
Event: 3.850 Thread 0x00000262ae1ea0e0 Thread added: 0x00000262afae7030
Event: 4.132 Thread 0x000002629526fdf0 Thread added: 0x00000262aff96040
Event: 4.286 Thread 0x00000262ae17f640 Thread added: 0x00000262af80f740
Event: 4.442 Thread 0x00000262af80f740 Thread exited: 0x00000262af80f740
Event: 4.442 Thread 0x00000262afae7030 Thread exited: 0x00000262afae7030
Event: 21.004 Thread 0x00000262ae1ea0e0 Thread added: 0x00000262af80f740
Event: 21.014 Thread 0x000002629526fdf0 Thread added: 0x00000262afd4b830
Event: 21.020 Thread 0x000002629526fdf0 Thread added: 0x00000262afae7030
Event: 21.171 Thread 0x00000262afae7030 Thread added: 0x00000262ae332530
Event: 21.393 Thread 0x00000262af80f740 Thread exited: 0x00000262af80f740
Event: 21.418 Thread 0x00000262afae7030 Thread added: 0x00000262ae5079a0


Dynamic libraries:
0x00007ff73d530000 - 0x00007ff73d53e000 	c:\Users\Fernanda Jama\.vscode\extensions\redhat.java-1.38.0-win32-x64\jre\17.0.13-win32-x86_64\bin\java.exe
0x00007ffbbe180000 - 0x00007ffbbe3e3000 	C:\WINDOWS\SYSTEM32\ntdll.dll
0x00007ffbbd430000 - 0x00007ffbbd4f8000 	C:\WINDOWS\System32\KERNEL32.DLL
0x00007ffbbb600000 - 0x00007ffbbb9b2000 	C:\WINDOWS\System32\KERNELBASE.dll
0x00007ffbbb9c0000 - 0x00007ffbbbb0b000 	C:\WINDOWS\System32\ucrtbase.dll
0x00007ffbb0d10000 - 0x00007ffbb0d27000 	c:\Users\Fernanda Jama\.vscode\extensions\redhat.java-1.38.0-win32-x64\jre\17.0.13-win32-x86_64\bin\jli.dll
0x00007ffbbc140000 - 0x00007ffbbc308000 	C:\WINDOWS\System32\USER32.dll
0x00007ffbbbd00000 - 0x00007ffbbbd27000 	C:\WINDOWS\System32\win32u.dll
0x00007ffbbdf90000 - 0x00007ffbbdfba000 	C:\WINDOWS\System32\GDI32.dll
0x00007ffbbbb10000 - 0x00007ffbbbc3b000 	C:\WINDOWS\System32\gdi32full.dll
0x00007ffbbb550000 - 0x00007ffbbb5f3000 	C:\WINDOWS\System32\msvcp_win.dll
0x00007ffba6460000 - 0x00007ffba647e000 	c:\Users\Fernanda Jama\.vscode\extensions\redhat.java-1.38.0-win32-x64\jre\17.0.13-win32-x86_64\bin\VCRUNTIME140.dll
0x00007ffb96860000 - 0x00007ffb96af0000 	C:\WINDOWS\WinSxS\amd64_microsoft.windows.common-controls_6595b64144ccf1df_6.0.26100.2454_none_3e0b68a2e331ad60\COMCTL32.dll
0x00007ffbbc310000 - 0x00007ffbbc3b9000 	C:\WINDOWS\System32\msvcrt.dll
0x00007ffbbdf50000 - 0x00007ffbbdf7f000 	C:\WINDOWS\System32\IMM32.DLL
0x00007ffbb28c0000 - 0x00007ffbb28cc000 	c:\Users\Fernanda Jama\.vscode\extensions\redhat.java-1.38.0-win32-x64\jre\17.0.13-win32-x86_64\bin\vcruntime140_1.dll
0x00007ffb6e740000 - 0x00007ffb6e7cd000 	c:\Users\Fernanda Jama\.vscode\extensions\redhat.java-1.38.0-win32-x64\jre\17.0.13-win32-x86_64\bin\msvcp140.dll
0x00007ffb3e900000 - 0x00007ffb3f56b000 	c:\Users\Fernanda Jama\.vscode\extensions\redhat.java-1.38.0-win32-x64\jre\17.0.13-win32-x86_64\bin\server\jvm.dll
0x00007ffbbde40000 - 0x00007ffbbdef4000 	C:\WINDOWS\System32\ADVAPI32.dll
0x00007ffbbc090000 - 0x00007ffbbc136000 	C:\WINDOWS\System32\sechost.dll
0x00007ffbbc690000 - 0x00007ffbbc7a6000 	C:\WINDOWS\System32\RPCRT4.dll
0x00007ffbbbfe0000 - 0x00007ffbbc054000 	C:\WINDOWS\System32\WS2_32.dll
0x00007ffbbb3e0000 - 0x00007ffbbb42e000 	C:\WINDOWS\SYSTEM32\POWRPROF.dll
0x00007ffbae8b0000 - 0x00007ffbae8e6000 	C:\WINDOWS\SYSTEM32\WINMM.dll
0x00007ffbb2ce0000 - 0x00007ffbb2ceb000 	C:\WINDOWS\SYSTEM32\VERSION.dll
0x00007ffbbb3c0000 - 0x00007ffbbb3d4000 	C:\WINDOWS\SYSTEM32\UMPDC.dll
0x00007ffbba350000 - 0x00007ffbba36a000 	C:\WINDOWS\SYSTEM32\kernel.appcore.dll
0x00007ffbb25d0000 - 0x00007ffbb25da000 	c:\Users\Fernanda Jama\.vscode\extensions\redhat.java-1.38.0-win32-x64\jre\17.0.13-win32-x86_64\bin\jimage.dll
0x00007ffbb87f0000 - 0x00007ffbb8a31000 	C:\WINDOWS\SYSTEM32\DBGHELP.DLL
0x00007ffbbd080000 - 0x00007ffbbd3fe000 	C:\WINDOWS\System32\combase.dll
0x00007ffbbce90000 - 0x00007ffbbcf66000 	C:\WINDOWS\System32\OLEAUT32.dll
0x00007ffba5520000 - 0x00007ffba5559000 	C:\WINDOWS\SYSTEM32\dbgcore.DLL
0x00007ffbbbf40000 - 0x00007ffbbbfd9000 	C:\WINDOWS\System32\bcryptPrimitives.dll
0x00007ffbb25b0000 - 0x00007ffbb25be000 	c:\Users\Fernanda Jama\.vscode\extensions\redhat.java-1.38.0-win32-x64\jre\17.0.13-win32-x86_64\bin\instrument.dll
0x00007ffb7ccc0000 - 0x00007ffb7cce5000 	c:\Users\Fernanda Jama\.vscode\extensions\redhat.java-1.38.0-win32-x64\jre\17.0.13-win32-x86_64\bin\java.dll
0x00007ffba63b0000 - 0x00007ffba63c8000 	c:\Users\Fernanda Jama\.vscode\extensions\redhat.java-1.38.0-win32-x64\jre\17.0.13-win32-x86_64\bin\zip.dll
0x00007ffbbd500000 - 0x00007ffbbdc00000 	C:\WINDOWS\System32\SHELL32.dll
0x00007ffbb9220000 - 0x00007ffbb9a51000 	C:\WINDOWS\SYSTEM32\windows.storage.dll
0x00007ffbbdc10000 - 0x00007ffbbdcea000 	C:\WINDOWS\System32\SHCORE.dll
0x00007ffbbcc40000 - 0x00007ffbbcc9d000 	C:\WINDOWS\System32\shlwapi.dll
0x00007ffbbb460000 - 0x00007ffbbb48e000 	C:\WINDOWS\SYSTEM32\profapi.dll
0x00007ffba5420000 - 0x00007ffba5439000 	C:\Users\Fernanda Jama\.vscode\extensions\redhat.java-1.38.0-win32-x64\jre\17.0.13-win32-x86_64\bin\net.dll
0x00007ffbb67c0000 - 0x00007ffbb68e6000 	C:\WINDOWS\SYSTEM32\WINHTTP.dll
0x00007ffbba830000 - 0x00007ffbba898000 	C:\WINDOWS\system32\mswsock.dll
0x00007ffba5380000 - 0x00007ffba5396000 	C:\Users\Fernanda Jama\.vscode\extensions\redhat.java-1.38.0-win32-x64\jre\17.0.13-win32-x86_64\bin\nio.dll
0x00007ffbb22f0000 - 0x00007ffbb2300000 	c:\Users\Fernanda Jama\.vscode\extensions\redhat.java-1.38.0-win32-x64\jre\17.0.13-win32-x86_64\bin\verify.dll
0x00007ffb71490000 - 0x00007ffb714d5000 	C:\Users\Fernanda Jama\AppData\Roaming\Code\User\globalStorage\redhat.java\1.38.0\config_ss_win\org.eclipse.equinox.launcher\org.eclipse.equinox.launcher.win32.win32.x86_64_1.2.1100.v20240722-2106\eclipse_11904.dll
0x00007ffbbc3c0000 - 0x00007ffbbc559000 	C:\WINDOWS\System32\ole32.dll

dbghelp: loaded successfully - version: 4.0.5 - missing functions: none
symbol engine: initialized successfully - sym options: 0x614 - pdb path: .;c:\Users\Fernanda Jama\.vscode\extensions\redhat.java-1.38.0-win32-x64\jre\17.0.13-win32-x86_64\bin;C:\WINDOWS\SYSTEM32;C:\WINDOWS\WinSxS\amd64_microsoft.windows.common-controls_6595b64144ccf1df_6.0.26100.2454_none_3e0b68a2e331ad60;c:\Users\Fernanda Jama\.vscode\extensions\redhat.java-1.38.0-win32-x64\jre\17.0.13-win32-x86_64\bin\server;C:\Users\Fernanda Jama\AppData\Roaming\Code\User\globalStorage\redhat.java\1.38.0\config_ss_win\org.eclipse.equinox.launcher\org.eclipse.equinox.launcher.win32.win32.x86_64_1.2.1100.v20240722-2106

VM Arguments:
jvm_args: --add-modules=ALL-SYSTEM --add-opens=java.base/java.util=ALL-UNNAMED --add-opens=java.base/java.lang=ALL-UNNAMED --add-opens=java.base/sun.nio.fs=ALL-UNNAMED -Declipse.application=org.eclipse.jdt.ls.core.id1 -Dosgi.bundles.defaultStartLevel=4 -Declipse.product=org.eclipse.jdt.ls.core.product -Djava.import.generatesMetadataFilesAtProjectRoot=false -DDetectVMInstallationsJob.disabled=true -Dfile.encoding=utf8 -XX:+UseParallelGC -XX:GCTimeRatio=4 -XX:AdaptiveSizePolicyWeight=90 -Dsun.zip.disableMemoryMapping=true -Xmx1G -Xms100m -Xlog:disable -javaagent:c:\Users\Fernanda Jama\.vscode\extensions\redhat.java-1.38.0-win32-x64\lombok\lombok-1.18.34.jar 
java_command: c:\Users\Fernanda Jama\.vscode\extensions\redhat.java-1.38.0-win32-x64\server\plugins\org.eclipse.equinox.launcher_1.6.900.v20240613-2009.jar -configuration c:\Users\Fernanda Jama\AppData\Roaming\Code\User\globalStorage\redhat.java\1.38.0\config_ss_win -data c:\Users\Fernanda Jama\AppData\Roaming\Code\User\workspaceStorage\0f8fcf9722f280a0dd6517273a57f36b\redhat.java\ss_ws --pipe=\\.\pipe\lsp-7ce2b3223cbc4354b0fc879900d45022-sock
java_class_path (initial): c:\Users\Fernanda Jama\.vscode\extensions\redhat.java-1.38.0-win32-x64\server\plugins\org.eclipse.equinox.launcher_1.6.900.v20240613-2009.jar
Launcher Type: SUN_STANDARD

[Global flags]
    uintx AdaptiveSizePolicyWeight                 = 90                                        {product} {command line}
     intx CICompilerCount                          = 4                                         {product} {ergonomic}
    uintx GCTimeRatio                              = 4                                         {product} {command line}
   size_t InitialHeapSize                          = 104857600                                 {product} {command line}
   size_t MaxHeapSize                              = 1073741824                                {product} {command line}
   size_t MaxNewSize                               = 357564416                                 {product} {ergonomic}
   size_t MinHeapDeltaBytes                        = 524288                                    {product} {ergonomic}
   size_t MinHeapSize                              = 104857600                                 {product} {command line}
   size_t NewSize                                  = 34603008                                  {product} {ergonomic}
    uintx NonNMethodCodeHeapSize                   = 5839372                                {pd product} {ergonomic}
    uintx NonProfiledCodeHeapSize                  = 122909434                              {pd product} {ergonomic}
   size_t OldSize                                  = 70254592                                  {product} {ergonomic}
    uintx ProfiledCodeHeapSize                     = 122909434                              {pd product} {ergonomic}
    uintx ReservedCodeCacheSize                    = 251658240                              {pd product} {ergonomic}
     bool SegmentedCodeCache                       = true                                      {product} {ergonomic}
   size_t SoftMaxHeapSize                          = 1073741824                             {manageable} {ergonomic}
     bool UseCompressedClassPointers               = true                           {product lp64_product} {ergonomic}
     bool UseCompressedOops                        = true                           {product lp64_product} {ergonomic}
     bool UseLargePagesIndividualAllocation        = false                                  {pd product} {ergonomic}
     bool UseParallelGC                            = true                                      {product} {command line}

Logging:
Log output configuration:
 #0: stdout all=off uptime,level,tags
 #1: stderr all=off uptime,level,tags

Environment Variables:
JAVA_HOME=C:\Program Files\java\jdk-17
CLASSPATH=C:\Program Files\SAP\SAP Business One DI API\JCO\LIB\sbowrapper.jar;C:\Program Files\SAP\SAP Business One DI API\JCO\LIB\sboapi.jar;C:\Program Files (x86)\SAP\SAP Business One DI API\JCO\LIB\sbowrapper.jar;C:\Program Files (x86)\SAP\SAP Business One DI API\JCO\LIB\sboapi.jar
PATH=C:\Python312\Scripts\;C:\Python312\;C:\Program Files\Eclipse Adoptium\jdk-21.0.3.9-hotspot\bin;C:\Program Files\java\jdk-17\bin;C:\Program Files\Microsoft MPI\Bin\;C:\apache-maven-3.9.6\bin;C:\Program Files\Common Files\Oracle\Java\javapath;C:\Program Files\Eclipse Foundation\jdk-8.0.302.8-hotspot\bin;C:\WINDOWS\system32;C:\WINDOWS;C:\WINDOWS\System32\Wbem;C:\WINDOWS\System32\WindowsPowerShell\v1.0\;C:\WINDOWS\System32\OpenSSH\;C:\Program Files\Azure Data Studio\bin;C:\Program Files\Microsoft SQL Server\Client SDK\ODBC\170\Tools\Binn\;C:\ProgramData\chocolatey\bin;C:\Program Files\Git\cmd;C:\Program Files\PuTTY\;C:\Program Files\Eclipse Adoptium\jdk-21.0.3.9-hotspot\\bin;C:\Program Files\SAP\SAP Business One DI API\JCO\LIB\;C:\Program Files\SAP\SAP Business One DI API\DI API 90;C:\Program Files\SAP\SAP Business One\;C:\Program Files (x86)\SAP\SAP Business One DI API\JCO\LIB\;C:\Program Files (x86)\SAP\SAP Business One DI API\DI API 90;C:\Program Files (x86)\SAP\SAP Business One\;C:\Program Files\Docker\Docker\resources\bin;C:\Program Files (x86)\Microsoft SQL Server\160\Tools\Binn\;C:\Program Files\Microsoft SQL Server\160\Tools\Binn\;C:\Program Files\Microsoft SQL Server\160\DTS\Binn\;C:\Program Files (x86)\Microsoft SQL Server\160\DTS\Binn\;C:\Program Files\Microsoft SQL Server\130\Tools\Binn\;C:\Program Files (x86)\Microsoft SQL Server\150\Tools\Binn\;C:\Program Files\Microsoft SQL Server\150\Tools\Binn\;C:\Program Files\Microsoft SQL Server\150\DTS\Binn\;C:\xampp\php;C:\Program Files\nodejs\;C:\Users\Fernanda Jama\AppData\Local\Microsoft\WindowsApps;C:\Program Files\Azure Data Studio\bin;C:\Users\Fernanda Jama\AppData\Local\GitHubDesktop\bin;C:\Program Files\java\jdk-17\bin;C:\Program Files\JetBrains\IntelliJ IDEA 2024.1\bin;;C:\Program Files\JetBrains\IntelliJ IDEA Community Edition 2023.2.5\bin;;C:\Users\Fernanda Jama\AppData\Local\Programs\Microsoft VS Code\bin;C:\Program Files\JetBrains\DataGrip 2024.2.1\bin;;C:\xampp\php;C:\Program Files\vtex\bin;C:\Users
USERNAME=Fernanda Jama
OS=Windows_NT
PROCESSOR_IDENTIFIER=Intel64 Family 6 Model 140 Stepping 1, GenuineIntel
TMP=C:\Users\FERNAN~1\AppData\Local\Temp
TEMP=C:\Users\FERNAN~1\AppData\Local\Temp



Periodic native trim disabled


---------------  S Y S T E M  ---------------

OS:
 Windows 11 , 64 bit Build 26100 (10.0.26100.2454)
OS uptime: 5 days 10:30 hours
Hyper-V role detected

CPU: total 8 (initial active 8) (4 cores per cpu, 2 threads per core) family 6 model 140 stepping 1 microcode 0xb8, cx8, cmov, fxsr, ht, mmx, 3dnowpref, sse, sse2, sse3, ssse3, sse4.1, sse4.2, popcnt, lzcnt, tsc, tscinvbit, avx, avx2, aes, erms, clmul, bmi1, bmi2, adx, avx512f, avx512dq, avx512cd, avx512bw, avx512vl, sha, fma, vzeroupper, avx512_vpopcntdq, avx512_vpclmulqdq, avx512_vaes, avx512_vnni, clflush, clflushopt, clwb, avx512_vbmi2, avx512_vbmi, hv
Processor Information for all 8 processors :
  Max Mhz: 2803, Current Mhz: 2803, Mhz Limit: 2803

Memory: 4k page, system-wide physical 32494M (1709M free)
TotalPageFile size 93435M (AvailPageFile size 1M)
current process WorkingSet (physical memory assigned to process): 94M, peak: 94M
current process commit charge ("private bytes"): 208M, peak: 208M

vm_info: OpenJDK 64-Bit Server VM (17.0.13+11) for windows-amd64 JRE (17.0.13+11), built on Oct 16 2024 00:10:08 by "admin" with MS VC++ 17.7 (VS2022)

END.
