#
# There is insufficient memory for the Java Runtime Environment to continue.
# Native memory allocation (malloc) failed to allocate 1100496 bytes for Chunk::new
# Possible reasons:
#   The system is out of physical RAM or swap space
#   The process is running with CompressedOops enabled, and the Java Heap may be blocking the growth of the native heap
# Possible solutions:
#   Reduce memory load on the system
#   Increase physical memory or swap space
#   Check if swap backing store is full
#   Decrease Java heap size (-Xmx/-Xms)
#   Decrease number of Java threads
#   Decrease Java thread stack sizes (-Xss)
#   Set larger code cache with -XX:ReservedCodeCacheSize=
#   JVM is running with Zero Based Compressed Oops mode in which the Java heap is
#     placed in the first 32GB address space. The Java Heap base address is the
#     maximum limit for the native heap growth. Please use -XX:HeapBaseMinAddress
#     to set the Java Heap base and to place the Java Heap above 32GB virtual address.
# This output file may be truncated or incomplete.
#
#  Out of Memory Error (arena.cpp:189), pid=24080, tid=21572
#
# JRE version: Java(TM) SE Runtime Environment (17.0.9+11) (build 17.0.9+11-LTS-201)
# Java VM: Java HotSpot(TM) 64-Bit Server VM (17.0.9+11-LTS-201, mixed mode, sharing, tiered, compressed oops, compressed class ptrs, g1 gc, windows-amd64)
# No core dump will be written. Minidumps are not enabled by default on client versions of Windows
#

---------------  S U M M A R Y ------------

Command Line: -XX:+ShowCodeDetailsInExceptionMessages com.SellOut.KeycloakAdapterApplication

Host: 11th Gen Intel(R) Core(TM) i7-1165G7 @ 2.80GHz, 8 cores, 31G,  Windows 11 , 64 bit Build 26100 (10.0.26100.2454)
Time: Fri Dec 20 13:33:05 2024 Hora est. Pacífico, Sudamérica elapsed time: 74309.817970 seconds (0d 20h 38m 29s)

---------------  T H R E A D  ---------------

Current thread (0x000001e54b8cd1e0):  JavaThread "C2 CompilerThread0" daemon [_thread_in_native, id=21572, stack(0x0000009cf2d00000,0x0000009cf2e00000)]


Current CompileTask:
C2:74309820 9058       4       com.fasterxml.jackson.databind.introspect.POJOPropertyBuilder::getMetadata (140 bytes)

Stack: [0x0000009cf2d00000,0x0000009cf2e00000]
Native frames: (J=compiled Java code, j=interpreted, Vv=VM code, C=native code)
V  [jvm.dll+0x678a4a]
V  [jvm.dll+0x7d9cfd]
V  [jvm.dll+0x7db60e]
V  [jvm.dll+0x7dbc73]
V  [jvm.dll+0x245e1f]
V  [jvm.dll+0xaaafb]
V  [jvm.dll+0xab09c]
V  [jvm.dll+0x36232f]
V  [jvm.dll+0x32ca01]
V  [jvm.dll+0x32be9a]
V  [jvm.dll+0x21812f]
V  [jvm.dll+0x217561]
V  [jvm.dll+0x1a3bc0]
V  [jvm.dll+0x2272de]
V  [jvm.dll+0x22548b]
V  [jvm.dll+0x78f58c]
V  [jvm.dll+0x78998a]
V  [jvm.dll+0x677875]
C  [ucrtbase.dll+0x14ea0]
C  [KERNEL32.DLL+0x2e8d7]
C  [ntdll.dll+0xdfbcc]


---------------  P R O C E S S  ---------------

Threads class SMR info:
_java_thread_list=0x000001e595e1efc0, length=25, elements={
0x000001e54b8b0390, 0x000001e54b8b1ac0, 0x000001e54b8c7330, 0x000001e54b8c7cf0,
0x000001e54b8c9220, 0x000001e54b8ca750, 0x000001e54b8cd1e0, 0x000001e54b8cdc90,
0x000001e54b8e3f80, 0x000001e54e343860, 0x000001e54e352590, 0x000001e5959f79a0,
0x000001e5959f7490, 0x000001e5959f7eb0, 0x000001e5959f83c0, 0x000001e5969f1780,
0x000001e5969f0850, 0x000001e5969f30d0, 0x000001e5969f35e0, 0x000001e5969f3af0,
0x000001e5969f6370, 0x000001e5969f2bc0, 0x000001e5969f6d90, 0x000001e5969f72a0,
0x000001e5969f0340
}

Java Threads: ( => current thread )
  0x000001e54b8b0390 JavaThread "Reference Handler" daemon [_thread_blocked, id=19264, stack(0x0000009cf2700000,0x0000009cf2800000)]
  0x000001e54b8b1ac0 JavaThread "Finalizer" daemon [_thread_blocked, id=22928, stack(0x0000009cf2800000,0x0000009cf2900000)]
  0x000001e54b8c7330 JavaThread "Signal Dispatcher" daemon [_thread_blocked, id=18792, stack(0x0000009cf2900000,0x0000009cf2a00000)]
  0x000001e54b8c7cf0 JavaThread "Attach Listener" daemon [_thread_blocked, id=21580, stack(0x0000009cf2a00000,0x0000009cf2b00000)]
  0x000001e54b8c9220 JavaThread "Service Thread" daemon [_thread_blocked, id=16040, stack(0x0000009cf2b00000,0x0000009cf2c00000)]
  0x000001e54b8ca750 JavaThread "Monitor Deflation Thread" daemon [_thread_blocked, id=18344, stack(0x0000009cf2c00000,0x0000009cf2d00000)]
=>0x000001e54b8cd1e0 JavaThread "C2 CompilerThread0" daemon [_thread_in_native, id=21572, stack(0x0000009cf2d00000,0x0000009cf2e00000)]
  0x000001e54b8cdc90 JavaThread "C1 CompilerThread0" daemon [_thread_blocked, id=5528, stack(0x0000009cf2e00000,0x0000009cf2f00000)]
  0x000001e54b8e3f80 JavaThread "Sweeper thread" daemon [_thread_blocked, id=22740, stack(0x0000009cf2f00000,0x0000009cf3000000)]
  0x000001e54e343860 JavaThread "Notification Thread" daemon [_thread_blocked, id=17168, stack(0x0000009cf3000000,0x0000009cf3100000)]
  0x000001e54e352590 JavaThread "Common-Cleaner" daemon [_thread_blocked, id=21668, stack(0x0000009cf3200000,0x0000009cf3300000)]
  0x000001e5959f79a0 JavaThread "Catalina-utility-1" [_thread_blocked, id=3860, stack(0x0000009cf4000000,0x0000009cf4100000)]
  0x000001e5959f7490 JavaThread "Catalina-utility-2" [_thread_blocked, id=17804, stack(0x0000009cf4100000,0x0000009cf4200000)]
  0x000001e5959f7eb0 JavaThread "container-0" [_thread_blocked, id=2064, stack(0x0000009cf4200000,0x0000009cf4300000)]
  0x000001e5959f83c0 JavaThread "spring.cloud.inetutils" daemon [_thread_blocked, id=13060, stack(0x0000009cf4300000,0x0000009cf4400000)]
  0x000001e5969f1780 JavaThread "AsyncResolver-bootstrap-0" daemon [_thread_blocked, id=22048, stack(0x0000009cf4500000,0x0000009cf4600000)]
  0x000001e5969f0850 JavaThread "idle-connection-evictor-1" daemon [_thread_blocked, id=1124, stack(0x0000009cf4600000,0x0000009cf4700000)]
  0x000001e5969f30d0 JavaThread "DiscoveryClient-0" daemon [_thread_blocked, id=18580, stack(0x0000009cf4800000,0x0000009cf4900000)]
  0x000001e5969f35e0 JavaThread "DiscoveryClient-1" daemon [_thread_blocked, id=17664, stack(0x0000009cf4900000,0x0000009cf4a00000)]
  0x000001e5969f3af0 JavaThread "DiscoveryClient-InstanceInfoReplicator-0" daemon [_thread_blocked, id=11840, stack(0x0000009cf4a00000,0x0000009cf4b00000)]
  0x000001e5969f6370 JavaThread "DestroyJavaVM" [_thread_blocked, id=4760, stack(0x0000009cf2000000,0x0000009cf2100000)]
  0x000001e5969f2bc0 JavaThread "DiscoveryClient-CacheRefreshExecutor-0" daemon [_thread_blocked, id=23072, stack(0x0000009cf3400000,0x0000009cf3500000)]
  0x000001e5969f6d90 JavaThread "DiscoveryClient-HeartbeatExecutor-0" daemon [_thread_blocked, id=6920, stack(0x0000009cf3d00000,0x0000009cf3e00000)]
  0x000001e5969f72a0 JavaThread "AsyncResolver-bootstrap-executor-0" daemon [_thread_blocked, id=21292, stack(0x0000009cf1f00000,0x0000009cf2000000)]
  0x000001e5969f0340 JavaThread "Thread-1" [_thread_in_vm, id=17428, stack(0x0000009cf1d00000,0x0000009cf1e00000)]

Other Threads:
  0x000001e54b8a8d60 VMThread "VM Thread" [stack: 0x0000009cf2600000,0x0000009cf2700000] [id=14028]
  0x000001e54b73e070 WatcherThread [stack: 0x0000009cf3100000,0x0000009cf3200000] [id=12316]
  0x000001e52163daa0 GCTaskThread "GC Thread#0" [stack: 0x0000009cf2100000,0x0000009cf2200000] [id=23532]
  0x000001e54ec6c880 GCTaskThread "GC Thread#1" [stack: 0x0000009cf3500000,0x0000009cf3600000] [id=21560]
  0x000001e594681ad0 GCTaskThread "GC Thread#2" [stack: 0x0000009cf3600000,0x0000009cf3700000] [id=21564]
  0x000001e59467d060 GCTaskThread "GC Thread#3" [stack: 0x0000009cf3700000,0x0000009cf3800000] [id=17904]
  0x000001e5943a3270 GCTaskThread "GC Thread#4" [stack: 0x0000009cf3800000,0x0000009cf3900000] [id=20112]
  0x000001e594c64980 GCTaskThread "GC Thread#5" [stack: 0x0000009cf3900000,0x0000009cf3a00000] [id=15628]
  0x000001e5947973a0 GCTaskThread "GC Thread#6" [stack: 0x0000009cf3a00000,0x0000009cf3b00000] [id=16440]
  0x000001e54ed6e950 GCTaskThread "GC Thread#7" [stack: 0x0000009cf3b00000,0x0000009cf3c00000] [id=9392]
  0x000001e52163e9c0 ConcurrentGCThread "G1 Main Marker" [stack: 0x0000009cf2200000,0x0000009cf2300000] [id=21592]
  0x000001e54b7224b0 ConcurrentGCThread "G1 Conc#0" [stack: 0x0000009cf2300000,0x0000009cf2400000] [id=12576]
  0x000001e595f04cb0 ConcurrentGCThread "G1 Conc#1" [stack: 0x0000009cf3f00000,0x0000009cf4000000] [id=16748]
  0x000001e54b7e2f30 ConcurrentGCThread "G1 Refine#0" [stack: 0x0000009cf2400000,0x0000009cf2500000] [id=23536]
  0x000001e54ebb5870 ConcurrentGCThread "G1 Refine#1" [stack: 0x0000009cf3c00000,0x0000009cf3d00000] [id=5844]
  0x000001e54b7e3960 ConcurrentGCThread "G1 Service" [stack: 0x0000009cf2500000,0x0000009cf2600000] [id=10748]

Threads with active compile tasks:
C2 CompilerThread0  74309857 9058       4       com.fasterxml.jackson.databind.introspect.POJOPropertyBuilder::getMetadata (140 bytes)

VM state: not at safepoint (normal execution)

VM Mutex/Monitor currently owned by a thread: None

Heap address: 0x0000000604400000, size: 8124 MB, Compressed Oops mode: Zero based, Oop shift amount: 3

CDS archive(s) mapped at: [0x000001e54f000000-0x000001e54fbd0000-0x000001e54fbd0000), size 12386304, SharedBaseAddress: 0x000001e54f000000, ArchiveRelocationMode: 1.
Compressed class space mapped at: 0x000001e550000000-0x000001e590000000, reserved size: 1073741824
Narrow klass base: 0x000001e54f000000, Narrow klass shift: 0, Narrow klass range: 0x100000000

GC Precious Log:
 CPUs: 8 total, 8 available
 Memory: 32494M
 Large Page Support: Disabled
 NUMA Support: Disabled
 Compressed Oops: Enabled (Zero based)
 Heap Region Size: 4M
 Heap Min Capacity: 8M
 Heap Initial Capacity: 508M
 Heap Max Capacity: 8124M
 Pre-touch: Disabled
 Parallel Workers: 8
 Concurrent Workers: 2
 Concurrent Refinement Workers: 8
 Periodic GC: Disabled

Heap:
 garbage-first heap   total 69632K, used 36207K [0x0000000604400000, 0x0000000800000000)
  region size 4096K, 4 young (16384K), 1 survivors (4096K)
 Metaspace       used 47125K, committed 47680K, reserved 1114112K
  class space    used 5810K, committed 6080K, reserved 1048576K

Heap Regions: E=young(eden), S=young(survivor), O=old, HS=humongous(starts), HC=humongous(continues), CS=collection set, F=free, OA=open archive, CA=closed archive, TAMS=top-at-mark-start (previous, next)
|   0|0x0000000604400000, 0x0000000604800000, 0x0000000604800000|100%| O|  |TAMS 0x0000000604800000, 0x0000000604400000| Untracked 
|   1|0x0000000604800000, 0x0000000604c00000, 0x0000000604c00000|100%| O|  |TAMS 0x0000000604816600, 0x0000000604800000| Untracked 
|   2|0x0000000604c00000, 0x0000000605000000, 0x0000000605000000|100%| O|  |TAMS 0x0000000605000000, 0x0000000604c00000| Untracked 
|   3|0x0000000605000000, 0x000000060529c600, 0x0000000605400000| 65%| O|  |TAMS 0x0000000605000000, 0x0000000605000000| Untracked 
|   4|0x0000000605400000, 0x0000000605800000, 0x0000000605800000|100%| O|  |TAMS 0x0000000605800000, 0x0000000605400000| Untracked 
|   5|0x0000000605800000, 0x0000000605800000, 0x0000000605c00000|  0%| F|  |TAMS 0x0000000605800000, 0x0000000605800000| Untracked 
|   6|0x0000000605c00000, 0x0000000605c00000, 0x0000000606000000|  0%| F|  |TAMS 0x0000000605c00000, 0x0000000605c00000| Untracked 
|   7|0x0000000606000000, 0x0000000606400000, 0x0000000606400000|100%| O|  |TAMS 0x0000000606400000, 0x0000000606000000| Untracked 
|   8|0x0000000606400000, 0x0000000606800000, 0x0000000606800000|100%| O|  |TAMS 0x0000000606400000, 0x0000000606400000| Untracked 
|   9|0x0000000606800000, 0x0000000606800000, 0x0000000606c00000|  0%| F|  |TAMS 0x0000000606800000, 0x0000000606800000| Untracked 
|  10|0x0000000606c00000, 0x0000000606cbf980, 0x0000000607000000| 18%| S|CS|TAMS 0x0000000606c00000, 0x0000000606c00000| Complete 
|  11|0x0000000607000000, 0x0000000607000000, 0x0000000607400000|  0%| F|  |TAMS 0x0000000607000000, 0x0000000607000000| Untracked 
|  12|0x0000000607400000, 0x0000000607400000, 0x0000000607800000|  0%| F|  |TAMS 0x0000000607400000, 0x0000000607400000| Untracked 
|  13|0x0000000607800000, 0x0000000607800000, 0x0000000607c00000|  0%| F|  |TAMS 0x0000000607800000, 0x0000000607800000| Untracked 
| 111|0x0000000620000000, 0x000000062015a5d8, 0x0000000620400000| 33%| E|  |TAMS 0x0000000620000000, 0x0000000620000000| Complete 
| 112|0x0000000620400000, 0x0000000620800000, 0x0000000620800000|100%| E|CS|TAMS 0x0000000620400000, 0x0000000620400000| Complete 
| 126|0x0000000623c00000, 0x0000000624000000, 0x0000000624000000|100%| E|CS|TAMS 0x0000000623c00000, 0x0000000623c00000| Complete 

Card table byte_map: [0x000001e5398e0000,0x000001e53a8c0000] _byte_map_base: 0x000001e5368be000

Marking Bits (Prev, Next): (CMBitMap*) 0x000001e52163e0c0, (CMBitMap*) 0x000001e52163e100
 Prev Bits: [0x000001e53b8a0000, 0x000001e543790000)
 Next Bits: [0x000001e543790000, 0x000001e54b680000)

Polling page: 0x000001e521640000

Metaspace:

Usage:
  Non-class:     40.35 MB used.
      Class:      5.67 MB used.
       Both:     46.02 MB used.

Virtual space:
  Non-class space:       64.00 MB reserved,      40.62 MB ( 63%) committed,  1 nodes.
      Class space:        1.00 GB reserved,       5.94 MB ( <1%) committed,  1 nodes.
             Both:        1.06 GB reserved,      46.56 MB (  4%) committed. 

Chunk freelists:
   Non-Class:  7.31 MB
       Class:  9.99 MB
        Both:  17.30 MB

MaxMetaspaceSize: unlimited
CompressedClassSpaceSize: 1.00 GB
Initial GC threshold: 21.00 MB
Current GC threshold: 77.50 MB
CDS: on
MetaspaceReclaimPolicy: balanced
 - commit_granule_bytes: 65536.
 - commit_granule_words: 8192.
 - virtual_space_node_default_size: 8388608.
 - enlarge_chunks_in_place: 1.
 - new_chunks_are_fully_committed: 0.
 - uncommit_free_chunks: 1.
 - use_allocation_guard: 0.
 - handle_deallocations: 1.


Internal statistics:

num_allocs_failed_limit: 9.
num_arena_births: 742.
num_arena_deaths: 236.
num_vsnodes_births: 2.
num_vsnodes_deaths: 0.
num_space_committed: 745.
num_space_uncommitted: 0.
num_chunks_returned_to_freelist: 278.
num_chunks_taken_from_freelist: 2481.
num_chunk_merges: 87.
num_chunk_splits: 1625.
num_chunks_enlarged: 1164.
num_inconsistent_stats: 0.

CodeHeap 'non-profiled nmethods': size=120000Kb used=4870Kb max_used=5585Kb free=115129Kb
 bounds [0x000001e530970000, 0x000001e530ef0000, 0x000001e537ea0000]
CodeHeap 'profiled nmethods': size=120000Kb used=15942Kb max_used=17729Kb free=104057Kb
 bounds [0x000001e528ea0000, 0x000001e52a000000, 0x000001e5303d0000]
CodeHeap 'non-nmethods': size=5760Kb used=1290Kb max_used=1337Kb free=4469Kb
 bounds [0x000001e5303d0000, 0x000001e530640000, 0x000001e530970000]
 total_blobs=8134 nmethods=7536 adapters=510
 compilation: enabled
              stopped_count=0, restarted_count=0
 full_count=0

Compilation events (20 events):
Event: 74308.674 Thread 0x000001e54b8cdc90 nmethod 9050 0x000001e528f26510 code [0x000001e528f266c0, 0x000001e528f268d8]
Event: 74308.678 Thread 0x000001e54b8cd1e0 9051       4       jdk.internal.org.objectweb.asm.MethodWriter::visitVarInsn (302 bytes)
Event: 74308.684 Thread 0x000001e54b8cdc90 9052       3       java.lang.invoke.LambdaForm$Name::<init> (52 bytes)
Event: 74308.684 Thread 0x000001e54b8cdc90 nmethod 9052 0x000001e528fdd490 code [0x000001e528fdd640, 0x000001e528fdd838]
Event: 74308.685 Thread 0x000001e54b8cd1e0 nmethod 9051 0x000001e530dd9c10 code [0x000001e530dd9de0, 0x000001e530ddaa08]
Event: 74308.719 Thread 0x000001e54b8cd1e0 9053       4       jdk.internal.org.objectweb.asm.ByteVector::put11 (52 bytes)
Event: 74308.719 Thread 0x000001e54b8cdc90 9054       3       jdk.internal.org.objectweb.asm.AnnotationWriter::computeAnnotationsSize (42 bytes)
Event: 74308.719 Thread 0x000001e54b8cdc90 nmethod 9054 0x000001e529138290 code [0x000001e529138440, 0x000001e5291386a8]
Event: 74308.722 Thread 0x000001e54b8cd1e0 nmethod 9053 0x000001e53097fe10 code [0x000001e53097ffa0, 0x000001e5309804b8]
Event: 74308.729 Thread 0x000001e54b8cd1e0 9055       4       com.fasterxml.jackson.databind.introspect.AnnotatedMember::hasOneOf (18 bytes)
Event: 74308.732 Thread 0x000001e54b8cd1e0 nmethod 9055 0x000001e530b1ea90 code [0x000001e530b1ec40, 0x000001e530b1efe8]
Event: 74308.732 Thread 0x000001e54b8cd1e0 9056   !   4       jdk.internal.loader.AbstractClassLoaderValue::computeIfAbsent (113 bytes)
Event: 74308.734 Thread 0x000001e54b8cdc90 9057       1       com.fasterxml.jackson.databind.SerializerProvider::getConfig (5 bytes)
Event: 74308.734 Thread 0x000001e54b8cdc90 nmethod 9057 0x000001e530d75b90 code [0x000001e530d75d20, 0x000001e530d75df8]
Event: 74308.739 Thread 0x000001e54b8cd1e0 nmethod 9056 0x000001e530a32c10 code [0x000001e530a32e00, 0x000001e530a334c0]
Event: 74308.739 Thread 0x000001e54b8cd1e0 9058       4       com.fasterxml.jackson.databind.introspect.POJOPropertyBuilder::getMetadata (140 bytes)
Event: 74308.744 Thread 0x000001e54b8cdc90 9059       1       com.fasterxml.jackson.databind.util.TypeKey::hashCode (5 bytes)
Event: 74308.744 Thread 0x000001e54b8cdc90 nmethod 9059 0x000001e530c46710 code [0x000001e530c468a0, 0x000001e530c46978]
Event: 74308.749 Thread 0x000001e54b8cdc90 9061       1       com.fasterxml.jackson.annotation.JsonInclude$Value::getValueInclusion (5 bytes)
Event: 74308.749 Thread 0x000001e54b8cdc90 nmethod 9061 0x000001e530c46410 code [0x000001e530c465a0, 0x000001e530c46678]

GC Heap History (20 events):
Event: 67584.515 GC heap before
{Heap before GC invocations=28 (full 0):
 garbage-first heap   total 69632K, used 54791K [0x0000000604400000, 0x0000000800000000)
  region size 4096K, 7 young (28672K), 1 survivors (4096K)
 Metaspace       used 47044K, committed 47552K, reserved 1114112K
  class space    used 5853K, committed 6080K, reserved 1048576K
}
Event: 67584.523 GC heap after
{Heap after GC invocations=29 (full 0):
 garbage-first heap   total 69632K, used 30225K [0x0000000604400000, 0x0000000800000000)
  region size 4096K, 1 young (4096K), 1 survivors (4096K)
 Metaspace       used 47044K, committed 47552K, reserved 1114112K
  class space    used 5853K, committed 6080K, reserved 1048576K
}
Event: 68522.034 GC heap before
{Heap before GC invocations=29 (full 0):
 garbage-first heap   total 69632K, used 54801K [0x0000000604400000, 0x0000000800000000)
  region size 4096K, 7 young (28672K), 1 survivors (4096K)
 Metaspace       used 47062K, committed 47616K, reserved 1114112K
  class space    used 5853K, committed 6080K, reserved 1048576K
}
Event: 68522.050 GC heap after
{Heap after GC invocations=30 (full 0):
 garbage-first heap   total 69632K, used 30283K [0x0000000604400000, 0x0000000800000000)
  region size 4096K, 1 young (4096K), 1 survivors (4096K)
 Metaspace       used 47062K, committed 47616K, reserved 1114112K
  class space    used 5853K, committed 6080K, reserved 1048576K
}
Event: 69266.573 GC heap before
{Heap before GC invocations=30 (full 0):
 garbage-first heap   total 69632K, used 50763K [0x0000000604400000, 0x0000000800000000)
  region size 4096K, 6 young (24576K), 1 survivors (4096K)
 Metaspace       used 47103K, committed 47616K, reserved 1114112K
  class space    used 5853K, committed 6080K, reserved 1048576K
}
Event: 69266.615 GC heap after
{Heap after GC invocations=31 (full 0):
 garbage-first heap   total 69632K, used 30281K [0x0000000604400000, 0x0000000800000000)
  region size 4096K, 1 young (4096K), 1 survivors (4096K)
 Metaspace       used 47103K, committed 47616K, reserved 1114112K
  class space    used 5853K, committed 6080K, reserved 1048576K
}
Event: 70043.191 GC heap before
{Heap before GC invocations=32 (full 0):
 garbage-first heap   total 69632K, used 50761K [0x0000000604400000, 0x0000000800000000)
  region size 4096K, 6 young (24576K), 1 survivors (4096K)
 Metaspace       used 46861K, committed 47616K, reserved 1114112K
  class space    used 5794K, committed 6080K, reserved 1048576K
}
Event: 70043.198 GC heap after
{Heap after GC invocations=33 (full 0):
 garbage-first heap   total 69632K, used 30331K [0x0000000604400000, 0x0000000800000000)
  region size 4096K, 1 young (4096K), 1 survivors (4096K)
 Metaspace       used 46861K, committed 47616K, reserved 1114112K
  class space    used 5794K, committed 6080K, reserved 1048576K
}
Event: 70202.860 GC heap before
{Heap before GC invocations=33 (full 0):
 garbage-first heap   total 69632K, used 34427K [0x0000000604400000, 0x0000000800000000)
  region size 4096K, 2 young (8192K), 1 survivors (4096K)
 Metaspace       used 46861K, committed 47616K, reserved 1114112K
  class space    used 5794K, committed 6080K, reserved 1048576K
}
Event: 70202.895 GC heap after
{Heap after GC invocations=34 (full 0):
 garbage-first heap   total 69632K, used 27868K [0x0000000604400000, 0x0000000800000000)
  region size 4096K, 1 young (4096K), 1 survivors (4096K)
 Metaspace       used 46861K, committed 47616K, reserved 1114112K
  class space    used 5794K, committed 6080K, reserved 1048576K
}
Event: 70329.479 GC heap before
{Heap before GC invocations=34 (full 0):
 garbage-first heap   total 69632K, used 31964K [0x0000000604400000, 0x0000000800000000)
  region size 4096K, 2 young (8192K), 1 survivors (4096K)
 Metaspace       used 46880K, committed 47616K, reserved 1114112K
  class space    used 5795K, committed 6080K, reserved 1048576K
}
Event: 70329.496 GC heap after
{Heap after GC invocations=35 (full 0):
 garbage-first heap   total 69632K, used 27165K [0x0000000604400000, 0x0000000800000000)
  region size 4096K, 1 young (4096K), 1 survivors (4096K)
 Metaspace       used 46880K, committed 47616K, reserved 1114112K
  class space    used 5795K, committed 6080K, reserved 1048576K
}
Event: 71233.370 GC heap before
{Heap before GC invocations=35 (full 0):
 garbage-first heap   total 69632K, used 51741K [0x0000000604400000, 0x0000000800000000)
  region size 4096K, 7 young (28672K), 1 survivors (4096K)
 Metaspace       used 46920K, committed 47616K, reserved 1114112K
  class space    used 5795K, committed 6080K, reserved 1048576K
}
Event: 71233.375 GC heap after
{Heap after GC invocations=36 (full 0):
 garbage-first heap   total 69632K, used 27640K [0x0000000604400000, 0x0000000800000000)
  region size 4096K, 1 young (4096K), 1 survivors (4096K)
 Metaspace       used 46920K, committed 47616K, reserved 1114112K
  class space    used 5795K, committed 6080K, reserved 1048576K
}
Event: 72148.372 GC heap before
{Heap before GC invocations=36 (full 0):
 garbage-first heap   total 69632K, used 52216K [0x0000000604400000, 0x0000000800000000)
  region size 4096K, 7 young (28672K), 1 survivors (4096K)
 Metaspace       used 47023K, committed 47616K, reserved 1114112K
  class space    used 5795K, committed 6080K, reserved 1048576K
}
Event: 72148.374 GC heap after
{Heap after GC invocations=37 (full 0):
 garbage-first heap   total 69632K, used 27767K [0x0000000604400000, 0x0000000800000000)
  region size 4096K, 1 young (4096K), 1 survivors (4096K)
 Metaspace       used 47023K, committed 47616K, reserved 1114112K
  class space    used 5795K, committed 6080K, reserved 1048576K
}
Event: 73089.376 GC heap before
{Heap before GC invocations=37 (full 0):
 garbage-first heap   total 69632K, used 52343K [0x0000000604400000, 0x0000000800000000)
  region size 4096K, 7 young (28672K), 1 survivors (4096K)
 Metaspace       used 47048K, committed 47616K, reserved 1114112K
  class space    used 5795K, committed 6080K, reserved 1048576K
}
Event: 73089.380 GC heap after
{Heap after GC invocations=38 (full 0):
 garbage-first heap   total 69632K, used 27978K [0x0000000604400000, 0x0000000800000000)
  region size 4096K, 1 young (4096K), 1 survivors (4096K)
 Metaspace       used 47048K, committed 47616K, reserved 1114112K
  class space    used 5795K, committed 6080K, reserved 1048576K
}
Event: 74000.020 GC heap before
{Heap before GC invocations=38 (full 0):
 garbage-first heap   total 69632K, used 52554K [0x0000000604400000, 0x0000000800000000)
  region size 4096K, 7 young (28672K), 1 survivors (4096K)
 Metaspace       used 47062K, committed 47680K, reserved 1114112K
  class space    used 5795K, committed 6080K, reserved 1048576K
}
Event: 74000.023 GC heap after
{Heap after GC invocations=39 (full 0):
 garbage-first heap   total 69632K, used 28015K [0x0000000604400000, 0x0000000800000000)
  region size 4096K, 1 young (4096K), 1 survivors (4096K)
 Metaspace       used 47062K, committed 47680K, reserved 1114112K
  class space    used 5795K, committed 6080K, reserved 1048576K
}

Deoptimization events (20 events):
Event: 74306.160 Thread 0x000001e5959f6f80 Uncommon trap: trap_request=0xffffff45 fr.pc=0x000001e530de5214 relative=0x0000000000001554
Event: 74306.262 Thread 0x000001e5959f6f80 Uncommon trap: reason=unstable_if action=reinterpret pc=0x000001e530de5214 method=org.springframework.boot.devtools.filewatch.FileSystemWatcher$Watcher.isDifferent(Ljava/util/Map;Ljava/util/Map;)Z @ 95 c2
Event: 74306.262 Thread 0x000001e5959f6f80 DEOPT PACKING pc=0x000001e530de5214 sp=0x0000009cf44ff2a0
Event: 74306.262 Thread 0x000001e5959f6f80 DEOPT UNPACKING pc=0x000001e530425ba3 sp=0x0000009cf44ff288 mode 2
Event: 74306.262 Thread 0x000001e5959f6f80 Uncommon trap: trap_request=0xffffff45 fr.pc=0x000001e530e38e18 relative=0x00000000000000d8
Event: 74306.262 Thread 0x000001e5959f6f80 Uncommon trap: reason=unstable_if action=reinterpret pc=0x000001e530e38e18 method=org.springframework.boot.devtools.filewatch.FileSystemWatcher$Watcher.scan()V @ 37 c2
Event: 74306.262 Thread 0x000001e5959f6f80 DEOPT PACKING pc=0x000001e530e38e18 sp=0x0000009cf44ff350
Event: 74306.262 Thread 0x000001e5959f6f80 DEOPT UNPACKING pc=0x000001e530425ba3 sp=0x0000009cf44ff2e0 mode 2
Event: 74306.679 Thread 0x000001e5959f6f80 Uncommon trap: trap_request=0xffffff45 fr.pc=0x000001e530d92f88 relative=0x0000000000000168
Event: 74306.679 Thread 0x000001e5959f6f80 Uncommon trap: reason=unstable_if action=reinterpret pc=0x000001e530d92f88 method=java.util.AbstractSet.equals(Ljava/lang/Object;)Z @ 31 c2
Event: 74306.679 Thread 0x000001e5959f6f80 DEOPT PACKING pc=0x000001e530d92f88 sp=0x0000009cf44ff0a0
Event: 74306.679 Thread 0x000001e5959f6f80 DEOPT UNPACKING pc=0x000001e530425ba3 sp=0x0000009cf44ff038 mode 2
Event: 74307.698 Thread 0x000001e5959f6f80 Uncommon trap: trap_request=0xffffff45 fr.pc=0x000001e530d6c298 relative=0x00000000000006b8
Event: 74307.698 Thread 0x000001e5959f6f80 Uncommon trap: reason=unstable_if action=reinterpret pc=0x000001e530d6c298 method=java.io.File.normalizedList()[Ljava/lang/String; @ 34 c2
Event: 74307.698 Thread 0x000001e5959f6f80 DEOPT PACKING pc=0x000001e530d6c298 sp=0x0000009cf44ff110
Event: 74307.698 Thread 0x000001e5959f6f80 DEOPT UNPACKING pc=0x000001e530425ba3 sp=0x0000009cf44ff070 mode 2
Event: 74308.732 Thread 0x000001e5969f3af0 Uncommon trap: trap_request=0xffffff45 fr.pc=0x000001e530e9c72c relative=0x000000000000016c
Event: 74308.732 Thread 0x000001e5969f3af0 Uncommon trap: reason=unstable_if action=reinterpret pc=0x000001e530e9c72c method=com.fasterxml.jackson.databind.introspect.POJOPropertyBuilder.fromMemberAnnotations(Lcom/fasterxml/jackson/databind/introspect/POJOPropertyBuilder$WithMember;)Ljava/lang/Obj
Event: 74308.732 Thread 0x000001e5969f3af0 DEOPT PACKING pc=0x000001e530e9c72c sp=0x0000009cf4afdb80
Event: 74308.732 Thread 0x000001e5969f3af0 DEOPT UNPACKING pc=0x000001e530425ba3 sp=0x0000009cf4afdb28 mode 2

Classes unloaded (20 events):
Event: 69266.800 Thread 0x000001e54b8a8d60 Unloading class 0x000001e55011c400 'java/lang/invoke/LambdaForm$MH+0x000001e55011c400'
Event: 69266.800 Thread 0x000001e54b8a8d60 Unloading class 0x000001e55011c000 'java/lang/invoke/LambdaForm$MH+0x000001e55011c000'
Event: 69266.800 Thread 0x000001e54b8a8d60 Unloading class 0x000001e550035800 'java/lang/invoke/LambdaForm$MH+0x000001e550035800'
Event: 69266.800 Thread 0x000001e54b8a8d60 Unloading class 0x000001e550035400 'java/lang/invoke/LambdaForm$MH+0x000001e550035400'
Event: 69266.800 Thread 0x000001e54b8a8d60 Unloading class 0x000001e550035000 'java/lang/invoke/LambdaForm$MH+0x000001e550035000'
Event: 69266.800 Thread 0x000001e54b8a8d60 Unloading class 0x000001e550034c00 'java/lang/invoke/LambdaForm$MH+0x000001e550034c00'
Event: 69266.800 Thread 0x000001e54b8a8d60 Unloading class 0x000001e550034800 'java/lang/invoke/LambdaForm$MH+0x000001e550034800'
Event: 69266.800 Thread 0x000001e54b8a8d60 Unloading class 0x000001e550034400 'java/lang/invoke/LambdaForm$MH+0x000001e550034400'
Event: 69266.801 Thread 0x000001e54b8a8d60 Unloading class 0x000001e550018800 'java/lang/invoke/LambdaForm$MH+0x000001e550018800'
Event: 69266.801 Thread 0x000001e54b8a8d60 Unloading class 0x000001e550018400 'java/lang/invoke/LambdaForm$MH+0x000001e550018400'
Event: 69266.801 Thread 0x000001e54b8a8d60 Unloading class 0x000001e550017c00 'java/lang/invoke/LambdaForm$MH+0x000001e550017c00'
Event: 69266.801 Thread 0x000001e54b8a8d60 Unloading class 0x000001e550017800 'java/lang/invoke/LambdaForm$MH+0x000001e550017800'
Event: 69266.801 Thread 0x000001e54b8a8d60 Unloading class 0x000001e550016800 'java/lang/invoke/LambdaForm$MH+0x000001e550016800'
Event: 69266.802 Thread 0x000001e54b8a8d60 Unloading class 0x000001e550016000 'java/lang/invoke/LambdaForm$MH+0x000001e550016000'
Event: 69266.802 Thread 0x000001e54b8a8d60 Unloading class 0x000001e550015c00 'java/lang/invoke/LambdaForm$MH+0x000001e550015c00'
Event: 69266.802 Thread 0x000001e54b8a8d60 Unloading class 0x000001e550015800 'java/lang/invoke/LambdaForm$MH+0x000001e550015800'
Event: 69266.802 Thread 0x000001e54b8a8d60 Unloading class 0x000001e550015400 'java/lang/invoke/LambdaForm$MH+0x000001e550015400'
Event: 69266.802 Thread 0x000001e54b8a8d60 Unloading class 0x000001e550015000 'java/lang/invoke/LambdaForm$MH+0x000001e550015000'
Event: 69266.802 Thread 0x000001e54b8a8d60 Unloading class 0x000001e550014800 'java/lang/invoke/LambdaForm$MH+0x000001e550014800'
Event: 69266.802 Thread 0x000001e54b8a8d60 Unloading class 0x000001e550014000 'java/lang/invoke/LambdaForm$MH+0x000001e550014000'

Classes redefined (0 events):
No events

Internal exceptions (20 events):
Event: 5.667 Thread 0x000001e5943a7ad0 Implicit null exception at 0x000001e530b1eefd to 0x000001e530b1f0c0
Event: 5.750 Thread 0x000001e5943a7ad0 Exception <a 'sun/nio/fs/WindowsException'{0x000000062008b380}> (0x000000062008b380) 
thrown [s\open\src\hotspot\share\prims\jni.cpp, line 516]
Event: 75.143 Thread 0x000001e5969f4000 Exception <a 'java/lang/NoSuchMethodError'{0x00000006079c9cc0}: 'java.lang.Object java.lang.invoke.DirectMethodHandle$Holder.invokeSpecial(java.lang.Object, java.lang.Object, java.lang.Object, java.lang.Object, java.lang.Object, long)'> (0x00000006079c9cc0) 
thrown [s\open\src\hotspot\share\interpreter\linkResolver.cpp, line 759]
Event: 75.143 Thread 0x000001e5969f4000 Exception <a 'java/lang/NoSuchMethodError'{0x00000006079cd700}: 'java.lang.Object java.lang.invoke.Invokers$Holder.linkToTargetMethod(java.lang.Object, java.lang.Object, java.lang.Object, long, java.lang.Object)'> (0x00000006079cd700) 
thrown [s\open\src\hotspot\share\interpreter\linkResolver.cpp, line 759]
Event: 56550.793 Thread 0x000001e5959f79a0 Implicit null exception at 0x000001e530d4cf94 to 0x000001e530d4d240
Event: 56550.913 Thread 0x000001e5959f79a0 Implicit null exception at 0x000001e530d4cf94 to 0x000001e530d4d240
Event: 56550.913 Thread 0x000001e5959f79a0 Implicit null exception at 0x000001e530d4cf94 to 0x000001e530d4d240
Event: 56550.915 Thread 0x000001e5959f79a0 Implicit null exception at 0x000001e530d4cf94 to 0x000001e530d4d240
Event: 56550.916 Thread 0x000001e5959f79a0 Implicit null exception at 0x000001e530d50611 to 0x000001e530d508a4
Event: 57866.293 Thread 0x000001e5969f0850 Exception <a 'java/lang/NoSuchMethodError'{0x00000006207071e0}: 'void java.lang.invoke.DirectMethodHandle$Holder.invokeStatic(java.lang.Object, long, java.lang.Object)'> (0x00000006207071e0) 
thrown [s\open\src\hotspot\share\interpreter\linkResolver.cpp, line 759]
Event: 57866.294 Thread 0x000001e5969f0850 Exception <a 'java/lang/NoSuchMethodError'{0x000000062070d058}: 'java.lang.Object java.lang.invoke.DirectMethodHandle$Holder.newInvokeSpecial(java.lang.Object, long)'> (0x000000062070d058) 
thrown [s\open\src\hotspot\share\interpreter\linkResolver.cpp, line 759]
Event: 65066.353 Thread 0x000001e5969f0850 Exception <a 'java/net/SocketException'{0x0000000620639cc0}: Connection reset by peer: shutdown> (0x0000000620639cc0) 
thrown [s\open\src\hotspot\share\prims\jni.cpp, line 535]
Event: 69517.083 Thread 0x000001e5959f79a0 Implicit null exception at 0x000001e530ced8fb to 0x000001e530cf32a0
Event: 72618.433 Thread 0x000001e5969f1270 Implicit null exception at 0x000001e530c3a538 to 0x000001e530c3af04
Event: 72618.434 Thread 0x000001e5969f1270 Implicit null exception at 0x000001e530b7c832 to 0x000001e530b7cf60
Event: 72619.343 Thread 0x000001e5969f0d60 Implicit null exception at 0x000001e530b85982 to 0x000001e530b85fec
Event: 72619.343 Thread 0x000001e5969f0d60 Implicit null exception at 0x000001e530ed08fd to 0x000001e530ed0f68
Event: 72619.345 Thread 0x000001e5969f0d60 Implicit null exception at 0x000001e530eb670d to 0x000001e530ebbbbc
Event: 72619.439 Thread 0x000001e5969f0d60 Implicit null exception at 0x000001e530e1587a to 0x000001e530e1658c
Event: 74307.698 Thread 0x000001e5959f6f80 Implicit null exception at 0x000001e530d6bd85 to 0x000001e530d6c288

VM Operations (20 events):
Event: 73332.520 Executing VM operation: Cleanup
Event: 73332.520 Executing VM operation: Cleanup done
Event: 73362.814 Executing VM operation: Cleanup
Event: 73362.814 Executing VM operation: Cleanup done
Event: 73542.625 Executing VM operation: Cleanup
Event: 73542.625 Executing VM operation: Cleanup done
Event: 74000.020 Executing VM operation: G1CollectForAllocation
Event: 74000.023 Executing VM operation: G1CollectForAllocation done
Event: 74001.031 Executing VM operation: Cleanup
Event: 74001.031 Executing VM operation: Cleanup done
Event: 74053.443 Executing VM operation: Cleanup
Event: 74053.443 Executing VM operation: Cleanup done
Event: 74263.408 Executing VM operation: Cleanup
Event: 74263.408 Executing VM operation: Cleanup done
Event: 74306.802 Executing VM operation: Cleanup
Event: 74306.803 Executing VM operation: Cleanup done
Event: 74307.809 Executing VM operation: Cleanup
Event: 74307.809 Executing VM operation: Cleanup done
Event: 74308.819 Executing VM operation: Cleanup
Event: 74308.820 Executing VM operation: Cleanup done

Events (20 events):
Event: 72521.441 Thread 0x000001e54b8e3f80 flushing nmethod 0x000001e529a45f90
Event: 72521.441 Thread 0x000001e54b8e3f80 flushing nmethod 0x000001e529a4b290
Event: 72521.441 Thread 0x000001e54b8e3f80 flushing nmethod 0x000001e529a66090
Event: 72521.441 Thread 0x000001e54b8e3f80 flushing nmethod 0x000001e529a7ce10
Event: 72521.441 Thread 0x000001e54b8e3f80 flushing nmethod 0x000001e529a89b10
Event: 72521.441 Thread 0x000001e54b8e3f80 flushing nmethod 0x000001e529a8a610
Event: 72521.441 Thread 0x000001e54b8e3f80 flushing nmethod 0x000001e529aa9890
Event: 72521.441 Thread 0x000001e54b8e3f80 flushing nmethod 0x000001e529ad7b10
Event: 72521.441 Thread 0x000001e54b8e3f80 flushing nmethod 0x000001e529ad8e90
Event: 72521.441 Thread 0x000001e54b8e3f80 flushing nmethod 0x000001e529ae9790
Event: 72521.441 Thread 0x000001e54b8e3f80 flushing nmethod 0x000001e529aeaa10
Event: 72521.441 Thread 0x000001e54b8e3f80 flushing nmethod 0x000001e529aefd10
Event: 72521.442 Thread 0x000001e54b8e3f80 flushing nmethod 0x000001e529c27910
Event: 72521.442 Thread 0x000001e54b8e3f80 flushing nmethod 0x000001e529c27d10
Event: 72521.442 Thread 0x000001e54b8e3f80 flushing nmethod 0x000001e529c2d890
Event: 72521.442 Thread 0x000001e54b8e3f80 flushing nmethod 0x000001e529c5c790
Event: 72619.238 Thread 0x000001e5969f0340 Thread added: 0x000001e5969f0340
Event: 72629.257 Thread 0x000001e5969f0340 Thread exited: 0x000001e5969f0340
Event: 74308.703 Thread 0x000001e5969f0340 Thread added: 0x000001e5969f0340
Event: 74308.703 Thread 0x000001e5959f6f80 Thread exited: 0x000001e5959f6f80


Dynamic libraries:
0x00007ff7e07a0000 - 0x00007ff7e07b0000 	C:\Program Files\java\jdk-17\bin\java.exe
0x00007ffb41980000 - 0x00007ffb41be3000 	C:\WINDOWS\SYSTEM32\ntdll.dll
0x00007ffb40d80000 - 0x00007ffb40e48000 	C:\WINDOWS\System32\KERNEL32.DLL
0x00007ffb3ede0000 - 0x00007ffb3f192000 	C:\WINDOWS\System32\KERNELBASE.dll
0x00007ffb3f1a0000 - 0x00007ffb3f2eb000 	C:\WINDOWS\System32\ucrtbase.dll
0x00007ffb296a0000 - 0x00007ffb296bb000 	C:\Program Files\java\jdk-17\bin\VCRUNTIME140.dll
0x00007ffb29510000 - 0x00007ffb29529000 	C:\Program Files\java\jdk-17\bin\jli.dll
0x00007ffb41480000 - 0x00007ffb41534000 	C:\WINDOWS\System32\ADVAPI32.dll
0x00007ffb3ffe0000 - 0x00007ffb40089000 	C:\WINDOWS\System32\msvcrt.dll
0x00007ffb41540000 - 0x00007ffb415e6000 	C:\WINDOWS\System32\sechost.dll
0x00007ffb40090000 - 0x00007ffb401a6000 	C:\WINDOWS\System32\RPCRT4.dll
0x00007ffb40ed0000 - 0x00007ffb41098000 	C:\WINDOWS\System32\USER32.dll
0x00007ffb16060000 - 0x00007ffb162f0000 	C:\WINDOWS\WinSxS\amd64_microsoft.windows.common-controls_6595b64144ccf1df_6.0.26100.2454_none_3e0b68a2e331ad60\COMCTL32.dll
0x00007ffb3f7b0000 - 0x00007ffb3f7d7000 	C:\WINDOWS\System32\win32u.dll
0x00007ffb40290000 - 0x00007ffb402ba000 	C:\WINDOWS\System32\GDI32.dll
0x00007ffb3f680000 - 0x00007ffb3f7ab000 	C:\WINDOWS\System32\gdi32full.dll
0x00007ffb3f3b0000 - 0x00007ffb3f453000 	C:\WINDOWS\System32\msvcp_win.dll
0x00007ffb390f0000 - 0x00007ffb390fb000 	C:\WINDOWS\SYSTEM32\VERSION.dll
0x00007ffb41610000 - 0x00007ffb4163f000 	C:\WINDOWS\System32\IMM32.DLL
0x00007ffb29500000 - 0x00007ffb2950c000 	C:\Program Files\java\jdk-17\bin\vcruntime140_1.dll
0x00007ffb28630000 - 0x00007ffb286be000 	C:\Program Files\java\jdk-17\bin\msvcp140.dll
0x00007ffa852a0000 - 0x00007ffa85e81000 	C:\Program Files\java\jdk-17\bin\server\jvm.dll
0x00007ffb3ff90000 - 0x00007ffb3ff98000 	C:\WINDOWS\System32\PSAPI.DLL
0x00007ffb32eb0000 - 0x00007ffb32ee6000 	C:\WINDOWS\SYSTEM32\WINMM.dll
0x00007ffb295b0000 - 0x00007ffb295ba000 	C:\WINDOWS\SYSTEM32\WSOCK32.dll
0x00007ffb40e50000 - 0x00007ffb40ec4000 	C:\WINDOWS\System32\WS2_32.dll
0x00007ffb3db50000 - 0x00007ffb3db6a000 	C:\WINDOWS\SYSTEM32\kernel.appcore.dll
0x00007ffb29310000 - 0x00007ffb2931a000 	C:\Program Files\java\jdk-17\bin\jimage.dll
0x00007ffb3c480000 - 0x00007ffb3c6c1000 	C:\WINDOWS\SYSTEM32\DBGHELP.DLL
0x00007ffb410a0000 - 0x00007ffb4141e000 	C:\WINDOWS\System32\combase.dll
0x00007ffb403d0000 - 0x00007ffb404a6000 	C:\WINDOWS\System32\OLEAUT32.dll
0x00007ffb242b0000 - 0x00007ffb242e9000 	C:\WINDOWS\SYSTEM32\dbgcore.DLL
0x00007ffb3f5e0000 - 0x00007ffb3f679000 	C:\WINDOWS\System32\bcryptPrimitives.dll
0x00007ffb292e0000 - 0x00007ffb29305000 	C:\Program Files\java\jdk-17\bin\java.dll
0x00007ffb0fb80000 - 0x00007ffb0fc57000 	C:\Program Files\java\jdk-17\bin\jsvml.dll
0x00007ffb40510000 - 0x00007ffb40c10000 	C:\WINDOWS\System32\SHELL32.dll
0x00007ffb3ca20000 - 0x00007ffb3d251000 	C:\WINDOWS\SYSTEM32\windows.storage.dll
0x00007ffb401b0000 - 0x00007ffb4028a000 	C:\WINDOWS\System32\SHCORE.dll
0x00007ffb402c0000 - 0x00007ffb4031d000 	C:\WINDOWS\System32\shlwapi.dll
0x00007ffb3ec60000 - 0x00007ffb3ec8e000 	C:\WINDOWS\SYSTEM32\profapi.dll
0x00007ffb292c0000 - 0x00007ffb292d9000 	C:\Program Files\java\jdk-17\bin\net.dll
0x00007ffb39b10000 - 0x00007ffb39c36000 	C:\WINDOWS\SYSTEM32\WINHTTP.dll
0x00007ffb3e030000 - 0x00007ffb3e098000 	C:\WINDOWS\system32\mswsock.dll
0x00007ffb292a0000 - 0x00007ffb292b6000 	C:\Program Files\java\jdk-17\bin\nio.dll
0x00007ffb291e0000 - 0x00007ffb291f8000 	C:\Program Files\java\jdk-17\bin\zip.dll
0x00007ffb28620000 - 0x00007ffb2862a000 	C:\Program Files\java\jdk-17\bin\management.dll
0x00007ffb28610000 - 0x00007ffb2861b000 	C:\Program Files\java\jdk-17\bin\management_ext.dll
0x00007ffb3d510000 - 0x00007ffb3d542000 	C:\WINDOWS\SYSTEM32\IPHLPAPI.DLL
0x00007ffb41650000 - 0x00007ffb4165a000 	C:\WINDOWS\System32\NSI.dll
0x00007ffb39c70000 - 0x00007ffb39c8e000 	C:\WINDOWS\SYSTEM32\dhcpcsvc6.DLL
0x00007ffb39c40000 - 0x00007ffb39c65000 	C:\WINDOWS\SYSTEM32\dhcpcsvc.DLL
0x00007ffb3d550000 - 0x00007ffb3d675000 	C:\WINDOWS\SYSTEM32\DNSAPI.dll
0x00007ffb36320000 - 0x00007ffb3632b000 	C:\Windows\System32\rasadhlp.dll
0x00007ffb3a4f0000 - 0x00007ffb3a575000 	C:\WINDOWS\System32\fwpuclnt.dll
0x00007ffb28600000 - 0x00007ffb2860e000 	C:\Program Files\java\jdk-17\bin\sunmscapi.dll
0x00007ffb3f460000 - 0x00007ffb3f5d6000 	C:\WINDOWS\System32\CRYPT32.dll
0x00007ffb3e530000 - 0x00007ffb3e560000 	C:\WINDOWS\SYSTEM32\ncrypt.dll
0x00007ffb3e4e0000 - 0x00007ffb3e51f000 	C:\WINDOWS\SYSTEM32\NTASN1.dll
0x00007ffb27720000 - 0x00007ffb27730000 	C:\Program Files\java\jdk-17\bin\verify.dll
0x00007ffb3e3e0000 - 0x00007ffb3e3fc000 	C:\WINDOWS\SYSTEM32\CRYPTSP.dll
0x00007ffb3dab0000 - 0x00007ffb3dae8000 	C:\WINDOWS\system32\rsaenh.dll
0x00007ffb3e0d0000 - 0x00007ffb3e0fb000 	C:\WINDOWS\SYSTEM32\USERENV.dll
0x00007ffb3e570000 - 0x00007ffb3e596000 	C:\WINDOWS\SYSTEM32\bcrypt.dll
0x00007ffb3e260000 - 0x00007ffb3e26c000 	C:\WINDOWS\SYSTEM32\CRYPTBASE.dll
0x00007ffb06c60000 - 0x00007ffb06c68000 	C:\WINDOWS\system32\wshunix.dll

dbghelp: loaded successfully - version: 4.0.5 - missing functions: none
symbol engine: initialized successfully - sym options: 0x614 - pdb path: .;C:\Program Files\java\jdk-17\bin;C:\WINDOWS\SYSTEM32;C:\WINDOWS\WinSxS\amd64_microsoft.windows.common-controls_6595b64144ccf1df_6.0.26100.2454_none_3e0b68a2e331ad60;C:\Program Files\java\jdk-17\bin\server

VM Arguments:
jvm_args: -XX:+ShowCodeDetailsInExceptionMessages 
java_command: com.SellOut.KeycloakAdapterApplication
java_class_path (initial): C:\Users\Fernanda Jama\OneDrive - Manamer\Documentos\PROYEC_DEVELOP\SellOut\backend\infraestructure\keycloakAdapter\target\classes;C:\Users\Fernanda Jama\.m2\repository\org\springframework\boot\spring-boot-starter-web\3.2.4\spring-boot-starter-web-3.2.4.jar;C:\Users\Fernanda Jama\.m2\repository\org\springframework\boot\spring-boot-starter\3.2.4\spring-boot-starter-3.2.4.jar;C:\Users\Fernanda Jama\.m2\repository\org\springframework\boot\spring-boot-starter-logging\3.2.4\spring-boot-starter-logging-3.2.4.jar;C:\Users\Fernanda Jama\.m2\repository\ch\qos\logback\logback-classic\1.4.14\logback-classic-1.4.14.jar;C:\Users\Fernanda Jama\.m2\repository\ch\qos\logback\logback-core\1.4.14\logback-core-1.4.14.jar;C:\Users\Fernanda Jama\.m2\repository\org\apache\logging\log4j\log4j-to-slf4j\2.23.1\log4j-to-slf4j-2.23.1.jar;C:\Users\Fernanda Jama\.m2\repository\org\apache\logging\log4j\log4j-api\2.23.1\log4j-api-2.23.1.jar;C:\Users\Fernanda Jama\.m2\repository\org\slf4j\jul-to-slf4j\2.0.12\jul-to-slf4j-2.0.12.jar;C:\Users\Fernanda Jama\.m2\repository\jakarta\annotation\jakarta.annotation-api\2.1.1\jakarta.annotation-api-2.1.1.jar;C:\Users\Fernanda Jama\.m2\repository\org\yaml\snakeyaml\2.2\snakeyaml-2.2.jar;C:\Users\Fernanda Jama\.m2\repository\org\springframework\boot\spring-boot-starter-json\3.2.4\spring-boot-starter-json-3.2.4.jar;C:\Users\Fernanda Jama\.m2\repository\com\fasterxml\jackson\datatype\jackson-datatype-jdk8\2.17.2\jackson-datatype-jdk8-2.17.2.jar;C:\Users\Fernanda Jama\.m2\repository\com\fasterxml\jackson\datatype\jackson-datatype-jsr310\2.17.2\jackson-datatype-jsr310-2.17.2.jar;C:\Users\Fernanda Jama\.m2\repository\com\fasterxml\jackson\module\jackson-module-parameter-names\2.17.2\jackson-module-parameter-names-2.17.2.jar;C:\Users\Fernanda Jama\.m2\repository\org\springframework\boot\spring-boot-starter-tomcat\3.2.4\spring-boot-starter-tomcat-3.2.4.jar;C:\Users\Fernanda Jama\.m2\repository\org\apache\tomcat\embed\tomcat-embed-core\10
Launcher Type: SUN_STANDARD

[Global flags]
     intx CICompilerCount                          = 4                                         {product} {ergonomic}
     uint ConcGCThreads                            = 2                                         {product} {ergonomic}
     uint G1ConcRefinementThreads                  = 8                                         {product} {ergonomic}
   size_t G1HeapRegionSize                         = 4194304                                   {product} {ergonomic}
    uintx GCDrainStackTargetSize                   = 64                                        {product} {ergonomic}
   size_t InitialHeapSize                          = 532676608                                 {product} {ergonomic}
   size_t MarkStackSize                            = 4194304                                   {product} {ergonomic}
   size_t MaxHeapSize                              = 8518631424                                {product} {ergonomic}
   size_t MaxNewSize                               = 5108662272                                {product} {ergonomic}
   size_t MinHeapDeltaBytes                        = 4194304                                   {product} {ergonomic}
   size_t MinHeapSize                              = 8388608                                   {product} {ergonomic}
    uintx NonNMethodCodeHeapSize                   = 5839372                                {pd product} {ergonomic}
    uintx NonProfiledCodeHeapSize                  = 122909434                              {pd product} {ergonomic}
    uintx ProfiledCodeHeapSize                     = 122909434                              {pd product} {ergonomic}
    uintx ReservedCodeCacheSize                    = 251658240                              {pd product} {ergonomic}
     bool SegmentedCodeCache                       = true                                      {product} {ergonomic}
     bool ShowCodeDetailsInExceptionMessages       = true                                   {manageable} {command line}
   size_t SoftMaxHeapSize                          = 8518631424                             {manageable} {ergonomic}
     bool UseCompressedClassPointers               = true                           {product lp64_product} {ergonomic}
     bool UseCompressedOops                        = true                           {product lp64_product} {ergonomic}
     bool UseG1GC                                  = true                                      {product} {ergonomic}
     bool UseLargePagesIndividualAllocation        = false                                  {pd product} {ergonomic}

Logging:
Log output configuration:
 #0: stdout all=warning uptime,level,tags
 #1: stderr all=off uptime,level,tags

Environment Variables:
JAVA_HOME=C:\Program Files\java\jdk-17
CLASSPATH=C:\Program Files\SAP\SAP Business One DI API\JCO\LIB\sbowrapper.jar;C:\Program Files\SAP\SAP Business One DI API\JCO\LIB\sboapi.jar;C:\Program Files (x86)\SAP\SAP Business One DI API\JCO\LIB\sbowrapper.jar;C:\Program Files (x86)\SAP\SAP Business One DI API\JCO\LIB\sboapi.jar
PATH=C:\Python312\Scripts\;C:\Python312\;C:\Program Files\Eclipse Adoptium\jdk-21.0.3.9-hotspot\bin;C:\Program Files\java\jdk-17\bin;C:\Program Files\Microsoft MPI\Bin\;C:\apache-maven-3.9.6\bin;C:\Program Files\Common Files\Oracle\Java\javapath;C:\Program Files\Eclipse Foundation\jdk-8.0.302.8-hotspot\bin;C:\WINDOWS\system32;C:\WINDOWS;C:\WINDOWS\System32\Wbem;C:\WINDOWS\System32\WindowsPowerShell\v1.0\;C:\WINDOWS\System32\OpenSSH\;C:\Program Files\Azure Data Studio\bin;C:\Program Files\Microsoft SQL Server\Client SDK\ODBC\170\Tools\Binn\;C:\ProgramData\chocolatey\bin;C:\Program Files\Git\cmd;C:\Program Files\PuTTY\;C:\Program Files\Eclipse Adoptium\jdk-21.0.3.9-hotspot\\bin;C:\Program Files\SAP\SAP Business One DI API\JCO\LIB\;C:\Program Files\SAP\SAP Business One DI API\DI API 90;C:\Program Files\SAP\SAP Business One\;C:\Program Files (x86)\SAP\SAP Business One DI API\JCO\LIB\;C:\Program Files (x86)\SAP\SAP Business One DI API\DI API 90;C:\Program Files (x86)\SAP\SAP Business One\;C:\Program Files\Docker\Docker\resources\bin;C:\Program Files (x86)\Microsoft SQL Server\160\Tools\Binn\;C:\Program Files\Microsoft SQL Server\160\Tools\Binn\;C:\Program Files\Microsoft SQL Server\160\DTS\Binn\;C:\Program Files (x86)\Microsoft SQL Server\160\DTS\Binn\;C:\Program Files\Microsoft SQL Server\130\Tools\Binn\;C:\Program Files (x86)\Microsoft SQL Server\150\Tools\Binn\;C:\Program Files\Microsoft SQL Server\150\Tools\Binn\;C:\Program Files\Microsoft SQL Server\150\DTS\Binn\;C:\xampp\php;C:\Program Files\nodejs\;C:\Users\Fernanda Jama\AppData\Local\Microsoft\WindowsApps;C:\Program Files\Azure Data Studio\bin;C:\Users\Fernanda Jama\AppData\Local\GitHubDesktop\bin;C:\Program Files\java\jdk-17\bin;C:\Program Files\JetBrains\IntelliJ IDEA 2024.1\bin;;C:\Program Files\JetBrains\IntelliJ IDEA Community Edition 2023.2.5\bin;;C:\Users\Fernanda Jama\AppData\Local\Programs\Microsoft VS Code\bin;C:\Program Files\JetBrains\DataGrip 2024.2.1\bin;;C:\xampp\php;C:\Program Files\vtex\bin;C:\Users
USERNAME=Fernanda Jama
LANG=en_US.UTF-8
OS=Windows_NT
PROCESSOR_IDENTIFIER=Intel64 Family 6 Model 140 Stepping 1, GenuineIntel



---------------  S Y S T E M  ---------------

OS:
 Windows 11 , 64 bit Build 26100 (10.0.26100.2454)
OS uptime: 0 days 21:18 hours
Hyper-V role detected

CPU: total 8 (initial active 8) (4 cores per cpu, 2 threads per core) family 6 model 140 stepping 1 microcode 0xb8, cx8, cmov, fxsr, ht, mmx, 3dnowpref, sse, sse2, sse3, ssse3, sse4.1, sse4.2, popcnt, lzcnt, tsc, tscinvbit, avx, avx2, aes, erms, clmul, bmi1, bmi2, adx, avx512f, avx512dq, avx512cd, avx512bw, avx512vl, sha, fma, vzeroupper, avx512_vpopcntdq, avx512_vpclmulqdq, avx512_vaes, avx512_vnni, clflush, clflushopt, clwb, avx512_vbmi2, avx512_vbmi, hv

Memory: 4k page, system-wide physical 32494M (436M free)
TotalPageFile size 93435M (AvailPageFile size 6M)
current process WorkingSet (physical memory assigned to process): 122M, peak: 250M
current process commit charge ("private bytes"): 272M, peak: 676M

vm_info: Java HotSpot(TM) 64-Bit Server VM (17.0.9+11-LTS-201) for windows-amd64 JRE (17.0.9+11-LTS-201), built on Oct 10 2023 23:16:06 by "mach5one" with MS VC++ 17.1 (VS2022)

END.
