#
# There is insufficient memory for the Java Runtime Environment to continue.
# Native memory allocation (malloc) failed to allocate 1212736 bytes for Chunk::new
# Possible reasons:
#   The system is out of physical RAM or swap space
#   The process is running with CompressedOops enabled, and the Java Heap may be blocking the growth of the native heap
# Possible solutions:
#   Reduce memory load on the system
#   Increase physical memory or swap space
#   Check if swap backing store is full
#   Decrease Java heap size (-Xmx/-Xms)
#   Decrease number of Java threads
#   Decrease Java thread stack sizes (-Xss)
#   Set larger code cache with -XX:ReservedCodeCacheSize=
#   JVM is running with Zero Based Compressed Oops mode in which the Java heap is
#     placed in the first 32GB address space. The Java Heap base address is the
#     maximum limit for the native heap growth. Please use -XX:HeapBaseMinAddress
#     to set the Java Heap base and to place the Java Heap above 32GB virtual address.
# This output file may be truncated or incomplete.
#
#  Out of Memory Error (arena.cpp:189), pid=19552, tid=15588
#
# JRE version: Java(TM) SE Runtime Environment (17.0.9+11) (build 17.0.9+11-LTS-201)
# Java VM: Java HotSpot(TM) 64-Bit Server VM (17.0.9+11-LTS-201, mixed mode, sharing, tiered, compressed oops, compressed class ptrs, g1 gc, windows-amd64)
# No core dump will be written. Minidumps are not enabled by default on client versions of Windows
#

---------------  S U M M A R Y ------------

Command Line: -XX:+ShowCodeDetailsInExceptionMessages com.manamer.backend.business.sellout.SelloutApplication

Host: 11th Gen Intel(R) Core(TM) i7-1165G7 @ 2.80GHz, 8 cores, 31G,  Windows 11 , 64 bit Build 26100 (10.0.26100.2454)
Time: Sat Dec  7 12:06:49 2024 Hora est. Pacífico, Sudamérica elapsed time: 172091.304925 seconds (1d 23h 48m 11s)

---------------  T H R E A D  ---------------

Current thread (0x0000021a7d7a86c0):  JavaThread "C2 CompilerThread0" daemon [_thread_in_native, id=15588, stack(0x000000ed0f800000,0x000000ed0f900000)]


Current CompileTask:
C2:172091306 13510       4       sun.security.ec.ECOperations::setSum (681 bytes)

Stack: [0x000000ed0f800000,0x000000ed0f900000]
Native frames: (J=compiled Java code, j=interpreted, Vv=VM code, C=native code)
V  [jvm.dll+0x678a4a]
V  [jvm.dll+0x7d9cfd]
V  [jvm.dll+0x7db60e]
V  [jvm.dll+0x7dbc73]
V  [jvm.dll+0x245e1f]
V  [jvm.dll+0xaaafb]
V  [jvm.dll+0xab09c]
V  [jvm.dll+0x2ab7ef]
V  [jvm.dll+0x5812e5]
V  [jvm.dll+0x220c52]
V  [jvm.dll+0x22102f]
V  [jvm.dll+0x219f86]
V  [jvm.dll+0x217459]
V  [jvm.dll+0x1a3bc0]
V  [jvm.dll+0x2272de]
V  [jvm.dll+0x22548b]
V  [jvm.dll+0x78f58c]
V  [jvm.dll+0x78998a]
V  [jvm.dll+0x677875]
C  [ucrtbase.dll+0x14ea0]
C  [KERNEL32.DLL+0x2e8d7]
C  [ntdll.dll+0xdfbcc]


---------------  P R O C E S S  ---------------

Threads class SMR info:
_java_thread_list=0x0000021a46cd7160, length=39, elements={
0x0000021a7d78d800, 0x0000021a7d78e3c0, 0x0000021a7d7a5c90, 0x0000021a7d7a6650,
0x0000021a7d7a7010, 0x0000021a7d7a79d0, 0x0000021a7d7a86c0, 0x0000021a001a2050,
0x0000021a001d4610, 0x0000021a0029b980, 0x0000021a002ba0c0, 0x0000021a49d0bd50,
0x0000021a49d09ef0, 0x0000021a49d0c260, 0x0000021a49d0b840, 0x0000021a49d0a400,
0x0000021a49d0c770, 0x0000021a49d0a910, 0x0000021a4a274350, 0x0000021a4a2715c0,
0x0000021a4a2710b0, 0x0000021a4a273e40, 0x0000021a4a271ad0, 0x0000021a4a2724f0,
0x0000021a4a274860, 0x0000021a4a273930, 0x0000021a4a271fe0, 0x0000021a4a272a00,
0x0000021a4a272f10, 0x0000021a4a273420, 0x0000021a4cc935c0, 0x0000021a4cc95420,
0x0000021a4cc93ad0, 0x0000021a4cc93fe0, 0x0000021a4cc95930, 0x0000021a4cc944f0,
0x0000021a4cc92690, 0x0000021a4cc97280, 0x0000021a4cc95e40
}

Java Threads: ( => current thread )
  0x0000021a7d78d800 JavaThread "Reference Handler" daemon [_thread_blocked, id=19416, stack(0x000000ed0f200000,0x000000ed0f300000)]
  0x0000021a7d78e3c0 JavaThread "Finalizer" daemon [_thread_blocked, id=23004, stack(0x000000ed0f300000,0x000000ed0f400000)]
  0x0000021a7d7a5c90 JavaThread "Signal Dispatcher" daemon [_thread_blocked, id=20264, stack(0x000000ed0f400000,0x000000ed0f500000)]
  0x0000021a7d7a6650 JavaThread "Attach Listener" daemon [_thread_blocked, id=23108, stack(0x000000ed0f500000,0x000000ed0f600000)]
  0x0000021a7d7a7010 JavaThread "Service Thread" daemon [_thread_blocked, id=18164, stack(0x000000ed0f600000,0x000000ed0f700000)]
  0x0000021a7d7a79d0 JavaThread "Monitor Deflation Thread" daemon [_thread_blocked, id=23368, stack(0x000000ed0f700000,0x000000ed0f800000)]
=>0x0000021a7d7a86c0 JavaThread "C2 CompilerThread0" daemon [_thread_in_native, id=15588, stack(0x000000ed0f800000,0x000000ed0f900000)]
  0x0000021a001a2050 JavaThread "C1 CompilerThread0" daemon [_thread_blocked, id=19204, stack(0x000000ed0f900000,0x000000ed0fa00000)]
  0x0000021a001d4610 JavaThread "Sweeper thread" daemon [_thread_blocked, id=7304, stack(0x000000ed0fa00000,0x000000ed0fb00000)]
  0x0000021a0029b980 JavaThread "Notification Thread" daemon [_thread_blocked, id=18892, stack(0x000000ed0fb00000,0x000000ed0fc00000)]
  0x0000021a002ba0c0 JavaThread "Common-Cleaner" daemon [_thread_blocked, id=23040, stack(0x000000ed0fd00000,0x000000ed0fe00000)]
  0x0000021a49d0bd50 JavaThread "Catalina-utility-1" [_thread_blocked, id=20968, stack(0x000000ed10d00000,0x000000ed10e00000)]
  0x0000021a49d09ef0 JavaThread "Catalina-utility-2" [_thread_blocked, id=22888, stack(0x000000ed10e00000,0x000000ed10f00000)]
  0x0000021a49d0c260 JavaThread "container-0" [_thread_blocked, id=22524, stack(0x000000ed10f00000,0x000000ed11000000)]
  0x0000021a49d0b840 JavaThread "HikariPool-1 housekeeper" daemon [_thread_blocked, id=19692, stack(0x000000ed10900000,0x000000ed10a00000)]
  0x0000021a49d0a400 JavaThread "spring.cloud.inetutils" daemon [_thread_blocked, id=15976, stack(0x000000ed11400000,0x000000ed11500000)]
  0x0000021a49d0c770 JavaThread "AsyncResolver-bootstrap-0" daemon [_thread_blocked, id=21096, stack(0x000000ed11600000,0x000000ed11700000)]
  0x0000021a49d0a910 JavaThread "idle-connection-evictor-1" daemon [_thread_blocked, id=3704, stack(0x000000ed11300000,0x000000ed11400000)]
  0x0000021a4a274350 JavaThread "DiscoveryClient-0" daemon [_thread_blocked, id=16032, stack(0x000000ed11700000,0x000000ed11800000)]
  0x0000021a4a2715c0 JavaThread "DiscoveryClient-1" daemon [_thread_blocked, id=7120, stack(0x000000ed11800000,0x000000ed11900000)]
  0x0000021a4a2710b0 JavaThread "DiscoveryClient-InstanceInfoReplicator-0" daemon [_thread_blocked, id=22788, stack(0x000000ed11900000,0x000000ed11a00000)]
  0x0000021a4a273e40 JavaThread "http-nio-8082-exec-1" daemon [_thread_blocked, id=22784, stack(0x000000ed11a00000,0x000000ed11b00000)]
  0x0000021a4a271ad0 JavaThread "http-nio-8082-exec-2" daemon [_thread_blocked, id=5080, stack(0x000000ed11b00000,0x000000ed11c00000)]
  0x0000021a4a2724f0 JavaThread "http-nio-8082-exec-3" daemon [_thread_blocked, id=11532, stack(0x000000ed11c00000,0x000000ed11d00000)]
  0x0000021a4a274860 JavaThread "http-nio-8082-exec-4" daemon [_thread_blocked, id=17096, stack(0x000000ed11d00000,0x000000ed11e00000)]
  0x0000021a4a273930 JavaThread "http-nio-8082-exec-5" daemon [_thread_blocked, id=2828, stack(0x000000ed11e00000,0x000000ed11f00000)]
  0x0000021a4a271fe0 JavaThread "http-nio-8082-exec-6" daemon [_thread_blocked, id=18868, stack(0x000000ed11f00000,0x000000ed12000000)]
  0x0000021a4a272a00 JavaThread "http-nio-8082-exec-7" daemon [_thread_blocked, id=7336, stack(0x000000ed12000000,0x000000ed12100000)]
  0x0000021a4a272f10 JavaThread "http-nio-8082-exec-8" daemon [_thread_blocked, id=11160, stack(0x000000ed12100000,0x000000ed12200000)]
  0x0000021a4a273420 JavaThread "http-nio-8082-exec-9" daemon [_thread_blocked, id=19352, stack(0x000000ed12200000,0x000000ed12300000)]
  0x0000021a4cc935c0 JavaThread "http-nio-8082-exec-10" daemon [_thread_blocked, id=21952, stack(0x000000ed12300000,0x000000ed12400000)]
  0x0000021a4cc95420 JavaThread "http-nio-8082-Poller" daemon [_thread_in_native, id=20788, stack(0x000000ed12400000,0x000000ed12500000)]
  0x0000021a4cc93ad0 JavaThread "http-nio-8082-Acceptor" daemon [_thread_in_native, id=19288, stack(0x000000ed12500000,0x000000ed12600000)]
  0x0000021a4cc93fe0 JavaThread "DestroyJavaVM" [_thread_blocked, id=17288, stack(0x000000ed0eb00000,0x000000ed0ec00000)]
  0x0000021a4cc95930 JavaThread "DiscoveryClient-CacheRefreshExecutor-0" daemon [_thread_blocked, id=19484, stack(0x000000ed10800000,0x000000ed10900000)]
  0x0000021a4cc944f0 JavaThread "DiscoveryClient-HeartbeatExecutor-0" daemon [_thread_blocked, id=2736, stack(0x000000ed11100000,0x000000ed11200000)]
  0x0000021a4cc92690 JavaThread "AsyncResolver-bootstrap-executor-0" daemon [_thread_blocked, id=24012, stack(0x000000ed0e900000,0x000000ed0ea00000)]
  0x0000021a4cc97280 JavaThread "HikariPool-1 connection adder" daemon [_thread_blocked, id=21652, stack(0x000000ed10600000,0x000000ed10700000)]
  0x0000021a4cc95e40 JavaThread "HikariPool-1 connection closer" daemon [_thread_blocked, id=30460, stack(0x000000ed0e800000,0x000000ed0e900000)]

Other Threads:
  0x0000021a7d781d50 VMThread "VM Thread" [stack: 0x000000ed0f100000,0x000000ed0f200000] [id=13076]
  0x0000021a7d5fff00 WatcherThread [stack: 0x000000ed0fc00000,0x000000ed0fd00000] [id=19468]
  0x0000021a5356eaa0 GCTaskThread "GC Thread#0" [stack: 0x000000ed0ec00000,0x000000ed0ed00000] [id=23136]
  0x0000021a00a19890 GCTaskThread "GC Thread#1" [stack: 0x000000ed0ff00000,0x000000ed10000000] [id=23524]
  0x0000021a4620b6c0 GCTaskThread "GC Thread#2" [stack: 0x000000ed10000000,0x000000ed10100000] [id=19500]
  0x0000021a4620b980 GCTaskThread "GC Thread#3" [stack: 0x000000ed10100000,0x000000ed10200000] [id=23508]
  0x0000021a4620bc40 GCTaskThread "GC Thread#4" [stack: 0x000000ed10200000,0x000000ed10300000] [id=23512]
  0x0000021a4620bf00 GCTaskThread "GC Thread#5" [stack: 0x000000ed10300000,0x000000ed10400000] [id=22680]
  0x0000021a46451be0 GCTaskThread "GC Thread#6" [stack: 0x000000ed10400000,0x000000ed10500000] [id=22676]
  0x0000021a464526b0 GCTaskThread "GC Thread#7" [stack: 0x000000ed10500000,0x000000ed10600000] [id=22540]
  0x0000021a7d5f65b0 ConcurrentGCThread "G1 Main Marker" [stack: 0x000000ed0ed00000,0x000000ed0ee00000] [id=4940]
  0x0000021a7d5f6fd0 ConcurrentGCThread "G1 Conc#0" [stack: 0x000000ed0ee00000,0x000000ed0ef00000] [id=23204]
  0x0000021a49291730 ConcurrentGCThread "G1 Conc#1" [stack: 0x000000ed0fe00000,0x000000ed0ff00000] [id=23520]
  0x0000021a7d6b3f80 ConcurrentGCThread "G1 Refine#0" [stack: 0x000000ed0ef00000,0x000000ed0f000000] [id=23112]
  0x0000021a478d9570 ConcurrentGCThread "G1 Refine#1" [stack: 0x000000ed10a00000,0x000000ed10b00000] [id=22556]
  0x0000021a4932b490 ConcurrentGCThread "G1 Refine#2" [stack: 0x000000ed10b00000,0x000000ed10c00000] [id=23488]
  0x0000021a478d7010 ConcurrentGCThread "G1 Refine#3" [stack: 0x000000ed10c00000,0x000000ed10d00000] [id=21904]
  0x0000021a7d6b4850 ConcurrentGCThread "G1 Service" [stack: 0x000000ed0f000000,0x000000ed0f100000] [id=22840]

Threads with active compile tasks:
C2 CompilerThread0  172091365 13510       4       sun.security.ec.ECOperations::setSum (681 bytes)

VM state: not at safepoint (normal execution)

VM Mutex/Monitor currently owned by a thread: None

OutOfMemory and StackOverflow Exception counts:
StackOverflowErrors=1
LinkageErrors=153

Heap address: 0x0000000604400000, size: 8124 MB, Compressed Oops mode: Zero based, Oop shift amount: 3

CDS archive(s) mapped at: [0x0000021a01000000-0x0000021a01bd0000-0x0000021a01bd0000), size 12386304, SharedBaseAddress: 0x0000021a01000000, ArchiveRelocationMode: 1.
Compressed class space mapped at: 0x0000021a02000000-0x0000021a42000000, reserved size: 1073741824
Narrow klass base: 0x0000021a01000000, Narrow klass shift: 0, Narrow klass range: 0x100000000

GC Precious Log:
 CPUs: 8 total, 8 available
 Memory: 32494M
 Large Page Support: Disabled
 NUMA Support: Disabled
 Compressed Oops: Enabled (Zero based)
 Heap Region Size: 4M
 Heap Min Capacity: 8M
 Heap Initial Capacity: 508M
 Heap Max Capacity: 8124M
 Pre-touch: Disabled
 Parallel Workers: 8
 Concurrent Workers: 2
 Concurrent Refinement Workers: 8
 Periodic GC: Disabled

Heap:
 garbage-first heap   total 307200K, used 197657K [0x0000000604400000, 0x0000000800000000)
  region size 4096K, 39 young (159744K), 3 survivors (12288K)
 Metaspace       used 89162K, committed 89856K, reserved 1179648K
  class space    used 11593K, committed 11968K, reserved 1048576K

Heap Regions: E=young(eden), S=young(survivor), O=old, HS=humongous(starts), HC=humongous(continues), CS=collection set, F=free, OA=open archive, CA=closed archive, TAMS=top-at-mark-start (previous, next)
|   0|0x0000000604400000, 0x0000000604800000, 0x0000000604800000|100%| O|  |TAMS 0x0000000604800000, 0x0000000604400000| Untracked 
|   1|0x0000000604800000, 0x0000000604c00000, 0x0000000604c00000|100%| O|  |TAMS 0x0000000604c00000, 0x0000000604800000| Untracked 
|   2|0x0000000604c00000, 0x0000000605000000, 0x0000000605000000|100%| O|  |TAMS 0x0000000605000000, 0x0000000604c00000| Untracked 
|   3|0x0000000605000000, 0x0000000605400000, 0x0000000605400000|100%| O|  |TAMS 0x0000000605400000, 0x0000000605000000| Untracked 
|   4|0x0000000605400000, 0x0000000605800000, 0x0000000605800000|100%| O|  |TAMS 0x0000000605800000, 0x0000000605400000| Untracked 
|   5|0x0000000605800000, 0x0000000605c00000, 0x0000000605c00000|100%| O|  |TAMS 0x0000000605c00000, 0x0000000605800000| Untracked 
|   6|0x0000000605c00000, 0x0000000606000000, 0x0000000606000000|100%| O|  |TAMS 0x0000000605c69200, 0x0000000605c00000| Untracked 
|   7|0x0000000606000000, 0x0000000606000000, 0x0000000606400000|  0%| F|  |TAMS 0x0000000606000000, 0x0000000606000000| Untracked 
|   8|0x0000000606400000, 0x0000000606800000, 0x0000000606800000|100%| O|  |TAMS 0x0000000606800000, 0x0000000606400000| Untracked 
|   9|0x0000000606800000, 0x0000000606c00000, 0x0000000606c00000|100%| O|  |TAMS 0x0000000606c00000, 0x0000000606800000| Untracked 
|  10|0x0000000606c00000, 0x0000000607000000, 0x0000000607000000|100%| O|  |TAMS 0x0000000607000000, 0x0000000606c00000| Untracked 
|  11|0x0000000607000000, 0x00000006073e2600, 0x0000000607400000| 97%| O|  |TAMS 0x0000000607000000, 0x0000000607000000| Untracked 
|  12|0x0000000607400000, 0x0000000607400000, 0x0000000607800000|  0%| F|  |TAMS 0x0000000607400000, 0x0000000607400000| Untracked 
|  13|0x0000000607800000, 0x0000000607800000, 0x0000000607c00000|  0%| F|  |TAMS 0x0000000607800000, 0x0000000607800000| Untracked 
|  14|0x0000000607c00000, 0x0000000607c00000, 0x0000000608000000|  0%| F|  |TAMS 0x0000000607c00000, 0x0000000607c00000| Untracked 
|  15|0x0000000608000000, 0x0000000608000000, 0x0000000608400000|  0%| F|  |TAMS 0x0000000608000000, 0x0000000608000000| Untracked 
|  16|0x0000000608400000, 0x0000000608400000, 0x0000000608800000|  0%| F|  |TAMS 0x0000000608400000, 0x0000000608400000| Untracked 
|  17|0x0000000608800000, 0x0000000608800000, 0x0000000608c00000|  0%| F|  |TAMS 0x0000000608800000, 0x0000000608800000| Untracked 
|  18|0x0000000608c00000, 0x0000000608c00000, 0x0000000609000000|  0%| F|  |TAMS 0x0000000608c00000, 0x0000000608c00000| Untracked 
|  19|0x0000000609000000, 0x0000000609000000, 0x0000000609400000|  0%| F|  |TAMS 0x0000000609000000, 0x0000000609000000| Untracked 
|  20|0x0000000609400000, 0x0000000609400000, 0x0000000609800000|  0%| F|  |TAMS 0x0000000609400000, 0x0000000609400000| Untracked 
|  21|0x0000000609800000, 0x0000000609800000, 0x0000000609c00000|  0%| F|  |TAMS 0x0000000609800000, 0x0000000609800000| Untracked 
|  22|0x0000000609c00000, 0x0000000609c00000, 0x000000060a000000|  0%| F|  |TAMS 0x0000000609c00000, 0x0000000609c00000| Untracked 
|  23|0x000000060a000000, 0x000000060a000000, 0x000000060a400000|  0%| F|  |TAMS 0x000000060a000000, 0x000000060a000000| Untracked 
|  24|0x000000060a400000, 0x000000060a400000, 0x000000060a800000|  0%| F|  |TAMS 0x000000060a400000, 0x000000060a400000| Untracked 
|  25|0x000000060a800000, 0x000000060a800000, 0x000000060ac00000|  0%| F|  |TAMS 0x000000060a800000, 0x000000060a800000| Untracked 
|  26|0x000000060ac00000, 0x000000060ac00000, 0x000000060b000000|  0%| F|  |TAMS 0x000000060ac00000, 0x000000060ac00000| Untracked 
|  27|0x000000060b000000, 0x000000060b123fb8, 0x000000060b400000| 28%| S|CS|TAMS 0x000000060b000000, 0x000000060b000000| Complete 
|  28|0x000000060b400000, 0x000000060b800000, 0x000000060b800000|100%| S|CS|TAMS 0x000000060b400000, 0x000000060b400000| Complete 
|  29|0x000000060b800000, 0x000000060bc00000, 0x000000060bc00000|100%| S|CS|TAMS 0x000000060b800000, 0x000000060b800000| Complete 
|  30|0x000000060bc00000, 0x000000060bc00000, 0x000000060c000000|  0%| F|  |TAMS 0x000000060bc00000, 0x000000060bc00000| Untracked 
|  31|0x000000060c000000, 0x000000060c000000, 0x000000060c400000|  0%| F|  |TAMS 0x000000060c000000, 0x000000060c000000| Untracked 
|  32|0x000000060c400000, 0x000000060c400000, 0x000000060c800000|  0%| F|  |TAMS 0x000000060c400000, 0x000000060c400000| Untracked 
|  33|0x000000060c800000, 0x000000060c800000, 0x000000060cc00000|  0%| F|  |TAMS 0x000000060c800000, 0x000000060c800000| Untracked 
|  34|0x000000060cc00000, 0x000000060cc00000, 0x000000060d000000|  0%| F|  |TAMS 0x000000060cc00000, 0x000000060cc00000| Untracked 
|  35|0x000000060d000000, 0x000000060d000000, 0x000000060d400000|  0%| F|  |TAMS 0x000000060d000000, 0x000000060d000000| Untracked 
|  36|0x000000060d400000, 0x000000060d400000, 0x000000060d800000|  0%| F|  |TAMS 0x000000060d400000, 0x000000060d400000| Untracked 
|  37|0x000000060d800000, 0x000000060d800000, 0x000000060dc00000|  0%| F|  |TAMS 0x000000060d800000, 0x000000060d800000| Untracked 
|  38|0x000000060dc00000, 0x000000060dc00000, 0x000000060e000000|  0%| F|  |TAMS 0x000000060dc00000, 0x000000060dc00000| Untracked 
|  39|0x000000060e000000, 0x000000060e2f3528, 0x000000060e400000| 73%| E|  |TAMS 0x000000060e000000, 0x000000060e000000| Complete 
|  40|0x000000060e400000, 0x000000060e800000, 0x000000060e800000|100%| E|CS|TAMS 0x000000060e400000, 0x000000060e400000| Complete 
|  41|0x000000060e800000, 0x000000060ec00000, 0x000000060ec00000|100%| E|CS|TAMS 0x000000060e800000, 0x000000060e800000| Complete 
|  42|0x000000060ec00000, 0x000000060f000000, 0x000000060f000000|100%| E|CS|TAMS 0x000000060ec00000, 0x000000060ec00000| Complete 
|  43|0x000000060f000000, 0x000000060f400000, 0x000000060f400000|100%| E|CS|TAMS 0x000000060f000000, 0x000000060f000000| Complete 
|  44|0x000000060f400000, 0x000000060f800000, 0x000000060f800000|100%| E|CS|TAMS 0x000000060f400000, 0x000000060f400000| Complete 
|  45|0x000000060f800000, 0x000000060fc00000, 0x000000060fc00000|100%| E|CS|TAMS 0x000000060f800000, 0x000000060f800000| Complete 
|  46|0x000000060fc00000, 0x0000000610000000, 0x0000000610000000|100%| E|CS|TAMS 0x000000060fc00000, 0x000000060fc00000| Complete 
|  47|0x0000000610000000, 0x0000000610400000, 0x0000000610400000|100%| E|CS|TAMS 0x0000000610000000, 0x0000000610000000| Complete 
|  48|0x0000000610400000, 0x0000000610800000, 0x0000000610800000|100%| E|CS|TAMS 0x0000000610400000, 0x0000000610400000| Complete 
|  49|0x0000000610800000, 0x0000000610c00000, 0x0000000610c00000|100%| E|CS|TAMS 0x0000000610800000, 0x0000000610800000| Complete 
|  50|0x0000000610c00000, 0x0000000611000000, 0x0000000611000000|100%| E|CS|TAMS 0x0000000610c00000, 0x0000000610c00000| Complete 
|  51|0x0000000611000000, 0x0000000611400000, 0x0000000611400000|100%| E|CS|TAMS 0x0000000611000000, 0x0000000611000000| Complete 
|  52|0x0000000611400000, 0x0000000611800000, 0x0000000611800000|100%| E|CS|TAMS 0x0000000611400000, 0x0000000611400000| Complete 
|  53|0x0000000611800000, 0x0000000611c00000, 0x0000000611c00000|100%| E|CS|TAMS 0x0000000611800000, 0x0000000611800000| Complete 
|  54|0x0000000611c00000, 0x0000000612000000, 0x0000000612000000|100%| E|CS|TAMS 0x0000000611c00000, 0x0000000611c00000| Complete 
|  55|0x0000000612000000, 0x0000000612400000, 0x0000000612400000|100%| E|CS|TAMS 0x0000000612000000, 0x0000000612000000| Complete 
|  56|0x0000000612400000, 0x0000000612800000, 0x0000000612800000|100%| E|CS|TAMS 0x0000000612400000, 0x0000000612400000| Complete 
|  57|0x0000000612800000, 0x0000000612c00000, 0x0000000612c00000|100%| E|CS|TAMS 0x0000000612800000, 0x0000000612800000| Complete 
|  58|0x0000000612c00000, 0x0000000613000000, 0x0000000613000000|100%| E|CS|TAMS 0x0000000612c00000, 0x0000000612c00000| Complete 
|  59|0x0000000613000000, 0x0000000613400000, 0x0000000613400000|100%| E|CS|TAMS 0x0000000613000000, 0x0000000613000000| Complete 
|  60|0x0000000613400000, 0x0000000613800000, 0x0000000613800000|100%| E|CS|TAMS 0x0000000613400000, 0x0000000613400000| Complete 
|  61|0x0000000613800000, 0x0000000613c00000, 0x0000000613c00000|100%| E|CS|TAMS 0x0000000613800000, 0x0000000613800000| Complete 
|  62|0x0000000613c00000, 0x0000000614000000, 0x0000000614000000|100%| E|CS|TAMS 0x0000000613c00000, 0x0000000613c00000| Complete 
|  63|0x0000000614000000, 0x0000000614400000, 0x0000000614400000|100%| E|CS|TAMS 0x0000000614000000, 0x0000000614000000| Complete 
|  64|0x0000000614400000, 0x0000000614800000, 0x0000000614800000|100%| E|CS|TAMS 0x0000000614400000, 0x0000000614400000| Complete 
|  65|0x0000000614800000, 0x0000000614c00000, 0x0000000614c00000|100%| E|CS|TAMS 0x0000000614800000, 0x0000000614800000| Complete 
|  66|0x0000000614c00000, 0x0000000615000000, 0x0000000615000000|100%| E|CS|TAMS 0x0000000614c00000, 0x0000000614c00000| Complete 
|  67|0x0000000615000000, 0x0000000615400000, 0x0000000615400000|100%| E|CS|TAMS 0x0000000615000000, 0x0000000615000000| Complete 
|  68|0x0000000615400000, 0x0000000615800000, 0x0000000615800000|100%| E|CS|TAMS 0x0000000615400000, 0x0000000615400000| Complete 
|  69|0x0000000615800000, 0x0000000615c00000, 0x0000000615c00000|100%| E|CS|TAMS 0x0000000615800000, 0x0000000615800000| Complete 
|  70|0x0000000615c00000, 0x0000000616000000, 0x0000000616000000|100%| E|CS|TAMS 0x0000000615c00000, 0x0000000615c00000| Complete 
|  71|0x0000000616000000, 0x0000000616400000, 0x0000000616400000|100%| E|CS|TAMS 0x0000000616000000, 0x0000000616000000| Complete 
| 109|0x000000061f800000, 0x000000061fc00000, 0x000000061fc00000|100%| E|CS|TAMS 0x000000061f800000, 0x000000061f800000| Complete 
| 110|0x000000061fc00000, 0x0000000620000000, 0x0000000620000000|100%| E|CS|TAMS 0x000000061fc00000, 0x000000061fc00000| Complete 
| 126|0x0000000623c00000, 0x0000000624000000, 0x0000000624000000|100%| E|CS|TAMS 0x0000000623c00000, 0x0000000623c00000| Complete 

Card table byte_map: [0x0000021a6b840000,0x0000021a6c820000] _byte_map_base: 0x0000021a6881e000

Marking Bits (Prev, Next): (CMBitMap*) 0x0000021a7d5e51e0, (CMBitMap*) 0x0000021a7d5e5220
 Prev Bits: [0x0000021a6d800000, 0x0000021a756f0000)
 Next Bits: [0x0000021a756f0000, 0x0000021a7d5e0000)

Polling page: 0x0000021a51c90000

Metaspace:

Usage:
  Non-class:     75.75 MB used.
      Class:     11.32 MB used.
       Both:     87.07 MB used.

Virtual space:
  Non-class space:      128.00 MB reserved,      76.06 MB ( 59%) committed,  2 nodes.
      Class space:        1.00 GB reserved,      11.69 MB (  1%) committed,  1 nodes.
             Both:        1.12 GB reserved,      87.75 MB (  8%) committed. 

Chunk freelists:
   Non-Class:  3.95 MB
       Class:  4.25 MB
        Both:  8.20 MB

MaxMetaspaceSize: unlimited
CompressedClassSpaceSize: 1.00 GB
Initial GC threshold: 21.00 MB
Current GC threshold: 116.88 MB
CDS: on
MetaspaceReclaimPolicy: balanced
 - commit_granule_bytes: 65536.
 - commit_granule_words: 8192.
 - virtual_space_node_default_size: 8388608.
 - enlarge_chunks_in_place: 1.
 - new_chunks_are_fully_committed: 0.
 - uncommit_free_chunks: 1.
 - use_allocation_guard: 0.
 - handle_deallocations: 1.


Internal statistics:

num_allocs_failed_limit: 9.
num_arena_births: 990.
num_arena_deaths: 0.
num_vsnodes_births: 3.
num_vsnodes_deaths: 0.
num_space_committed: 1404.
num_space_uncommitted: 0.
num_chunks_returned_to_freelist: 9.
num_chunks_taken_from_freelist: 4235.
num_chunk_merges: 6.
num_chunk_splits: 3006.
num_chunks_enlarged: 2282.
num_inconsistent_stats: 0.

CodeHeap 'non-profiled nmethods': size=120000Kb used=8608Kb max_used=8608Kb free=111391Kb
 bounds [0x0000021a628c0000, 0x0000021a63130000, 0x0000021a69df0000]
CodeHeap 'profiled nmethods': size=120000Kb used=25045Kb max_used=25045Kb free=94954Kb
 bounds [0x0000021a5adf0000, 0x0000021a5c670000, 0x0000021a62320000]
CodeHeap 'non-nmethods': size=5760Kb used=1412Kb max_used=1471Kb free=4347Kb
 bounds [0x0000021a62320000, 0x0000021a62590000, 0x0000021a628c0000]
 total_blobs=12496 nmethods=11754 adapters=653
 compilation: enabled
              stopped_count=0, restarted_count=0
 full_count=0

Compilation events (20 events):
Event: 172087.335 Thread 0x0000021a001a2050 nmethod 13499 0x0000021a5c65e190 code [0x0000021a5c65e320, 0x0000021a5c65e478]
Event: 172087.346 Thread 0x0000021a001a2050 13501       3       sun.security.ssl.SSLTrafficKeyDerivation$LegacyTrafficKeyDerivation::getTrafficKey (288 bytes)
Event: 172087.346 Thread 0x0000021a7d7a86c0 13504       4       java.nio.HeapByteBuffer::duplicate (36 bytes)
Event: 172087.348 Thread 0x0000021a001a2050 nmethod 13501 0x0000021a5c65e510 code [0x0000021a5c65e800, 0x0000021a5c65f7c8]
Event: 172087.348 Thread 0x0000021a001a2050 13502       3       javax.crypto.spec.IvParameterSpec::<init> (83 bytes)
Event: 172087.349 Thread 0x0000021a001a2050 nmethod 13502 0x0000021a5c65fc10 code [0x0000021a5c65fe20, 0x0000021a5c660548]
Event: 172087.349 Thread 0x0000021a001a2050 13503       3       javax.crypto.spec.IvParameterSpec::getIV (11 bytes)
Event: 172087.349 Thread 0x0000021a001a2050 nmethod 13503 0x0000021a5c660790 code [0x0000021a5c660940, 0x0000021a5c660c08]
Event: 172087.349 Thread 0x0000021a001a2050 13505       3       javax.crypto.KeyGenerator::init (9 bytes)
Event: 172087.349 Thread 0x0000021a001a2050 nmethod 13505 0x0000021a5c660d10 code [0x0000021a5c660ec0, 0x0000021a5c661038]
Event: 172087.349 Thread 0x0000021a001a2050 13506   !   3       javax.crypto.KeyGenerator::init (111 bytes)
Event: 172087.350 Thread 0x0000021a001a2050 nmethod 13506 0x0000021a5c661110 code [0x0000021a5c661340, 0x0000021a5c661e98]
Event: 172087.350 Thread 0x0000021a001a2050 13507   !   3       javax.crypto.KeyGenerator::generateKey (47 bytes)
Event: 172087.350 Thread 0x0000021a001a2050 nmethod 13507 0x0000021a5c662110 code [0x0000021a5c662300, 0x0000021a5c6627e8]
Event: 172087.351 Thread 0x0000021a7d7a86c0 nmethod 13504 0x0000021a63127490 code [0x0000021a63127620, 0x0000021a63127a78]
Event: 172090.124 Thread 0x0000021a001a2050 13508   !   3       java.util.concurrent.LinkedBlockingQueue::poll (128 bytes)
Event: 172090.126 Thread 0x0000021a001a2050 nmethod 13508 0x0000021a5c662990 code [0x0000021a5c662d80, 0x0000021a5c664b18]
Event: 172090.202 Thread 0x0000021a7d7a86c0 13509       4       java.util.RegularEnumSet::size (8 bytes)
Event: 172090.202 Thread 0x0000021a7d7a86c0 nmethod 13509 0x0000021a63127e10 code [0x0000021a63127f80, 0x0000021a63127ff8]
Event: 172090.202 Thread 0x0000021a7d7a86c0 13510       4       sun.security.ec.ECOperations::setSum (681 bytes)

GC Heap History (20 events):
Event: 14.593 GC heap before
{Heap before GC invocations=23 (full 0):
 garbage-first heap   total 81920K, used 62009K [0x0000000604400000, 0x0000000800000000)
  region size 4096K, 6 young (24576K), 1 survivors (4096K)
 Metaspace       used 69156K, committed 69696K, reserved 1114112K
  class space    used 9279K, committed 9536K, reserved 1048576K
}
Event: 14.598 GC heap after
{Heap after GC invocations=24 (full 0):
 garbage-first heap   total 81920K, used 43126K [0x0000000604400000, 0x0000000800000000)
  region size 4096K, 1 young (4096K), 1 survivors (4096K)
 Metaspace       used 69156K, committed 69696K, reserved 1114112K
  class space    used 9279K, committed 9536K, reserved 1048576K
}
Event: 14.977 GC heap before
{Heap before GC invocations=25 (full 0):
 garbage-first heap   total 81920K, used 63606K [0x0000000604400000, 0x0000000800000000)
  region size 4096K, 6 young (24576K), 1 survivors (4096K)
 Metaspace       used 70411K, committed 70912K, reserved 1114112K
  class space    used 9447K, committed 9664K, reserved 1048576K
}
Event: 14.982 GC heap after
{Heap after GC invocations=26 (full 0):
 garbage-first heap   total 81920K, used 44531K [0x0000000604400000, 0x0000000800000000)
  region size 4096K, 1 young (4096K), 1 survivors (4096K)
 Metaspace       used 70411K, committed 70912K, reserved 1114112K
  class space    used 9447K, committed 9664K, reserved 1048576K
}
Event: 15.476 GC heap before
{Heap before GC invocations=26 (full 0):
 garbage-first heap   total 81920K, used 60915K [0x0000000604400000, 0x0000000800000000)
  region size 4096K, 5 young (20480K), 1 survivors (4096K)
 Metaspace       used 71082K, committed 71616K, reserved 1114112K
  class space    used 9518K, committed 9792K, reserved 1048576K
}
Event: 15.480 GC heap after
{Heap after GC invocations=27 (full 0):
 garbage-first heap   total 81920K, used 45534K [0x0000000604400000, 0x0000000800000000)
  region size 4096K, 1 young (4096K), 1 survivors (4096K)
 Metaspace       used 71082K, committed 71616K, reserved 1114112K
  class space    used 9518K, committed 9792K, reserved 1048576K
}
Event: 15.890 GC heap before
{Heap before GC invocations=28 (full 0):
 garbage-first heap   total 90112K, used 61918K [0x0000000604400000, 0x0000000800000000)
  region size 4096K, 5 young (20480K), 1 survivors (4096K)
 Metaspace       used 71560K, committed 72128K, reserved 1114112K
  class space    used 9604K, committed 9920K, reserved 1048576K
}
Event: 15.895 GC heap after
{Heap after GC invocations=29 (full 0):
 garbage-first heap   total 90112K, used 46561K [0x0000000604400000, 0x0000000800000000)
  region size 4096K, 1 young (4096K), 1 survivors (4096K)
 Metaspace       used 71560K, committed 72128K, reserved 1114112K
  class space    used 9604K, committed 9920K, reserved 1048576K
}
Event: 15.984 GC heap before
{Heap before GC invocations=29 (full 0):
 garbage-first heap   total 90112K, used 50657K [0x0000000604400000, 0x0000000800000000)
  region size 4096K, 2 young (8192K), 1 survivors (4096K)
 Metaspace       used 71652K, committed 72256K, reserved 1114112K
  class space    used 9616K, committed 9920K, reserved 1048576K
}
Event: 15.991 GC heap after
{Heap after GC invocations=30 (full 0):
 garbage-first heap   total 307200K, used 46322K [0x0000000604400000, 0x0000000800000000)
  region size 4096K, 1 young (4096K), 1 survivors (4096K)
 Metaspace       used 71652K, committed 72256K, reserved 1114112K
  class space    used 9616K, committed 9920K, reserved 1048576K
}
Event: 1794.101 GC heap before
{Heap before GC invocations=30 (full 0):
 garbage-first heap   total 307200K, used 222450K [0x0000000604400000, 0x0000000800000000)
  region size 4096K, 45 young (184320K), 1 survivors (4096K)
 Metaspace       used 86486K, committed 87168K, reserved 1179648K
  class space    used 11547K, committed 11840K, reserved 1048576K
}
Event: 1794.112 GC heap after
{Heap after GC invocations=31 (full 0):
 garbage-first heap   total 307200K, used 54328K [0x0000000604400000, 0x0000000800000000)
  region size 4096K, 3 young (12288K), 3 survivors (12288K)
 Metaspace       used 86486K, committed 87168K, reserved 1179648K
  class space    used 11547K, committed 11840K, reserved 1048576K
}
Event: 7106.131 GC heap before
{Heap before GC invocations=31 (full 0):
 garbage-first heap   total 307200K, used 226360K [0x0000000604400000, 0x0000000800000000)
  region size 4096K, 45 young (184320K), 3 survivors (12288K)
 Metaspace       used 87800K, committed 88448K, reserved 1179648K
  class space    used 11579K, committed 11904K, reserved 1048576K
}
Event: 7106.141 GC heap after
{Heap after GC invocations=32 (full 0):
 garbage-first heap   total 307200K, used 57098K [0x0000000604400000, 0x0000000800000000)
  region size 4096K, 4 young (16384K), 4 survivors (16384K)
 Metaspace       used 87800K, committed 88448K, reserved 1179648K
  class space    used 11579K, committed 11904K, reserved 1048576K
}
Event: 155883.116 GC heap before
{Heap before GC invocations=32 (full 0):
 garbage-first heap   total 307200K, used 225034K [0x0000000604400000, 0x0000000800000000)
  region size 4096K, 45 young (184320K), 4 survivors (16384K)
 Metaspace       used 88453K, committed 89216K, reserved 1179648K
  class space    used 11591K, committed 11968K, reserved 1048576K
}
Event: 155883.218 GC heap after
{Heap after GC invocations=33 (full 0):
 garbage-first heap   total 307200K, used 58642K [0x0000000604400000, 0x0000000800000000)
  region size 4096K, 4 young (16384K), 4 survivors (16384K)
 Metaspace       used 88453K, committed 89216K, reserved 1179648K
  class space    used 11591K, committed 11968K, reserved 1048576K
}
Event: 161403.913 GC heap before
{Heap before GC invocations=33 (full 0):
 garbage-first heap   total 307200K, used 226578K [0x0000000604400000, 0x0000000800000000)
  region size 4096K, 45 young (184320K), 4 survivors (16384K)
 Metaspace       used 88866K, committed 89536K, reserved 1179648K
  class space    used 11592K, committed 11968K, reserved 1048576K
}
Event: 161404.021 GC heap after
{Heap after GC invocations=34 (full 0):
 garbage-first heap   total 307200K, used 54378K [0x0000000604400000, 0x0000000800000000)
  region size 4096K, 3 young (12288K), 3 survivors (12288K)
 Metaspace       used 88866K, committed 89536K, reserved 1179648K
  class space    used 11592K, committed 11968K, reserved 1048576K
}
Event: 167022.989 GC heap before
{Heap before GC invocations=34 (full 0):
 garbage-first heap   total 307200K, used 226410K [0x0000000604400000, 0x0000000800000000)
  region size 4096K, 45 young (184320K), 3 survivors (12288K)
 Metaspace       used 89010K, committed 89728K, reserved 1179648K
  class space    used 11592K, committed 11968K, reserved 1048576K
}
Event: 167023.104 GC heap after
{Heap after GC invocations=35 (full 0):
 garbage-first heap   total 307200K, used 54297K [0x0000000604400000, 0x0000000800000000)
  region size 4096K, 3 young (12288K), 3 survivors (12288K)
 Metaspace       used 89010K, committed 89728K, reserved 1179648K
  class space    used 11592K, committed 11968K, reserved 1048576K
}

Deoptimization events (20 events):
Event: 171601.729 Thread 0x0000021a49d0b330 Uncommon trap: trap_request=0xffffff45 fr.pc=0x0000021a6297d360 relative=0x00000000000009c0
Event: 171601.729 Thread 0x0000021a49d0b330 Uncommon trap: reason=unstable_if action=reinterpret pc=0x0000021a6297d360 method=java.util.AbstractSet.equals(Ljava/lang/Object;)Z @ 31 c2
Event: 171601.730 Thread 0x0000021a49d0b330 DEOPT PACKING pc=0x0000021a6297d360 sp=0x000000ed115ff560
Event: 171601.730 Thread 0x0000021a49d0b330 DEOPT UNPACKING pc=0x0000021a62375ba3 sp=0x000000ed115ff490 mode 2
Event: 171601.731 Thread 0x0000021a49d0b330 Uncommon trap: trap_request=0xffffff45 fr.pc=0x0000021a62e22604 relative=0x0000000000001584
Event: 171601.733 Thread 0x0000021a49d0b330 Uncommon trap: reason=unstable_if action=reinterpret pc=0x0000021a62e22604 method=org.springframework.boot.devtools.filewatch.FileSystemWatcher$Watcher.isDifferent(Ljava/util/Map;Ljava/util/Map;)Z @ 95 c2
Event: 171601.733 Thread 0x0000021a49d0b330 DEOPT PACKING pc=0x0000021a62e22604 sp=0x000000ed115ff5b0
Event: 171601.733 Thread 0x0000021a49d0b330 DEOPT UNPACKING pc=0x0000021a62375ba3 sp=0x000000ed115ff598 mode 2
Event: 171601.733 Thread 0x0000021a49d0b330 Uncommon trap: trap_request=0xffffff45 fr.pc=0x0000021a62b8ec98 relative=0x00000000000000d8
Event: 171601.733 Thread 0x0000021a49d0b330 Uncommon trap: reason=unstable_if action=reinterpret pc=0x0000021a62b8ec98 method=org.springframework.boot.devtools.filewatch.FileSystemWatcher$Watcher.scan()V @ 37 c2
Event: 171601.733 Thread 0x0000021a49d0b330 DEOPT PACKING pc=0x0000021a62b8ec98 sp=0x000000ed115ff660
Event: 171601.733 Thread 0x0000021a49d0b330 DEOPT UNPACKING pc=0x0000021a62375ba3 sp=0x000000ed115ff5f0 mode 2
Event: 171602.151 Thread 0x0000021a49d0b330 Uncommon trap: trap_request=0xffffff45 fr.pc=0x0000021a6295d908 relative=0x0000000000000168
Event: 171602.151 Thread 0x0000021a49d0b330 Uncommon trap: reason=unstable_if action=reinterpret pc=0x0000021a6295d908 method=java.util.AbstractSet.equals(Ljava/lang/Object;)Z @ 31 c2
Event: 171602.151 Thread 0x0000021a49d0b330 DEOPT PACKING pc=0x0000021a6295d908 sp=0x000000ed115ff440
Event: 171602.151 Thread 0x0000021a49d0b330 DEOPT UNPACKING pc=0x0000021a62375ba3 sp=0x000000ed115ff3d8 mode 2
Event: 171602.153 Thread 0x0000021a49d0b330 Uncommon trap: trap_request=0xffffff45 fr.pc=0x0000021a62f26598 relative=0x00000000000006b8
Event: 171602.153 Thread 0x0000021a49d0b330 Uncommon trap: reason=unstable_if action=reinterpret pc=0x0000021a62f26598 method=java.io.File.normalizedList()[Ljava/lang/String; @ 34 c2
Event: 171602.153 Thread 0x0000021a49d0b330 DEOPT PACKING pc=0x0000021a62f26598 sp=0x000000ed115ff1c0
Event: 171602.153 Thread 0x0000021a49d0b330 DEOPT UNPACKING pc=0x0000021a62375ba3 sp=0x000000ed115ff120 mode 2

Classes unloaded (0 events):
No events

Classes redefined (0 events):
No events

Internal exceptions (20 events):
Event: 168415.545 Thread 0x0000021a4cc94a00 Exception <a 'java/net/SocketException'{0x0000000614665c10}: Socket is not connected: shutdown> (0x0000000614665c10) 
thrown [s\open\src\hotspot\share\prims\jni.cpp, line 535]
Event: 168421.065 Thread 0x0000021a4cc94a00 Exception <a 'java/net/SocketException'{0x000000061466b668}: Socket is not connected: shutdown> (0x000000061466b668) 
thrown [s\open\src\hotspot\share\prims\jni.cpp, line 535]
Event: 168428.689 Thread 0x0000021a4cc94a00 Exception <a 'java/net/SocketException'{0x000000061466e028}: Socket is not connected: shutdown> (0x000000061466e028) 
thrown [s\open\src\hotspot\share\prims\jni.cpp, line 535]
Event: 168443.905 Thread 0x0000021a4cc94a00 Exception <a 'java/net/SocketException'{0x0000000614670cf0}: Socket is not connected: shutdown> (0x0000000614670cf0) 
thrown [s\open\src\hotspot\share\prims\jni.cpp, line 535]
Event: 168450.556 Thread 0x0000021a4cc94a00 Exception <a 'java/net/SocketException'{0x0000000614673958}: Socket is not connected: shutdown> (0x0000000614673958) 
thrown [s\open\src\hotspot\share\prims\jni.cpp, line 535]
Event: 168456.074 Thread 0x0000021a4cc94a00 Exception <a 'java/net/SocketException'{0x00000006146793b0}: Socket is not connected: shutdown> (0x00000006146793b0) 
thrown [s\open\src\hotspot\share\prims\jni.cpp, line 535]
Event: 168463.697 Thread 0x0000021a4cc94a00 Exception <a 'java/net/SocketException'{0x0000000614201478}: Socket is not connected: shutdown> (0x0000000614201478) 
thrown [s\open\src\hotspot\share\prims\jni.cpp, line 535]
Event: 168478.929 Thread 0x0000021a4cc94a00 Exception <a 'java/net/SocketException'{0x00000006142040f8}: Socket is not connected: shutdown> (0x00000006142040f8) 
thrown [s\open\src\hotspot\share\prims\jni.cpp, line 535]
Event: 168485.577 Thread 0x0000021a4cc94a00 Exception <a 'java/net/SocketException'{0x0000000614206d60}: Socket is not connected: shutdown> (0x0000000614206d60) 
thrown [s\open\src\hotspot\share\prims\jni.cpp, line 535]
Event: 168491.097 Thread 0x0000021a4cc94a00 Exception <a 'java/net/SocketException'{0x000000061420c7b8}: Socket is not connected: shutdown> (0x000000061420c7b8) 
thrown [s\open\src\hotspot\share\prims\jni.cpp, line 535]
Event: 168498.718 Thread 0x0000021a4cc94a00 Exception <a 'java/net/SocketException'{0x000000061420f178}: Socket is not connected: shutdown> (0x000000061420f178) 
thrown [s\open\src\hotspot\share\prims\jni.cpp, line 535]
Event: 168513.937 Thread 0x0000021a4cc94a00 Exception <a 'java/net/SocketException'{0x0000000614211de0}: Socket is not connected: shutdown> (0x0000000614211de0) 
thrown [s\open\src\hotspot\share\prims\jni.cpp, line 535]
Event: 168520.602 Thread 0x0000021a4cc94a00 Exception <a 'java/net/SocketException'{0x0000000614214a78}: Socket is not connected: shutdown> (0x0000000614214a78) 
thrown [s\open\src\hotspot\share\prims\jni.cpp, line 535]
Event: 168526.128 Thread 0x0000021a4cc94a00 Exception <a 'java/net/SocketException'{0x000000061421a4d0}: Socket is not connected: shutdown> (0x000000061421a4d0) 
thrown [s\open\src\hotspot\share\prims\jni.cpp, line 535]
Event: 168533.747 Thread 0x0000021a4cc94a00 Exception <a 'java/net/SocketException'{0x000000061421ce90}: Socket is not connected: shutdown> (0x000000061421ce90) 
thrown [s\open\src\hotspot\share\prims\jni.cpp, line 535]
Event: 168535.124 Thread 0x0000021a4a2710b0 Implicit null exception at 0x0000021a62932d38 to 0x0000021a6293370c
Event: 168535.276 Thread 0x0000021a4a2710b0 Implicit null exception at 0x0000021a62af5332 to 0x0000021a62af5a60
Event: 171602.153 Thread 0x0000021a49d0b330 Implicit null exception at 0x0000021a62f26085 to 0x0000021a62f26588
Event: 171604.598 Thread 0x0000021a49d0b330 StackOverflowError at 0x0000021a62e617a0
Event: 171604.599 Thread 0x0000021a49d0b330 Exception <a 'java/lang/StackOverflowError'{0x000000060eb0ccc0}> (0x000000060eb0ccc0) 
thrown [s\open\src\hotspot\share\runtime\sharedRuntime.cpp, line 631]

VM Operations (20 events):
Event: 171602.884 Executing VM operation: Cleanup
Event: 171604.611 Executing VM operation: Cleanup done
Event: 171605.625 Executing VM operation: Cleanup
Event: 171605.625 Executing VM operation: Cleanup done
Event: 171737.960 Executing VM operation: Cleanup
Event: 171737.960 Executing VM operation: Cleanup done
Event: 171858.218 Executing VM operation: Cleanup
Event: 171858.218 Executing VM operation: Cleanup done
Event: 172007.416 Executing VM operation: Cleanup
Event: 172007.416 Executing VM operation: Cleanup done
Event: 172026.631 Executing VM operation: Cleanup
Event: 172026.631 Executing VM operation: Cleanup done
Event: 172074.943 Executing VM operation: Cleanup
Event: 172074.943 Executing VM operation: Cleanup done
Event: 172080.979 Executing VM operation: Cleanup
Event: 172080.979 Executing VM operation: Cleanup done
Event: 172088.038 Executing VM operation: Cleanup
Event: 172088.038 Executing VM operation: Cleanup done
Event: 172091.055 Executing VM operation: Cleanup
Event: 172091.055 Executing VM operation: Cleanup done

Events (20 events):
Event: 170330.252 Thread 0x0000021a4cc95e40 Thread exited: 0x0000021a4cc95e40
Event: 170340.095 Thread 0x0000021a4cc930b0 Thread added: 0x0000021a4cc930b0
Event: 171604.621 loading class java/lang/Throwable$WrappedPrintStream
Event: 171604.627 loading class java/lang/Throwable$WrappedPrintStream done
Event: 171604.633 Thread 0x0000021a49d0b330 Thread exited: 0x0000021a49d0b330
Event: 172059.463 Thread 0x0000021a4cc95e40 Thread added: 0x0000021a4cc95e40
Event: 172059.463 Thread 0x0000021a4cc97ca0 Thread added: 0x0000021a4cc97ca0
Event: 172059.464 Thread 0x0000021a4cc930b0 Thread exited: 0x0000021a4cc930b0
Event: 172064.471 Thread 0x0000021a4cc95e40 Thread exited: 0x0000021a4cc95e40
Event: 172064.741 Thread 0x0000021a4cc97ca0 Thread exited: 0x0000021a4cc97ca0
Event: 172074.443 Thread 0x0000021a4cc930b0 Thread added: 0x0000021a4cc930b0
Event: 172074.443 Thread 0x0000021a4cc95e40 Thread added: 0x0000021a4cc95e40
Event: 172079.452 Thread 0x0000021a4cc930b0 Thread exited: 0x0000021a4cc930b0
Event: 172079.610 Thread 0x0000021a4cc95e40 Thread exited: 0x0000021a4cc95e40
Event: 172079.880 Thread 0x0000021a4cc930b0 Thread added: 0x0000021a4cc930b0
Event: 172079.881 Thread 0x0000021a4cc97280 Thread added: 0x0000021a4cc97280
Event: 172084.967 Thread 0x0000021a4cc930b0 Thread exited: 0x0000021a4cc930b0
Event: 172085.131 Thread 0x0000021a4cc95e40 Thread added: 0x0000021a4cc95e40
Event: 172086.573 Thread 0x0000021a4cc930b0 Thread added: 0x0000021a4cc930b0
Event: 172090.122 Thread 0x0000021a4cc930b0 Thread exited: 0x0000021a4cc930b0


Dynamic libraries:
0x00007ff684940000 - 0x00007ff684950000 	C:\Program Files\java\jdk-17\bin\java.exe
0x00007ffdd5c80000 - 0x00007ffdd5ee3000 	C:\WINDOWS\SYSTEM32\ntdll.dll
0x00007ffdd4f50000 - 0x00007ffdd5018000 	C:\WINDOWS\System32\KERNEL32.DLL
0x00007ffdd3310000 - 0x00007ffdd36c2000 	C:\WINDOWS\System32\KERNELBASE.dll
0x00007ffdd36d0000 - 0x00007ffdd381b000 	C:\WINDOWS\System32\ucrtbase.dll
0x00007ffd8ceb0000 - 0x00007ffd8cec9000 	C:\Program Files\java\jdk-17\bin\jli.dll
0x00007ffd87180000 - 0x00007ffd8719b000 	C:\Program Files\java\jdk-17\bin\VCRUNTIME140.dll
0x00007ffdd4210000 - 0x00007ffdd42c4000 	C:\WINDOWS\System32\ADVAPI32.dll
0x00007ffdd42d0000 - 0x00007ffdd4379000 	C:\WINDOWS\System32\msvcrt.dll
0x00007ffdd5380000 - 0x00007ffdd5426000 	C:\WINDOWS\System32\sechost.dll
0x00007ffdd4e30000 - 0x00007ffdd4f46000 	C:\WINDOWS\System32\RPCRT4.dll
0x00007ffdd5a70000 - 0x00007ffdd5c38000 	C:\WINDOWS\System32\USER32.dll
0x00007ffdb6340000 - 0x00007ffdb65d0000 	C:\WINDOWS\WinSxS\amd64_microsoft.windows.common-controls_6595b64144ccf1df_6.0.26100.2454_none_3e0b68a2e331ad60\COMCTL32.dll
0x00007ffdd3820000 - 0x00007ffdd3847000 	C:\WINDOWS\System32\win32u.dll
0x00007ffdd41e0000 - 0x00007ffdd420a000 	C:\WINDOWS\System32\GDI32.dll
0x00007ffdd38f0000 - 0x00007ffdd3a1b000 	C:\WINDOWS\System32\gdi32full.dll
0x00007ffdd30e0000 - 0x00007ffdd3183000 	C:\WINDOWS\System32\msvcp_win.dll
0x00007ffdcc650000 - 0x00007ffdcc65b000 	C:\WINDOWS\SYSTEM32\VERSION.dll
0x00007ffdd4470000 - 0x00007ffdd449f000 	C:\WINDOWS\System32\IMM32.DLL
0x00007ffdcc2b0000 - 0x00007ffdcc2bc000 	C:\Program Files\java\jdk-17\bin\vcruntime140_1.dll
0x00007ffd4a1c0000 - 0x00007ffd4a24e000 	C:\Program Files\java\jdk-17\bin\msvcp140.dll
0x00007ffd33400000 - 0x00007ffd33fe1000 	C:\Program Files\java\jdk-17\bin\server\jvm.dll
0x00007ffdd41d0000 - 0x00007ffdd41d8000 	C:\WINDOWS\System32\PSAPI.DLL
0x00007ffdbe080000 - 0x00007ffdbe08a000 	C:\WINDOWS\SYSTEM32\WSOCK32.dll
0x00007ffdc6ce0000 - 0x00007ffdc6d16000 	C:\WINDOWS\SYSTEM32\WINMM.dll
0x00007ffdd4140000 - 0x00007ffdd41b4000 	C:\WINDOWS\System32\WS2_32.dll
0x00007ffdd1e50000 - 0x00007ffdd1e6a000 	C:\WINDOWS\SYSTEM32\kernel.appcore.dll
0x00007ffd8cea0000 - 0x00007ffd8ceaa000 	C:\Program Files\java\jdk-17\bin\jimage.dll
0x00007ffdd0780000 - 0x00007ffdd09c1000 	C:\WINDOWS\SYSTEM32\DBGHELP.DLL
0x00007ffdd56e0000 - 0x00007ffdd5a5e000 	C:\WINDOWS\System32\combase.dll
0x00007ffdd5430000 - 0x00007ffdd5506000 	C:\WINDOWS\System32\OLEAUT32.dll
0x00007ffdb7f80000 - 0x00007ffdb7fb9000 	C:\WINDOWS\SYSTEM32\dbgcore.DLL
0x00007ffdd3850000 - 0x00007ffdd38e9000 	C:\WINDOWS\System32\bcryptPrimitives.dll
0x00007ffd87150000 - 0x00007ffd87175000 	C:\Program Files\java\jdk-17\bin\java.dll
0x00007ffd33320000 - 0x00007ffd333f7000 	C:\Program Files\java\jdk-17\bin\jsvml.dll
0x00007ffdd4700000 - 0x00007ffdd4e00000 	C:\WINDOWS\System32\SHELL32.dll
0x00007ffdd0d20000 - 0x00007ffdd1551000 	C:\WINDOWS\SYSTEM32\windows.storage.dll
0x00007ffdd51c0000 - 0x00007ffdd529a000 	C:\WINDOWS\System32\SHCORE.dll
0x00007ffdd5510000 - 0x00007ffdd556d000 	C:\WINDOWS\System32\shlwapi.dll
0x00007ffdd2f60000 - 0x00007ffdd2f8e000 	C:\WINDOWS\SYSTEM32\profapi.dll
0x00007ffd870e0000 - 0x00007ffd870f9000 	C:\Program Files\java\jdk-17\bin\net.dll
0x00007ffdce530000 - 0x00007ffdce656000 	C:\WINDOWS\SYSTEM32\WINHTTP.dll
0x00007ffdd2330000 - 0x00007ffdd2398000 	C:\WINDOWS\system32\mswsock.dll
0x00007ffd870c0000 - 0x00007ffd870d6000 	C:\Program Files\java\jdk-17\bin\nio.dll
0x00007ffd65ec0000 - 0x00007ffd65ed8000 	C:\Program Files\java\jdk-17\bin\zip.dll
0x00007ffd8b770000 - 0x00007ffd8b77a000 	C:\Program Files\java\jdk-17\bin\management.dll
0x00007ffd870b0000 - 0x00007ffd870bb000 	C:\Program Files\java\jdk-17\bin\management_ext.dll
0x00007ffdd1810000 - 0x00007ffdd1842000 	C:\WINDOWS\SYSTEM32\IPHLPAPI.DLL
0x00007ffdd5570000 - 0x00007ffdd557a000 	C:\WINDOWS\System32\NSI.dll
0x00007ffdce8b0000 - 0x00007ffdce8ce000 	C:\WINDOWS\SYSTEM32\dhcpcsvc6.DLL
0x00007ffdce830000 - 0x00007ffdce855000 	C:\WINDOWS\SYSTEM32\dhcpcsvc.DLL
0x00007ffdd1850000 - 0x00007ffdd1975000 	C:\WINDOWS\SYSTEM32\DNSAPI.dll
0x00007ffdcc560000 - 0x00007ffdcc56b000 	C:\Windows\System32\rasadhlp.dll
0x00007ffdcee80000 - 0x00007ffdcef05000 	C:\WINDOWS\System32\fwpuclnt.dll
0x00007ffd65ea0000 - 0x00007ffd65eae000 	C:\Program Files\java\jdk-17\bin\sunmscapi.dll
0x00007ffdd3190000 - 0x00007ffdd3306000 	C:\WINDOWS\System32\CRYPT32.dll
0x00007ffdd2830000 - 0x00007ffdd2860000 	C:\WINDOWS\SYSTEM32\ncrypt.dll
0x00007ffdd27e0000 - 0x00007ffdd281f000 	C:\WINDOWS\SYSTEM32\NTASN1.dll
0x00007ffdd26e0000 - 0x00007ffdd26fc000 	C:\WINDOWS\SYSTEM32\CRYPTSP.dll
0x00007ffdd1db0000 - 0x00007ffdd1de8000 	C:\WINDOWS\system32\rsaenh.dll
0x00007ffdd23d0000 - 0x00007ffdd23fb000 	C:\WINDOWS\SYSTEM32\USERENV.dll
0x00007ffdd2870000 - 0x00007ffdd2896000 	C:\WINDOWS\SYSTEM32\bcrypt.dll
0x00007ffdd2560000 - 0x00007ffdd256c000 	C:\WINDOWS\SYSTEM32\CRYPTBASE.dll
0x00007ffdb62d0000 - 0x00007ffdb62e8000 	C:\WINDOWS\system32\napinsp.dll
0x00007ffdb62a0000 - 0x00007ffdb62b2000 	C:\WINDOWS\System32\winrnr.dll
0x00007ffdb6270000 - 0x00007ffdb6292000 	C:\WINDOWS\system32\nlansp_c.dll
0x00007ffdc9f00000 - 0x00007ffdc9f16000 	C:\WINDOWS\system32\wshbth.dll
0x00007ffd4a1b0000 - 0x00007ffd4a1c0000 	C:\Program Files\java\jdk-17\bin\verify.dll
0x00007ffd9cdb0000 - 0x00007ffd9cdb8000 	C:\WINDOWS\system32\wshunix.dll

dbghelp: loaded successfully - version: 4.0.5 - missing functions: none
symbol engine: initialized successfully - sym options: 0x614 - pdb path: .;C:\Program Files\java\jdk-17\bin;C:\WINDOWS\SYSTEM32;C:\WINDOWS\WinSxS\amd64_microsoft.windows.common-controls_6595b64144ccf1df_6.0.26100.2454_none_3e0b68a2e331ad60;C:\Program Files\java\jdk-17\bin\server

VM Arguments:
jvm_args: -XX:+ShowCodeDetailsInExceptionMessages 
java_command: com.manamer.backend.business.sellout.SelloutApplication
java_class_path (initial): C:\Users\Fernanda Jama\OneDrive - Manamer\Documentos\PROYEC_DEVELOP\SellOut\backend\business\sellout\target\classes;C:\Users\Fernanda Jama\.m2\repository\org\springframework\boot\spring-boot-starter\3.2.4\spring-boot-starter-3.2.4.jar;C:\Users\Fernanda Jama\.m2\repository\org\springframework\boot\spring-boot\3.2.4\spring-boot-3.2.4.jar;C:\Users\Fernanda Jama\.m2\repository\org\springframework\boot\spring-boot-autoconfigure\3.2.4\spring-boot-autoconfigure-3.2.4.jar;C:\Users\Fernanda Jama\.m2\repository\org\springframework\boot\spring-boot-starter-logging\3.2.4\spring-boot-starter-logging-3.2.4.jar;C:\Users\Fernanda Jama\.m2\repository\ch\qos\logback\logback-classic\1.4.14\logback-classic-1.4.14.jar;C:\Users\Fernanda Jama\.m2\repository\ch\qos\logback\logback-core\1.4.14\logback-core-1.4.14.jar;C:\Users\Fernanda Jama\.m2\repository\org\apache\logging\log4j\log4j-to-slf4j\2.23.1\log4j-to-slf4j-2.23.1.jar;C:\Users\Fernanda Jama\.m2\repository\org\slf4j\jul-to-slf4j\2.0.12\jul-to-slf4j-2.0.12.jar;C:\Users\Fernanda Jama\.m2\repository\jakarta\annotation\jakarta.annotation-api\2.1.1\jakarta.annotation-api-2.1.1.jar;C:\Users\Fernanda Jama\.m2\repository\org\springframework\spring-core\6.1.11\spring-core-6.1.11.jar;C:\Users\Fernanda Jama\.m2\repository\org\springframework\spring-jcl\6.1.11\spring-jcl-6.1.11.jar;C:\Users\Fernanda Jama\.m2\repository\org\yaml\snakeyaml\2.2\snakeyaml-2.2.jar;C:\Users\Fernanda Jama\.m2\repository\com\microsoft\sqlserver\mssql-jdbc\12.4.2.jre11\mssql-jdbc-12.4.2.jre11.jar;C:\Users\Fernanda Jama\.m2\repository\org\projectlombok\lombok\1.18.24\lombok-1.18.24.jar;C:\Users\Fernanda Jama\.m2\repository\org\springframework\boot\spring-boot-starter-data-jpa\3.2.4\spring-boot-starter-data-jpa-3.2.4.jar;C:\Users\Fernanda Jama\.m2\repository\org\springframework\boot\spring-boot-starter-aop\3.2.4\spring-boot-starter-aop-3.2.4.jar;C:\Users\Fernanda Jama\.m2\repository\org\aspectj\aspectjweaver\1.9.21\aspectjweaver-1.9.21.jar;C:\U
Launcher Type: SUN_STANDARD

[Global flags]
     intx CICompilerCount                          = 4                                         {product} {ergonomic}
     uint ConcGCThreads                            = 2                                         {product} {ergonomic}
     uint G1ConcRefinementThreads                  = 8                                         {product} {ergonomic}
   size_t G1HeapRegionSize                         = 4194304                                   {product} {ergonomic}
    uintx GCDrainStackTargetSize                   = 64                                        {product} {ergonomic}
   size_t InitialHeapSize                          = 532676608                                 {product} {ergonomic}
   size_t MarkStackSize                            = 4194304                                   {product} {ergonomic}
   size_t MaxHeapSize                              = 8518631424                                {product} {ergonomic}
   size_t MaxNewSize                               = 5108662272                                {product} {ergonomic}
   size_t MinHeapDeltaBytes                        = 4194304                                   {product} {ergonomic}
   size_t MinHeapSize                              = 8388608                                   {product} {ergonomic}
    uintx NonNMethodCodeHeapSize                   = 5839372                                {pd product} {ergonomic}
    uintx NonProfiledCodeHeapSize                  = 122909434                              {pd product} {ergonomic}
    uintx ProfiledCodeHeapSize                     = 122909434                              {pd product} {ergonomic}
    uintx ReservedCodeCacheSize                    = 251658240                              {pd product} {ergonomic}
     bool SegmentedCodeCache                       = true                                      {product} {ergonomic}
     bool ShowCodeDetailsInExceptionMessages       = true                                   {manageable} {command line}
   size_t SoftMaxHeapSize                          = 8518631424                             {manageable} {ergonomic}
     bool UseCompressedClassPointers               = true                           {product lp64_product} {ergonomic}
     bool UseCompressedOops                        = true                           {product lp64_product} {ergonomic}
     bool UseG1GC                                  = true                                      {product} {ergonomic}
     bool UseLargePagesIndividualAllocation        = false                                  {pd product} {ergonomic}

Logging:
Log output configuration:
 #0: stdout all=warning uptime,level,tags
 #1: stderr all=off uptime,level,tags

Environment Variables:
JAVA_HOME=C:\Program Files\java\jdk-17
CLASSPATH=C:\Program Files\SAP\SAP Business One DI API\JCO\LIB\sbowrapper.jar;C:\Program Files\SAP\SAP Business One DI API\JCO\LIB\sboapi.jar;C:\Program Files (x86)\SAP\SAP Business One DI API\JCO\LIB\sbowrapper.jar;C:\Program Files (x86)\SAP\SAP Business One DI API\JCO\LIB\sboapi.jar
PATH=C:\Python312\Scripts\;C:\Python312\;C:\Program Files\Eclipse Adoptium\jdk-21.0.3.9-hotspot\bin;C:\Program Files\java\jdk-17\bin;C:\Program Files\Microsoft MPI\Bin\;C:\apache-maven-3.9.6\bin;C:\Program Files\Common Files\Oracle\Java\javapath;C:\Program Files\Eclipse Foundation\jdk-8.0.302.8-hotspot\bin;C:\WINDOWS\system32;C:\WINDOWS;C:\WINDOWS\System32\Wbem;C:\WINDOWS\System32\WindowsPowerShell\v1.0\;C:\WINDOWS\System32\OpenSSH\;C:\Program Files\Azure Data Studio\bin;C:\Program Files\Microsoft SQL Server\Client SDK\ODBC\170\Tools\Binn\;C:\ProgramData\chocolatey\bin;C:\Program Files\Git\cmd;C:\Program Files\PuTTY\;C:\Program Files\Eclipse Adoptium\jdk-21.0.3.9-hotspot\\bin;C:\Program Files\SAP\SAP Business One DI API\JCO\LIB\;C:\Program Files\SAP\SAP Business One DI API\DI API 90;C:\Program Files\SAP\SAP Business One\;C:\Program Files (x86)\SAP\SAP Business One DI API\JCO\LIB\;C:\Program Files (x86)\SAP\SAP Business One DI API\DI API 90;C:\Program Files (x86)\SAP\SAP Business One\;C:\Program Files\Docker\Docker\resources\bin;C:\Program Files (x86)\Microsoft SQL Server\160\Tools\Binn\;C:\Program Files\Microsoft SQL Server\160\Tools\Binn\;C:\Program Files\Microsoft SQL Server\160\DTS\Binn\;C:\Program Files (x86)\Microsoft SQL Server\160\DTS\Binn\;C:\Program Files\Microsoft SQL Server\130\Tools\Binn\;C:\Program Files (x86)\Microsoft SQL Server\150\Tools\Binn\;C:\Program Files\Microsoft SQL Server\150\Tools\Binn\;C:\Program Files\Microsoft SQL Server\150\DTS\Binn\;C:\xampp\php;C:\Program Files\nodejs\;C:\Users\Fernanda Jama\AppData\Local\Microsoft\WindowsApps;C:\Program Files\Azure Data Studio\bin;C:\Users\Fernanda Jama\AppData\Local\GitHubDesktop\bin;C:\Program Files\java\jdk-17\bin;C:\Program Files\JetBrains\IntelliJ IDEA 2024.1\bin;;C:\Program Files\JetBrains\IntelliJ IDEA Community Edition 2023.2.5\bin;;C:\Users\Fernanda Jama\AppData\Local\Programs\Microsoft VS Code\bin;C:\Program Files\JetBrains\DataGrip 2024.2.1\bin;;C:\xampp\php;C:\Program Files\vtex\bin;C:\Users
USERNAME=Fernanda Jama
LANG=en_US.UTF-8
OS=Windows_NT
PROCESSOR_IDENTIFIER=Intel64 Family 6 Model 140 Stepping 1, GenuineIntel



---------------  S Y S T E M  ---------------

OS:
 Windows 11 , 64 bit Build 26100 (10.0.26100.2454)
OS uptime: 1 days 23:54 hours
Hyper-V role detected

CPU: total 8 (initial active 8) (4 cores per cpu, 2 threads per core) family 6 model 140 stepping 1 microcode 0xb8, cx8, cmov, fxsr, ht, mmx, 3dnowpref, sse, sse2, sse3, ssse3, sse4.1, sse4.2, popcnt, lzcnt, tsc, tscinvbit, avx, avx2, aes, erms, clmul, bmi1, bmi2, adx, avx512f, avx512dq, avx512cd, avx512bw, avx512vl, sha, fma, vzeroupper, avx512_vpopcntdq, avx512_vpclmulqdq, avx512_vaes, avx512_vnni, clflush, clflushopt, clwb, avx512_vbmi2, avx512_vbmi, hv

Memory: 4k page, system-wide physical 32494M (927M free)
TotalPageFile size 93435M (AvailPageFile size 0M)
current process WorkingSet (physical memory assigned to process): 146M, peak: 458M
current process commit charge ("private bytes"): 609M, peak: 689M

vm_info: Java HotSpot(TM) 64-Bit Server VM (17.0.9+11-LTS-201) for windows-amd64 JRE (17.0.9+11-LTS-201), built on Oct 10 2023 23:16:06 by "mach5one" with MS VC++ 17.1 (VS2022)

END.
