#
# There is insufficient memory for the Java Runtime Environment to continue.
# Native memory allocation (malloc) failed to allocate 1342256 bytes for Chunk::new
# Possible reasons:
#   The system is out of physical RAM or swap space
#   The process is running with CompressedOops enabled, and the Java Heap may be blocking the growth of the native heap
# Possible solutions:
#   Reduce memory load on the system
#   Increase physical memory or swap space
#   Check if swap backing store is full
#   Decrease Java heap size (-Xmx/-Xms)
#   Decrease number of Java threads
#   Decrease Java thread stack sizes (-Xss)
#   Set larger code cache with -XX:ReservedCodeCacheSize=
#   JVM is running with Zero Based Compressed Oops mode in which the Java heap is
#     placed in the first 32GB address space. The Java Heap base address is the
#     maximum limit for the native heap growth. Please use -XX:HeapBaseMinAddress
#     to set the Java Heap base and to place the Java Heap above 32GB virtual address.
# This output file may be truncated or incomplete.
#
#  Out of Memory Error (arena.cpp:189), pid=23508, tid=18336
#
# JRE version: Java(TM) SE Runtime Environment (17.0.9+11) (build 17.0.9+11-LTS-201)
# Java VM: Java HotSpot(TM) 64-Bit Server VM (17.0.9+11-LTS-201, mixed mode, sharing, tiered, compressed oops, compressed class ptrs, g1 gc, windows-amd64)
# No core dump will be written. Minidumps are not enabled by default on client versions of Windows
#

---------------  S U M M A R Y ------------

Command Line: -XX:+ShowCodeDetailsInExceptionMessages com.manamer.SellOut.infraestructure.apigateway.ApigatewayApplication

Host: 11th Gen Intel(R) Core(TM) i7-1165G7 @ 2.80GHz, 8 cores, 31G,  Windows 11 , 64 bit Build 26100 (10.0.26100.2454)
Time: Mon Jan  6 15:00:49 2025 Hora est. Pacífico, Sudamérica elapsed time: 20582.388534 seconds (0d 5h 43m 2s)

---------------  T H R E A D  ---------------

Current thread (0x000001fe7e255b20):  JavaThread "C2 CompilerThread0" daemon [_thread_in_native, id=18336, stack(0x000000bbc6b00000,0x000000bbc6c00000)]


Current CompileTask:
C2:20582389 10995       4       com.fasterxml.jackson.databind.introspect.POJOPropertiesCollector::_addFields (577 bytes)

Stack: [0x000000bbc6b00000,0x000000bbc6c00000]
Native frames: (J=compiled Java code, j=interpreted, Vv=VM code, C=native code)
V  [jvm.dll+0x678a4a]
V  [jvm.dll+0x7d9cfd]
V  [jvm.dll+0x7db60e]
V  [jvm.dll+0x7dbc73]
V  [jvm.dll+0x245e1f]
V  [jvm.dll+0xaaafb]
V  [jvm.dll+0xab09c]
V  [jvm.dll+0x36232f]
V  [jvm.dll+0x32ca01]
V  [jvm.dll+0x32be9a]
V  [jvm.dll+0x21812f]
V  [jvm.dll+0x217561]
V  [jvm.dll+0x1a3bc0]
V  [jvm.dll+0x2272de]
V  [jvm.dll+0x22548b]
V  [jvm.dll+0x78f58c]
V  [jvm.dll+0x78998a]
V  [jvm.dll+0x677875]
C  [ucrtbase.dll+0x14ea0]
C  [KERNEL32.DLL+0x2e8d7]
C  [ntdll.dll+0xdfbcc]


---------------  P R O C E S S  ---------------

Threads class SMR info:
_java_thread_list=0x000001fe71effc40, length=35, elements={
0x000001fe7e2392a0, 0x000001fe7e239d70, 0x000001fe7e24f2e0, 0x000001fe7e251cc0,
0x000001fe7e252590, 0x000001fe7e252e60, 0x000001fe7e255b20, 0x000001fe7e262f60,
0x000001fe7e263870, 0x000001fe28731970, 0x000001fe28777ca0, 0x000001fe6f877c70,
0x000001fe6f876d40, 0x000001fe6f877760, 0x000001fe6f875e10, 0x000001fe6f8753f0,
0x000001fe6f876830, 0x000001fe6f877250, 0x000001fe6f878180, 0x000001fe2895ea10,
0x000001fe28960d80, 0x000001fe28960360, 0x000001fe2895f940, 0x000001fe2895d5d0,
0x000001fe2895dff0, 0x000001fe2895dae0, 0x000001fe28960870, 0x000001fe28961290,
0x000001fe289617a0, 0x000001fe28961cb0, 0x000001fe2895fe50, 0x000001fe2895f430,
0x000001fe289621c0, 0x000001fe289626d0, 0x000001fe2895ef20
}

Java Threads: ( => current thread )
  0x000001fe7e2392a0 JavaThread "Reference Handler" daemon [_thread_blocked, id=3216, stack(0x000000bbc6500000,0x000000bbc6600000)]
  0x000001fe7e239d70 JavaThread "Finalizer" daemon [_thread_blocked, id=1012, stack(0x000000bbc6600000,0x000000bbc6700000)]
  0x000001fe7e24f2e0 JavaThread "Signal Dispatcher" daemon [_thread_blocked, id=13644, stack(0x000000bbc6700000,0x000000bbc6800000)]
  0x000001fe7e251cc0 JavaThread "Attach Listener" daemon [_thread_blocked, id=11108, stack(0x000000bbc6800000,0x000000bbc6900000)]
  0x000001fe7e252590 JavaThread "Service Thread" daemon [_thread_blocked, id=4280, stack(0x000000bbc6900000,0x000000bbc6a00000)]
  0x000001fe7e252e60 JavaThread "Monitor Deflation Thread" daemon [_thread_blocked, id=14436, stack(0x000000bbc6a00000,0x000000bbc6b00000)]
=>0x000001fe7e255b20 JavaThread "C2 CompilerThread0" daemon [_thread_in_native, id=18336, stack(0x000000bbc6b00000,0x000000bbc6c00000)]
  0x000001fe7e262f60 JavaThread "C1 CompilerThread0" daemon [_thread_blocked, id=11116, stack(0x000000bbc6c00000,0x000000bbc6d00000)]
  0x000001fe7e263870 JavaThread "Sweeper thread" daemon [_thread_blocked, id=6740, stack(0x000000bbc6d00000,0x000000bbc6e00000)]
  0x000001fe28731970 JavaThread "Notification Thread" daemon [_thread_blocked, id=23848, stack(0x000000bbc6e00000,0x000000bbc6f00000)]
  0x000001fe28777ca0 JavaThread "Common-Cleaner" daemon [_thread_blocked, id=14308, stack(0x000000bbc7000000,0x000000bbc7100000)]
  0x000001fe6f877c70 JavaThread "boundedElastic-evictor-1" daemon [_thread_blocked, id=24708, stack(0x000000bbc7f00000,0x000000bbc8000000)]
  0x000001fe6f876d40 JavaThread "spring.cloud.inetutils" daemon [_thread_blocked, id=10508, stack(0x000000bbc7d00000,0x000000bbc7e00000)]
  0x000001fe6f877760 JavaThread "File Watcher" daemon [_thread_blocked, id=14456, stack(0x000000bbc8000000,0x000000bbc8100000)]
  0x000001fe6f875e10 JavaThread "AsyncResolver-bootstrap-0" daemon [_thread_blocked, id=11532, stack(0x000000bbc8100000,0x000000bbc8200000)]
  0x000001fe6f8753f0 JavaThread "idle-connection-evictor-1" daemon [_thread_blocked, id=19500, stack(0x000000bbc8200000,0x000000bbc8300000)]
  0x000001fe6f876830 JavaThread "DiscoveryClient-0" daemon [_thread_blocked, id=18516, stack(0x000000bbc8300000,0x000000bbc8400000)]
  0x000001fe6f877250 JavaThread "DiscoveryClient-1" daemon [_thread_blocked, id=17192, stack(0x000000bbc8400000,0x000000bbc8500000)]
  0x000001fe6f878180 JavaThread "DiscoveryClient-InstanceInfoReplicator-0" daemon [_thread_blocked, id=10876, stack(0x000000bbc8500000,0x000000bbc8600000)]
  0x000001fe2895ea10 JavaThread "reactor-http-nio-1" daemon [_thread_in_native, id=25252, stack(0x000000bbc7e00000,0x000000bbc7f00000)]
  0x000001fe28960d80 JavaThread "server" [_thread_blocked, id=21648, stack(0x000000bbc8600000,0x000000bbc8700000)]
  0x000001fe28960360 JavaThread "DestroyJavaVM" [_thread_blocked, id=17748, stack(0x000000bbc5e00000,0x000000bbc5f00000)]
  0x000001fe2895f940 JavaThread "DiscoveryClient-CacheRefreshExecutor-0" daemon [_thread_blocked, id=7688, stack(0x000000bbc7a00000,0x000000bbc7b00000)]
  0x000001fe2895d5d0 JavaThread "DiscoveryClient-HeartbeatExecutor-0" daemon [_thread_blocked, id=25140, stack(0x000000bbc7b00000,0x000000bbc7c00000)]
  0x000001fe2895dff0 JavaThread "reactor-http-nio-2" daemon [_thread_in_native, id=2304, stack(0x000000bbc5b00000,0x000000bbc5c00000)]
  0x000001fe2895dae0 JavaThread "parallel-1" daemon [_thread_blocked, id=23392, stack(0x000000bbc8800000,0x000000bbc8900000)]
  0x000001fe28960870 JavaThread "pool-11-thread-1" daemon [_thread_blocked, id=11712, stack(0x000000bbc8900000,0x000000bbc8a00000)]
  0x000001fe28961290 JavaThread "reactor-http-nio-3" daemon [_thread_in_native, id=3464, stack(0x000000bbc8a00000,0x000000bbc8b00000)]
  0x000001fe289617a0 JavaThread "reactor-http-nio-4" daemon [_thread_in_native, id=19544, stack(0x000000bbc8b00000,0x000000bbc8c00000)]
  0x000001fe28961cb0 JavaThread "reactor-http-nio-5" daemon [_thread_in_native, id=23116, stack(0x000000bbc8c00000,0x000000bbc8d00000)]
  0x000001fe2895fe50 JavaThread "reactor-http-nio-6" daemon [_thread_in_native, id=10220, stack(0x000000bbc8d00000,0x000000bbc8e00000)]
  0x000001fe2895f430 JavaThread "reactor-http-nio-7" daemon [_thread_in_native, id=12024, stack(0x000000bbc8e00000,0x000000bbc8f00000)]
  0x000001fe289621c0 JavaThread "reactor-http-nio-8" daemon [_thread_in_native, id=12304, stack(0x000000bbc8f00000,0x000000bbc9000000)]
  0x000001fe289626d0 JavaThread "Thread-15" daemon [_thread_in_native, id=24856, stack(0x000000bbc9000000,0x000000bbc9100000)]
  0x000001fe2895ef20 JavaThread "AsyncResolver-bootstrap-executor-0" daemon [_thread_blocked, id=7572, stack(0x000000bbc5d00000,0x000000bbc5e00000)]

Other Threads:
  0x000001fe7e2355b0 VMThread "VM Thread" [stack: 0x000000bbc6400000,0x000000bbc6500000] [id=812]
  0x000001fe7e0ab820 WatcherThread [stack: 0x000000bbc6f00000,0x000000bbc7000000] [id=18004]
  0x000001fe7a53e230 GCTaskThread "GC Thread#0" [stack: 0x000000bbc5f00000,0x000000bbc6000000] [id=20656]
  0x000001fe6e3edb90 GCTaskThread "GC Thread#1" [stack: 0x000000bbc7300000,0x000000bbc7400000] [id=6748]
  0x000001fe6e4c0f20 GCTaskThread "GC Thread#2" [stack: 0x000000bbc7400000,0x000000bbc7500000] [id=10000]
  0x000001fe6e28bfd0 GCTaskThread "GC Thread#3" [stack: 0x000000bbc7500000,0x000000bbc7600000] [id=22936]
  0x000001fe6e28c290 GCTaskThread "GC Thread#4" [stack: 0x000000bbc7600000,0x000000bbc7700000] [id=21632]
  0x000001fe6e28c550 GCTaskThread "GC Thread#5" [stack: 0x000000bbc7700000,0x000000bbc7800000] [id=13112]
  0x000001fe6e28c810 GCTaskThread "GC Thread#6" [stack: 0x000000bbc7800000,0x000000bbc7900000] [id=15588]
  0x000001fe6e28cad0 GCTaskThread "GC Thread#7" [stack: 0x000000bbc7900000,0x000000bbc7a00000] [id=1804]
  0x000001fe7e0a0220 ConcurrentGCThread "G1 Main Marker" [stack: 0x000000bbc6000000,0x000000bbc6100000] [id=20312]
  0x000001fe7e0a2650 ConcurrentGCThread "G1 Conc#0" [stack: 0x000000bbc6100000,0x000000bbc6200000] [id=9528]
  0x000001fe6fc11e60 ConcurrentGCThread "G1 Conc#1" [stack: 0x000000bbc7200000,0x000000bbc7300000] [id=9932]
  0x000001fe7e163ef0 ConcurrentGCThread "G1 Refine#0" [stack: 0x000000bbc6200000,0x000000bbc6300000] [id=14356]
  0x000001fe7e1646d0 ConcurrentGCThread "G1 Service" [stack: 0x000000bbc6300000,0x000000bbc6400000] [id=21700]

Threads with active compile tasks:
C2 CompilerThread0  20582422 10995       4       com.fasterxml.jackson.databind.introspect.POJOPropertiesCollector::_addFields (577 bytes)

VM state: not at safepoint (normal execution)

VM Mutex/Monitor currently owned by a thread: None

Heap address: 0x0000000604400000, size: 8124 MB, Compressed Oops mode: Zero based, Oop shift amount: 3

CDS archive(s) mapped at: [0x000001fe29000000-0x000001fe29bd0000-0x000001fe29bd0000), size 12386304, SharedBaseAddress: 0x000001fe29000000, ArchiveRelocationMode: 1.
Compressed class space mapped at: 0x000001fe2a000000-0x000001fe6a000000, reserved size: 1073741824
Narrow klass base: 0x000001fe29000000, Narrow klass shift: 0, Narrow klass range: 0x100000000

GC Precious Log:
 CPUs: 8 total, 8 available
 Memory: 32494M
 Large Page Support: Disabled
 NUMA Support: Disabled
 Compressed Oops: Enabled (Zero based)
 Heap Region Size: 4M
 Heap Min Capacity: 8M
 Heap Initial Capacity: 508M
 Heap Max Capacity: 8124M
 Pre-touch: Disabled
 Parallel Workers: 8
 Concurrent Workers: 2
 Concurrent Refinement Workers: 8
 Periodic GC: Disabled

Heap:
 garbage-first heap   total 69632K, used 40498K [0x0000000604400000, 0x0000000800000000)
  region size 4096K, 5 young (20480K), 1 survivors (4096K)
 Metaspace       used 57680K, committed 58240K, reserved 1114112K
  class space    used 7430K, committed 7744K, reserved 1048576K

Heap Regions: E=young(eden), S=young(survivor), O=old, HS=humongous(starts), HC=humongous(continues), CS=collection set, F=free, OA=open archive, CA=closed archive, TAMS=top-at-mark-start (previous, next)
|   0|0x0000000604400000, 0x0000000604800000, 0x0000000604800000|100%| O|  |TAMS 0x0000000604800000, 0x0000000604400000| Untracked 
|   1|0x0000000604800000, 0x0000000604bbea00, 0x0000000604c00000| 93%| O|  |TAMS 0x0000000604bbea00, 0x0000000604800000| Untracked 
|   2|0x0000000604c00000, 0x0000000605000000, 0x0000000605000000|100%| O|  |TAMS 0x0000000605000000, 0x0000000604c00000| Untracked 
|   3|0x0000000605000000, 0x00000006053aaa00, 0x0000000605400000| 91%| O|  |TAMS 0x00000006053a5600, 0x0000000605000000| Untracked 
|   4|0x0000000605400000, 0x0000000605400000, 0x0000000605800000|  0%| F|  |TAMS 0x0000000605400000, 0x0000000605400000| Untracked 
|   5|0x0000000605800000, 0x0000000605800000, 0x0000000605c00000|  0%| F|  |TAMS 0x0000000605800000, 0x0000000605800000| Untracked 
|   6|0x0000000605c00000, 0x0000000606000000, 0x0000000606000000|100%| O|  |TAMS 0x0000000606000000, 0x0000000605c00000| Untracked 
|   7|0x0000000606000000, 0x0000000606400000, 0x0000000606400000|100%| O|  |TAMS 0x0000000606400000, 0x0000000606000000| Untracked 
|   8|0x0000000606400000, 0x0000000606800000, 0x0000000606800000|100%| O|  |TAMS 0x0000000606800000, 0x0000000606400000| Untracked 
|   9|0x0000000606800000, 0x0000000606800000, 0x0000000606c00000|  0%| F|  |TAMS 0x0000000606800000, 0x0000000606800000| Untracked 
|  10|0x0000000606c00000, 0x0000000606c23518, 0x0000000607000000|  3%| S|CS|TAMS 0x0000000606c00000, 0x0000000606c00000| Complete 
|  11|0x0000000607000000, 0x0000000607000000, 0x0000000607400000|  0%| F|  |TAMS 0x0000000607000000, 0x0000000607000000| Untracked 
|  12|0x0000000607400000, 0x0000000607400000, 0x0000000607800000|  0%| F|  |TAMS 0x0000000607400000, 0x0000000607400000| Untracked 
|  13|0x0000000607800000, 0x0000000607a347f8, 0x0000000607c00000| 55%| E|  |TAMS 0x0000000607800000, 0x0000000607800000| Complete 
| 114|0x0000000620c00000, 0x0000000621000000, 0x0000000621000000|100%| E|CS|TAMS 0x0000000620c00000, 0x0000000620c00000| Complete 
| 117|0x0000000621800000, 0x0000000621c00000, 0x0000000621c00000|100%| E|CS|TAMS 0x0000000621800000, 0x0000000621800000| Complete 
| 126|0x0000000623c00000, 0x0000000624000000, 0x0000000624000000|100%| E|CS|TAMS 0x0000000623c00000, 0x0000000623c00000| Complete 

Card table byte_map: [0x000001fe7c040000,0x000001fe7d020000] _byte_map_base: 0x000001fe7901e000

Marking Bits (Prev, Next): (CMBitMap*) 0x000001fe7a53e890, (CMBitMap*) 0x000001fe7a53e850
 Prev Bits: [0x000001fe1e6c0000, 0x000001fe265b0000)
 Next Bits: [0x000001fe167d0000, 0x000001fe1e6c0000)

Polling page: 0x000001fe7a540000

Metaspace:

Usage:
  Non-class:     49.07 MB used.
      Class:      7.26 MB used.
       Both:     56.33 MB used.

Virtual space:
  Non-class space:       64.00 MB reserved,      49.31 MB ( 77%) committed,  1 nodes.
      Class space:        1.00 GB reserved,       7.56 MB ( <1%) committed,  1 nodes.
             Both:        1.06 GB reserved,      56.88 MB (  5%) committed. 

Chunk freelists:
   Non-Class:  14.28 MB
       Class:  8.58 MB
        Both:  22.86 MB

MaxMetaspaceSize: unlimited
CompressedClassSpaceSize: 1.00 GB
Initial GC threshold: 21.00 MB
Current GC threshold: 94.62 MB
CDS: on
MetaspaceReclaimPolicy: balanced
 - commit_granule_bytes: 65536.
 - commit_granule_words: 8192.
 - virtual_space_node_default_size: 8388608.
 - enlarge_chunks_in_place: 1.
 - new_chunks_are_fully_committed: 0.
 - uncommit_free_chunks: 1.
 - use_allocation_guard: 0.
 - handle_deallocations: 1.


Internal statistics:

num_allocs_failed_limit: 6.
num_arena_births: 784.
num_arena_deaths: 242.
num_vsnodes_births: 2.
num_vsnodes_deaths: 0.
num_space_committed: 910.
num_space_uncommitted: 0.
num_chunks_returned_to_freelist: 279.
num_chunks_taken_from_freelist: 3013.
num_chunk_merges: 86.
num_chunk_splits: 1996.
num_chunks_enlarged: 1474.
num_inconsistent_stats: 0.

CodeHeap 'non-profiled nmethods': size=120000Kb used=7705Kb max_used=7705Kb free=112294Kb
 bounds [0x000001fe0f2a0000, 0x000001fe0fa30000, 0x000001fe167d0000]
CodeHeap 'profiled nmethods': size=120000Kb used=20701Kb max_used=20701Kb free=99299Kb
 bounds [0x000001fe077d0000, 0x000001fe08c10000, 0x000001fe0ed00000]
CodeHeap 'non-nmethods': size=5760Kb used=1325Kb max_used=1383Kb free=4434Kb
 bounds [0x000001fe0ed00000, 0x000001fe0ef70000, 0x000001fe0f2a0000]
 total_blobs=10260 nmethods=9618 adapters=551
 compilation: enabled
              stopped_count=0, restarted_count=0
 full_count=0

Compilation events (20 events):
Event: 20551.293 Thread 0x000001fe7e262f60 10985       3       com.fasterxml.jackson.databind.deser.std.StdKeyDeserializers::findKeyDeserializer (27 bytes)
Event: 20551.293 Thread 0x000001fe7e262f60 nmethod 10985 0x000001fe08c02210 code [0x000001fe08c023c0, 0x000001fe08c025b8]
Event: 20551.297 Thread 0x000001fe7e262f60 10987       3       java.lang.StringBuffer::<init> (7 bytes)
Event: 20551.298 Thread 0x000001fe7e262f60 nmethod 10987 0x000001fe08c02710 code [0x000001fe08c028a0, 0x000001fe08c029e8]
Event: 20551.299 Thread 0x000001fe7e255b20 nmethod 10986 0x000001fe0fa25610 code [0x000001fe0fa257a0, 0x000001fe0fa261d8]
Event: 20551.299 Thread 0x000001fe7e255b20 10988       4       java.math.BigDecimal::<init> (27 bytes)
Event: 20551.301 Thread 0x000001fe7e255b20 nmethod 10988 0x000001fe0fa26310 code [0x000001fe0fa26480, 0x000001fe0fa265d8]
Event: 20581.302 Thread 0x000001fe7e262f60 10989       3       sun.security.provider.AbstractDrbg::getEntropyInput (18 bytes)
Event: 20581.302 Thread 0x000001fe7e262f60 nmethod 10989 0x000001fe08c02a90 code [0x000001fe08c02c20, 0x000001fe08c02d68]
Event: 20581.302 Thread 0x000001fe7e262f60 10990  s    3       sun.security.provider.AbstractDrbg$NonceProvider::next (37 bytes)
Event: 20581.302 Thread 0x000001fe7e262f60 nmethod 10990 0x000001fe08c02e10 code [0x000001fe08c02fe0, 0x000001fe08c03488]
Event: 20581.302 Thread 0x000001fe7e262f60 10991   !   3       sun.security.provider.HashDrbg::initEngine (69 bytes)
Event: 20581.303 Thread 0x000001fe7e262f60 nmethod 10991 0x000001fe08c03590 code [0x000001fe08c03800, 0x000001fe08c040c8]
Event: 20581.303 Thread 0x000001fe7e262f60 10992       3       sun.security.provider.AbstractHashDrbg::instantiateAlgorithm (67 bytes)
Event: 20581.303 Thread 0x000001fe7e262f60 nmethod 10992 0x000001fe08c04410 code [0x000001fe08c04680, 0x000001fe08c05528]
Event: 20581.303 Thread 0x000001fe7e262f60 10993   !   3       org.springframework.http.converter.json.Jackson2ObjectMapperBuilder::registerWellKnownModulesIfAvailable (143 bytes)
Event: 20581.304 Thread 0x000001fe7e262f60 nmethod 10993 0x000001fe08c05a10 code [0x000001fe08c05ca0, 0x000001fe08c067d8]
Event: 20581.304 Thread 0x000001fe7e262f60 10994       3       org.springframework.http.converter.json.Jackson2ObjectMapperBuilder::customizeDefaultFeatures (49 bytes)
Event: 20581.305 Thread 0x000001fe7e262f60 nmethod 10994 0x000001fe08c06d10 code [0x000001fe08c06ee0, 0x000001fe08c072b8]
Event: 20581.306 Thread 0x000001fe7e255b20 10995       4       com.fasterxml.jackson.databind.introspect.POJOPropertiesCollector::_addFields (577 bytes)

GC Heap History (20 events):
Event: 15115.030 GC heap before
{Heap before GC invocations=43 (full 0):
 garbage-first heap   total 69632K, used 53116K [0x0000000604400000, 0x0000000800000000)
  region size 4096K, 7 young (28672K), 1 survivors (4096K)
 Metaspace       used 56948K, committed 57600K, reserved 1114112K
  class space    used 7412K, committed 7744K, reserved 1048576K
}
Event: 15115.057 GC heap after
{Heap after GC invocations=44 (full 0):
 garbage-first heap   total 69632K, used 28574K [0x0000000604400000, 0x0000000800000000)
  region size 4096K, 1 young (4096K), 1 survivors (4096K)
 Metaspace       used 56948K, committed 57600K, reserved 1114112K
  class space    used 7412K, committed 7744K, reserved 1048576K
}
Event: 16150.668 GC heap before
{Heap before GC invocations=45 (full 0):
 garbage-first heap   total 69632K, used 53150K [0x0000000604400000, 0x0000000800000000)
  region size 4096K, 7 young (28672K), 1 survivors (4096K)
 Metaspace       used 57100K, committed 57664K, reserved 1114112K
  class space    used 7412K, committed 7744K, reserved 1048576K
}
Event: 16150.682 GC heap after
{Heap after GC invocations=46 (full 0):
 garbage-first heap   total 69632K, used 28575K [0x0000000604400000, 0x0000000800000000)
  region size 4096K, 1 young (4096K), 1 survivors (4096K)
 Metaspace       used 57100K, committed 57664K, reserved 1114112K
  class space    used 7412K, committed 7744K, reserved 1048576K
}
Event: 17192.740 GC heap before
{Heap before GC invocations=46 (full 0):
 garbage-first heap   total 69632K, used 53151K [0x0000000604400000, 0x0000000800000000)
  region size 4096K, 7 young (28672K), 1 survivors (4096K)
 Metaspace       used 57112K, committed 57664K, reserved 1114112K
  class space    used 7412K, committed 7744K, reserved 1048576K
}
Event: 17192.782 GC heap after
{Heap after GC invocations=47 (full 0):
 garbage-first heap   total 69632K, used 28560K [0x0000000604400000, 0x0000000800000000)
  region size 4096K, 1 young (4096K), 1 survivors (4096K)
 Metaspace       used 57112K, committed 57664K, reserved 1114112K
  class space    used 7412K, committed 7744K, reserved 1048576K
}
Event: 18236.517 GC heap before
{Heap before GC invocations=48 (full 0):
 garbage-first heap   total 69632K, used 53136K [0x0000000604400000, 0x0000000800000000)
  region size 4096K, 7 young (28672K), 1 survivors (4096K)
 Metaspace       used 57126K, committed 57664K, reserved 1114112K
  class space    used 7412K, committed 7744K, reserved 1048576K
}
Event: 18236.524 GC heap after
{Heap after GC invocations=49 (full 0):
 garbage-first heap   total 69632K, used 28602K [0x0000000604400000, 0x0000000800000000)
  region size 4096K, 1 young (4096K), 1 survivors (4096K)
 Metaspace       used 57126K, committed 57664K, reserved 1114112K
  class space    used 7412K, committed 7744K, reserved 1048576K
}
Event: 18899.653 GC heap before
{Heap before GC invocations=49 (full 0):
 garbage-first heap   total 69632K, used 53178K [0x0000000604400000, 0x0000000800000000)
  region size 4096K, 7 young (28672K), 1 survivors (4096K)
 Metaspace       used 57289K, committed 57856K, reserved 1114112K
  class space    used 7428K, committed 7744K, reserved 1048576K
}
Event: 18899.658 GC heap after
{Heap after GC invocations=50 (full 0):
 garbage-first heap   total 69632K, used 28346K [0x0000000604400000, 0x0000000800000000)
  region size 4096K, 1 young (4096K), 1 survivors (4096K)
 Metaspace       used 57289K, committed 57856K, reserved 1114112K
  class space    used 7428K, committed 7744K, reserved 1048576K
}
Event: 19199.946 GC heap before
{Heap before GC invocations=51 (full 0):
 garbage-first heap   total 69632K, used 52922K [0x0000000604400000, 0x0000000800000000)
  region size 4096K, 7 young (28672K), 1 survivors (4096K)
 Metaspace       used 57378K, committed 57920K, reserved 1114112K
  class space    used 7428K, committed 7744K, reserved 1048576K
}
Event: 19199.949 GC heap after
{Heap after GC invocations=52 (full 0):
 garbage-first heap   total 69632K, used 28269K [0x0000000604400000, 0x0000000800000000)
  region size 4096K, 1 young (4096K), 1 survivors (4096K)
 Metaspace       used 57378K, committed 57920K, reserved 1114112K
  class space    used 7428K, committed 7744K, reserved 1048576K
}
Event: 19500.197 GC heap before
{Heap before GC invocations=52 (full 0):
 garbage-first heap   total 69632K, used 52845K [0x0000000604400000, 0x0000000800000000)
  region size 4096K, 7 young (28672K), 1 survivors (4096K)
 Metaspace       used 57451K, committed 57984K, reserved 1114112K
  class space    used 7429K, committed 7744K, reserved 1048576K
}
Event: 19500.200 GC heap after
{Heap after GC invocations=53 (full 0):
 garbage-first heap   total 69632K, used 28582K [0x0000000604400000, 0x0000000800000000)
  region size 4096K, 1 young (4096K), 1 survivors (4096K)
 Metaspace       used 57451K, committed 57984K, reserved 1114112K
  class space    used 7429K, committed 7744K, reserved 1048576K
}
Event: 19800.566 GC heap before
{Heap before GC invocations=54 (full 0):
 garbage-first heap   total 69632K, used 53158K [0x0000000604400000, 0x0000000800000000)
  region size 4096K, 7 young (28672K), 1 survivors (4096K)
 Metaspace       used 57519K, committed 58112K, reserved 1114112K
  class space    used 7429K, committed 7744K, reserved 1048576K
}
Event: 19800.569 GC heap after
{Heap after GC invocations=55 (full 0):
 garbage-first heap   total 69632K, used 28307K [0x0000000604400000, 0x0000000800000000)
  region size 4096K, 1 young (4096K), 1 survivors (4096K)
 Metaspace       used 57519K, committed 58112K, reserved 1114112K
  class space    used 7429K, committed 7744K, reserved 1048576K
}
Event: 20100.870 GC heap before
{Heap before GC invocations=55 (full 0):
 garbage-first heap   total 69632K, used 52883K [0x0000000604400000, 0x0000000800000000)
  region size 4096K, 7 young (28672K), 1 survivors (4096K)
 Metaspace       used 57587K, committed 58112K, reserved 1114112K
  class space    used 7430K, committed 7744K, reserved 1048576K
}
Event: 20100.873 GC heap after
{Heap after GC invocations=56 (full 0):
 garbage-first heap   total 69632K, used 28399K [0x0000000604400000, 0x0000000800000000)
  region size 4096K, 1 young (4096K), 1 survivors (4096K)
 Metaspace       used 57587K, committed 58112K, reserved 1114112K
  class space    used 7430K, committed 7744K, reserved 1048576K
}
Event: 20412.902 GC heap before
{Heap before GC invocations=57 (full 0):
 garbage-first heap   total 69632K, used 52975K [0x0000000604400000, 0x0000000800000000)
  region size 4096K, 7 young (28672K), 1 survivors (4096K)
 Metaspace       used 57659K, committed 58240K, reserved 1114112K
  class space    used 7430K, committed 7744K, reserved 1048576K
}
Event: 20412.906 GC heap after
{Heap after GC invocations=58 (full 0):
 garbage-first heap   total 69632K, used 28210K [0x0000000604400000, 0x0000000800000000)
  region size 4096K, 1 young (4096K), 1 survivors (4096K)
 Metaspace       used 57659K, committed 58240K, reserved 1114112K
  class space    used 7430K, committed 7744K, reserved 1048576K
}

Deoptimization events (20 events):
Event: 20364.149 Thread 0x000001fe6f877760 Uncommon trap: trap_request=0xffffff45 fr.pc=0x000001fe0f81d55c relative=0x000000000000081c
Event: 20364.150 Thread 0x000001fe6f877760 Uncommon trap: reason=unstable_if action=reinterpret pc=0x000001fe0f81d55c method=java.util.AbstractSet.equals(Ljava/lang/Object;)Z @ 31 c2
Event: 20364.150 Thread 0x000001fe6f877760 DEOPT PACKING pc=0x000001fe0f81d55c sp=0x000000bbc80fef60
Event: 20364.150 Thread 0x000001fe6f877760 DEOPT UNPACKING pc=0x000001fe0ed55ba3 sp=0x000000bbc80fee90 mode 2
Event: 20364.150 Thread 0x000001fe6f877760 Uncommon trap: trap_request=0xffffff45 fr.pc=0x000001fe0f826b88 relative=0x0000000000001448
Event: 20364.151 Thread 0x000001fe6f877760 Uncommon trap: reason=unstable_if action=reinterpret pc=0x000001fe0f826b88 method=org.springframework.boot.devtools.filewatch.FileSystemWatcher$Watcher.isDifferent(Ljava/util/Map;Ljava/util/Map;)Z @ 95 c2
Event: 20364.151 Thread 0x000001fe6f877760 DEOPT PACKING pc=0x000001fe0f826b88 sp=0x000000bbc80fefb0
Event: 20364.151 Thread 0x000001fe6f877760 DEOPT UNPACKING pc=0x000001fe0ed55ba3 sp=0x000000bbc80fef98 mode 2
Event: 20364.151 Thread 0x000001fe6f877760 Uncommon trap: trap_request=0xffffff45 fr.pc=0x000001fe0f89b198 relative=0x00000000000000d8
Event: 20364.151 Thread 0x000001fe6f877760 Uncommon trap: reason=unstable_if action=reinterpret pc=0x000001fe0f89b198 method=org.springframework.boot.devtools.filewatch.FileSystemWatcher$Watcher.scan()V @ 37 c2
Event: 20364.151 Thread 0x000001fe6f877760 DEOPT PACKING pc=0x000001fe0f89b198 sp=0x000000bbc80ff060
Event: 20364.151 Thread 0x000001fe6f877760 DEOPT UNPACKING pc=0x000001fe0ed55ba3 sp=0x000000bbc80feff0 mode 2
Event: 20364.569 Thread 0x000001fe6f877760 Uncommon trap: trap_request=0xffffff45 fr.pc=0x000001fe0f7e2f88 relative=0x0000000000000168
Event: 20364.569 Thread 0x000001fe6f877760 Uncommon trap: reason=unstable_if action=reinterpret pc=0x000001fe0f7e2f88 method=java.util.AbstractSet.equals(Ljava/lang/Object;)Z @ 31 c2
Event: 20364.569 Thread 0x000001fe6f877760 DEOPT PACKING pc=0x000001fe0f7e2f88 sp=0x000000bbc80fee40
Event: 20364.569 Thread 0x000001fe6f877760 DEOPT UNPACKING pc=0x000001fe0ed55ba3 sp=0x000000bbc80fedd8 mode 2
Event: 20551.295 Thread 0x000001fe2895f940 Uncommon trap: trap_request=0xffffff45 fr.pc=0x000001fe0f53ea7c relative=0x00000000000001dc
Event: 20551.295 Thread 0x000001fe2895f940 Uncommon trap: reason=unstable_if action=reinterpret pc=0x000001fe0f53ea7c method=java.math.BigDecimal.valueOf(JI)Ljava/math/BigDecimal; @ 12 c2
Event: 20551.297 Thread 0x000001fe2895f940 DEOPT PACKING pc=0x000001fe0f53ea7c sp=0x000000bbc7afdd20
Event: 20551.297 Thread 0x000001fe2895f940 DEOPT UNPACKING pc=0x000001fe0ed55ba3 sp=0x000000bbc7afdcb8 mode 2

Classes unloaded (20 events):
Event: 8678.177 Thread 0x000001fe7e2355b0 Unloading class 0x000001fe2a118000 'java/lang/invoke/LambdaForm$MH+0x000001fe2a118000'
Event: 8678.177 Thread 0x000001fe7e2355b0 Unloading class 0x000001fe2a038800 'java/lang/invoke/LambdaForm$MH+0x000001fe2a038800'
Event: 8678.178 Thread 0x000001fe7e2355b0 Unloading class 0x000001fe2a038400 'java/lang/invoke/LambdaForm$MH+0x000001fe2a038400'
Event: 8678.178 Thread 0x000001fe7e2355b0 Unloading class 0x000001fe2a038000 'java/lang/invoke/LambdaForm$MH+0x000001fe2a038000'
Event: 8678.178 Thread 0x000001fe7e2355b0 Unloading class 0x000001fe2a034c00 'java/lang/invoke/LambdaForm$MH+0x000001fe2a034c00'
Event: 8678.178 Thread 0x000001fe7e2355b0 Unloading class 0x000001fe2a034800 'java/lang/invoke/LambdaForm$MH+0x000001fe2a034800'
Event: 8678.178 Thread 0x000001fe7e2355b0 Unloading class 0x000001fe2a034400 'java/lang/invoke/LambdaForm$MH+0x000001fe2a034400'
Event: 8678.178 Thread 0x000001fe7e2355b0 Unloading class 0x000001fe2a018800 'java/lang/invoke/LambdaForm$MH+0x000001fe2a018800'
Event: 8678.178 Thread 0x000001fe7e2355b0 Unloading class 0x000001fe2a018400 'java/lang/invoke/LambdaForm$MH+0x000001fe2a018400'
Event: 8678.178 Thread 0x000001fe7e2355b0 Unloading class 0x000001fe2a017c00 'java/lang/invoke/LambdaForm$MH+0x000001fe2a017c00'
Event: 8678.178 Thread 0x000001fe7e2355b0 Unloading class 0x000001fe2a017800 'java/lang/invoke/LambdaForm$MH+0x000001fe2a017800'
Event: 8678.178 Thread 0x000001fe7e2355b0 Unloading class 0x000001fe2a016800 'java/lang/invoke/LambdaForm$MH+0x000001fe2a016800'
Event: 8678.178 Thread 0x000001fe7e2355b0 Unloading class 0x000001fe2a016000 'java/lang/invoke/LambdaForm$MH+0x000001fe2a016000'
Event: 8678.178 Thread 0x000001fe7e2355b0 Unloading class 0x000001fe2a015c00 'java/lang/invoke/LambdaForm$MH+0x000001fe2a015c00'
Event: 8678.178 Thread 0x000001fe7e2355b0 Unloading class 0x000001fe2a015800 'java/lang/invoke/LambdaForm$MH+0x000001fe2a015800'
Event: 8678.178 Thread 0x000001fe7e2355b0 Unloading class 0x000001fe2a015400 'java/lang/invoke/LambdaForm$MH+0x000001fe2a015400'
Event: 8678.178 Thread 0x000001fe7e2355b0 Unloading class 0x000001fe2a015000 'java/lang/invoke/LambdaForm$MH+0x000001fe2a015000'
Event: 8678.178 Thread 0x000001fe7e2355b0 Unloading class 0x000001fe2a014800 'java/lang/invoke/LambdaForm$MH+0x000001fe2a014800'
Event: 8678.178 Thread 0x000001fe7e2355b0 Unloading class 0x000001fe2a014000 'java/lang/invoke/LambdaForm$MH+0x000001fe2a014000'
Event: 10956.964 Thread 0x000001fe7e2355b0 Unloading class 0x000001fe2a780800 'jdk/internal/reflect/GeneratedConstructorAccessor46'

Classes redefined (0 events):
No events

Internal exceptions (20 events):
Event: 20551.354 Thread 0x000001fe2895d5d0 Exception <a 'java/net/SocketException'{0x0000000620f5ec68}: Socket is not connected: shutdown> (0x0000000620f5ec68) 
thrown [s\open\src\hotspot\share\prims\jni.cpp, line 535]
Event: 20551.355 Thread 0x000001fe2895d5d0 Exception <a 'java/net/ConnectException'{0x0000000620f60070}: Connection refused: no further information> (0x0000000620f60070) 
thrown [s\open\src\hotspot\share\prims\jni.cpp, line 535]
Event: 20551.355 Thread 0x000001fe2895d5d0 Exception <a 'java/net/SocketException'{0x0000000620f60650}: Socket is not connected: shutdown> (0x0000000620f60650) 
thrown [s\open\src\hotspot\share\prims\jni.cpp, line 535]
Event: 20551.356 Thread 0x000001fe2895d5d0 Exception <a 'java/io/IOException'{0x0000000620f86190}> (0x0000000620f86190) 
thrown [s\open\src\hotspot\share\prims\jni.cpp, line 516]
Event: 20551.356 Thread 0x000001fe2895d5d0 Exception <a 'java/io/IOException'{0x0000000620f87d18}> (0x0000000620f87d18) 
thrown [s\open\src\hotspot\share\prims\jni.cpp, line 516]
Event: 20551.359 Thread 0x000001fe2895d5d0 Exception <a 'java/io/IOException'{0x0000000620f997f0}> (0x0000000620f997f0) 
thrown [s\open\src\hotspot\share\prims\jni.cpp, line 516]
Event: 20581.313 Thread 0x000001fe2895f940 Exception <a 'java/net/ConnectException'{0x00000006078d9430}: Connection refused: no further information> (0x00000006078d9430) 
thrown [s\open\src\hotspot\share\prims\jni.cpp, line 535]
Event: 20581.313 Thread 0x000001fe2895f940 Exception <a 'java/net/SocketException'{0x00000006078d9a10}: Socket is not connected: shutdown> (0x00000006078d9a10) 
thrown [s\open\src\hotspot\share\prims\jni.cpp, line 535]
Event: 20581.314 Thread 0x000001fe2895f940 Exception <a 'java/net/ConnectException'{0x00000006078dae18}: Connection refused: no further information> (0x00000006078dae18) 
thrown [s\open\src\hotspot\share\prims\jni.cpp, line 535]
Event: 20581.314 Thread 0x000001fe2895f940 Exception <a 'java/net/SocketException'{0x00000006078db3f8}: Socket is not connected: shutdown> (0x00000006078db3f8) 
thrown [s\open\src\hotspot\share\prims\jni.cpp, line 535]
Event: 20581.315 Thread 0x000001fe2895f940 Exception <a 'java/io/IOException'{0x0000000607900c60}> (0x0000000607900c60) 
thrown [s\open\src\hotspot\share\prims\jni.cpp, line 516]
Event: 20581.315 Thread 0x000001fe2895f940 Exception <a 'java/io/IOException'{0x00000006079026e8}> (0x00000006079026e8) 
thrown [s\open\src\hotspot\share\prims\jni.cpp, line 516]
Event: 20581.316 Thread 0x000001fe2895f940 Exception <a 'java/io/IOException'{0x000000060790c140}> (0x000000060790c140) 
thrown [s\open\src\hotspot\share\prims\jni.cpp, line 516]
Event: 20581.368 Thread 0x000001fe2895d5d0 Exception <a 'java/net/ConnectException'{0x00000006079d17a0}: Connection refused: no further information> (0x00000006079d17a0) 
thrown [s\open\src\hotspot\share\prims\jni.cpp, line 535]
Event: 20581.369 Thread 0x000001fe2895d5d0 Exception <a 'java/net/SocketException'{0x00000006079d1d80}: Socket is not connected: shutdown> (0x00000006079d1d80) 
thrown [s\open\src\hotspot\share\prims\jni.cpp, line 535]
Event: 20581.393 Thread 0x000001fe2895d5d0 Exception <a 'java/net/ConnectException'{0x00000006079d3188}: Connection refused: no further information> (0x00000006079d3188) 
thrown [s\open\src\hotspot\share\prims\jni.cpp, line 535]
Event: 20581.393 Thread 0x000001fe2895d5d0 Exception <a 'java/net/SocketException'{0x00000006079d3768}: Socket is not connected: shutdown> (0x00000006079d3768) 
thrown [s\open\src\hotspot\share\prims\jni.cpp, line 535]
Event: 20581.394 Thread 0x000001fe2895d5d0 Exception <a 'java/io/IOException'{0x00000006079f8ea0}> (0x00000006079f8ea0) 
thrown [s\open\src\hotspot\share\prims\jni.cpp, line 516]
Event: 20581.395 Thread 0x000001fe2895d5d0 Exception <a 'java/io/IOException'{0x00000006079faa28}> (0x00000006079faa28) 
thrown [s\open\src\hotspot\share\prims\jni.cpp, line 516]
Event: 20581.396 Thread 0x000001fe2895d5d0 Exception <a 'java/io/IOException'{0x0000000607a0c758}> (0x0000000607a0c758) 
thrown [s\open\src\hotspot\share\prims\jni.cpp, line 516]

VM Operations (20 events):
Event: 20251.654 Executing VM operation: Cleanup
Event: 20251.655 Executing VM operation: Cleanup done
Event: 20341.113 Executing VM operation: Cleanup
Event: 20341.113 Executing VM operation: Cleanup done
Event: 20371.301 Executing VM operation: Cleanup
Event: 20371.302 Executing VM operation: Cleanup done
Event: 20398.471 Executing VM operation: Cleanup
Event: 20398.471 Executing VM operation: Cleanup done
Event: 20401.482 Executing VM operation: Cleanup
Event: 20401.482 Executing VM operation: Cleanup done
Event: 20412.901 Executing VM operation: G1CollectForAllocation
Event: 20412.906 Executing VM operation: G1CollectForAllocation done
Event: 20413.913 Executing VM operation: Cleanup
Event: 20413.913 Executing VM operation: Cleanup done
Event: 20432.017 Executing VM operation: Cleanup
Event: 20432.017 Executing VM operation: Cleanup done
Event: 20551.931 Executing VM operation: Cleanup
Event: 20551.931 Executing VM operation: Cleanup done
Event: 20582.213 Executing VM operation: Cleanup
Event: 20582.213 Executing VM operation: Cleanup done

Events (20 events):
Event: 18779.279 loading class sun/net/ConnectionResetException
Event: 18779.297 loading class sun/net/ConnectionResetException done
Event: 18779.446 loading class java/lang/Throwable$WrappedPrintWriter
Event: 18779.447 loading class java/lang/Throwable$PrintStreamOrWriter
Event: 18779.448 loading class java/lang/Throwable$PrintStreamOrWriter done
Event: 18779.448 loading class java/lang/Throwable$WrappedPrintWriter done
Event: 18779.457 loading class java/util/concurrent/atomic/Striped64$Cell
Event: 18779.458 loading class java/util/concurrent/atomic/Striped64$Cell done
Event: 18809.543 Thread 0x000001fe6ed41860 Thread added: 0x000001fe6ed41860
Event: 18814.582 Thread 0x000001fe6ed41860 Thread exited: 0x000001fe6ed41860
Event: 19019.771 Thread 0x000001fe725c4ae0 Thread added: 0x000001fe725c4ae0
Event: 19024.820 Thread 0x000001fe725c4ae0 Thread exited: 0x000001fe725c4ae0
Event: 19620.347 Thread 0x000001fe6e377100 Thread added: 0x000001fe6e377100
Event: 19625.373 Thread 0x000001fe6e377100 Thread exited: 0x000001fe6e377100
Event: 19650.389 Thread 0x000001fe6e3780f0 Thread added: 0x000001fe6e3780f0
Event: 19650.414 Thread 0x000001fe7e263870 flushing nmethod 0x000001fe081c9e10
Event: 19650.417 Thread 0x000001fe7e263870 flushing nmethod 0x000001fe083dfb90
Event: 19655.413 Thread 0x000001fe6e3780f0 Thread exited: 0x000001fe6e3780f0
Event: 19830.613 Thread 0x000001fe6e377ba0 Thread added: 0x000001fe6e377ba0
Event: 19835.832 Thread 0x000001fe6e377ba0 Thread exited: 0x000001fe6e377ba0


Dynamic libraries:
0x00007ff7489d0000 - 0x00007ff7489e0000 	C:\Program Files\java\jdk-17\bin\java.exe
0x00007ffd75e00000 - 0x00007ffd76063000 	C:\WINDOWS\SYSTEM32\ntdll.dll
0x00007ffd74a60000 - 0x00007ffd74b28000 	C:\WINDOWS\System32\KERNEL32.DLL
0x00007ffd734a0000 - 0x00007ffd73852000 	C:\WINDOWS\System32\KERNELBASE.dll
0x00007ffd73ae0000 - 0x00007ffd73c2b000 	C:\WINDOWS\System32\ucrtbase.dll
0x00007ffd405e0000 - 0x00007ffd405f9000 	C:\Program Files\java\jdk-17\bin\jli.dll
0x00007ffd749a0000 - 0x00007ffd74a54000 	C:\WINDOWS\System32\ADVAPI32.dll
0x00007ffd25970000 - 0x00007ffd2598b000 	C:\Program Files\java\jdk-17\bin\VCRUNTIME140.dll
0x00007ffd74c40000 - 0x00007ffd74ce9000 	C:\WINDOWS\System32\msvcrt.dll
0x00007ffd74b90000 - 0x00007ffd74c36000 	C:\WINDOWS\System32\sechost.dll
0x00007ffd75690000 - 0x00007ffd757a6000 	C:\WINDOWS\System32\RPCRT4.dll
0x00007ffd744a0000 - 0x00007ffd74668000 	C:\WINDOWS\System32\USER32.dll
0x00007ffd723b0000 - 0x00007ffd72640000 	C:\WINDOWS\WinSxS\amd64_microsoft.windows.common-controls_6595b64144ccf1df_6.0.26100.2454_none_3e0b68a2e331ad60\COMCTL32.dll
0x00007ffd73c30000 - 0x00007ffd73c57000 	C:\WINDOWS\System32\win32u.dll
0x00007ffd74310000 - 0x00007ffd7433a000 	C:\WINDOWS\System32\GDI32.dll
0x00007ffd73860000 - 0x00007ffd7398b000 	C:\WINDOWS\System32\gdi32full.dll
0x00007ffd73350000 - 0x00007ffd733f3000 	C:\WINDOWS\System32\msvcp_win.dll
0x00007ffd6d7b0000 - 0x00007ffd6d7bb000 	C:\WINDOWS\SYSTEM32\VERSION.dll
0x00007ffd75d80000 - 0x00007ffd75daf000 	C:\WINDOWS\System32\IMM32.DLL
0x00007ffd59c00000 - 0x00007ffd59c0c000 	C:\Program Files\java\jdk-17\bin\vcruntime140_1.dll
0x00007ffcd1740000 - 0x00007ffcd17ce000 	C:\Program Files\java\jdk-17\bin\msvcp140.dll
0x00007ffcb1160000 - 0x00007ffcb1d41000 	C:\Program Files\java\jdk-17\bin\server\jvm.dll
0x00007ffd757b0000 - 0x00007ffd757b8000 	C:\WINDOWS\System32\PSAPI.DLL
0x00007ffd6ad90000 - 0x00007ffd6ad9a000 	C:\WINDOWS\SYSTEM32\WSOCK32.dll
0x00007ffd67980000 - 0x00007ffd679b6000 	C:\WINDOWS\SYSTEM32\WINMM.dll
0x00007ffd74290000 - 0x00007ffd74304000 	C:\WINDOWS\System32\WS2_32.dll
0x00007ffd716a0000 - 0x00007ffd716ba000 	C:\WINDOWS\SYSTEM32\kernel.appcore.dll
0x00007ffd59a70000 - 0x00007ffd59a7a000 	C:\Program Files\java\jdk-17\bin\jimage.dll
0x00007ffd72990000 - 0x00007ffd72bd1000 	C:\WINDOWS\SYSTEM32\DBGHELP.DLL
0x00007ffd75910000 - 0x00007ffd75c8e000 	C:\WINDOWS\System32\combase.dll
0x00007ffd75ca0000 - 0x00007ffd75d76000 	C:\WINDOWS\System32\OLEAUT32.dll
0x00007ffd72850000 - 0x00007ffd72889000 	C:\WINDOWS\SYSTEM32\dbgcore.DLL
0x00007ffd73400000 - 0x00007ffd73499000 	C:\WINDOWS\System32\bcryptPrimitives.dll
0x00007ffd18550000 - 0x00007ffd18575000 	C:\Program Files\java\jdk-17\bin\java.dll
0x00007ffcbff60000 - 0x00007ffcc0037000 	C:\Program Files\java\jdk-17\bin\jsvml.dll
0x00007ffd74f70000 - 0x00007ffd75670000 	C:\WINDOWS\System32\SHELL32.dll
0x00007ffd70450000 - 0x00007ffd70c81000 	C:\WINDOWS\SYSTEM32\windows.storage.dll
0x00007ffd748c0000 - 0x00007ffd7499a000 	C:\WINDOWS\System32\SHCORE.dll
0x00007ffd74140000 - 0x00007ffd7419d000 	C:\WINDOWS\System32\shlwapi.dll
0x00007ffd730e0000 - 0x00007ffd7310e000 	C:\WINDOWS\SYSTEM32\profapi.dll
0x00007ffd20af0000 - 0x00007ffd20b09000 	C:\Program Files\java\jdk-17\bin\net.dll
0x00007ffd6e510000 - 0x00007ffd6e636000 	C:\WINDOWS\SYSTEM32\WINHTTP.dll
0x00007ffd71b40000 - 0x00007ffd71ba8000 	C:\WINDOWS\system32\mswsock.dll
0x00007ffd1cf20000 - 0x00007ffd1cf36000 	C:\Program Files\java\jdk-17\bin\nio.dll
0x00007ffd18530000 - 0x00007ffd18548000 	C:\Program Files\java\jdk-17\bin\zip.dll
0x00007ffd59730000 - 0x00007ffd5973a000 	C:\Program Files\java\jdk-17\bin\management.dll
0x00007ffd55c00000 - 0x00007ffd55c0b000 	C:\Program Files\java\jdk-17\bin\management_ext.dll
0x00007ffd710e0000 - 0x00007ffd71205000 	C:\WINDOWS\SYSTEM32\DNSAPI.dll
0x00007ffd710a0000 - 0x00007ffd710d2000 	C:\WINDOWS\SYSTEM32\IPHLPAPI.DLL
0x00007ffd75880000 - 0x00007ffd7588a000 	C:\WINDOWS\System32\NSI.dll
0x00007ffd6cbf0000 - 0x00007ffd6cbfb000 	C:\Windows\System32\rasadhlp.dll
0x00007ffd6edc0000 - 0x00007ffd6ee45000 	C:\WINDOWS\System32\fwpuclnt.dll
0x00007ffd6ebe0000 - 0x00007ffd6ebfe000 	C:\WINDOWS\SYSTEM32\dhcpcsvc6.DLL
0x00007ffd6e8d0000 - 0x00007ffd6e8f5000 	C:\WINDOWS\SYSTEM32\dhcpcsvc.DLL
0x00007ffd72d00000 - 0x00007ffd72d1c000 	C:\WINDOWS\SYSTEM32\CRYPTSP.dll
0x00007ffd71fb0000 - 0x00007ffd71fe8000 	C:\WINDOWS\system32\rsaenh.dll
0x00007ffd71bb0000 - 0x00007ffd71bdb000 	C:\WINDOWS\SYSTEM32\USERENV.dll
0x00007ffd72890000 - 0x00007ffd728b6000 	C:\WINDOWS\SYSTEM32\bcrypt.dll
0x00007ffd71fa0000 - 0x00007ffd71fac000 	C:\WINDOWS\SYSTEM32\CRYPTBASE.dll
0x00007ffd43ff0000 - 0x00007ffd44000000 	C:\Program Files\java\jdk-17\bin\verify.dll
0x00007ffd55bb0000 - 0x00007ffd55bbe000 	C:\Program Files\java\jdk-17\bin\sunmscapi.dll
0x00007ffd731d0000 - 0x00007ffd73346000 	C:\WINDOWS\System32\CRYPT32.dll
0x00007ffd72270000 - 0x00007ffd722a0000 	C:\WINDOWS\SYSTEM32\ncrypt.dll
0x00007ffd72220000 - 0x00007ffd7225f000 	C:\WINDOWS\SYSTEM32\NTASN1.dll
0x00007ffd6d760000 - 0x00007ffd6d768000 	C:\WINDOWS\system32\wshunix.dll
0x00007ffd55440000 - 0x00007ffd55458000 	C:\WINDOWS\system32\napinsp.dll
0x00007ffd549d0000 - 0x00007ffd549e2000 	C:\WINDOWS\System32\winrnr.dll
0x00007ffd549a0000 - 0x00007ffd549c2000 	C:\WINDOWS\system32\nlansp_c.dll
0x00007ffd54980000 - 0x00007ffd54996000 	C:\WINDOWS\system32\wshbth.dll

dbghelp: loaded successfully - version: 4.0.5 - missing functions: none
symbol engine: initialized successfully - sym options: 0x614 - pdb path: .;C:\Program Files\java\jdk-17\bin;C:\WINDOWS\SYSTEM32;C:\WINDOWS\WinSxS\amd64_microsoft.windows.common-controls_6595b64144ccf1df_6.0.26100.2454_none_3e0b68a2e331ad60;C:\Program Files\java\jdk-17\bin\server

VM Arguments:
jvm_args: -XX:+ShowCodeDetailsInExceptionMessages 
java_command: com.manamer.SellOut.infraestructure.apigateway.ApigatewayApplication
java_class_path (initial): C:\Users\Fernanda Jama\OneDrive - Manamer\Documentos\PROYEC_DEVELOP\SellOut\backend\infraestructure\apigateway\target\classes;C:\Users\Fernanda Jama\.m2\repository\org\springframework\cloud\spring-cloud-starter-gateway\4.1.2\spring-cloud-starter-gateway-4.1.2.jar;C:\Users\Fernanda Jama\.m2\repository\org\springframework\cloud\spring-cloud-starter\4.1.2\spring-cloud-starter-4.1.2.jar;C:\Users\Fernanda Jama\.m2\repository\org\springframework\cloud\spring-cloud-context\4.1.2\spring-cloud-context-4.1.2.jar;C:\Users\Fernanda Jama\.m2\repository\org\springframework\security\spring-security-crypto\6.3.1\spring-security-crypto-6.3.1.jar;C:\Users\Fernanda Jama\.m2\repository\org\springframework\cloud\spring-cloud-commons\4.1.2\spring-cloud-commons-4.1.2.jar;C:\Users\Fernanda Jama\.m2\repository\org\springframework\security\spring-security-rsa\1.1.2\spring-security-rsa-1.1.2.jar;C:\Users\Fernanda Jama\.m2\repository\org\bouncycastle\bcprov-jdk18on\1.77\bcprov-jdk18on-1.77.jar;C:\Users\Fernanda Jama\.m2\repository\org\springframework\cloud\spring-cloud-gateway-server\4.1.2\spring-cloud-gateway-server-4.1.2.jar;C:\Users\Fernanda Jama\.m2\repository\org\springframework\boot\spring-boot-starter-validation\3.2.4\spring-boot-starter-validation-3.2.4.jar;C:\Users\Fernanda Jama\.m2\repository\org\apache\tomcat\embed\tomcat-embed-el\10.1.19\tomcat-embed-el-10.1.19.jar;C:\Users\Fernanda Jama\.m2\repository\org\hibernate\validator\hibernate-validator\8.0.1.Final\hibernate-validator-8.0.1.Final.jar;C:\Users\Fernanda Jama\.m2\repository\jakarta\validation\jakarta.validation-api\3.0.2\jakarta.validation-api-3.0.2.jar;C:\Users\Fernanda Jama\.m2\repository\org\jboss\logging\jboss-logging\3.5.3.Final\jboss-logging-3.5.3.Final.jar;C:\Users\Fernanda Jama\.m2\repository\com\fasterxml\classmate\1.6.0\classmate-1.6.0.jar;C:\Users\Fernanda Jama\.m2\repository\io\projectreactor\addons\reactor-extra\3.5.1\reactor-extra-3.5.1.jar;C:\Users\Fernanda Jama\.m2\repository\io\pr
Launcher Type: SUN_STANDARD

[Global flags]
     intx CICompilerCount                          = 4                                         {product} {ergonomic}
     uint ConcGCThreads                            = 2                                         {product} {ergonomic}
     uint G1ConcRefinementThreads                  = 8                                         {product} {ergonomic}
   size_t G1HeapRegionSize                         = 4194304                                   {product} {ergonomic}
    uintx GCDrainStackTargetSize                   = 64                                        {product} {ergonomic}
   size_t InitialHeapSize                          = 532676608                                 {product} {ergonomic}
   size_t MarkStackSize                            = 4194304                                   {product} {ergonomic}
   size_t MaxHeapSize                              = 8518631424                                {product} {ergonomic}
   size_t MaxNewSize                               = 5108662272                                {product} {ergonomic}
   size_t MinHeapDeltaBytes                        = 4194304                                   {product} {ergonomic}
   size_t MinHeapSize                              = 8388608                                   {product} {ergonomic}
    uintx NonNMethodCodeHeapSize                   = 5839372                                {pd product} {ergonomic}
    uintx NonProfiledCodeHeapSize                  = 122909434                              {pd product} {ergonomic}
    uintx ProfiledCodeHeapSize                     = 122909434                              {pd product} {ergonomic}
    uintx ReservedCodeCacheSize                    = 251658240                              {pd product} {ergonomic}
     bool SegmentedCodeCache                       = true                                      {product} {ergonomic}
     bool ShowCodeDetailsInExceptionMessages       = true                                   {manageable} {command line}
   size_t SoftMaxHeapSize                          = 8518631424                             {manageable} {ergonomic}
     bool UseCompressedClassPointers               = true                           {product lp64_product} {ergonomic}
     bool UseCompressedOops                        = true                           {product lp64_product} {ergonomic}
     bool UseG1GC                                  = true                                      {product} {ergonomic}
     bool UseLargePagesIndividualAllocation        = false                                  {pd product} {ergonomic}

Logging:
Log output configuration:
 #0: stdout all=warning uptime,level,tags
 #1: stderr all=off uptime,level,tags

Environment Variables:
JAVA_HOME=C:\Program Files\java\jdk-17
CLASSPATH=C:\Program Files\SAP\SAP Business One DI API\JCO\LIB\sbowrapper.jar;C:\Program Files\SAP\SAP Business One DI API\JCO\LIB\sboapi.jar;C:\Program Files (x86)\SAP\SAP Business One DI API\JCO\LIB\sbowrapper.jar;C:\Program Files (x86)\SAP\SAP Business One DI API\JCO\LIB\sboapi.jar
PATH=C:\Python312\Scripts\;C:\Python312\;C:\Program Files\Eclipse Adoptium\jdk-21.0.3.9-hotspot\bin;C:\Program Files\java\jdk-17\bin;C:\Program Files\Microsoft MPI\Bin\;C:\apache-maven-3.9.6\bin;C:\Program Files\Common Files\Oracle\Java\javapath;C:\Program Files\Eclipse Foundation\jdk-8.0.302.8-hotspot\bin;C:\WINDOWS\system32;C:\WINDOWS;C:\WINDOWS\System32\Wbem;C:\WINDOWS\System32\WindowsPowerShell\v1.0\;C:\WINDOWS\System32\OpenSSH\;C:\Program Files\Azure Data Studio\bin;C:\Program Files\Microsoft SQL Server\Client SDK\ODBC\170\Tools\Binn\;C:\ProgramData\chocolatey\bin;C:\Program Files\Git\cmd;C:\Program Files\PuTTY\;C:\Program Files\Eclipse Adoptium\jdk-21.0.3.9-hotspot\\bin;C:\Program Files\SAP\SAP Business One DI API\JCO\LIB\;C:\Program Files\SAP\SAP Business One DI API\DI API 90;C:\Program Files\SAP\SAP Business One\;C:\Program Files (x86)\SAP\SAP Business One DI API\JCO\LIB\;C:\Program Files (x86)\SAP\SAP Business One DI API\DI API 90;C:\Program Files (x86)\SAP\SAP Business One\;C:\Program Files\Docker\Docker\resources\bin;C:\Program Files (x86)\Microsoft SQL Server\160\Tools\Binn\;C:\Program Files\Microsoft SQL Server\160\Tools\Binn\;C:\Program Files\Microsoft SQL Server\160\DTS\Binn\;C:\Program Files (x86)\Microsoft SQL Server\160\DTS\Binn\;C:\Program Files\Microsoft SQL Server\130\Tools\Binn\;C:\Program Files (x86)\Microsoft SQL Server\150\Tools\Binn\;C:\Program Files\Microsoft SQL Server\150\Tools\Binn\;C:\Program Files\Microsoft SQL Server\150\DTS\Binn\;C:\xampp\php;C:\Program Files\nodejs\;C:\Users\Fernanda Jama\AppData\Local\Microsoft\WindowsApps;C:\Program Files\Azure Data Studio\bin;C:\Users\Fernanda Jama\AppData\Local\GitHubDesktop\bin;C:\Program Files\java\jdk-17\bin;C:\Program Files\JetBrains\IntelliJ IDEA 2024.1\bin;;C:\Program Files\JetBrains\IntelliJ IDEA Community Edition 2023.2.5\bin;;C:\Users\Fernanda Jama\AppData\Local\Programs\Microsoft VS Code\bin;C:\Program Files\JetBrains\DataGrip 2024.2.1\bin;;C:\xampp\php;C:\Program Files\vtex\bin;C:\Users
USERNAME=Fernanda Jama
LANG=en_US.UTF-8
OS=Windows_NT
PROCESSOR_IDENTIFIER=Intel64 Family 6 Model 140 Stepping 1, GenuineIntel



---------------  S Y S T E M  ---------------

OS:
 Windows 11 , 64 bit Build 26100 (10.0.26100.2454)
OS uptime: 1 days 17:44 hours
Hyper-V role detected

CPU: total 8 (initial active 8) (4 cores per cpu, 2 threads per core) family 6 model 140 stepping 1 microcode 0xb8, cx8, cmov, fxsr, ht, mmx, 3dnowpref, sse, sse2, sse3, ssse3, sse4.1, sse4.2, popcnt, lzcnt, tsc, tscinvbit, avx, avx2, aes, erms, clmul, bmi1, bmi2, adx, avx512f, avx512dq, avx512cd, avx512bw, avx512vl, sha, fma, vzeroupper, avx512_vpopcntdq, avx512_vpclmulqdq, avx512_vaes, avx512_vnni, clflush, clflushopt, clwb, avx512_vbmi2, avx512_vbmi, hv

Memory: 4k page, system-wide physical 32494M (3667M free)
TotalPageFile size 93435M (AvailPageFile size 0M)
current process WorkingSet (physical memory assigned to process): 184M, peak: 274M
current process commit charge ("private bytes"): 312M, peak: 687M

vm_info: Java HotSpot(TM) 64-Bit Server VM (17.0.9+11-LTS-201) for windows-amd64 JRE (17.0.9+11-LTS-201), built on Oct 10 2023 23:16:06 by "mach5one" with MS VC++ 17.1 (VS2022)

END.
