#
# There is insufficient memory for the Java Runtime Environment to continue.
# Native memory allocation (malloc) failed to allocate 2333072 bytes for Chunk::new
# Possible reasons:
#   The system is out of physical RAM or swap space
#   The process is running with CompressedOops enabled, and the Java Heap may be blocking the growth of the native heap
# Possible solutions:
#   Reduce memory load on the system
#   Increase physical memory or swap space
#   Check if swap backing store is full
#   Decrease Java heap size (-Xmx/-Xms)
#   Decrease number of Java threads
#   Decrease Java thread stack sizes (-Xss)
#   Set larger code cache with -XX:ReservedCodeCacheSize=
#   JVM is running with Zero Based Compressed Oops mode in which the Java heap is
#     placed in the first 32GB address space. The Java Heap base address is the
#     maximum limit for the native heap growth. Please use -XX:HeapBaseMinAddress
#     to set the Java Heap base and to place the Java Heap above 32GB virtual address.
# This output file may be truncated or incomplete.
#
#  Out of Memory Error (arena.cpp:189), pid=23424, tid=20652
#
# JRE version: Java(TM) SE Runtime Environment (17.0.9+11) (build 17.0.9+11-LTS-201)
# Java VM: Java HotSpot(TM) 64-Bit Server VM (17.0.9+11-LTS-201, mixed mode, sharing, tiered, compressed oops, compressed class ptrs, g1 gc, windows-amd64)
# No core dump will be written. Minidumps are not enabled by default on client versions of Windows
#

---------------  S U M M A R Y ------------

Command Line: -XX:+ShowCodeDetailsInExceptionMessages com.manamer.SellOut.infraestructure.apigateway.ApigatewayApplication

Host: 11th Gen Intel(R) Core(TM) i7-1165G7 @ 2.80GHz, 8 cores, 31G,  Windows 11 , 64 bit Build 26100 (10.0.26100.2454)
Time: Thu Dec 19 15:59:22 2024 Hora est. Pacífico, Sudamérica elapsed time: 21959.788732 seconds (0d 6h 5m 59s)

---------------  T H R E A D  ---------------

Current thread (0x000001aa6b3848d0):  JavaThread "C2 CompilerThread0" daemon [_thread_in_native, id=20652, stack(0x0000000548800000,0x0000000548900000)]


Current CompileTask:
C2:21959788 10622       4       jdk.internal.org.objectweb.asm.Frame::execute (2305 bytes)

Stack: [0x0000000548800000,0x0000000548900000]
Native frames: (J=compiled Java code, j=interpreted, Vv=VM code, C=native code)
V  [jvm.dll+0x678a4a]
V  [jvm.dll+0x7d9cfd]
V  [jvm.dll+0x7db60e]
V  [jvm.dll+0x7dbc73]
V  [jvm.dll+0x245e1f]
V  [jvm.dll+0xaaafb]
V  [jvm.dll+0xab09c]
V  [jvm.dll+0x36237e]
V  [jvm.dll+0x32ca01]
V  [jvm.dll+0x32be9a]
V  [jvm.dll+0x21812f]
V  [jvm.dll+0x217561]
V  [jvm.dll+0x1a3bc0]
V  [jvm.dll+0x2272de]
V  [jvm.dll+0x22548b]
V  [jvm.dll+0x78f58c]
V  [jvm.dll+0x78998a]
V  [jvm.dll+0x677875]
C  [ucrtbase.dll+0x14ea0]
C  [KERNEL32.DLL+0x2e8d7]
C  [ntdll.dll+0xdfbcc]


---------------  P R O C E S S  ---------------

Threads class SMR info:
_java_thread_list=0x000001aab441e120, length=39, elements={
0x000001aa6b36b8b0, 0x000001aa6b36c470, 0x000001aa6b381ea0, 0x000001aa6b382860,
0x000001aa6b383220, 0x000001aa6b383be0, 0x000001aa6b3848d0, 0x000001aa6b388880,
0x000001aaaf089fa0, 0x000001aaaf1cccc0, 0x000001aa3f5fad90, 0x000001aab549caf0,
0x000001aab549d000, 0x000001aab549d510, 0x000001aab549da20, 0x000001aab549e440,
0x000001aab549ee60, 0x000001aab549e950, 0x000001aab4aee500, 0x000001aab4aedae0,
0x000001aab4aeea10, 0x000001aab4aef940, 0x000001aab4af0870, 0x000001aab4af0d80,
0x000001aab4af1290, 0x000001aab4af0360, 0x000001aab4af17a0, 0x000001aab4aef430,
0x000001aab4aedff0, 0x000001aab4af21c0, 0x000001aab4af26d0, 0x000001aab4af1cb0,
0x000001aab4aeef20, 0x000001aab4af2be0, 0x000001aab4af3b10, 0x000001aab4af4f50,
0x000001aab4af4a40, 0x000001aab4af5460, 0x000001aab4af4020
}

Java Threads: ( => current thread )
  0x000001aa6b36b8b0 JavaThread "Reference Handler" daemon [_thread_blocked, id=21124, stack(0x0000000548200000,0x0000000548300000)]
  0x000001aa6b36c470 JavaThread "Finalizer" daemon [_thread_blocked, id=12520, stack(0x0000000548300000,0x0000000548400000)]
  0x000001aa6b381ea0 JavaThread "Signal Dispatcher" daemon [_thread_blocked, id=21232, stack(0x0000000548400000,0x0000000548500000)]
  0x000001aa6b382860 JavaThread "Attach Listener" daemon [_thread_blocked, id=23304, stack(0x0000000548500000,0x0000000548600000)]
  0x000001aa6b383220 JavaThread "Service Thread" daemon [_thread_blocked, id=16480, stack(0x0000000548600000,0x0000000548700000)]
  0x000001aa6b383be0 JavaThread "Monitor Deflation Thread" daemon [_thread_blocked, id=22668, stack(0x0000000548700000,0x0000000548800000)]
=>0x000001aa6b3848d0 JavaThread "C2 CompilerThread0" daemon [_thread_in_native, id=20652, stack(0x0000000548800000,0x0000000548900000)]
  0x000001aa6b388880 JavaThread "C1 CompilerThread0" daemon [_thread_blocked, id=25448, stack(0x0000000548900000,0x0000000548a00000)]
  0x000001aaaf089fa0 JavaThread "Sweeper thread" daemon [_thread_blocked, id=12844, stack(0x0000000548a00000,0x0000000548b00000)]
  0x000001aaaf1cccc0 JavaThread "Notification Thread" daemon [_thread_blocked, id=21996, stack(0x0000000548b00000,0x0000000548c00000)]
  0x000001aa3f5fad90 JavaThread "Common-Cleaner" daemon [_thread_blocked, id=5500, stack(0x0000000548d00000,0x0000000548e00000)]
  0x000001aab549caf0 JavaThread "boundedElastic-evictor-1" daemon [_thread_blocked, id=26504, stack(0x0000000549b00000,0x0000000549c00000)]
  0x000001aab549d000 JavaThread "spring.cloud.inetutils" daemon [_thread_blocked, id=23776, stack(0x0000000549c00000,0x0000000549d00000)]
  0x000001aab549d510 JavaThread "AsyncResolver-bootstrap-0" daemon [_thread_blocked, id=18804, stack(0x0000000549e00000,0x0000000549f00000)]
  0x000001aab549da20 JavaThread "idle-connection-evictor-1" daemon [_thread_blocked, id=18648, stack(0x0000000549f00000,0x000000054a000000)]
  0x000001aab549e440 JavaThread "DiscoveryClient-0" daemon [_thread_blocked, id=26612, stack(0x000000054a000000,0x000000054a100000)]
  0x000001aab549ee60 JavaThread "DiscoveryClient-1" daemon [_thread_blocked, id=7852, stack(0x000000054a100000,0x000000054a200000)]
  0x000001aab549e950 JavaThread "DiscoveryClient-InstanceInfoReplicator-0" daemon [_thread_blocked, id=15636, stack(0x000000054a200000,0x000000054a300000)]
  0x000001aab4aee500 JavaThread "reactor-http-nio-1" daemon [_thread_in_native, id=16796, stack(0x000000054a300000,0x000000054a400000)]
  0x000001aab4aedae0 JavaThread "server" [_thread_blocked, id=1628, stack(0x000000054a400000,0x000000054a500000)]
  0x000001aab4aeea10 JavaThread "DestroyJavaVM" [_thread_blocked, id=15680, stack(0x0000000547b00000,0x0000000547c00000)]
  0x000001aab4aef940 JavaThread "DiscoveryClient-HeartbeatExecutor-0" daemon [_thread_blocked, id=26660, stack(0x0000000548f00000,0x0000000549000000)]
  0x000001aab4af0870 JavaThread "DiscoveryClient-CacheRefreshExecutor-0" daemon [_thread_blocked, id=12420, stack(0x0000000549700000,0x0000000549800000)]
  0x000001aab4af0d80 JavaThread "reactor-http-nio-2" daemon [_thread_in_native, id=10944, stack(0x0000000547800000,0x0000000547900000)]
  0x000001aab4af1290 JavaThread "parallel-1" daemon [_thread_blocked, id=2144, stack(0x0000000548e00000,0x0000000548f00000)]
  0x000001aab4af0360 JavaThread "pool-11-thread-1" daemon [_thread_blocked, id=28180, stack(0x0000000549800000,0x0000000549900000)]
  0x000001aab4af17a0 JavaThread "reactor-http-nio-3" daemon [_thread_in_native, id=28596, stack(0x000000054a500000,0x000000054a600000)]
  0x000001aab4aef430 JavaThread "reactor-http-nio-4" daemon [_thread_in_native, id=25640, stack(0x000000054a600000,0x000000054a700000)]
  0x000001aab4aedff0 JavaThread "reactor-http-nio-5" daemon [_thread_in_native, id=23936, stack(0x000000054a700000,0x000000054a800000)]
  0x000001aab4af21c0 JavaThread "reactor-http-nio-6" daemon [_thread_in_native, id=27172, stack(0x000000054a800000,0x000000054a900000)]
  0x000001aab4af26d0 JavaThread "reactor-http-nio-7" daemon [_thread_in_native, id=27380, stack(0x000000054a900000,0x000000054aa00000)]
  0x000001aab4af1cb0 JavaThread "reactor-http-nio-8" daemon [_thread_in_native, id=27716, stack(0x000000054aa00000,0x000000054ab00000)]
  0x000001aab4aeef20 JavaThread "Thread-15" daemon [_thread_in_native, id=14136, stack(0x000000054ab00000,0x000000054ac00000)]
  0x000001aab4af2be0 JavaThread "AsyncResolver-bootstrap-executor-0" daemon [_thread_blocked, id=3400, stack(0x000000054ac00000,0x000000054ad00000)]
  0x000001aab4af3b10 JavaThread "parallel-2" daemon [_thread_blocked, id=23076, stack(0x0000000549900000,0x0000000549a00000)]
  0x000001aab4af4f50 JavaThread "parallel-3" daemon [_thread_blocked, id=24924, stack(0x0000000547900000,0x0000000547a00000)]
  0x000001aab4af4a40 JavaThread "parallel-4" daemon [_thread_blocked, id=21384, stack(0x0000000547a00000,0x0000000547b00000)]
  0x000001aab4af5460 JavaThread "parallel-5" daemon [_thread_blocked, id=7072, stack(0x0000000549d00000,0x0000000549e00000)]
  0x000001aab4af4020 JavaThread "parallel-6" daemon [_thread_blocked, id=16152, stack(0x000000054ae00000,0x000000054af00000)]

Other Threads:
  0x000001aa6b3649f0 VMThread "VM Thread" [stack: 0x0000000548100000,0x0000000548200000] [id=13320]
  0x000001aa6b1ae3c0 WatcherThread [stack: 0x0000000548c00000,0x0000000548d00000] [id=26556]
  0x000001aa4190e8d0 GCTaskThread "GC Thread#0" [stack: 0x0000000547c00000,0x0000000547d00000] [id=10236]
  0x000001aaaf9dd460 GCTaskThread "GC Thread#1" [stack: 0x0000000549000000,0x0000000549100000] [id=14648]
  0x000001aaaf9dd720 GCTaskThread "GC Thread#2" [stack: 0x0000000549100000,0x0000000549200000] [id=26144]
  0x000001aaaf9dd9e0 GCTaskThread "GC Thread#3" [stack: 0x0000000549200000,0x0000000549300000] [id=26536]
  0x000001aaaf9ddca0 GCTaskThread "GC Thread#4" [stack: 0x0000000549300000,0x0000000549400000] [id=1152]
  0x000001aab47c5430 GCTaskThread "GC Thread#5" [stack: 0x0000000549400000,0x0000000549500000] [id=26228]
  0x000001aab47c56f0 GCTaskThread "GC Thread#6" [stack: 0x0000000549500000,0x0000000549600000] [id=18548]
  0x000001aab47c59b0 GCTaskThread "GC Thread#7" [stack: 0x0000000549600000,0x0000000549700000] [id=20248]
  0x000001aa6b1a53e0 ConcurrentGCThread "G1 Main Marker" [stack: 0x0000000547d00000,0x0000000547e00000] [id=25392]
  0x000001aa6b1a64a0 ConcurrentGCThread "G1 Conc#0" [stack: 0x0000000547e00000,0x0000000547f00000] [id=12940]
  0x000001aab4ea8380 ConcurrentGCThread "G1 Conc#1" [stack: 0x0000000549a00000,0x0000000549b00000] [id=14352]
  0x000001aa6b296ea0 ConcurrentGCThread "G1 Refine#0" [stack: 0x0000000547f00000,0x0000000548000000] [id=17060]
  0x000001aa6b2978d0 ConcurrentGCThread "G1 Service" [stack: 0x0000000548000000,0x0000000548100000] [id=26448]

Threads with active compile tasks:
C2 CompilerThread0  21959816 10622       4       jdk.internal.org.objectweb.asm.Frame::execute (2305 bytes)

VM state: not at safepoint (normal execution)

VM Mutex/Monitor currently owned by a thread: None

Heap address: 0x0000000604400000, size: 8124 MB, Compressed Oops mode: Zero based, Oop shift amount: 3

CDS archive(s) mapped at: [0x000001aa6e000000-0x000001aa6ebd0000-0x000001aa6ebd0000), size 12386304, SharedBaseAddress: 0x000001aa6e000000, ArchiveRelocationMode: 1.
Compressed class space mapped at: 0x000001aa6f000000-0x000001aaaf000000, reserved size: 1073741824
Narrow klass base: 0x000001aa6e000000, Narrow klass shift: 0, Narrow klass range: 0x100000000

GC Precious Log:
 CPUs: 8 total, 8 available
 Memory: 32494M
 Large Page Support: Disabled
 NUMA Support: Disabled
 Compressed Oops: Enabled (Zero based)
 Heap Region Size: 4M
 Heap Min Capacity: 8M
 Heap Initial Capacity: 508M
 Heap Max Capacity: 8124M
 Pre-touch: Disabled
 Parallel Workers: 8
 Concurrent Workers: 2
 Concurrent Refinement Workers: 8
 Periodic GC: Disabled

Heap:
 garbage-first heap   total 69632K, used 41373K [0x0000000604400000, 0x0000000800000000)
  region size 4096K, 5 young (20480K), 1 survivors (4096K)
 Metaspace       used 57548K, committed 58112K, reserved 1114112K
  class space    used 7432K, committed 7744K, reserved 1048576K

Heap Regions: E=young(eden), S=young(survivor), O=old, HS=humongous(starts), HC=humongous(continues), CS=collection set, F=free, OA=open archive, CA=closed archive, TAMS=top-at-mark-start (previous, next)
|   0|0x0000000604400000, 0x0000000604800000, 0x0000000604800000|100%| O|  |TAMS 0x0000000604800000, 0x0000000604400000| Untracked 
|   1|0x0000000604800000, 0x0000000604ac2c00, 0x0000000604c00000| 69%| O|  |TAMS 0x0000000604abe000, 0x0000000604800000| Untracked 
|   2|0x0000000604c00000, 0x0000000605000000, 0x0000000605000000|100%| O|  |TAMS 0x0000000605000000, 0x0000000604c00000| Untracked 
|   3|0x0000000605000000, 0x0000000605400000, 0x0000000605400000|100%| O|  |TAMS 0x0000000605400000, 0x0000000605000000| Untracked 
|   4|0x0000000605400000, 0x0000000605400000, 0x0000000605800000|  0%| F|  |TAMS 0x0000000605400000, 0x0000000605400000| Untracked 
|   5|0x0000000605800000, 0x0000000605c00000, 0x0000000605c00000|100%| O|  |TAMS 0x0000000605c00000, 0x0000000605800000| Untracked 
|   6|0x0000000605c00000, 0x0000000605c00000, 0x0000000606000000|  0%| F|  |TAMS 0x0000000605c00000, 0x0000000605c00000| Untracked 
|   7|0x0000000606000000, 0x0000000606400000, 0x0000000606400000|100%| O|  |TAMS 0x0000000606400000, 0x0000000606000000| Untracked 
|   8|0x0000000606400000, 0x0000000606800000, 0x0000000606800000|100%| O|  |TAMS 0x0000000606800000, 0x0000000606400000| Untracked 
|   9|0x0000000606800000, 0x0000000606800000, 0x0000000606c00000|  0%| F|  |TAMS 0x0000000606800000, 0x0000000606800000| Untracked 
|  10|0x0000000606c00000, 0x0000000606da4838, 0x0000000607000000| 41%| S|CS|TAMS 0x0000000606c00000, 0x0000000606c00000| Complete 
|  11|0x0000000607000000, 0x0000000607000000, 0x0000000607400000|  0%| F|  |TAMS 0x0000000607000000, 0x0000000607000000| Untracked 
|  12|0x0000000607400000, 0x0000000607400000, 0x0000000607800000|  0%| F|  |TAMS 0x0000000607400000, 0x0000000607400000| Untracked 
|  13|0x0000000607800000, 0x0000000607b70948, 0x0000000607c00000| 85%| E|  |TAMS 0x0000000607800000, 0x0000000607800000| Complete 
| 119|0x0000000622000000, 0x0000000622400000, 0x0000000622400000|100%| E|CS|TAMS 0x0000000622000000, 0x0000000622000000| Complete 
| 120|0x0000000622400000, 0x0000000622800000, 0x0000000622800000|100%| E|CS|TAMS 0x0000000622400000, 0x0000000622400000| Complete 
| 126|0x0000000623c00000, 0x0000000624000000, 0x0000000624000000|100%| E|CS|TAMS 0x0000000623c00000, 0x0000000623c00000| Complete 

Card table byte_map: [0x000001aa593f0000,0x000001aa5a3d0000] _byte_map_base: 0x000001aa563ce000

Marking Bits (Prev, Next): (CMBitMap*) 0x000001aa6b194010, (CMBitMap*) 0x000001aa6b194050
 Prev Bits: [0x000001aa5b3b0000, 0x000001aa632a0000)
 Next Bits: [0x000001aa632a0000, 0x000001aa6b190000)

Polling page: 0x000001aa3f740000

Metaspace:

Usage:
  Non-class:     48.94 MB used.
      Class:      7.26 MB used.
       Both:     56.20 MB used.

Virtual space:
  Non-class space:       64.00 MB reserved,      49.19 MB ( 77%) committed,  1 nodes.
      Class space:        1.00 GB reserved,       7.56 MB ( <1%) committed,  1 nodes.
             Both:        1.06 GB reserved,      56.75 MB (  5%) committed. 

Chunk freelists:
   Non-Class:  14.70 MB
       Class:  8.57 MB
        Both:  23.27 MB

MaxMetaspaceSize: unlimited
CompressedClassSpaceSize: 1.00 GB
Initial GC threshold: 21.00 MB
Current GC threshold: 94.00 MB
CDS: on
MetaspaceReclaimPolicy: balanced
 - commit_granule_bytes: 65536.
 - commit_granule_words: 8192.
 - virtual_space_node_default_size: 8388608.
 - enlarge_chunks_in_place: 1.
 - new_chunks_are_fully_committed: 0.
 - uncommit_free_chunks: 1.
 - use_allocation_guard: 0.
 - handle_deallocations: 1.


Internal statistics:

num_allocs_failed_limit: 6.
num_arena_births: 788.
num_arena_deaths: 242.
num_vsnodes_births: 2.
num_vsnodes_deaths: 0.
num_space_committed: 908.
num_space_uncommitted: 0.
num_chunks_returned_to_freelist: 279.
num_chunks_taken_from_freelist: 3007.
num_chunk_merges: 86.
num_chunk_splits: 1990.
num_chunks_enlarged: 1477.
num_inconsistent_stats: 0.

CodeHeap 'non-profiled nmethods': size=120000Kb used=6526Kb max_used=6526Kb free=113473Kb
 bounds [0x000001aa50bb0000, 0x000001aa51210000, 0x000001aa580e0000]
CodeHeap 'profiled nmethods': size=120000Kb used=19475Kb max_used=19475Kb free=100524Kb
 bounds [0x000001aa490e0000, 0x000001aa4a3f0000, 0x000001aa50610000]
CodeHeap 'non-nmethods': size=5760Kb used=1325Kb max_used=1379Kb free=4434Kb
 bounds [0x000001aa50610000, 0x000001aa50880000, 0x000001aa50bb0000]
 total_blobs=9755 nmethods=9113 adapters=551
 compilation: enabled
              stopped_count=0, restarted_count=0
 full_count=0

Compilation events (20 events):
Event: 21958.450 Thread 0x000001aa6b388880 10614   !   3       java.io.PrintWriter::newLine (65 bytes)
Event: 21958.451 Thread 0x000001aa6b388880 nmethod 10614 0x000001aa4a3e1f90 code [0x000001aa4a3e21c0, 0x000001aa4a3e2918]
Event: 21958.451 Thread 0x000001aa6b388880 10615       3       java.lang.StackTraceElement::toString (322 bytes)
Event: 21958.454 Thread 0x000001aa6b388880 nmethod 10615 0x000001aa4a3e2c90 code [0x000001aa4a3e3300, 0x000001aa4a3e6198]
Event: 21958.455 Thread 0x000001aa6b388880 10616       3       java.lang.StackTraceElement::isNativeMethod (15 bytes)
Event: 21958.455 Thread 0x000001aa6b388880 nmethod 10616 0x000001aa4a3e7010 code [0x000001aa4a3e71a0, 0x000001aa4a3e7318]
Event: 21958.455 Thread 0x000001aa6b3848d0 nmethod 10598 0x000001aa5120d210 code [0x000001aa5120d380, 0x000001aa5120d858]
Event: 21958.455 Thread 0x000001aa6b3848d0 10617  s    4       java.io.ByteArrayOutputStream::write (43 bytes)
Event: 21958.464 Thread 0x000001aa6b3848d0 nmethod 10617 0x000001aa5120d910 code [0x000001aa5120daa0, 0x000001aa5120e2d8]
Event: 21958.469 Thread 0x000001aa6b3848d0 10618       4       jdk.internal.loader.URLClassPath$JarLoader$2::getInputStream (15 bytes)
Event: 21958.471 Thread 0x000001aa6b3848d0 nmethod 10618 0x000001aa5120e590 code [0x000001aa5120e720, 0x000001aa5120e7e8]
Event: 21958.474 Thread 0x000001aa6b3848d0 10619       4       jdk.internal.loader.URLClassPath$JarLoader$2::getBytes (48 bytes)
Event: 21958.477 Thread 0x000001aa6b3848d0 nmethod 10619 0x000001aa5120e910 code [0x000001aa5120eaa0, 0x000001aa5120ec08]
Event: 21958.477 Thread 0x000001aa6b3848d0 10620       4       jdk.internal.loader.URLClassPath$JarLoader$2::getCodeSigners (8 bytes)
Event: 21958.482 Thread 0x000001aa6b3848d0 nmethod 10620 0x000001aa5120ee90 code [0x000001aa5120f020, 0x000001aa5120f1e8]
Event: 21958.482 Thread 0x000001aa6b3848d0 10621   !   4       java.util.jar.JarFile$JarFileEntry::getCodeSigners (81 bytes)
Event: 21958.484 Thread 0x000001aa6b3848d0 nmethod 10621 0x000001aa5120f410 code [0x000001aa5120f5a0, 0x000001aa5120f728]
Event: 21958.584 Thread 0x000001aa6b3848d0 10622       4       jdk.internal.org.objectweb.asm.Frame::execute (2305 bytes)
Event: 21958.589 Thread 0x000001aa6b388880 10624       3       java.lang.invoke.LambdaFormBuffer::insertExpression (30 bytes)
Event: 21958.589 Thread 0x000001aa6b388880 nmethod 10624 0x000001aa4a3e7390 code [0x000001aa4a3e7540, 0x000001aa4a3e76a8]

GC Heap History (20 events):
Event: 11384.816 GC heap before
{Heap before GC invocations=36 (full 0):
 garbage-first heap   total 69632K, used 52350K [0x0000000604400000, 0x0000000800000000)
  region size 4096K, 7 young (28672K), 1 survivors (4096K)
 Metaspace       used 56867K, committed 57600K, reserved 1114112K
  class space    used 7415K, committed 7744K, reserved 1048576K
}
Event: 11384.826 GC heap after
{Heap after GC invocations=37 (full 0):
 garbage-first heap   total 69632K, used 28207K [0x0000000604400000, 0x0000000800000000)
  region size 4096K, 1 young (4096K), 1 survivors (4096K)
 Metaspace       used 56867K, committed 57600K, reserved 1114112K
  class space    used 7415K, committed 7744K, reserved 1048576K
}
Event: 12469.901 GC heap before
{Heap before GC invocations=38 (full 0):
 garbage-first heap   total 69632K, used 52783K [0x0000000604400000, 0x0000000800000000)
  region size 4096K, 7 young (28672K), 1 survivors (4096K)
 Metaspace       used 56989K, committed 57600K, reserved 1114112K
  class space    used 7416K, committed 7744K, reserved 1048576K
}
Event: 12469.913 GC heap after
{Heap after GC invocations=39 (full 0):
 garbage-first heap   total 69632K, used 28205K [0x0000000604400000, 0x0000000800000000)
  region size 4096K, 1 young (4096K), 1 survivors (4096K)
 Metaspace       used 56989K, committed 57600K, reserved 1114112K
  class space    used 7416K, committed 7744K, reserved 1048576K
}
Event: 13490.850 GC heap before
{Heap before GC invocations=39 (full 0):
 garbage-first heap   total 69632K, used 52781K [0x0000000604400000, 0x0000000800000000)
  region size 4096K, 7 young (28672K), 1 survivors (4096K)
 Metaspace       used 57022K, committed 57664K, reserved 1114112K
  class space    used 7417K, committed 7744K, reserved 1048576K
}
Event: 13490.884 GC heap after
{Heap after GC invocations=40 (full 0):
 garbage-first heap   total 69632K, used 28379K [0x0000000604400000, 0x0000000800000000)
  region size 4096K, 1 young (4096K), 1 survivors (4096K)
 Metaspace       used 57022K, committed 57664K, reserved 1114112K
  class space    used 7417K, committed 7744K, reserved 1048576K
}
Event: 14535.910 GC heap before
{Heap before GC invocations=41 (full 0):
 garbage-first heap   total 69632K, used 52955K [0x0000000604400000, 0x0000000800000000)
  region size 4096K, 7 young (28672K), 1 survivors (4096K)
 Metaspace       used 57041K, committed 57664K, reserved 1114112K
  class space    used 7417K, committed 7744K, reserved 1048576K
}
Event: 14535.918 GC heap after
{Heap after GC invocations=42 (full 0):
 garbage-first heap   total 69632K, used 28360K [0x0000000604400000, 0x0000000800000000)
  region size 4096K, 1 young (4096K), 1 survivors (4096K)
 Metaspace       used 57041K, committed 57664K, reserved 1114112K
  class space    used 7417K, committed 7744K, reserved 1048576K
}
Event: 15585.420 GC heap before
{Heap before GC invocations=42 (full 0):
 garbage-first heap   total 69632K, used 52936K [0x0000000604400000, 0x0000000800000000)
  region size 4096K, 7 young (28672K), 1 survivors (4096K)
 Metaspace       used 57182K, committed 57728K, reserved 1114112K
  class space    used 7417K, committed 7744K, reserved 1048576K
}
Event: 15585.444 GC heap after
{Heap after GC invocations=43 (full 0):
 garbage-first heap   total 69632K, used 28371K [0x0000000604400000, 0x0000000800000000)
  region size 4096K, 1 young (4096K), 1 survivors (4096K)
 Metaspace       used 57182K, committed 57728K, reserved 1114112K
  class space    used 7417K, committed 7744K, reserved 1048576K
}
Event: 16613.625 GC heap before
{Heap before GC invocations=44 (full 0):
 garbage-first heap   total 69632K, used 52947K [0x0000000604400000, 0x0000000800000000)
  region size 4096K, 7 young (28672K), 1 survivors (4096K)
 Metaspace       used 57235K, committed 57792K, reserved 1114112K
  class space    used 7418K, committed 7744K, reserved 1048576K
}
Event: 16613.635 GC heap after
{Heap after GC invocations=45 (full 0):
 garbage-first heap   total 69632K, used 28351K [0x0000000604400000, 0x0000000800000000)
  region size 4096K, 1 young (4096K), 1 survivors (4096K)
 Metaspace       used 57235K, committed 57792K, reserved 1114112K
  class space    used 7418K, committed 7744K, reserved 1048576K
}
Event: 17544.392 GC heap before
{Heap before GC invocations=45 (full 0):
 garbage-first heap   total 69632K, used 52927K [0x0000000604400000, 0x0000000800000000)
  region size 4096K, 7 young (28672K), 1 survivors (4096K)
 Metaspace       used 57313K, committed 57856K, reserved 1114112K
  class space    used 7418K, committed 7744K, reserved 1048576K
}
Event: 17544.412 GC heap after
{Heap after GC invocations=46 (full 0):
 garbage-first heap   total 69632K, used 29009K [0x0000000604400000, 0x0000000800000000)
  region size 4096K, 1 young (4096K), 1 survivors (4096K)
 Metaspace       used 57313K, committed 57856K, reserved 1114112K
  class space    used 7418K, committed 7744K, reserved 1048576K
}
Event: 18587.694 GC heap before
{Heap before GC invocations=47 (full 0):
 garbage-first heap   total 69632K, used 53585K [0x0000000604400000, 0x0000000800000000)
  region size 4096K, 7 young (28672K), 1 survivors (4096K)
 Metaspace       used 57327K, committed 57856K, reserved 1114112K
  class space    used 7418K, committed 7744K, reserved 1048576K
}
Event: 18587.701 GC heap after
{Heap after GC invocations=48 (full 0):
 garbage-first heap   total 69632K, used 29046K [0x0000000604400000, 0x0000000800000000)
  region size 4096K, 1 young (4096K), 1 survivors (4096K)
 Metaspace       used 57327K, committed 57856K, reserved 1114112K
  class space    used 7418K, committed 7744K, reserved 1048576K
}
Event: 19630.573 GC heap before
{Heap before GC invocations=48 (full 0):
 garbage-first heap   total 69632K, used 53622K [0x0000000604400000, 0x0000000800000000)
  region size 4096K, 7 young (28672K), 1 survivors (4096K)
 Metaspace       used 57351K, committed 57856K, reserved 1114112K
  class space    used 7418K, committed 7744K, reserved 1048576K
}
Event: 19630.583 GC heap after
{Heap after GC invocations=49 (full 0):
 garbage-first heap   total 69632K, used 29055K [0x0000000604400000, 0x0000000800000000)
  region size 4096K, 1 young (4096K), 1 survivors (4096K)
 Metaspace       used 57351K, committed 57856K, reserved 1114112K
  class space    used 7418K, committed 7744K, reserved 1048576K
}
Event: 20677.346 GC heap before
{Heap before GC invocations=50 (full 0):
 garbage-first heap   total 69632K, used 53631K [0x0000000604400000, 0x0000000800000000)
  region size 4096K, 7 young (28672K), 1 survivors (4096K)
 Metaspace       used 57394K, committed 57920K, reserved 1114112K
  class space    used 7418K, committed 7744K, reserved 1048576K
}
Event: 20677.351 GC heap after
{Heap after GC invocations=51 (full 0):
 garbage-first heap   total 69632K, used 29085K [0x0000000604400000, 0x0000000800000000)
  region size 4096K, 1 young (4096K), 1 survivors (4096K)
 Metaspace       used 57394K, committed 57920K, reserved 1114112K
  class space    used 7418K, committed 7744K, reserved 1048576K
}

Deoptimization events (20 events):
Event: 21958.365 Thread 0x000001aab4af0870 Uncommon trap: trap_request=0xffffffbe fr.pc=0x000001aa50fa4768 relative=0x00000000000067e8
Event: 21958.378 Thread 0x000001aab4af0870 Uncommon trap: reason=profile_predicate action=maybe_recompile pc=0x000001aa50fa4768 method=java.lang.PublicMethods$MethodList.filter([Ljava/lang/reflect/Method;Ljava/lang/String;[Ljava/lang/Class;Z)Ljava/lang/PublicMethods$MethodList; @ 21 c2
Event: 21958.378 Thread 0x000001aab4af0870 DEOPT PACKING pc=0x000001aa50fa4768 sp=0x00000005497f93d0
Event: 21958.378 Thread 0x000001aab4af0870 DEOPT UNPACKING pc=0x000001aa50665ba3 sp=0x00000005497f9308 mode 2
Event: 21958.386 Thread 0x000001aab4af0870 Uncommon trap: trap_request=0xffffff45 fr.pc=0x000001aa511f1cc4 relative=0x0000000000004264
Event: 21958.386 Thread 0x000001aab4af0870 Uncommon trap: reason=unstable_if action=reinterpret pc=0x000001aa511f1cc4 method=java.util.concurrent.locks.ReentrantLock$Sync.lock()V @ 4 c2
Event: 21958.386 Thread 0x000001aab4af0870 DEOPT PACKING pc=0x000001aa511f1cc4 sp=0x00000005497fe1a0
Event: 21958.386 Thread 0x000001aab4af0870 DEOPT UNPACKING pc=0x000001aa50665ba3 sp=0x00000005497fddf8 mode 2
Event: 21958.387 Thread 0x000001aab4aef940 Uncommon trap: trap_request=0xffffff45 fr.pc=0x000001aa51205d60 relative=0x0000000000001300
Event: 21958.387 Thread 0x000001aab4aef940 Uncommon trap: reason=unstable_if action=reinterpret pc=0x000001aa51205d60 method=io.micrometer.core.instrument.binder.logging.MetricsTurboFilter.recordMetrics(Lch/qos/logback/classic/Level;)V @ 4 c2
Event: 21958.387 Thread 0x000001aab4aef940 DEOPT PACKING pc=0x000001aa51205d60 sp=0x0000000548ffed40
Event: 21958.387 Thread 0x000001aab4aef940 DEOPT UNPACKING pc=0x000001aa50665ba3 sp=0x0000000548ffea98 mode 2
Event: 21958.387 Thread 0x000001aab4aef940 Uncommon trap: trap_request=0xffffff54 fr.pc=0x000001aa511b2084 relative=0x0000000000000664
Event: 21958.387 Thread 0x000001aab4aef940 Uncommon trap: reason=speculate_null_assert action=make_not_entrant pc=0x000001aa511b2084 method=org.springframework.boot.logging.logback.ColorConverter.transform(Lch/qos/logback/classic/spi/ILoggingEvent;Ljava/lang/String;)Ljava/lang/String; @ 42 c2
Event: 21958.387 Thread 0x000001aab4aef940 DEOPT PACKING pc=0x000001aa511b2084 sp=0x0000000548ffe8b0
Event: 21958.387 Thread 0x000001aab4aef940 DEOPT UNPACKING pc=0x000001aa50665ba3 sp=0x0000000548ffe7a8 mode 2
Event: 21958.390 Thread 0x000001aab4af0870 Uncommon trap: trap_request=0xffffff54 fr.pc=0x000001aa511b330c relative=0x000000000000032c
Event: 21958.390 Thread 0x000001aab4af0870 Uncommon trap: reason=speculate_null_assert action=make_not_entrant pc=0x000001aa511b330c method=org.springframework.boot.logging.logback.ColorConverter.transform(Lch/qos/logback/classic/spi/ILoggingEvent;Ljava/lang/String;)Ljava/lang/String; @ 42 c2
Event: 21958.390 Thread 0x000001aab4af0870 DEOPT PACKING pc=0x000001aa511b330c sp=0x00000005497fdf30
Event: 21958.390 Thread 0x000001aab4af0870 DEOPT UNPACKING pc=0x000001aa50665ba3 sp=0x00000005497fdec0 mode 2

Classes unloaded (20 events):
Event: 9232.338 Thread 0x000001aa6b3649f0 Unloading class 0x000001aa6f118400 'java/lang/invoke/LambdaForm$MH+0x000001aa6f118400'
Event: 9232.338 Thread 0x000001aa6b3649f0 Unloading class 0x000001aa6f118000 'java/lang/invoke/LambdaForm$MH+0x000001aa6f118000'
Event: 9232.338 Thread 0x000001aa6b3649f0 Unloading class 0x000001aa6f038800 'java/lang/invoke/LambdaForm$MH+0x000001aa6f038800'
Event: 9232.338 Thread 0x000001aa6b3649f0 Unloading class 0x000001aa6f038400 'java/lang/invoke/LambdaForm$MH+0x000001aa6f038400'
Event: 9232.338 Thread 0x000001aa6b3649f0 Unloading class 0x000001aa6f038000 'java/lang/invoke/LambdaForm$MH+0x000001aa6f038000'
Event: 9232.338 Thread 0x000001aa6b3649f0 Unloading class 0x000001aa6f034c00 'java/lang/invoke/LambdaForm$MH+0x000001aa6f034c00'
Event: 9232.338 Thread 0x000001aa6b3649f0 Unloading class 0x000001aa6f034800 'java/lang/invoke/LambdaForm$MH+0x000001aa6f034800'
Event: 9232.339 Thread 0x000001aa6b3649f0 Unloading class 0x000001aa6f034400 'java/lang/invoke/LambdaForm$MH+0x000001aa6f034400'
Event: 9232.339 Thread 0x000001aa6b3649f0 Unloading class 0x000001aa6f018800 'java/lang/invoke/LambdaForm$MH+0x000001aa6f018800'
Event: 9232.339 Thread 0x000001aa6b3649f0 Unloading class 0x000001aa6f018400 'java/lang/invoke/LambdaForm$MH+0x000001aa6f018400'
Event: 9232.339 Thread 0x000001aa6b3649f0 Unloading class 0x000001aa6f017c00 'java/lang/invoke/LambdaForm$MH+0x000001aa6f017c00'
Event: 9232.339 Thread 0x000001aa6b3649f0 Unloading class 0x000001aa6f017800 'java/lang/invoke/LambdaForm$MH+0x000001aa6f017800'
Event: 9232.339 Thread 0x000001aa6b3649f0 Unloading class 0x000001aa6f016800 'java/lang/invoke/LambdaForm$MH+0x000001aa6f016800'
Event: 9232.339 Thread 0x000001aa6b3649f0 Unloading class 0x000001aa6f016000 'java/lang/invoke/LambdaForm$MH+0x000001aa6f016000'
Event: 9232.339 Thread 0x000001aa6b3649f0 Unloading class 0x000001aa6f015c00 'java/lang/invoke/LambdaForm$MH+0x000001aa6f015c00'
Event: 9232.339 Thread 0x000001aa6b3649f0 Unloading class 0x000001aa6f015800 'java/lang/invoke/LambdaForm$MH+0x000001aa6f015800'
Event: 9232.339 Thread 0x000001aa6b3649f0 Unloading class 0x000001aa6f015400 'java/lang/invoke/LambdaForm$MH+0x000001aa6f015400'
Event: 9232.339 Thread 0x000001aa6b3649f0 Unloading class 0x000001aa6f015000 'java/lang/invoke/LambdaForm$MH+0x000001aa6f015000'
Event: 9232.339 Thread 0x000001aa6b3649f0 Unloading class 0x000001aa6f014800 'java/lang/invoke/LambdaForm$MH+0x000001aa6f014800'
Event: 9232.339 Thread 0x000001aa6b3649f0 Unloading class 0x000001aa6f014000 'java/lang/invoke/LambdaForm$MH+0x000001aa6f014000'

Classes redefined (0 events):
No events

Internal exceptions (20 events):
Event: 11383.408 Thread 0x000001aab4aef430 Implicit null exception at 0x000001aa50e84f38 to 0x000001aa50e85910
Event: 11383.598 Thread 0x000001aab4aef430 Implicit null exception at 0x000001aa50feaa6b to 0x000001aa50fed5f8
Event: 11384.940 Thread 0x000001aab4aedff0 Exception <a 'java/lang/NoSuchMethodError'{0x0000000623c31250}: 'void java.lang.invoke.DirectMethodHandle$Holder.invokeSpecial(java.lang.Object, java.lang.Object, long)'> (0x0000000623c31250) 
thrown [s\open\src\hotspot\share\interpreter\linkResolver.cpp, line 759]
Event: 15592.734 Thread 0x000001aab4aef940 Exception <a 'java/net/SocketException'{0x0000000623c6bb78}: Connection reset by peer: shutdown> (0x0000000623c6bb78) 
thrown [s\open\src\hotspot\share\prims\jni.cpp, line 535]
Event: 21958.156 Thread 0x000001aab4af0870 Exception <a 'java/net/ConnectException'{0x00000006078ad180}: Connection refused: no further information> (0x00000006078ad180) 
thrown [s\open\src\hotspot\share\prims\jni.cpp, line 535]
Event: 21958.156 Thread 0x000001aab4aef940 Exception <a 'java/net/ConnectException'{0x00000006078c0900}: Connection refused: no further information> (0x00000006078c0900) 
thrown [s\open\src\hotspot\share\prims\jni.cpp, line 535]
Event: 21958.157 Thread 0x000001aab4af0870 Exception <a 'java/net/SocketException'{0x00000006078ad760}: Socket is not connected: shutdown> (0x00000006078ad760) 
thrown [s\open\src\hotspot\share\prims\jni.cpp, line 535]
Event: 21958.157 Thread 0x000001aab4aef940 Exception <a 'java/net/SocketException'{0x00000006078c0ee0}: Socket is not connected: shutdown> (0x00000006078c0ee0) 
thrown [s\open\src\hotspot\share\prims\jni.cpp, line 535]
Event: 21958.160 Thread 0x000001aab4af0870 Exception <a 'java/net/ConnectException'{0x00000006078aec70}: Connection refused: no further information> (0x00000006078aec70) 
thrown [s\open\src\hotspot\share\prims\jni.cpp, line 535]
Event: 21958.161 Thread 0x000001aab4af0870 Exception <a 'java/net/SocketException'{0x00000006078af250}: Socket is not connected: shutdown> (0x00000006078af250) 
thrown [s\open\src\hotspot\share\prims\jni.cpp, line 535]
Event: 21958.161 Thread 0x000001aab4aef940 Exception <a 'java/net/ConnectException'{0x00000006078c22e8}: Connection refused: no further information> (0x00000006078c22e8) 
thrown [s\open\src\hotspot\share\prims\jni.cpp, line 535]
Event: 21958.161 Thread 0x000001aab4aef940 Exception <a 'java/net/SocketException'{0x00000006078c28c8}: Socket is not connected: shutdown> (0x00000006078c28c8) 
thrown [s\open\src\hotspot\share\prims\jni.cpp, line 535]
Event: 21958.427 Thread 0x000001aab4aef940 Exception <a 'java/net/ConnectException'{0x00000006079ffed0}: Connection refused: no further information> (0x00000006079ffed0) 
thrown [s\open\src\hotspot\share\prims\jni.cpp, line 535]
Event: 21958.427 Thread 0x000001aab4aef940 Exception <a 'java/net/SocketException'{0x0000000607a004b0}: Socket is not connected: shutdown> (0x0000000607a004b0) 
thrown [s\open\src\hotspot\share\prims\jni.cpp, line 535]
Event: 21958.428 Thread 0x000001aab4aef940 Exception <a 'java/net/ConnectException'{0x0000000607a2bd18}: Connection refused: no further information> (0x0000000607a2bd18) 
thrown [s\open\src\hotspot\share\prims\jni.cpp, line 535]
Event: 21958.428 Thread 0x000001aab4aef940 Exception <a 'java/net/SocketException'{0x0000000607a2c2f8}: Socket is not connected: shutdown> (0x0000000607a2c2f8) 
thrown [s\open\src\hotspot\share\prims\jni.cpp, line 535]
Event: 21958.441 Thread 0x000001aab4af0870 Exception <a 'java/net/ConnectException'{0x0000000607aa5bb8}: Connection refused: no further information> (0x0000000607aa5bb8) 
thrown [s\open\src\hotspot\share\prims\jni.cpp, line 535]
Event: 21958.441 Thread 0x000001aab4af0870 Exception <a 'java/net/SocketException'{0x0000000607ac46b8}: Socket is not connected: shutdown> (0x0000000607ac46b8) 
thrown [s\open\src\hotspot\share\prims\jni.cpp, line 535]
Event: 21958.443 Thread 0x000001aab4af0870 Exception <a 'java/net/ConnectException'{0x0000000607ac5ac0}: Connection refused: no further information> (0x0000000607ac5ac0) 
thrown [s\open\src\hotspot\share\prims\jni.cpp, line 535]
Event: 21958.443 Thread 0x000001aab4af0870 Exception <a 'java/net/SocketException'{0x0000000607ac60a0}: Socket is not connected: shutdown> (0x0000000607ac60a0) 
thrown [s\open\src\hotspot\share\prims\jni.cpp, line 535]

VM Operations (20 events):
Event: 21088.255 Executing VM operation: Cleanup
Event: 21088.255 Executing VM operation: Cleanup done
Event: 21208.305 Executing VM operation: Cleanup
Event: 21208.305 Executing VM operation: Cleanup done
Event: 21388.094 Executing VM operation: Cleanup
Event: 21388.094 Executing VM operation: Cleanup done
Event: 21440.595 Executing VM operation: Cleanup
Event: 21440.595 Executing VM operation: Cleanup done
Event: 21441.603 Executing VM operation: Cleanup
Event: 21441.603 Executing VM operation: Cleanup done
Event: 21477.991 Executing VM operation: Cleanup
Event: 21477.991 Executing VM operation: Cleanup done
Event: 21718.486 Executing VM operation: Cleanup
Event: 21718.486 Executing VM operation: Cleanup done
Event: 21778.045 Executing VM operation: Cleanup
Event: 21778.045 Executing VM operation: Cleanup done
Event: 21958.224 Executing VM operation: HandshakeAllThreads
Event: 21958.224 Executing VM operation: HandshakeAllThreads done
Event: 21959.225 Executing VM operation: Cleanup
Event: 21959.225 Executing VM operation: Cleanup done

Events (20 events):
Event: 10548.278 Thread 0x000001aaaf089fa0 flushing nmethod 0x000001aa49e49310
Event: 10548.278 Thread 0x000001aaaf089fa0 flushing nmethod 0x000001aa49e91210
Event: 10548.278 Thread 0x000001aaaf089fa0 flushing nmethod 0x000001aa49e97810
Event: 10548.278 Thread 0x000001aaaf089fa0 flushing nmethod 0x000001aa49ec2390
Event: 10548.278 Thread 0x000001aaaf089fa0 flushing nmethod 0x000001aa49ed2490
Event: 10548.279 Thread 0x000001aaaf089fa0 flushing nmethod 0x000001aa49f49390
Event: 11383.541 Thread 0x000001aab4af3b10 Thread added: 0x000001aab4af3b10
Event: 17069.296 Thread 0x000001aab4af4f50 Thread added: 0x000001aab4af4f50
Event: 17475.000 Thread 0x000001aab4af4a40 Thread added: 0x000001aab4af4a40
Event: 18024.856 Thread 0x000001aab4db7b40 Thread added: 0x000001aab4db7b40
Event: 18029.911 Thread 0x000001aab4db7b40 Thread exited: 0x000001aab4db7b40
Event: 20910.224 loading class java/lang/Throwable$WrappedPrintStream
Event: 20910.228 loading class java/lang/Throwable$PrintStreamOrWriter
Event: 20910.229 loading class java/lang/Throwable$PrintStreamOrWriter done
Event: 20910.229 loading class java/lang/Throwable$WrappedPrintStream done
Event: 20910.235 Thread 0x000001aab549c5e0 Thread exited: 0x000001aab549c5e0
Event: 21043.976 Thread 0x000001aab4af5460 Thread added: 0x000001aab4af5460
Event: 21440.132 Thread 0x000001aab4af4020 Thread added: 0x000001aab4af4020
Event: 21958.380 loading class java/lang/Throwable$WrappedPrintWriter
Event: 21958.381 loading class java/lang/Throwable$WrappedPrintWriter done


Dynamic libraries:
0x00007ff733890000 - 0x00007ff7338a0000 	C:\Program Files\java\jdk-17\bin\java.exe
0x00007ffe0c5a0000 - 0x00007ffe0c803000 	C:\WINDOWS\SYSTEM32\ntdll.dll
0x00007ffe0add0000 - 0x00007ffe0ae98000 	C:\WINDOWS\System32\KERNEL32.DLL
0x00007ffe09cf0000 - 0x00007ffe0a0a2000 	C:\WINDOWS\System32\KERNELBASE.dll
0x00007ffe09ba0000 - 0x00007ffe09ceb000 	C:\WINDOWS\System32\ucrtbase.dll
0x00007ffdf7260000 - 0x00007ffdf7279000 	C:\Program Files\java\jdk-17\bin\jli.dll
0x00007ffdf7220000 - 0x00007ffdf723b000 	C:\Program Files\java\jdk-17\bin\VCRUNTIME140.dll
0x00007ffe0a7e0000 - 0x00007ffe0a894000 	C:\WINDOWS\System32\ADVAPI32.dll
0x00007ffe0a400000 - 0x00007ffe0a4a9000 	C:\WINDOWS\System32\msvcrt.dll
0x00007ffe0acc0000 - 0x00007ffe0ad66000 	C:\WINDOWS\System32\sechost.dll
0x00007ffe0aad0000 - 0x00007ffe0abe6000 	C:\WINDOWS\System32\RPCRT4.dll
0x00007ffe0a8a0000 - 0x00007ffe0aa68000 	C:\WINDOWS\System32\USER32.dll
0x00007ffe0a0b0000 - 0x00007ffe0a0d7000 	C:\WINDOWS\System32\win32u.dll
0x00007ffe0b7b0000 - 0x00007ffe0b7da000 	C:\WINDOWS\System32\GDI32.dll
0x00007ffde7480000 - 0x00007ffde7710000 	C:\WINDOWS\WinSxS\amd64_microsoft.windows.common-controls_6595b64144ccf1df_6.0.26100.2454_none_3e0b68a2e331ad60\COMCTL32.dll
0x00007ffe0a2d0000 - 0x00007ffe0a3fb000 	C:\WINDOWS\System32\gdi32full.dll
0x00007ffe09970000 - 0x00007ffe09a13000 	C:\WINDOWS\System32\msvcp_win.dll
0x00007ffe05820000 - 0x00007ffe0582b000 	C:\WINDOWS\SYSTEM32\VERSION.dll
0x00007ffe0ac80000 - 0x00007ffe0acaf000 	C:\WINDOWS\System32\IMM32.DLL
0x00007ffdf7130000 - 0x00007ffdf713c000 	C:\Program Files\java\jdk-17\bin\vcruntime140_1.dll
0x00007ffda3470000 - 0x00007ffda34fe000 	C:\Program Files\java\jdk-17\bin\msvcp140.dll
0x00007ffd2bbd0000 - 0x00007ffd2c7b1000 	C:\Program Files\java\jdk-17\bin\server\jvm.dll
0x00007ffe0b8f0000 - 0x00007ffe0b8f8000 	C:\WINDOWS\System32\PSAPI.DLL
0x00007ffdff070000 - 0x00007ffdff0a6000 	C:\WINDOWS\SYSTEM32\WINMM.dll
0x00007ffe05410000 - 0x00007ffe0541a000 	C:\WINDOWS\SYSTEM32\WSOCK32.dll
0x00007ffe0a680000 - 0x00007ffe0a6f4000 	C:\WINDOWS\System32\WS2_32.dll
0x00007ffe08770000 - 0x00007ffe0878a000 	C:\WINDOWS\SYSTEM32\kernel.appcore.dll
0x00007ffdf60d0000 - 0x00007ffdf60da000 	C:\Program Files\java\jdk-17\bin\jimage.dll
0x00007ffdf0650000 - 0x00007ffdf0891000 	C:\WINDOWS\SYSTEM32\DBGHELP.DLL
0x00007ffe0c1d0000 - 0x00007ffe0c54e000 	C:\WINDOWS\System32\combase.dll
0x00007ffe0c000000 - 0x00007ffe0c0d6000 	C:\WINDOWS\System32\OLEAUT32.dll
0x00007ffdf0180000 - 0x00007ffdf01b9000 	C:\WINDOWS\SYSTEM32\dbgcore.DLL
0x00007ffe0a170000 - 0x00007ffe0a209000 	C:\WINDOWS\System32\bcryptPrimitives.dll
0x00007ffdf60a0000 - 0x00007ffdf60c5000 	C:\Program Files\java\jdk-17\bin\java.dll
0x00007ffda2e90000 - 0x00007ffda2f67000 	C:\Program Files\java\jdk-17\bin\jsvml.dll
0x00007ffe0b090000 - 0x00007ffe0b790000 	C:\WINDOWS\System32\SHELL32.dll
0x00007ffe07640000 - 0x00007ffe07e71000 	C:\WINDOWS\SYSTEM32\windows.storage.dll
0x00007ffe0b810000 - 0x00007ffe0b8ea000 	C:\WINDOWS\System32\SHCORE.dll
0x00007ffe0ad70000 - 0x00007ffe0adcd000 	C:\WINDOWS\System32\shlwapi.dll
0x00007ffe09880000 - 0x00007ffe098ae000 	C:\WINDOWS\SYSTEM32\profapi.dll
0x00007ffdcdd00000 - 0x00007ffdcdd19000 	C:\Program Files\java\jdk-17\bin\net.dll
0x00007ffe04c00000 - 0x00007ffe04d26000 	C:\WINDOWS\SYSTEM32\WINHTTP.dll
0x00007ffe08c50000 - 0x00007ffe08cb8000 	C:\WINDOWS\system32\mswsock.dll
0x00007ffdcc280000 - 0x00007ffdcc296000 	C:\Program Files\java\jdk-17\bin\nio.dll
0x00007ffdc5a30000 - 0x00007ffdc5a48000 	C:\Program Files\java\jdk-17\bin\zip.dll
0x00007ffdf4810000 - 0x00007ffdf481a000 	C:\Program Files\java\jdk-17\bin\management.dll
0x00007ffde0770000 - 0x00007ffde077b000 	C:\Program Files\java\jdk-17\bin\management_ext.dll
0x00007ffe08170000 - 0x00007ffe08295000 	C:\WINDOWS\SYSTEM32\DNSAPI.dll
0x00007ffe08130000 - 0x00007ffe08162000 	C:\WINDOWS\SYSTEM32\IPHLPAPI.DLL
0x00007ffe0ac70000 - 0x00007ffe0ac7a000 	C:\WINDOWS\System32\NSI.dll
0x00007ffe01fc0000 - 0x00007ffe01fcb000 	C:\Windows\System32\rasadhlp.dll
0x00007ffe04f80000 - 0x00007ffe05005000 	C:\WINDOWS\System32\fwpuclnt.dll
0x00007ffe04e20000 - 0x00007ffe04e3e000 	C:\WINDOWS\SYSTEM32\dhcpcsvc6.DLL
0x00007ffe04df0000 - 0x00007ffe04e15000 	C:\WINDOWS\SYSTEM32\dhcpcsvc.DLL
0x00007ffe09000000 - 0x00007ffe0901c000 	C:\WINDOWS\SYSTEM32\CRYPTSP.dll
0x00007ffe086d0000 - 0x00007ffe08708000 	C:\WINDOWS\system32\rsaenh.dll
0x00007ffe08cf0000 - 0x00007ffe08d1b000 	C:\WINDOWS\SYSTEM32\USERENV.dll
0x00007ffe09190000 - 0x00007ffe091b6000 	C:\WINDOWS\SYSTEM32\bcrypt.dll
0x00007ffe08e80000 - 0x00007ffe08e8c000 	C:\WINDOWS\SYSTEM32\CRYPTBASE.dll
0x00007ffdded00000 - 0x00007ffdded10000 	C:\Program Files\java\jdk-17\bin\verify.dll
0x00007ffddfbe0000 - 0x00007ffddfbee000 	C:\Program Files\java\jdk-17\bin\sunmscapi.dll
0x00007ffe09a20000 - 0x00007ffe09b96000 	C:\WINDOWS\System32\CRYPT32.dll
0x00007ffe09150000 - 0x00007ffe09180000 	C:\WINDOWS\SYSTEM32\ncrypt.dll
0x00007ffe09100000 - 0x00007ffe0913f000 	C:\WINDOWS\SYSTEM32\NTASN1.dll
0x00007ffe05b40000 - 0x00007ffe05b48000 	C:\WINDOWS\system32\wshunix.dll
0x00007ffde7bb0000 - 0x00007ffde7bc8000 	C:\WINDOWS\system32\napinsp.dll
0x00007ffde77b0000 - 0x00007ffde77c2000 	C:\WINDOWS\System32\winrnr.dll
0x00007ffde7780000 - 0x00007ffde77a2000 	C:\WINDOWS\system32\nlansp_c.dll
0x00007ffde7760000 - 0x00007ffde7776000 	C:\WINDOWS\system32\wshbth.dll

dbghelp: loaded successfully - version: 4.0.5 - missing functions: none
symbol engine: initialized successfully - sym options: 0x614 - pdb path: .;C:\Program Files\java\jdk-17\bin;C:\WINDOWS\SYSTEM32;C:\WINDOWS\WinSxS\amd64_microsoft.windows.common-controls_6595b64144ccf1df_6.0.26100.2454_none_3e0b68a2e331ad60;C:\Program Files\java\jdk-17\bin\server

VM Arguments:
jvm_args: -XX:+ShowCodeDetailsInExceptionMessages 
java_command: com.manamer.SellOut.infraestructure.apigateway.ApigatewayApplication
java_class_path (initial): C:\Users\Fernanda Jama\OneDrive - Manamer\Documentos\PROYEC_DEVELOP\SellOut\backend\infraestructure\apigateway\target\classes;C:\Users\Fernanda Jama\.m2\repository\org\springframework\cloud\spring-cloud-starter-gateway\4.1.2\spring-cloud-starter-gateway-4.1.2.jar;C:\Users\Fernanda Jama\.m2\repository\org\springframework\cloud\spring-cloud-starter\4.1.2\spring-cloud-starter-4.1.2.jar;C:\Users\Fernanda Jama\.m2\repository\org\springframework\cloud\spring-cloud-context\4.1.2\spring-cloud-context-4.1.2.jar;C:\Users\Fernanda Jama\.m2\repository\org\springframework\security\spring-security-crypto\6.3.1\spring-security-crypto-6.3.1.jar;C:\Users\Fernanda Jama\.m2\repository\org\springframework\cloud\spring-cloud-commons\4.1.2\spring-cloud-commons-4.1.2.jar;C:\Users\Fernanda Jama\.m2\repository\org\springframework\security\spring-security-rsa\1.1.2\spring-security-rsa-1.1.2.jar;C:\Users\Fernanda Jama\.m2\repository\org\bouncycastle\bcprov-jdk18on\1.77\bcprov-jdk18on-1.77.jar;C:\Users\Fernanda Jama\.m2\repository\org\springframework\cloud\spring-cloud-gateway-server\4.1.2\spring-cloud-gateway-server-4.1.2.jar;C:\Users\Fernanda Jama\.m2\repository\org\springframework\boot\spring-boot-starter-validation\3.2.4\spring-boot-starter-validation-3.2.4.jar;C:\Users\Fernanda Jama\.m2\repository\org\apache\tomcat\embed\tomcat-embed-el\10.1.19\tomcat-embed-el-10.1.19.jar;C:\Users\Fernanda Jama\.m2\repository\org\hibernate\validator\hibernate-validator\8.0.1.Final\hibernate-validator-8.0.1.Final.jar;C:\Users\Fernanda Jama\.m2\repository\jakarta\validation\jakarta.validation-api\3.0.2\jakarta.validation-api-3.0.2.jar;C:\Users\Fernanda Jama\.m2\repository\org\jboss\logging\jboss-logging\3.5.3.Final\jboss-logging-3.5.3.Final.jar;C:\Users\Fernanda Jama\.m2\repository\com\fasterxml\classmate\1.6.0\classmate-1.6.0.jar;C:\Users\Fernanda Jama\.m2\repository\io\projectreactor\addons\reactor-extra\3.5.1\reactor-extra-3.5.1.jar;C:\Users\Fernanda Jama\.m2\repository\io\pr
Launcher Type: SUN_STANDARD

[Global flags]
     intx CICompilerCount                          = 4                                         {product} {ergonomic}
     uint ConcGCThreads                            = 2                                         {product} {ergonomic}
     uint G1ConcRefinementThreads                  = 8                                         {product} {ergonomic}
   size_t G1HeapRegionSize                         = 4194304                                   {product} {ergonomic}
    uintx GCDrainStackTargetSize                   = 64                                        {product} {ergonomic}
   size_t InitialHeapSize                          = 532676608                                 {product} {ergonomic}
   size_t MarkStackSize                            = 4194304                                   {product} {ergonomic}
   size_t MaxHeapSize                              = 8518631424                                {product} {ergonomic}
   size_t MaxNewSize                               = 5108662272                                {product} {ergonomic}
   size_t MinHeapDeltaBytes                        = 4194304                                   {product} {ergonomic}
   size_t MinHeapSize                              = 8388608                                   {product} {ergonomic}
    uintx NonNMethodCodeHeapSize                   = 5839372                                {pd product} {ergonomic}
    uintx NonProfiledCodeHeapSize                  = 122909434                              {pd product} {ergonomic}
    uintx ProfiledCodeHeapSize                     = 122909434                              {pd product} {ergonomic}
    uintx ReservedCodeCacheSize                    = 251658240                              {pd product} {ergonomic}
     bool SegmentedCodeCache                       = true                                      {product} {ergonomic}
     bool ShowCodeDetailsInExceptionMessages       = true                                   {manageable} {command line}
   size_t SoftMaxHeapSize                          = 8518631424                             {manageable} {ergonomic}
     bool UseCompressedClassPointers               = true                           {product lp64_product} {ergonomic}
     bool UseCompressedOops                        = true                           {product lp64_product} {ergonomic}
     bool UseG1GC                                  = true                                      {product} {ergonomic}
     bool UseLargePagesIndividualAllocation        = false                                  {pd product} {ergonomic}

Logging:
Log output configuration:
 #0: stdout all=warning uptime,level,tags
 #1: stderr all=off uptime,level,tags

Environment Variables:
JAVA_HOME=C:\Program Files\java\jdk-17
CLASSPATH=C:\Program Files\SAP\SAP Business One DI API\JCO\LIB\sbowrapper.jar;C:\Program Files\SAP\SAP Business One DI API\JCO\LIB\sboapi.jar;C:\Program Files (x86)\SAP\SAP Business One DI API\JCO\LIB\sbowrapper.jar;C:\Program Files (x86)\SAP\SAP Business One DI API\JCO\LIB\sboapi.jar
PATH=C:\Python312\Scripts\;C:\Python312\;C:\Program Files\Eclipse Adoptium\jdk-21.0.3.9-hotspot\bin;C:\Program Files\java\jdk-17\bin;C:\Program Files\Microsoft MPI\Bin\;C:\apache-maven-3.9.6\bin;C:\Program Files\Common Files\Oracle\Java\javapath;C:\Program Files\Eclipse Foundation\jdk-8.0.302.8-hotspot\bin;C:\WINDOWS\system32;C:\WINDOWS;C:\WINDOWS\System32\Wbem;C:\WINDOWS\System32\WindowsPowerShell\v1.0\;C:\WINDOWS\System32\OpenSSH\;C:\Program Files\Azure Data Studio\bin;C:\Program Files\Microsoft SQL Server\Client SDK\ODBC\170\Tools\Binn\;C:\ProgramData\chocolatey\bin;C:\Program Files\Git\cmd;C:\Program Files\PuTTY\;C:\Program Files\Eclipse Adoptium\jdk-21.0.3.9-hotspot\\bin;C:\Program Files\SAP\SAP Business One DI API\JCO\LIB\;C:\Program Files\SAP\SAP Business One DI API\DI API 90;C:\Program Files\SAP\SAP Business One\;C:\Program Files (x86)\SAP\SAP Business One DI API\JCO\LIB\;C:\Program Files (x86)\SAP\SAP Business One DI API\DI API 90;C:\Program Files (x86)\SAP\SAP Business One\;C:\Program Files\Docker\Docker\resources\bin;C:\Program Files (x86)\Microsoft SQL Server\160\Tools\Binn\;C:\Program Files\Microsoft SQL Server\160\Tools\Binn\;C:\Program Files\Microsoft SQL Server\160\DTS\Binn\;C:\Program Files (x86)\Microsoft SQL Server\160\DTS\Binn\;C:\Program Files\Microsoft SQL Server\130\Tools\Binn\;C:\Program Files (x86)\Microsoft SQL Server\150\Tools\Binn\;C:\Program Files\Microsoft SQL Server\150\Tools\Binn\;C:\Program Files\Microsoft SQL Server\150\DTS\Binn\;C:\xampp\php;C:\Program Files\nodejs\;C:\Users\Fernanda Jama\AppData\Local\Microsoft\WindowsApps;C:\Program Files\Azure Data Studio\bin;C:\Users\Fernanda Jama\AppData\Local\GitHubDesktop\bin;C:\Program Files\java\jdk-17\bin;C:\Program Files\JetBrains\IntelliJ IDEA 2024.1\bin;;C:\Program Files\JetBrains\IntelliJ IDEA Community Edition 2023.2.5\bin;;C:\Users\Fernanda Jama\AppData\Local\Programs\Microsoft VS Code\bin;C:\Program Files\JetBrains\DataGrip 2024.2.1\bin;;C:\xampp\php;C:\Program Files\vtex\bin;C:\Users
USERNAME=Fernanda Jama
LANG=en_US.UTF-8
OS=Windows_NT
PROCESSOR_IDENTIFIER=Intel64 Family 6 Model 140 Stepping 1, GenuineIntel



---------------  S Y S T E M  ---------------

OS:
 Windows 11 , 64 bit Build 26100 (10.0.26100.2454)
OS uptime: 0 days 23:23 hours
Hyper-V role detected

CPU: total 8 (initial active 8) (4 cores per cpu, 2 threads per core) family 6 model 140 stepping 1 microcode 0xb8, cx8, cmov, fxsr, ht, mmx, 3dnowpref, sse, sse2, sse3, ssse3, sse4.1, sse4.2, popcnt, lzcnt, tsc, tscinvbit, avx, avx2, aes, erms, clmul, bmi1, bmi2, adx, avx512f, avx512dq, avx512cd, avx512bw, avx512vl, sha, fma, vzeroupper, avx512_vpopcntdq, avx512_vpclmulqdq, avx512_vaes, avx512_vnni, clflush, clflushopt, clwb, avx512_vbmi2, avx512_vbmi, hv

Memory: 4k page, system-wide physical 32494M (821M free)
TotalPageFile size 93435M (AvailPageFile size 4M)
current process WorkingSet (physical memory assigned to process): 132M, peak: 282M
current process commit charge ("private bytes"): 318M, peak: 693M

vm_info: Java HotSpot(TM) 64-Bit Server VM (17.0.9+11-LTS-201) for windows-amd64 JRE (17.0.9+11-LTS-201), built on Oct 10 2023 23:16:06 by "mach5one" with MS VC++ 17.1 (VS2022)

END.
