#
# There is insufficient memory for the Java Runtime Environment to continue.
# Native memory allocation (malloc) failed to allocate 888256 bytes for Chunk::new
# Possible reasons:
#   The system is out of physical RAM or swap space
#   The process is running with CompressedOops enabled, and the Java Heap may be blocking the growth of the native heap
# Possible solutions:
#   Reduce memory load on the system
#   Increase physical memory or swap space
#   Check if swap backing store is full
#   Decrease Java heap size (-Xmx/-Xms)
#   Decrease number of Java threads
#   Decrease Java thread stack sizes (-Xss)
#   Set larger code cache with -XX:ReservedCodeCacheSize=
#   JVM is running with Zero Based Compressed Oops mode in which the Java heap is
#     placed in the first 32GB address space. The Java Heap base address is the
#     maximum limit for the native heap growth. Please use -XX:HeapBaseMinAddress
#     to set the Java Heap base and to place the Java Heap above 32GB virtual address.
# This output file may be truncated or incomplete.
#
#  Out of Memory Error (arena.cpp:189), pid=5220, tid=14884
#
# JRE version: Java(TM) SE Runtime Environment (17.0.9+11) (build 17.0.9+11-LTS-201)
# Java VM: Java HotSpot(TM) 64-Bit Server VM (17.0.9+11-LTS-201, mixed mode, sharing, tiered, compressed oops, compressed class ptrs, g1 gc, windows-amd64)
# No core dump will be written. Minidumps are not enabled by default on client versions of Windows
#

---------------  S U M M A R Y ------------

Command Line: -XX:+ShowCodeDetailsInExceptionMessages com.manamer.SellOut.infraestructure.apigateway.ApigatewayApplication

Host: 11th Gen Intel(R) Core(TM) i7-1165G7 @ 2.80GHz, 8 cores, 31G,  Windows 11 , 64 bit Build 26100 (10.0.26100.2454)
Time: Thu Dec  5 11:40:21 2024 Hora est. Pacífico, Sudamérica elapsed time: 1128.717997 seconds (0d 0h 18m 48s)

---------------  T H R E A D  ---------------

Current thread (0x00000118acedcbd0):  JavaThread "C2 CompilerThread0" daemon [_thread_in_native, id=14884, stack(0x0000000f41a00000,0x0000000f41b00000)]


Current CompileTask:
C2:1128718 7238       4       org.springframework.core.annotation.AnnotationsScanner::scan (21 bytes)

Stack: [0x0000000f41a00000,0x0000000f41b00000]
Native frames: (J=compiled Java code, j=interpreted, Vv=VM code, C=native code)
V  [jvm.dll+0x678a4a]
V  [jvm.dll+0x7d9cfd]
V  [jvm.dll+0x7db60e]
V  [jvm.dll+0x7dbc73]
V  [jvm.dll+0x245e1f]
V  [jvm.dll+0xaaafb]
V  [jvm.dll+0xab09c]
V  [jvm.dll+0x2ab7ef]
V  [jvm.dll+0x5812e5]
V  [jvm.dll+0x220c52]
V  [jvm.dll+0x219d2d]
V  [jvm.dll+0x217459]
V  [jvm.dll+0x1a3bc0]
V  [jvm.dll+0x2272de]
V  [jvm.dll+0x22548b]
V  [jvm.dll+0x78f58c]
V  [jvm.dll+0x78998a]
V  [jvm.dll+0x677875]
C  [ucrtbase.dll+0x14ea0]
C  [KERNEL32.DLL+0x2e8d7]
C  [ntdll.dll+0xdfbcc]


---------------  P R O C E S S  ---------------

Threads class SMR info:
_java_thread_list=0x00000118f93273f0, length=35, elements={
0x00000118acebf4c0, 0x00000118acec0bf0, 0x00000118aceda1a0, 0x00000118acedab60,
0x00000118acedb520, 0x00000118acedbee0, 0x00000118acedcbd0, 0x00000118acedf8d0,
0x00000118acee3620, 0x00000118af931bb0, 0x00000118af9320c0, 0x00000118af9325d0,
0x00000118af934e50, 0x00000118af933a10, 0x00000118af933f20, 0x00000118f94fa060,
0x00000118f94f77e0, 0x00000118f94fa570, 0x00000118f94f9b50, 0x00000118f94faa80,
0x00000118f94faf90, 0x00000118f94f8710, 0x00000118f94fb4a0, 0x00000118f94f7cf0,
0x00000118f94fc3d0, 0x00000118f94fb9b0, 0x00000118f94fbec0, 0x00000118f94f8c20,
0x00000118f94fc8e0, 0x00000118f94f9130, 0x00000118f94fcdf0, 0x00000118f94fdd20,
0x00000118f94fe230, 0x00000118f94fd300, 0x00000118f94ff160
}

Java Threads: ( => current thread )
  0x00000118acebf4c0 JavaThread "Reference Handler" daemon [_thread_blocked, id=11544, stack(0x0000000f41400000,0x0000000f41500000)]
  0x00000118acec0bf0 JavaThread "Finalizer" daemon [_thread_blocked, id=24280, stack(0x0000000f41500000,0x0000000f41600000)]
  0x00000118aceda1a0 JavaThread "Signal Dispatcher" daemon [_thread_blocked, id=13028, stack(0x0000000f41600000,0x0000000f41700000)]
  0x00000118acedab60 JavaThread "Attach Listener" daemon [_thread_blocked, id=10772, stack(0x0000000f41700000,0x0000000f41800000)]
  0x00000118acedb520 JavaThread "Service Thread" daemon [_thread_blocked, id=5044, stack(0x0000000f41800000,0x0000000f41900000)]
  0x00000118acedbee0 JavaThread "Monitor Deflation Thread" daemon [_thread_blocked, id=15148, stack(0x0000000f41900000,0x0000000f41a00000)]
=>0x00000118acedcbd0 JavaThread "C2 CompilerThread0" daemon [_thread_in_native, id=14884, stack(0x0000000f41a00000,0x0000000f41b00000)]
  0x00000118acedf8d0 JavaThread "C1 CompilerThread0" daemon [_thread_blocked, id=8796, stack(0x0000000f41b00000,0x0000000f41c00000)]
  0x00000118acee3620 JavaThread "Sweeper thread" daemon [_thread_blocked, id=27688, stack(0x0000000f41c00000,0x0000000f41d00000)]
  0x00000118af931bb0 JavaThread "Notification Thread" daemon [_thread_blocked, id=26208, stack(0x0000000f41d00000,0x0000000f41e00000)]
  0x00000118af9320c0 JavaThread "Common-Cleaner" daemon [_thread_blocked, id=31340, stack(0x0000000f41f00000,0x0000000f42000000)]
  0x00000118af9325d0 JavaThread "boundedElastic-evictor-1" daemon [_thread_blocked, id=23404, stack(0x0000000f42c00000,0x0000000f42d00000)]
  0x00000118af934e50 JavaThread "spring.cloud.inetutils" daemon [_thread_blocked, id=13552, stack(0x0000000f42e00000,0x0000000f42f00000)]
  0x00000118af933a10 JavaThread "File Watcher" daemon [_thread_blocked, id=23964, stack(0x0000000f42f00000,0x0000000f43000000)]
  0x00000118af933f20 JavaThread "AsyncResolver-bootstrap-0" daemon [_thread_blocked, id=4032, stack(0x0000000f43000000,0x0000000f43100000)]
  0x00000118f94fa060 JavaThread "idle-connection-evictor-1" daemon [_thread_blocked, id=30180, stack(0x0000000f43100000,0x0000000f43200000)]
  0x00000118f94f77e0 JavaThread "DiscoveryClient-0" daemon [_thread_blocked, id=4308, stack(0x0000000f42a00000,0x0000000f42b00000)]
  0x00000118f94fa570 JavaThread "DiscoveryClient-1" daemon [_thread_blocked, id=23608, stack(0x0000000f42d00000,0x0000000f42e00000)]
  0x00000118f94f9b50 JavaThread "DiscoveryClient-InstanceInfoReplicator-0" daemon [_thread_blocked, id=20536, stack(0x0000000f43200000,0x0000000f43300000)]
  0x00000118f94faa80 JavaThread "reactor-http-nio-1" daemon [_thread_in_native, id=16192, stack(0x0000000f43300000,0x0000000f43400000)]
  0x00000118f94faf90 JavaThread "server" [_thread_blocked, id=5600, stack(0x0000000f43400000,0x0000000f43500000)]
  0x00000118f94f8710 JavaThread "DestroyJavaVM" [_thread_blocked, id=13692, stack(0x0000000f40d00000,0x0000000f40e00000)]
  0x00000118f94fb4a0 JavaThread "DiscoveryClient-CacheRefreshExecutor-0" daemon [_thread_blocked, id=27744, stack(0x0000000f43500000,0x0000000f43600000)]
  0x00000118f94f7cf0 JavaThread "DiscoveryClient-HeartbeatExecutor-0" daemon [_thread_blocked, id=26828, stack(0x0000000f43600000,0x0000000f43700000)]
  0x00000118f94fc3d0 JavaThread "reactor-http-nio-2" daemon [_thread_in_native, id=9716, stack(0x0000000f40b00000,0x0000000f40c00000)]
  0x00000118f94fb9b0 JavaThread "parallel-1" daemon [_thread_blocked, id=30716, stack(0x0000000f42800000,0x0000000f42900000)]
  0x00000118f94fbec0 JavaThread "pool-11-thread-1" daemon [_thread_blocked, id=4612, stack(0x0000000f42900000,0x0000000f42a00000)]
  0x00000118f94f8c20 JavaThread "reactor-http-nio-3" daemon [_thread_in_native, id=28088, stack(0x0000000f43700000,0x0000000f43800000)]
  0x00000118f94fc8e0 JavaThread "reactor-http-nio-4" daemon [_thread_in_native, id=16704, stack(0x0000000f43800000,0x0000000f43900000)]
  0x00000118f94f9130 JavaThread "reactor-http-nio-5" daemon [_thread_in_native, id=19940, stack(0x0000000f43900000,0x0000000f43a00000)]
  0x00000118f94fcdf0 JavaThread "reactor-http-nio-6" daemon [_thread_in_native, id=10048, stack(0x0000000f43a00000,0x0000000f43b00000)]
  0x00000118f94fdd20 JavaThread "reactor-http-nio-7" daemon [_thread_in_native, id=21520, stack(0x0000000f43b00000,0x0000000f43c00000)]
  0x00000118f94fe230 JavaThread "reactor-http-nio-8" daemon [_thread_in_native, id=28684, stack(0x0000000f43c00000,0x0000000f43d00000)]
  0x00000118f94fd300 JavaThread "Thread-15" daemon [_thread_in_native, id=8884, stack(0x0000000f43d00000,0x0000000f43e00000)]
  0x00000118f94ff160 JavaThread "AsyncResolver-bootstrap-executor-0" daemon [_thread_blocked, id=16796, stack(0x0000000f43f00000,0x0000000f44000000)]

Other Threads:
  0x00000118aceb77e0 VMThread "VM Thread" [stack: 0x0000000f41300000,0x0000000f41400000] [id=24020]
  0x00000118af93b3a0 WatcherThread [stack: 0x0000000f41e00000,0x0000000f41f00000] [id=13280]
  0x0000011882c8ebc0 GCTaskThread "GC Thread#0" [stack: 0x0000000f40e00000,0x0000000f40f00000] [id=23956]
  0x00000118f554f320 GCTaskThread "GC Thread#1" [stack: 0x0000000f42100000,0x0000000f42200000] [id=24312]
  0x00000118f554f5e0 GCTaskThread "GC Thread#2" [stack: 0x0000000f42200000,0x0000000f42300000] [id=11688]
  0x00000118f5716d80 GCTaskThread "GC Thread#3" [stack: 0x0000000f42300000,0x0000000f42400000] [id=32032]
  0x00000118f5717040 GCTaskThread "GC Thread#4" [stack: 0x0000000f42400000,0x0000000f42500000] [id=10752]
  0x00000118f5e14aa0 GCTaskThread "GC Thread#5" [stack: 0x0000000f42500000,0x0000000f42600000] [id=10536]
  0x00000118f5e14d60 GCTaskThread "GC Thread#6" [stack: 0x0000000f42600000,0x0000000f42700000] [id=27232]
  0x00000118f544e790 GCTaskThread "GC Thread#7" [stack: 0x0000000f42700000,0x0000000f42800000] [id=31304]
  0x00000118acd32730 ConcurrentGCThread "G1 Main Marker" [stack: 0x0000000f40f00000,0x0000000f41000000] [id=32600]
  0x00000118acd33140 ConcurrentGCThread "G1 Conc#0" [stack: 0x0000000f41000000,0x0000000f41100000] [id=25996]
  0x00000118f66f6430 ConcurrentGCThread "G1 Conc#1" [stack: 0x0000000f42b00000,0x0000000f42c00000] [id=1480]
  0x00000118acdef850 ConcurrentGCThread "G1 Refine#0" [stack: 0x0000000f41100000,0x0000000f41200000] [id=4776]
  0x00000118acdf0280 ConcurrentGCThread "G1 Service" [stack: 0x0000000f41200000,0x0000000f41300000] [id=20244]

Threads with active compile tasks:
C2 CompilerThread0  1128754 7238       4       org.springframework.core.annotation.AnnotationsScanner::scan (21 bytes)

VM state: not at safepoint (normal execution)

VM Mutex/Monitor currently owned by a thread: None

Heap address: 0x0000000604400000, size: 8124 MB, Compressed Oops mode: Zero based, Oop shift amount: 3

CDS archive(s) mapped at: [0x00000118b0000000-0x00000118b0bd0000-0x00000118b0bd0000), size 12386304, SharedBaseAddress: 0x00000118b0000000, ArchiveRelocationMode: 1.
Compressed class space mapped at: 0x00000118b1000000-0x00000118f1000000, reserved size: 1073741824
Narrow klass base: 0x00000118b0000000, Narrow klass shift: 0, Narrow klass range: 0x100000000

GC Precious Log:
 CPUs: 8 total, 8 available
 Memory: 32494M
 Large Page Support: Disabled
 NUMA Support: Disabled
 Compressed Oops: Enabled (Zero based)
 Heap Region Size: 4M
 Heap Min Capacity: 8M
 Heap Initial Capacity: 508M
 Heap Max Capacity: 8124M
 Pre-touch: Disabled
 Parallel Workers: 8
 Concurrent Workers: 2
 Concurrent Refinement Workers: 8
 Periodic GC: Disabled

Heap:
 garbage-first heap   total 69632K, used 45314K [0x0000000604400000, 0x0000000800000000)
  region size 4096K, 5 young (20480K), 1 survivors (4096K)
 Metaspace       used 55301K, committed 55808K, reserved 1114112K
  class space    used 7462K, committed 7680K, reserved 1048576K

Heap Regions: E=young(eden), S=young(survivor), O=old, HS=humongous(starts), HC=humongous(continues), CS=collection set, F=free, OA=open archive, CA=closed archive, TAMS=top-at-mark-start (previous, next)
|   0|0x0000000604400000, 0x0000000604800000, 0x0000000604800000|100%| O|  |TAMS 0x0000000604800000, 0x0000000604400000| Complete 
|   1|0x0000000604800000, 0x0000000604bbf600, 0x0000000604c00000| 93%| O|  |TAMS 0x0000000604bbf600, 0x0000000604800000| Untracked 
|   2|0x0000000604c00000, 0x0000000605000000, 0x0000000605000000|100%| O|  |TAMS 0x0000000605000000, 0x0000000604c00000| Untracked 
|   3|0x0000000605000000, 0x0000000605400000, 0x0000000605400000|100%| O|  |TAMS 0x0000000605400000, 0x0000000605000000| Untracked 
|   4|0x0000000605400000, 0x0000000605800000, 0x0000000605800000|100%| O|  |TAMS 0x0000000605800000, 0x0000000605400000| Untracked 
|   5|0x0000000605800000, 0x0000000605c00000, 0x0000000605c00000|100%| O|  |TAMS 0x0000000605c00000, 0x0000000605800000| Untracked 
|   6|0x0000000605c00000, 0x0000000606000000, 0x0000000606000000|100%| O|  |TAMS 0x0000000606000000, 0x0000000605c00000| Untracked 
|   7|0x0000000606000000, 0x00000006061cda00, 0x0000000606400000| 45%| O|  |TAMS 0x00000006061cda00, 0x0000000606000000| Untracked 
|   8|0x0000000606400000, 0x0000000606400000, 0x0000000606800000|  0%| F|  |TAMS 0x0000000606400000, 0x0000000606400000| Untracked 
|   9|0x0000000606800000, 0x0000000606800000, 0x0000000606c00000|  0%| F|  |TAMS 0x0000000606800000, 0x0000000606800000| Untracked 
|  10|0x0000000606c00000, 0x0000000606c00000, 0x0000000607000000|  0%| F|  |TAMS 0x0000000606c00000, 0x0000000606c00000| Untracked 
|  11|0x0000000607000000, 0x0000000607000000, 0x0000000607400000|  0%| F|  |TAMS 0x0000000607000000, 0x0000000607000000| Untracked 
|  12|0x0000000607400000, 0x00000006076b38e0, 0x0000000607800000| 67%| S|CS|TAMS 0x0000000607400000, 0x0000000607400000| Complete 
|  13|0x0000000607800000, 0x0000000607a74f58, 0x0000000607c00000| 61%| E|  |TAMS 0x0000000607800000, 0x0000000607800000| Complete 
| 114|0x0000000620c00000, 0x0000000621000000, 0x0000000621000000|100%| E|CS|TAMS 0x0000000620c00000, 0x0000000620c00000| Complete 
| 117|0x0000000621800000, 0x0000000621c00000, 0x0000000621c00000|100%| E|CS|TAMS 0x0000000621800000, 0x0000000621800000| Complete 
| 126|0x0000000623c00000, 0x0000000624000000, 0x0000000624000000|100%| E|CS|TAMS 0x0000000623c00000, 0x0000000623c00000| Complete 

Card table byte_map: [0x000001189af80000,0x000001189bf60000] _byte_map_base: 0x0000011897f5e000

Marking Bits (Prev, Next): (CMBitMap*) 0x00000118acd213a0, (CMBitMap*) 0x00000118acd21360
 Prev Bits: [0x00000118a4e30000, 0x00000118acd20000)
 Next Bits: [0x000001189cf40000, 0x00000118a4e30000)

Polling page: 0x00000118812f0000

Metaspace:

Usage:
  Non-class:     46.72 MB used.
      Class:      7.29 MB used.
       Both:     54.01 MB used.

Virtual space:
  Non-class space:       64.00 MB reserved,      47.00 MB ( 73%) committed,  1 nodes.
      Class space:        1.00 GB reserved,       7.50 MB ( <1%) committed,  1 nodes.
             Both:        1.06 GB reserved,      54.50 MB (  5%) committed. 

Chunk freelists:
   Non-Class:  1.05 MB
       Class:  8.50 MB
        Both:  9.55 MB

MaxMetaspaceSize: unlimited
CompressedClassSpaceSize: 1.00 GB
Initial GC threshold: 21.00 MB
Current GC threshold: 90.56 MB
CDS: on
MetaspaceReclaimPolicy: balanced
 - commit_granule_bytes: 65536.
 - commit_granule_words: 8192.
 - virtual_space_node_default_size: 8388608.
 - enlarge_chunks_in_place: 1.
 - new_chunks_are_fully_committed: 0.
 - uncommit_free_chunks: 1.
 - use_allocation_guard: 0.
 - handle_deallocations: 1.


Internal statistics:

num_allocs_failed_limit: 6.
num_arena_births: 752.
num_arena_deaths: 0.
num_vsnodes_births: 2.
num_vsnodes_deaths: 0.
num_space_committed: 872.
num_space_uncommitted: 0.
num_chunks_returned_to_freelist: 6.
num_chunks_taken_from_freelist: 2800.
num_chunk_merges: 3.
num_chunk_splits: 1926.
num_chunks_enlarged: 1425.
num_inconsistent_stats: 0.

CodeHeap 'non-profiled nmethods': size=120000Kb used=5334Kb max_used=5334Kb free=114666Kb
 bounds [0x0000011892010000, 0x0000011892550000, 0x0000011899540000]
CodeHeap 'profiled nmethods': size=120000Kb used=13636Kb max_used=13636Kb free=106363Kb
 bounds [0x000001188a540000, 0x000001188b2a0000, 0x0000011891a70000]
CodeHeap 'non-nmethods': size=5760Kb used=1327Kb max_used=1374Kb free=4432Kb
 bounds [0x0000011891a70000, 0x0000011891ce0000, 0x0000011892010000]
 total_blobs=7158 nmethods=6517 adapters=551
 compilation: enabled
              stopped_count=0, restarted_count=0
 full_count=0

Compilation events (20 events):
Event: 1096.579 Thread 0x00000118acedf8d0 nmethod 7230 0x000001188b28cd90 code [0x000001188b28cfa0, 0x000001188b28d638]
Event: 1096.580 Thread 0x00000118acedf8d0 7231       3       reactor.core.publisher.Operators::toFluxOrMono (17 bytes)
Event: 1096.580 Thread 0x00000118acedf8d0 nmethod 7231 0x000001188b28d790 code [0x000001188b28d980, 0x000001188b28df98]
Event: 1096.581 Thread 0x00000118acedcbd0 7232       4       org.springframework.boot.context.properties.source.SoftReferenceConfigurationPropertyCache::now (4 bytes)
Event: 1096.582 Thread 0x00000118acedf8d0 7234       3       org.springframework.web.util.pattern.InternalPathPatternParser::resetPathElementState (36 bytes)
Event: 1096.582 Thread 0x00000118acedf8d0 nmethod 7234 0x000001188b28e110 code [0x000001188b28e2a0, 0x000001188b28e3d8]
Event: 1096.583 Thread 0x00000118acedcbd0 nmethod 7232 0x0000011892544e90 code [0x0000011892545020, 0x00000118925452c8]
Event: 1096.583 Thread 0x00000118acedcbd0 7233       4       java.util.HashMap$HashMapSpliterator::getFence (53 bytes)
Event: 1096.583 Thread 0x00000118acedcbd0 nmethod 7233 0x0000011892545510 code [0x0000011892545680, 0x0000011892545738]
Event: 1126.593 Thread 0x00000118acedf8d0 7235       3       org.apache.hc.client5.http.impl.classic.ExecChainElement::execute (37 bytes)
Event: 1126.594 Thread 0x00000118acedf8d0 nmethod 7235 0x000001188b28e490 code [0x000001188b28e6a0, 0x000001188b28ed78]
Event: 1126.611 Thread 0x00000118acedf8d0 7236       3       java.util.concurrent.ConcurrentHashMap::putAll (63 bytes)
Event: 1126.611 Thread 0x00000118acedf8d0 nmethod 7236 0x000001188b28f010 code [0x000001188b28f240, 0x000001188b28fae8]
Event: 1126.611 Thread 0x00000118acedf8d0 7237       3       jdk.internal.misc.Unsafe::getAndSetLong (24 bytes)
Event: 1126.611 Thread 0x00000118acedf8d0 nmethod 7237 0x000001188b28fd10 code [0x000001188b28fec0, 0x000001188b290108]
Event: 1126.612 Thread 0x00000118acedcbd0 7238       4       org.springframework.core.annotation.AnnotationsScanner::scan (21 bytes)
Event: 1126.613 Thread 0x00000118acedf8d0 7239       3       java.lang.reflect.Method::checkCanSetAccessible (10 bytes)
Event: 1126.613 Thread 0x00000118acedf8d0 nmethod 7239 0x000001188b290210 code [0x000001188b2903c0, 0x000001188b290568]
Event: 1126.613 Thread 0x00000118acedf8d0 7240       3       java.lang.reflect.Method::setAccessible (21 bytes)
Event: 1126.614 Thread 0x00000118acedf8d0 nmethod 7240 0x000001188b290690 code [0x000001188b2908a0, 0x000001188b290ec8]

GC Heap History (20 events):
Event: 7.529 GC heap before
{Heap before GC invocations=6 (full 0):
 garbage-first heap   total 69632K, used 46253K [0x0000000604400000, 0x0000000800000000)
  region size 4096K, 10 young (40960K), 3 survivors (12288K)
 Metaspace       used 25799K, committed 26112K, reserved 1114112K
  class space    used 3349K, committed 3456K, reserved 1048576K
}
Event: 7.536 GC heap after
{Heap after GC invocations=7 (full 0):
 garbage-first heap   total 69632K, used 18772K [0x0000000604400000, 0x0000000800000000)
  region size 4096K, 2 young (8192K), 2 survivors (8192K)
 Metaspace       used 25799K, committed 26112K, reserved 1114112K
  class space    used 3349K, committed 3456K, reserved 1048576K
}
Event: 8.308 GC heap before
{Heap before GC invocations=7 (full 0):
 garbage-first heap   total 69632K, used 43348K [0x0000000604400000, 0x0000000800000000)
  region size 4096K, 8 young (32768K), 2 survivors (8192K)
 Metaspace       used 29020K, committed 29376K, reserved 1114112K
  class space    used 3819K, committed 4032K, reserved 1048576K
}
Event: 8.313 GC heap after
{Heap after GC invocations=8 (full 0):
 garbage-first heap   total 69632K, used 20688K [0x0000000604400000, 0x0000000800000000)
  region size 4096K, 1 young (4096K), 1 survivors (4096K)
 Metaspace       used 29020K, committed 29376K, reserved 1114112K
  class space    used 3819K, committed 4032K, reserved 1048576K
}
Event: 9.148 GC heap before
{Heap before GC invocations=8 (full 0):
 garbage-first heap   total 69632K, used 45264K [0x0000000604400000, 0x0000000800000000)
  region size 4096K, 7 young (28672K), 1 survivors (4096K)
 Metaspace       used 33625K, committed 34048K, reserved 1114112K
  class space    used 4476K, committed 4672K, reserved 1048576K
}
Event: 9.154 GC heap after
{Heap after GC invocations=9 (full 0):
 garbage-first heap   total 69632K, used 22467K [0x0000000604400000, 0x0000000800000000)
  region size 4096K, 1 young (4096K), 1 survivors (4096K)
 Metaspace       used 33625K, committed 34048K, reserved 1114112K
  class space    used 4476K, committed 4672K, reserved 1048576K
}
Event: 10.143 GC heap before
{Heap before GC invocations=9 (full 0):
 garbage-first heap   total 69632K, used 38851K [0x0000000604400000, 0x0000000800000000)
  region size 4096K, 6 young (24576K), 1 survivors (4096K)
 Metaspace       used 35745K, committed 36096K, reserved 1114112K
  class space    used 4745K, committed 4928K, reserved 1048576K
}
Event: 10.149 GC heap after
{Heap after GC invocations=10 (full 0):
 garbage-first heap   total 69632K, used 23608K [0x0000000604400000, 0x0000000800000000)
  region size 4096K, 1 young (4096K), 1 survivors (4096K)
 Metaspace       used 35745K, committed 36096K, reserved 1114112K
  class space    used 4745K, committed 4928K, reserved 1048576K
}
Event: 13.466 GC heap before
{Heap before GC invocations=11 (full 0):
 garbage-first heap   total 69632K, used 48184K [0x0000000604400000, 0x0000000800000000)
  region size 4096K, 7 young (28672K), 1 survivors (4096K)
 Metaspace       used 38331K, committed 38848K, reserved 1114112K
  class space    used 5192K, committed 5440K, reserved 1048576K
}
Event: 13.470 GC heap after
{Heap after GC invocations=12 (full 0):
 garbage-first heap   total 69632K, used 25251K [0x0000000604400000, 0x0000000800000000)
  region size 4096K, 1 young (4096K), 1 survivors (4096K)
 Metaspace       used 38331K, committed 38848K, reserved 1114112K
  class space    used 5192K, committed 5440K, reserved 1048576K
}
Event: 13.595 GC heap before
{Heap before GC invocations=12 (full 0):
 garbage-first heap   total 69632K, used 29347K [0x0000000604400000, 0x0000000800000000)
  region size 4096K, 2 young (8192K), 1 survivors (4096K)
 Metaspace       used 38950K, committed 39424K, reserved 1114112K
  class space    used 5270K, committed 5504K, reserved 1048576K
}
Event: 13.600 GC heap after
{Heap after GC invocations=13 (full 0):
 garbage-first heap   total 69632K, used 24469K [0x0000000604400000, 0x0000000800000000)
  region size 4096K, 1 young (4096K), 1 survivors (4096K)
 Metaspace       used 38950K, committed 39424K, reserved 1114112K
  class space    used 5270K, committed 5504K, reserved 1048576K
}
Event: 14.694 GC heap before
{Heap before GC invocations=13 (full 0):
 garbage-first heap   total 69632K, used 49045K [0x0000000604400000, 0x0000000800000000)
  region size 4096K, 7 young (28672K), 1 survivors (4096K)
 Metaspace       used 44737K, committed 45248K, reserved 1114112K
  class space    used 6057K, committed 6336K, reserved 1048576K
}
Event: 14.700 GC heap after
{Heap after GC invocations=14 (full 0):
 garbage-first heap   total 69632K, used 27071K [0x0000000604400000, 0x0000000800000000)
  region size 4096K, 1 young (4096K), 1 survivors (4096K)
 Metaspace       used 44737K, committed 45248K, reserved 1114112K
  class space    used 6057K, committed 6336K, reserved 1048576K
}
Event: 16.077 GC heap before
{Heap before GC invocations=14 (full 0):
 garbage-first heap   total 69632K, used 51647K [0x0000000604400000, 0x0000000800000000)
  region size 4096K, 7 young (28672K), 1 survivors (4096K)
 Metaspace       used 49601K, committed 50048K, reserved 1114112K
  class space    used 6712K, committed 6912K, reserved 1048576K
}
Event: 16.083 GC heap after
{Heap after GC invocations=15 (full 0):
 garbage-first heap   total 69632K, used 30213K [0x0000000604400000, 0x0000000800000000)
  region size 4096K, 1 young (4096K), 1 survivors (4096K)
 Metaspace       used 49601K, committed 50048K, reserved 1114112K
  class space    used 6712K, committed 6912K, reserved 1048576K
}
Event: 208.148 GC heap before
{Heap before GC invocations=15 (full 0):
 garbage-first heap   total 69632K, used 50693K [0x0000000604400000, 0x0000000800000000)
  region size 4096K, 6 young (24576K), 1 survivors (4096K)
 Metaspace       used 52646K, committed 53120K, reserved 1114112K
  class space    used 7125K, committed 7360K, reserved 1048576K
}
Event: 208.155 GC heap after
{Heap after GC invocations=16 (full 0):
 garbage-first heap   total 69632K, used 32196K [0x0000000604400000, 0x0000000800000000)
  region size 4096K, 1 young (4096K), 1 survivors (4096K)
 Metaspace       used 52646K, committed 53120K, reserved 1114112K
  class space    used 7125K, committed 7360K, reserved 1048576K
}
Event: 530.269 GC heap before
{Heap before GC invocations=16 (full 0):
 garbage-first heap   total 69632K, used 48580K [0x0000000604400000, 0x0000000800000000)
  region size 4096K, 5 young (20480K), 1 survivors (4096K)
 Metaspace       used 55135K, committed 55616K, reserved 1114112K
  class space    used 7460K, committed 7680K, reserved 1048576K
}
Event: 530.274 GC heap after
{Heap after GC invocations=17 (full 0):
 garbage-first heap   total 69632K, used 33026K [0x0000000604400000, 0x0000000800000000)
  region size 4096K, 1 young (4096K), 1 survivors (4096K)
 Metaspace       used 55135K, committed 55616K, reserved 1114112K
  class space    used 7460K, committed 7680K, reserved 1048576K
}

Deoptimization events (20 events):
Event: 208.521 Thread 0x00000118f94fc3d0 Uncommon trap: trap_request=0xffffff45 fr.pc=0x00000118924d4454 relative=0x00000000000001d4
Event: 208.521 Thread 0x00000118f94fc3d0 Uncommon trap: reason=unstable_if action=reinterpret pc=0x00000118924d4454 method=java.io.ByteArrayInputStream.read()I @ 8 c2
Event: 208.521 Thread 0x00000118f94fc3d0 DEOPT PACKING pc=0x00000118924d4454 sp=0x0000000f40bf7020
Event: 208.521 Thread 0x00000118f94fc3d0 DEOPT UNPACKING pc=0x0000011891ac5ba3 sp=0x0000000f40bf6fd8 mode 2
Event: 209.708 Thread 0x00000118f94fc3d0 Uncommon trap: trap_request=0xffffff66 fr.pc=0x000001189214e490 relative=0x00000000000034d0
Event: 209.708 Thread 0x00000118f94fc3d0 Uncommon trap: reason=speculate_class_check action=maybe_recompile pc=0x000001189214e490 method=java.util.function.BiPredicate.lambda$or$2(Ljava/util/function/BiPredicate;Ljava/lang/Object;Ljava/lang/Object;)Z @ 3 c2
Event: 209.708 Thread 0x00000118f94fc3d0 DEOPT PACKING pc=0x000001189214e490 sp=0x0000000f40bfe370
Event: 209.708 Thread 0x00000118f94fc3d0 DEOPT UNPACKING pc=0x0000011891ac5ba3 sp=0x0000000f40bfe338 mode 2
Event: 209.751 Thread 0x00000118f94f8c20 Uncommon trap: trap_request=0xffffff66 fr.pc=0x000001189214e490 relative=0x00000000000034d0
Event: 209.751 Thread 0x00000118f94f8c20 Uncommon trap: reason=speculate_class_check action=maybe_recompile pc=0x000001189214e490 method=java.util.function.BiPredicate.lambda$or$2(Ljava/util/function/BiPredicate;Ljava/lang/Object;Ljava/lang/Object;)Z @ 3 c2
Event: 209.751 Thread 0x00000118f94f8c20 DEOPT PACKING pc=0x000001189214e490 sp=0x0000000f437fa710
Event: 209.751 Thread 0x00000118f94f8c20 DEOPT UNPACKING pc=0x0000011891ac5ba3 sp=0x0000000f437fa6d8 mode 2
Event: 209.871 Thread 0x00000118f94fc3d0 Uncommon trap: trap_request=0xffffff66 fr.pc=0x000001189214e490 relative=0x00000000000034d0
Event: 209.871 Thread 0x00000118f94fc3d0 Uncommon trap: reason=speculate_class_check action=maybe_recompile pc=0x000001189214e490 method=java.util.function.BiPredicate.lambda$or$2(Ljava/util/function/BiPredicate;Ljava/lang/Object;Ljava/lang/Object;)Z @ 3 c2
Event: 209.871 Thread 0x00000118f94fc3d0 DEOPT PACKING pc=0x000001189214e490 sp=0x0000000f40bfe370
Event: 209.871 Thread 0x00000118f94fc3d0 DEOPT UNPACKING pc=0x0000011891ac5ba3 sp=0x0000000f40bfe338 mode 2
Event: 465.967 Thread 0x00000118f94f7cf0 Uncommon trap: trap_request=0xffffff45 fr.pc=0x000001189247f1f4 relative=0x0000000000000174
Event: 465.967 Thread 0x00000118f94f7cf0 Uncommon trap: reason=unstable_if action=reinterpret pc=0x000001189247f1f4 method=java.util.concurrent.locks.ReentrantLock$NonfairSync.initialTryLock()Z @ 25 c2
Event: 465.967 Thread 0x00000118f94f7cf0 DEOPT PACKING pc=0x000001189247f1f4 sp=0x0000000f436fdb50
Event: 465.967 Thread 0x00000118f94f7cf0 DEOPT UNPACKING pc=0x0000011891ac5ba3 sp=0x0000000f436fdaf8 mode 2

Classes unloaded (0 events):
No events

Classes redefined (0 events):
No events

Internal exceptions (20 events):
Event: 45.473 Thread 0x00000118f94f7cf0 Exception <a 'java/lang/NoSuchMethodError'{0x00000006218a9490}: 'java.lang.Object java.lang.invoke.DelegatingMethodHandle$Holder.reinvoke_L(java.lang.Object, long, java.lang.Object, java.lang.Object, java.lang.Object, java.lang.Object, java.lang.Object, java.lang.Object)'> (0x00000006218a9490) 
thrown [s\open\src\hotspot\share\interpreter\linkResolver.cpp, line 759]
Event: 207.584 Thread 0x00000118f94fc3d0 Exception <a 'java/lang/NoSuchMethodError'{0x00000006078b5a80}: 'void java.lang.invoke.DirectMethodHandle$Holder.invokeStatic(java.lang.Object, int)'> (0x00000006078b5a80) 
thrown [s\open\src\hotspot\share\interpreter\linkResolver.cpp, line 759]
Event: 207.585 Thread 0x00000118f94fc3d0 Exception <a 'java/lang/NoSuchMethodError'{0x00000006078b9188}: 'void java.lang.invoke.DirectMethodHandle$Holder.invokeStaticInit(java.lang.Object, int)'> (0x00000006078b9188) 
thrown [s\open\src\hotspot\share\interpreter\linkResolver.cpp, line 759]
Event: 207.586 Thread 0x00000118f94fc3d0 Exception <a 'java/lang/NoSuchMethodError'{0x00000006078bec70}: 'void java.lang.invoke.DirectMethodHandle$Holder.invokeSpecial(java.lang.Object, java.lang.Object, int)'> (0x00000006078bec70) 
thrown [s\open\src\hotspot\share\interpreter\linkResolver.cpp, line 759]
Event: 207.805 Thread 0x00000118f94fc3d0 Exception <a 'java/lang/reflect/InvocationTargetException'{0x0000000607469a30}> (0x0000000607469a30) 
thrown [s\open\src\hotspot\share\runtime\reflection.cpp, line 1121]
Event: 208.025 Thread 0x00000118f94fc3d0 Exception <a 'java/lang/NoSuchMethodError'{0x00000006076a2490}: 'void java.lang.invoke.DirectMethodHandle$Holder.invokeSpecial(java.lang.Object, java.lang.Object, java.lang.Object, java.lang.Object, java.lang.Object, java.lang.Object, java.lang.Object, java.lang.Object)'> (0x00000006076a2490) 
thrown [s\open\src\hotspot\share\interpreter\linkResolver.cpp, line 759]
Event: 208.138 Thread 0x00000118f94fc3d0 Implicit null exception at 0x00000118920403f2 to 0x0000011892040a40
Event: 208.139 Thread 0x00000118f94fc3d0 Implicit null exception at 0x00000118920303f2 to 0x0000011892030a54
Event: 208.263 Thread 0x00000118f94fc3d0 Exception <a 'java/io/FileNotFoundException'{0x0000000623df8eb8}> (0x0000000623df8eb8) 
thrown [s\open\src\hotspot\share\prims\jni.cpp, line 516]
Event: 208.302 Thread 0x00000118f94fc3d0 Exception <a 'sun/nio/fs/WindowsException'{0x0000000623e7d480}> (0x0000000623e7d480) 
thrown [s\open\src\hotspot\share\prims\jni.cpp, line 516]
Event: 208.375 Thread 0x00000118f94fc3d0 Exception <a 'java/lang/NoSuchMethodError'{0x0000000623ec0d98}: 'java.lang.Object java.lang.invoke.DirectMethodHandle$Holder.newInvokeSpecial(java.lang.Object, java.lang.Object, java.lang.Object, java.lang.Object, java.lang.Object, java.lang.Object)'> (0x0000000623ec0d98) 
thrown [s\open\src\hotspot\share\interpreter\linkResolver.cpp, line 759]
Event: 208.436 Thread 0x00000118f94fc3d0 Exception <a 'java/lang/NoSuchMethodError'{0x0000000623f935b0}: 'java.lang.Object java.lang.invoke.DirectMethodHandle$Holder.newInvokeSpecial(java.lang.Object, java.lang.Object, long, java.lang.Object)'> (0x0000000623f935b0) 
thrown [s\open\src\hotspot\share\interpreter\linkResolver.cpp, line 759]
Event: 208.463 Thread 0x00000118f94fc3d0 Exception <a 'java/lang/NoSuchMethodError'{0x00000006218100c0}: 'java.lang.Object java.lang.invoke.DirectMethodHandle$Holder.newInvokeSpecial(java.lang.Object, java.lang.Object, java.lang.Object, java.lang.Object, java.lang.Object, java.lang.Object, int, java.lang.Object)'> (0x00000006218100c0) 
thrown [s\open\src\hotspot\share\interpreter\linkResolver.cpp, line 759]
Event: 208.537 Thread 0x00000118f94fc3d0 Exception <a 'java/lang/NoSuchMethodError'{0x000000062198b6b0}: 'java.lang.Object java.lang.invoke.Invokers$Holder.linkToTargetMethod(java.lang.Object, int, java.lang.Object, java.lang.Object, java.lang.Object, java.lang.Object)'> (0x000000062198b6b0) 
thrown [s\open\src\hotspot\share\interpreter\linkResolver.cpp, line 759]
Event: 208.538 Thread 0x00000118f94fc3d0 Exception <a 'java/lang/NoSuchMethodError'{0x0000000621990490}: 'java.lang.Object java.lang.invoke.DirectMethodHandle$Holder.invokeStatic(java.lang.Object, java.lang.Object, java.lang.Object, int, java.lang.Object, java.lang.Object)'> (0x0000000621990490) 
thrown [s\open\src\hotspot\share\interpreter\linkResolver.cpp, line 759]
Event: 208.555 Thread 0x00000118f94fc3d0 Exception <a 'java/lang/NoSuchMethodError'{0x00000006219d4d58}: 'java.lang.Object java.lang.invoke.DirectMethodHandle$Holder.newInvokeSpecial(java.lang.Object, java.lang.Object, java.lang.Object, java.lang.Object, int, java.lang.Object)'> (0x00000006219d4d58) 
thrown [s\open\src\hotspot\share\interpreter\linkResolver.cpp, line 759]
Event: 208.555 Thread 0x00000118f94fc3d0 Exception <a 'java/lang/NoSuchMethodError'{0x00000006219d8d40}: 'java.lang.Object java.lang.invoke.DirectMethodHandle$Holder.invokeSpecial(java.lang.Object, java.lang.Object, java.lang.Object, java.lang.Object, java.lang.Object, int, java.lang.Object)'> (0x00000006219d8d40) 
thrown [s\open\src\hotspot\share\interpreter\linkResolver.cpp, line 759]
Event: 208.555 Thread 0x00000118f94fc3d0 Exception <a 'java/lang/NoSuchMethodError'{0x00000006219dc628}: 'java.lang.Object java.lang.invoke.Invokers$Holder.linkToTargetMethod(java.lang.Object, java.lang.Object, java.lang.Object, int, java.lang.Object, java.lang.Object)'> (0x00000006219dc628) 
thrown [s\open\src\hotspot\share\interpreter\linkResolver.cpp, line 759]
Event: 208.588 Thread 0x00000118f94fc3d0 Exception <a 'java/lang/NoSuchMethodError'{0x0000000621a59e08}: 'void java.lang.invoke.DirectMethodHandle$Holder.invokeStaticInit(java.lang.Object)'> (0x0000000621a59e08) 
thrown [s\open\src\hotspot\share\interpreter\linkResolver.cpp, line 759]
Event: 209.870 Thread 0x00000118f94f8c20 Exception <a 'java/lang/NoSuchMethodError'{0x0000000620c3f718}: 'void java.lang.invoke.DirectMethodHandle$Holder.invokeSpecial(java.lang.Object, java.lang.Object, long)'> (0x0000000620c3f718) 
thrown [s\open\src\hotspot\share\interpreter\linkResolver.cpp, line 759]

VM Operations (20 events):
Event: 829.321 Executing VM operation: Cleanup
Event: 829.325 Executing VM operation: Cleanup done
Event: 856.643 Executing VM operation: Cleanup
Event: 856.643 Executing VM operation: Cleanup done
Event: 886.921 Executing VM operation: Cleanup
Event: 886.921 Executing VM operation: Cleanup done
Event: 916.180 Executing VM operation: Cleanup
Event: 916.180 Executing VM operation: Cleanup done
Event: 917.193 Executing VM operation: Cleanup
Event: 917.193 Executing VM operation: Cleanup done
Event: 946.467 Executing VM operation: Cleanup
Event: 946.467 Executing VM operation: Cleanup done
Event: 976.767 Executing VM operation: Cleanup
Event: 976.767 Executing VM operation: Cleanup done
Event: 1007.068 Executing VM operation: Cleanup
Event: 1007.068 Executing VM operation: Cleanup done
Event: 1037.356 Executing VM operation: Cleanup
Event: 1037.356 Executing VM operation: Cleanup done
Event: 1066.648 Executing VM operation: Cleanup
Event: 1066.648 Executing VM operation: Cleanup done

Events (20 events):
Event: 209.682 loading class java/util/ArrayDeque$DescendingIterator done
Event: 209.708 loading class sun/nio/ch/IOVecWrapper
Event: 209.709 loading class sun/nio/ch/IOVecWrapper done
Event: 209.710 loading class sun/nio/ch/AllocatedNativeObject
Event: 209.711 loading class sun/nio/ch/NativeObject
Event: 209.711 loading class sun/nio/ch/NativeObject done
Event: 209.711 loading class sun/nio/ch/AllocatedNativeObject done
Event: 209.711 loading class sun/nio/ch/IOVecWrapper$Deallocator
Event: 209.712 loading class sun/nio/ch/IOVecWrapper$Deallocator done
Event: 243.088 loading class java/util/concurrent/ConcurrentSkipListMap$SubMap
Event: 243.089 loading class java/util/concurrent/ConcurrentSkipListMap$SubMap done
Event: 243.089 loading class java/util/concurrent/ConcurrentSkipListMap$Values
Event: 243.089 loading class java/util/concurrent/ConcurrentSkipListMap$Values done
Event: 243.089 loading class java/util/concurrent/ConcurrentSkipListMap$SubMap$SubMapValueIterator
Event: 243.089 loading class java/util/concurrent/ConcurrentSkipListMap$SubMap$SubMapIter
Event: 243.090 loading class java/util/concurrent/ConcurrentSkipListMap$SubMap$SubMapIter done
Event: 243.090 loading class java/util/concurrent/ConcurrentSkipListMap$SubMap$SubMapValueIterator done
Event: 314.523 Thread 0x00000118f94ff160 Thread added: 0x00000118f94ff160
Event: 375.879 loading class java/util/concurrent/locks/ReentrantReadWriteLock$Sync$HoldCounter
Event: 375.879 loading class java/util/concurrent/locks/ReentrantReadWriteLock$Sync$HoldCounter done


Dynamic libraries:
0x00007ff7d8b50000 - 0x00007ff7d8b60000 	C:\Program Files\java\jdk-17\bin\java.exe
0x00007ffd2d200000 - 0x00007ffd2d463000 	C:\WINDOWS\SYSTEM32\ntdll.dll
0x00007ffd2c7e0000 - 0x00007ffd2c8a8000 	C:\WINDOWS\System32\KERNEL32.DLL
0x00007ffd2a860000 - 0x00007ffd2ac12000 	C:\WINDOWS\System32\KERNELBASE.dll
0x00007ffd2af10000 - 0x00007ffd2b05b000 	C:\WINDOWS\System32\ucrtbase.dll
0x00007ffce74e0000 - 0x00007ffce74f9000 	C:\Program Files\java\jdk-17\bin\jli.dll
0x00007ffd2c170000 - 0x00007ffd2c224000 	C:\WINDOWS\System32\ADVAPI32.dll
0x00007ffd2c5c0000 - 0x00007ffd2c669000 	C:\WINDOWS\System32\msvcrt.dll
0x00007ffd2ce80000 - 0x00007ffd2cf26000 	C:\WINDOWS\System32\sechost.dll
0x00007ffd2b060000 - 0x00007ffd2b176000 	C:\WINDOWS\System32\RPCRT4.dll
0x00007ffd2c230000 - 0x00007ffd2c3f8000 	C:\WINDOWS\System32\USER32.dll
0x00007ffd2a5d0000 - 0x00007ffd2a5f7000 	C:\WINDOWS\System32\win32u.dll
0x00007ffd2cda0000 - 0x00007ffd2cdca000 	C:\WINDOWS\System32\GDI32.dll
0x00007ffd2a690000 - 0x00007ffd2a7bb000 	C:\WINDOWS\System32\gdi32full.dll
0x00007ffd2ae60000 - 0x00007ffd2af03000 	C:\WINDOWS\System32\msvcp_win.dll
0x00007ffce6190000 - 0x00007ffce61ab000 	C:\Program Files\java\jdk-17\bin\VCRUNTIME140.dll
0x00007ffd02fc0000 - 0x00007ffd03250000 	C:\WINDOWS\WinSxS\amd64_microsoft.windows.common-controls_6595b64144ccf1df_6.0.26100.2454_none_3e0b68a2e331ad60\COMCTL32.dll
0x00007ffd25860000 - 0x00007ffd2586b000 	C:\WINDOWS\SYSTEM32\VERSION.dll
0x00007ffd2d160000 - 0x00007ffd2d18f000 	C:\WINDOWS\System32\IMM32.DLL
0x00007ffd24450000 - 0x00007ffd2445c000 	C:\Program Files\java\jdk-17\bin\vcruntime140_1.dll
0x00007ffcac9e0000 - 0x00007ffcaca6e000 	C:\Program Files\java\jdk-17\bin\msvcp140.dll
0x00007ffc937b0000 - 0x00007ffc94391000 	C:\Program Files\java\jdk-17\bin\server\jvm.dll
0x00007ffd2d1a0000 - 0x00007ffd2d1a8000 	C:\WINDOWS\System32\PSAPI.DLL
0x00007ffd24b00000 - 0x00007ffd24b0a000 	C:\WINDOWS\SYSTEM32\WSOCK32.dll
0x00007ffd2cd20000 - 0x00007ffd2cd94000 	C:\WINDOWS\System32\WS2_32.dll
0x00007ffd1e780000 - 0x00007ffd1e7b6000 	C:\WINDOWS\SYSTEM32\WINMM.dll
0x00007ffd293d0000 - 0x00007ffd293ea000 	C:\WINDOWS\SYSTEM32\kernel.appcore.dll
0x00007ffd1b6d0000 - 0x00007ffd1b6da000 	C:\Program Files\java\jdk-17\bin\jimage.dll
0x00007ffd27e40000 - 0x00007ffd28081000 	C:\WINDOWS\SYSTEM32\DBGHELP.DLL
0x00007ffd2c8b0000 - 0x00007ffd2cc2e000 	C:\WINDOWS\System32\combase.dll
0x00007ffd2b400000 - 0x00007ffd2b4d6000 	C:\WINDOWS\System32\OLEAUT32.dll
0x00007ffd17e00000 - 0x00007ffd17e39000 	C:\WINDOWS\SYSTEM32\dbgcore.DLL
0x00007ffd2a7c0000 - 0x00007ffd2a859000 	C:\WINDOWS\System32\bcryptPrimitives.dll
0x00007ffce1de0000 - 0x00007ffce1e05000 	C:\Program Files\java\jdk-17\bin\java.dll
0x00007ffcac900000 - 0x00007ffcac9d7000 	C:\Program Files\java\jdk-17\bin\jsvml.dll
0x00007ffd2b4f0000 - 0x00007ffd2bbf0000 	C:\WINDOWS\System32\SHELL32.dll
0x00007ffd281a0000 - 0x00007ffd289d1000 	C:\WINDOWS\SYSTEM32\windows.storage.dll
0x00007ffd2bc00000 - 0x00007ffd2bcda000 	C:\WINDOWS\System32\SHCORE.dll
0x00007ffd2ccc0000 - 0x00007ffd2cd1d000 	C:\WINDOWS\System32\shlwapi.dll
0x00007ffd2a4e0000 - 0x00007ffd2a50e000 	C:\WINDOWS\SYSTEM32\profapi.dll
0x00007ffce2ed0000 - 0x00007ffce2ee9000 	C:\Program Files\java\jdk-17\bin\net.dll
0x00007ffd26ba0000 - 0x00007ffd26cc6000 	C:\WINDOWS\SYSTEM32\WINHTTP.dll
0x00007ffd298b0000 - 0x00007ffd29918000 	C:\WINDOWS\system32\mswsock.dll
0x00007ffcdf410000 - 0x00007ffcdf426000 	C:\Program Files\java\jdk-17\bin\nio.dll
0x00007ffcde220000 - 0x00007ffcde238000 	C:\Program Files\java\jdk-17\bin\zip.dll
0x00007ffd1b5b0000 - 0x00007ffd1b5ba000 	C:\Program Files\java\jdk-17\bin\management.dll
0x00007ffd19e50000 - 0x00007ffd19e5b000 	C:\Program Files\java\jdk-17\bin\management_ext.dll
0x00007ffd28e20000 - 0x00007ffd28f45000 	C:\WINDOWS\SYSTEM32\DNSAPI.dll
0x00007ffd28de0000 - 0x00007ffd28e12000 	C:\WINDOWS\SYSTEM32\IPHLPAPI.DLL
0x00007ffd2c400000 - 0x00007ffd2c40a000 	C:\WINDOWS\System32\NSI.dll
0x00007ffd25870000 - 0x00007ffd2587b000 	C:\Windows\System32\rasadhlp.dll
0x00007ffd26da0000 - 0x00007ffd26e25000 	C:\WINDOWS\System32\fwpuclnt.dll
0x00007ffd26d70000 - 0x00007ffd26d8e000 	C:\WINDOWS\SYSTEM32\dhcpcsvc6.DLL
0x00007ffd26cd0000 - 0x00007ffd26cf5000 	C:\WINDOWS\SYSTEM32\dhcpcsvc.DLL
0x00007ffd29c60000 - 0x00007ffd29c7c000 	C:\WINDOWS\SYSTEM32\CRYPTSP.dll
0x00007ffd29330000 - 0x00007ffd29368000 	C:\WINDOWS\system32\rsaenh.dll
0x00007ffd29950000 - 0x00007ffd2997b000 	C:\WINDOWS\SYSTEM32\USERENV.dll
0x00007ffd29df0000 - 0x00007ffd29e16000 	C:\WINDOWS\SYSTEM32\bcrypt.dll
0x00007ffd29ae0000 - 0x00007ffd29aec000 	C:\WINDOWS\SYSTEM32\CRYPTBASE.dll
0x00007ffd0d7e0000 - 0x00007ffd0d7ee000 	C:\Program Files\java\jdk-17\bin\sunmscapi.dll
0x00007ffd2ace0000 - 0x00007ffd2ae56000 	C:\WINDOWS\System32\CRYPT32.dll
0x00007ffd29db0000 - 0x00007ffd29de0000 	C:\WINDOWS\SYSTEM32\ncrypt.dll
0x00007ffd29d60000 - 0x00007ffd29d9f000 	C:\WINDOWS\SYSTEM32\NTASN1.dll
0x00007ffd055b0000 - 0x00007ffd055c0000 	C:\Program Files\java\jdk-17\bin\verify.dll
0x00007ffd1b390000 - 0x00007ffd1b398000 	C:\WINDOWS\system32\wshunix.dll
0x00007ffd14770000 - 0x00007ffd14788000 	C:\WINDOWS\system32\napinsp.dll
0x00007ffd144a0000 - 0x00007ffd144b2000 	C:\WINDOWS\System32\winrnr.dll
0x00007ffd13e20000 - 0x00007ffd13e42000 	C:\WINDOWS\system32\nlansp_c.dll
0x00007ffd13d80000 - 0x00007ffd13d96000 	C:\WINDOWS\system32\wshbth.dll

dbghelp: loaded successfully - version: 4.0.5 - missing functions: none
symbol engine: initialized successfully - sym options: 0x614 - pdb path: .;C:\Program Files\java\jdk-17\bin;C:\WINDOWS\SYSTEM32;C:\WINDOWS\WinSxS\amd64_microsoft.windows.common-controls_6595b64144ccf1df_6.0.26100.2454_none_3e0b68a2e331ad60;C:\Program Files\java\jdk-17\bin\server

VM Arguments:
jvm_args: -XX:+ShowCodeDetailsInExceptionMessages 
java_command: com.manamer.SellOut.infraestructure.apigateway.ApigatewayApplication
java_class_path (initial): C:\Users\Fernanda Jama\OneDrive - Manamer\Documentos\PROYEC_DEVELOP\SellOut\backend\infraestructure\apigateway\target\classes;C:\Users\Fernanda Jama\.m2\repository\org\springframework\cloud\spring-cloud-starter-gateway\4.1.2\spring-cloud-starter-gateway-4.1.2.jar;C:\Users\Fernanda Jama\.m2\repository\org\springframework\cloud\spring-cloud-starter\4.1.2\spring-cloud-starter-4.1.2.jar;C:\Users\Fernanda Jama\.m2\repository\org\springframework\cloud\spring-cloud-context\4.1.2\spring-cloud-context-4.1.2.jar;C:\Users\Fernanda Jama\.m2\repository\org\springframework\security\spring-security-crypto\6.3.1\spring-security-crypto-6.3.1.jar;C:\Users\Fernanda Jama\.m2\repository\org\springframework\cloud\spring-cloud-commons\4.1.2\spring-cloud-commons-4.1.2.jar;C:\Users\Fernanda Jama\.m2\repository\org\springframework\security\spring-security-rsa\1.1.2\spring-security-rsa-1.1.2.jar;C:\Users\Fernanda Jama\.m2\repository\org\bouncycastle\bcprov-jdk18on\1.77\bcprov-jdk18on-1.77.jar;C:\Users\Fernanda Jama\.m2\repository\org\springframework\cloud\spring-cloud-gateway-server\4.1.2\spring-cloud-gateway-server-4.1.2.jar;C:\Users\Fernanda Jama\.m2\repository\org\springframework\boot\spring-boot-starter-validation\3.2.4\spring-boot-starter-validation-3.2.4.jar;C:\Users\Fernanda Jama\.m2\repository\org\apache\tomcat\embed\tomcat-embed-el\10.1.19\tomcat-embed-el-10.1.19.jar;C:\Users\Fernanda Jama\.m2\repository\org\hibernate\validator\hibernate-validator\8.0.1.Final\hibernate-validator-8.0.1.Final.jar;C:\Users\Fernanda Jama\.m2\repository\jakarta\validation\jakarta.validation-api\3.0.2\jakarta.validation-api-3.0.2.jar;C:\Users\Fernanda Jama\.m2\repository\org\jboss\logging\jboss-logging\3.5.3.Final\jboss-logging-3.5.3.Final.jar;C:\Users\Fernanda Jama\.m2\repository\com\fasterxml\classmate\1.6.0\classmate-1.6.0.jar;C:\Users\Fernanda Jama\.m2\repository\io\projectreactor\addons\reactor-extra\3.5.1\reactor-extra-3.5.1.jar;C:\Users\Fernanda Jama\.m2\repository\io\pr
Launcher Type: SUN_STANDARD

[Global flags]
     intx CICompilerCount                          = 4                                         {product} {ergonomic}
     uint ConcGCThreads                            = 2                                         {product} {ergonomic}
     uint G1ConcRefinementThreads                  = 8                                         {product} {ergonomic}
   size_t G1HeapRegionSize                         = 4194304                                   {product} {ergonomic}
    uintx GCDrainStackTargetSize                   = 64                                        {product} {ergonomic}
   size_t InitialHeapSize                          = 532676608                                 {product} {ergonomic}
   size_t MarkStackSize                            = 4194304                                   {product} {ergonomic}
   size_t MaxHeapSize                              = 8518631424                                {product} {ergonomic}
   size_t MaxNewSize                               = 5108662272                                {product} {ergonomic}
   size_t MinHeapDeltaBytes                        = 4194304                                   {product} {ergonomic}
   size_t MinHeapSize                              = 8388608                                   {product} {ergonomic}
    uintx NonNMethodCodeHeapSize                   = 5839372                                {pd product} {ergonomic}
    uintx NonProfiledCodeHeapSize                  = 122909434                              {pd product} {ergonomic}
    uintx ProfiledCodeHeapSize                     = 122909434                              {pd product} {ergonomic}
    uintx ReservedCodeCacheSize                    = 251658240                              {pd product} {ergonomic}
     bool SegmentedCodeCache                       = true                                      {product} {ergonomic}
     bool ShowCodeDetailsInExceptionMessages       = true                                   {manageable} {command line}
   size_t SoftMaxHeapSize                          = 8518631424                             {manageable} {ergonomic}
     bool UseCompressedClassPointers               = true                           {product lp64_product} {ergonomic}
     bool UseCompressedOops                        = true                           {product lp64_product} {ergonomic}
     bool UseG1GC                                  = true                                      {product} {ergonomic}
     bool UseLargePagesIndividualAllocation        = false                                  {pd product} {ergonomic}

Logging:
Log output configuration:
 #0: stdout all=warning uptime,level,tags
 #1: stderr all=off uptime,level,tags

Environment Variables:
JAVA_HOME=C:\Program Files\java\jdk-17
CLASSPATH=C:\Program Files\SAP\SAP Business One DI API\JCO\LIB\sbowrapper.jar;C:\Program Files\SAP\SAP Business One DI API\JCO\LIB\sboapi.jar;C:\Program Files (x86)\SAP\SAP Business One DI API\JCO\LIB\sbowrapper.jar;C:\Program Files (x86)\SAP\SAP Business One DI API\JCO\LIB\sboapi.jar
PATH=C:\Python312\Scripts\;C:\Python312\;C:\Program Files\Eclipse Adoptium\jdk-21.0.3.9-hotspot\bin;C:\Program Files\java\jdk-17\bin;C:\Program Files\Microsoft MPI\Bin\;C:\apache-maven-3.9.6\bin;C:\Program Files\Common Files\Oracle\Java\javapath;C:\Program Files\Eclipse Foundation\jdk-8.0.302.8-hotspot\bin;C:\WINDOWS\system32;C:\WINDOWS;C:\WINDOWS\System32\Wbem;C:\WINDOWS\System32\WindowsPowerShell\v1.0\;C:\WINDOWS\System32\OpenSSH\;C:\Program Files\Azure Data Studio\bin;C:\Program Files\Microsoft SQL Server\Client SDK\ODBC\170\Tools\Binn\;C:\ProgramData\chocolatey\bin;C:\Program Files\Git\cmd;C:\Program Files\PuTTY\;C:\Program Files\Eclipse Adoptium\jdk-21.0.3.9-hotspot\\bin;C:\Program Files\SAP\SAP Business One DI API\JCO\LIB\;C:\Program Files\SAP\SAP Business One DI API\DI API 90;C:\Program Files\SAP\SAP Business One\;C:\Program Files (x86)\SAP\SAP Business One DI API\JCO\LIB\;C:\Program Files (x86)\SAP\SAP Business One DI API\DI API 90;C:\Program Files (x86)\SAP\SAP Business One\;C:\Program Files\Docker\Docker\resources\bin;C:\Program Files (x86)\Microsoft SQL Server\160\Tools\Binn\;C:\Program Files\Microsoft SQL Server\160\Tools\Binn\;C:\Program Files\Microsoft SQL Server\160\DTS\Binn\;C:\Program Files (x86)\Microsoft SQL Server\160\DTS\Binn\;C:\Program Files\Microsoft SQL Server\130\Tools\Binn\;C:\Program Files (x86)\Microsoft SQL Server\150\Tools\Binn\;C:\Program Files\Microsoft SQL Server\150\Tools\Binn\;C:\Program Files\Microsoft SQL Server\150\DTS\Binn\;C:\xampp\php;C:\Program Files\nodejs\;C:\Users\Fernanda Jama\AppData\Local\Microsoft\WindowsApps;C:\Program Files\Azure Data Studio\bin;C:\Users\Fernanda Jama\AppData\Local\GitHubDesktop\bin;C:\Program Files\java\jdk-17\bin;C:\Program Files\JetBrains\IntelliJ IDEA 2024.1\bin;;C:\Program Files\JetBrains\IntelliJ IDEA Community Edition 2023.2.5\bin;;C:\Users\Fernanda Jama\AppData\Local\Programs\Microsoft VS Code\bin;C:\Program Files\JetBrains\DataGrip 2024.2.1\bin;;C:\xampp\php;C:\Program Files\vtex\bin;C:\Users
USERNAME=Fernanda Jama
LANG=en_US.UTF-8
OS=Windows_NT
PROCESSOR_IDENTIFIER=Intel64 Family 6 Model 140 Stepping 1, GenuineIntel



---------------  S Y S T E M  ---------------

OS:
 Windows 11 , 64 bit Build 26100 (10.0.26100.2454)
OS uptime: 1 days 13:40 hours
Hyper-V role detected

CPU: total 8 (initial active 8) (4 cores per cpu, 2 threads per core) family 6 model 140 stepping 1 microcode 0xb8, cx8, cmov, fxsr, ht, mmx, 3dnowpref, sse, sse2, sse3, ssse3, sse4.1, sse4.2, popcnt, lzcnt, tsc, tscinvbit, avx, avx2, aes, erms, clmul, bmi1, bmi2, adx, avx512f, avx512dq, avx512cd, avx512bw, avx512vl, sha, fma, vzeroupper, avx512_vpopcntdq, avx512_vpclmulqdq, avx512_vaes, avx512_vnni, clflush, clflushopt, clwb, avx512_vbmi2, avx512_vbmi, hv

Memory: 4k page, system-wide physical 32494M (1488M free)
TotalPageFile size 93435M (AvailPageFile size 2M)
current process WorkingSet (physical memory assigned to process): 237M, peak: 262M
current process commit charge ("private bytes"): 274M, peak: 689M

vm_info: Java HotSpot(TM) 64-Bit Server VM (17.0.9+11-LTS-201) for windows-amd64 JRE (17.0.9+11-LTS-201), built on Oct 10 2023 23:16:06 by "mach5one" with MS VC++ 17.1 (VS2022)

END.
