#
# There is insufficient memory for the Java Runtime Environment to continue.
# Native memory allocation (malloc) failed to allocate 5552 bytes for AllocateHeap
# Possible reasons:
#   The system is out of physical RAM or swap space
#   The process is running with CompressedOops enabled, and the Java Heap may be blocking the growth of the native heap
# Possible solutions:
#   Reduce memory load on the system
#   Increase physical memory or swap space
#   Check if swap backing store is full
#   Decrease Java heap size (-Xmx/-Xms)
#   Decrease number of Java threads
#
#  
Host: 11th Gen Intel(R) Core(TM) i7-1165G7 @ 2.80GHz, 8 cores, 31G,  Windows 11 , 64 bit Build 26100 (10.0.26100.2454)
Time: Thu Dec 26 20:54:49 2024 Hora est. Pacífico, Sudamérica elapsed time: 16714.008546 seconds (0d 4h 38m 34s)

---------------  T H R E A D  ---------------

Current thread (0x000001cb7b9af5c0):  JavaThread "File Watcher" daemon [_thread_in_Java, id=23584, stack(0x000000592fe00000,0x000000592ff00000)]

Stack: [0x000000592fe00000,0x000000592ff00000]
Native frames: (J=compiled Java code, j=interpreted, Vv=VM code, C=native code)
V  [jvm.dll+0x678a4a]
V  [jvm.dll+0x7d9cfd]
V  [jvm.dll+0x7db60e]
V  [jvm.dll+0x7dbc73]
V  [jvm.dll+0x245e1f]
V  [jvm.dll+0xa5173]
V  [jvm.dll+0x7d14a0]
V  [jvm.dll+0x252b4f]
V  [jvm.dll+0x255b5c]
C  0x000001cb587c5b2b

Java frames: (J=compiled Java code, j=interpreted, Vv=VM code)
v  ~UncommonTrapBlob
J 6415 c2 org.springframework.boot.devtools.filewatch.DirectorySnapshot.collectFiles(Ljava/io/File;Ljava/util/Set;)V (99 bytes) @ 0x000001cb591034d8 [0x000001cb59100c60+0x0000000000002878]
J 6415 c2 org.springframework.boot.devtools.filewatch.DirectorySnapshot.collectFiles(Ljava/io/File;Ljava/util/Set;)V (99 bytes) @ 0x000001cb59101a40 [0x000001cb59100c60+0x0000000000000de0]
J 8012 c2 org.springframework.boot.devtools.filewatch.FileSystemWatcher$Watcher.getCurrentSnapshots()Ljava/util/Map; (63 bytes) @ 0x000001cb591cb398 [0x000001cb591cad40+0x0000000000000658]
J 8013 c2 org.springframework.boot.devtools.filewatch.FileSystemWatcher$Watcher.scan()V (63 bytes) @ 0x000001cb591cce94 [0x000001cb591cce40+0x0000000000000054]
j  org.springframework.boot.devtools.filewatch.FileSystemWatcher$Watcher.run()V+30
j  java.lang.Thread.run()V+11 java.base@17.0.9
v  ~StubRoutines::call_stub

---------------  P R O C E S S  ---------------

Threads class SMR info:
_java_thread_list=0x000001cb7c59cc50, length=37, elements={
0x000001cb734b62b0, 0x000001cb734b79e0, 0x000001cb734cdd40, 0x000001cb734ce700,
0x000001cb734cfc30, 0x000001cb734d1160, 0x000001cb734da9d0, 0x000001cb734e4f60,
0x000001cb734ee550, 0x000001cb75f4dfa0, 0x000001cb75f5c6a0, 0x000001cb7b9ac320,
0x000001cb7b9ad250, 0x000001cb7b9ac830, 0x000001cb7b9ae690, 0x000001cb7b9af5c0,
0x000001cb7b9ae180, 0x000001cb7b9aeba0, 0x000001cb7b9afad0, 0x000001cb7d0e1e20,
0x000001cb7d0dffc0, 0x000001cb7d0e04d0, 0x000001cb7d0deb80, 0x000001cb7d0e09e0,
0x000001cb7d0e0ef0, 0x000001cb7d0e1400, 0x000001cb7d0df090, 0x000001cb7d0df5a0,
0x000001cb7d0de670, 0x000001cb7d0e1910, 0x000001cb7d0e2330, 0x000001cb7d0e2840,
0x000001cb7d0e2d50, 0x000001cb7d0dfab0, 0x000001cb7d0e3260, 0x000001cb7d0e50c0,
0x000001cb7d0e3c80
}

Java Threads: ( => current thread )
  0x000001cb734b62b0 JavaThread "Reference Handler" daemon [_thread_blocked, id=13284, stack(0x000000592e100000,0x000000592e200000)]
  0x000001cb734b79e0 JavaThread "Finalizer" daemon [_thread_blocked, id=14424, stack(0x000000592e200000,0x000000592e300000)]
  0x000001cb734cdd40 JavaThread "Signal Dispatcher" daemon [_thread_blocked, id=18900, stack(0x000000592e300000,0x000000592e400000)]
  0x000001cb734ce700 JavaThread "Attach Listener" daemon [_thread_blocked, id=18628, stack(0x000000592e400000,0x000000592e500000)]
  0x000001cb734cfc30 JavaThread "Service Thread" daemon [_thread_blocked, id=3976, stack(0x000000592e500000,0x000000592e600000)]
  0x000001cb734d1160 JavaThread "Monitor Deflation Thread" daemon [_thread_blocked, id=23264, stack(0x000000592e600000,0x000000592e700000)]
  0x000001cb734da9d0 JavaThread "C2 CompilerThread0" daemon [_thread_blocked, id=21452, stack(0x000000592e700000,0x000000592e800000)]
  0x000001cb734e4f60 JavaThread "C1 CompilerThread0" daemon [_thread_blocked, id=19808, stack(0x000000592e800000,0x000000592e900000)]
  0x000001cb734ee550 JavaThread "Sweeper thread" daemon [_thread_blocked, id=12112, stack(0x000000592e900000,0x000000592ea00000)]
  0x000001cb75f4dfa0 JavaThread "Notification Thread" daemon [_thread_blocked, id=2480, stack(0x000000592ea00000,0x000000592eb00000)]
  0x000001cb75f5c6a0 JavaThread "Common-Cleaner" daemon [_thread_blocked, id=14984, stack(0x000000592ec00000,0x000000592ed00000)]
  0x000001cb7b9ac320 JavaThread "Catalina-utility-1" [_thread_blocked, id=11220, stack(0x000000592fa00000,0x000000592fb00000)]
  0x000001cb7b9ad250 JavaThread "Catalina-utility-2" [_thread_blocked, id=20048, stack(0x000000592fb00000,0x000000592fc00000)]
  0x000001cb7b9ac830 JavaThread "container-0" [_thread_blocked, id=16524, stack(0x000000592fc00000,0x000000592fd00000)]
  0x000001cb7b9ae690 JavaThread "spring.cloud.inetutils" daemon [_thread_blocked, id=6148, stack(0x000000592fd00000,0x000000592fe00000)]
=>0x000001cb7b9af5c0 JavaThread "File Watcher" daemon [_thread_in_Java, id=23584, stack(0x000000592fe00000,0x000000592ff00000)]
  0x000001cb7b9ae180 JavaThread "AsyncResolver-bootstrap-0" daemon [_thread_blocked, id=20344, stack(0x000000592ff00000,0x0000005930000000)]
  0x000001cb7b9aeba0 JavaThread "idle-connection-evictor-1" daemon [_thread_blocked, id=19652, stack(0x0000005930000000,0x0000005930100000)]
  0x000001cb7b9afad0 JavaThread "DiscoveryClient-0" daemon [_thread_blocked, id=2276, stack(0x0000005930200000,0x0000005930300000)]
  0x000001cb7d0e1e20 JavaThread "DiscoveryClient-1" daemon [_thread_blocked, id=9576, stack(0x0000005930300000,0x0000005930400000)]
  0x000001cb7d0dffc0 JavaThread "DiscoveryClient-InstanceInfoReplicator-0" daemon [_thread_blocked, id=10872, stack(0x0000005930400000,0x0000005930500000)]
  0x000001cb7d0e04d0 JavaThread "http-nio-8088-exec-1" daemon [_thread_blocked, id=21024, stack(0x0000005930500000,0x0000005930600000)]
  0x000001cb7d0deb80 JavaThread "http-nio-8088-exec-2" daemon [_thread_blocked, id=11556, stack(0x0000005930600000,0x0000005930700000)]
  0x000001cb7d0e09e0 JavaThread "http-nio-8088-exec-3" daemon [_thread_blocked, id=12376, stack(0x0000005930700000,0x0000005930800000)]
  0x000001cb7d0e0ef0 JavaThread "http-nio-8088-exec-4" daemon [_thread_blocked, id=15508, stack(0x0000005930800000,0x0000005930900000)]
  0x000001cb7d0e1400 JavaThread "http-nio-8088-exec-5" daemon [_thread_blocked, id=22920, stack(0x0000005930900000,0x0000005930a00000)]
  0x000001cb7d0df090 JavaThread "http-nio-8088-exec-6" daemon [_thread_blocked, id=24300, stack(0x0000005930a00000,0x0000005930b00000)]
  0x000001cb7d0df5a0 JavaThread "http-nio-8088-exec-7" daemon [_thread_blocked, id=15764, stack(0x0000005930b00000,0x0000005930c00000)]
  0x000001cb7d0de670 JavaThread "http-nio-8088-exec-8" daemon [_thread_blocked, id=144, stack(0x0000005930c00000,0x0000005930d00000)]
  0x000001cb7d0e1910 JavaThread "http-nio-8088-exec-9" daemon [_thread_blocked, id=10568, stack(0x0000005930d00000,0x0000005930e00000)]
  0x000001cb7d0e2330 JavaThread "http-nio-8088-exec-10" daemon [_thread_blocked, id=21468, stack(0x0000005930e00000,0x0000005930f00000)]
  0x000001cb7d0e2840 JavaThread "http-nio-8088-Poller" daemon [_thread_in_native, id=22380, stack(0x0000005930f00000,0x0000005931000000)]
  0x000001cb7d0e2d50 JavaThread "http-nio-8088-Acceptor" daemon [_thread_in_native, id=20148, stack(0x0000005931000000,0x0000005931100000)]
  0x000001cb7d0dfab0 JavaThread "DestroyJavaVM" [_thread_blocked, id=1316, stack(0x000000592da00000,0x000000592db00000)]
  0x000001cb7d0e3260 JavaThread "DiscoveryClient-CacheRefreshExecutor-0" daemon [_thread_blocked, id=22556, stack(0x000000592f800000,0x000000592f900000)]
  0x000001cb7d0e50c0 JavaThread "DiscoveryClient-HeartbeatExecutor-0" daemon [_thread_blocked, id=24280, stack(0x000000592f900000,0x000000592fa00000)]
  0x000001cb7d0e3c80 JavaThread "AsyncResolver-bootstrap-executor-0" daemon [_thread_blocked, id=20040, stack(0x000000592d900000,0x000000592da00000)]

Other Threads:
  0x000001cb734ae880 VMThread "VM Thread" [stack: 0x000000592e000000,0x000000592e100000] [id=20392]
  0x000001cb73308fd0 WatcherThread [stack: 0x000000592eb00000,0x000000592ec00000] [id=19040]
  0x000001cb49a6db40 GCTaskThread "GC Thread#0" [stack: 0x000000592db00000,0x000000592dc00000] [id=12504]
  0x000001cb7b17ecc0 GCTaskThread "GC Thread#1" [stack: 0x000000592ee00000,0x000000592ef00000] [id=2740]
  0x000001cb7b2d3700 GCTaskThread "GC Thread#2" [stack: 0x000000592ef00000,0x000000592f000000] [id=9272]
  0x000001cb7b2d39c0 GCTaskThread "GC Thread#3" [stack: 0x000000592f000000,0x000000592f100000] [id=23020]
  0x000001cb7b1ee510 GCTaskThread "GC Thread#4" [stack: 0x000000592f100000,0x000000592f200000] [id=20956]
  0x000001cb769956f0 GCTaskThread "GC Thread#5" [stack: 0x000000592f200000,0x000000592f300000] [id=2388]
  0x000001cb7b1ee7d0 GCTaskThread "GC Thread#6" [stack: 0x000000592f300000,0x000000592f400000] [id=19160]
  0x000001cb7b00f280 GCTaskThread "GC Thread#7" [stack: 0x000000592f400000,0x000000592f500000] [id=23424]
  0x000001cb49a6ea60 ConcurrentGCThread "G1 Main Marker" [stack: 0x000000592dc00000,0x000000592dd00000] [id=11864]
  0x000001cb733010a0 ConcurrentGCThread "G1 Conc#0" [stack: 0x000000592dd00000,0x000000592de00000] [id=22188]
  0x000001cb7b5ad530 ConcurrentGCThread "G1 Conc#1" [stack: 0x000000592f600000,0x000000592f700000] [id=16924]
  0x000001cb733ebec0 ConcurrentGCThread "G1 Refine#0" [stack: 0x000000592de00000,0x000000592df00000] [id=4956]
  0x000001cb7b273040 ConcurrentGCThread "G1 Refine#1" [stack: 0x000000592f500000,0x000000592f600000] [id=19192]
  0x000001cb733ec8f0 ConcurrentGCThread "G1 Service" [stack: 0x000000592df00000,0x000000592e000000] [id=24004]

Threads with active compile tasks:

VM state: not at safepoint (normal execution)

VM Mutex/Monitor currently owned by a thread: None

Heap address: 0x0000000604400000, size: 8124 MB, Compressed Oops mode: Zero based, Oop shift amount: 3

CDS archive(s) mapped at: [0x000001cb00000000-0x000001cb00bd0000-0x000001cb00bd0000), size 12386304, SharedBaseAddress: 0x000001cb00000000, ArchiveRelocationMode: 1.
Compressed class space mapped at: 0x000001cb01000000-0x000001cb41000000, reserved size: 1073741824
Narrow klass base: 0x000001cb00000000, Narrow klass shift: 0, Narrow klass range: 0x100000000

GC Precious Log:
 CPUs: 8 total, 8 available
 Memory: 32494M
 Large Page Support: Disabled
 NUMA Support: Disabled
 Compressed Oops: Enabled (Zero based)
 Heap Region Size: 4M
 Heap Min Capacity: 8M
 Heap Initial Capacity: 508M
 Heap Max Capacity: 8124M
 Pre-touch: Disabled
 Parallel Workers: 8
 Concurrent Workers: 2
 Concurrent Refinement Workers: 8
 Periodic GC: Disabled

Heap:
 garbage-first heap   total 139264K, used 100196K [0x0000000604400000, 0x0000000800000000)
  region size 4096K, 19 young (77824K), 1 survivors (4096K)
 Metaspace       used 47442K, committed 47936K, reserved 1114112K
  class space    used 5853K, committed 6080K, reserved 1048576K

Heap Regions: E=young(eden), S=young(survivor), O=old, HS=humongous(starts), HC=humongous(continues), CS=collection set, F=free, OA=open archive, CA=closed archive, TAMS=top-at-mark-start (previous, next)
|   0|0x0000000604400000, 0x0000000604800000, 0x0000000604800000|100%| O|  |TAMS 0x0000000604800000, 0x0000000604400000| Untracked 
|   1|0x0000000604800000, 0x000000060482b600, 0x0000000604c00000|  4%| O|  |TAMS 0x0000000604800000, 0x0000000604800000| Untracked 
|   2|0x0000000604c00000, 0x0000000605000000, 0x0000000605000000|100%| O|  |TAMS 0x0000000605000000, 0x0000000604c00000| Untracked 
|   3|0x0000000605000000, 0x0000000605400000, 0x0000000605400000|100%| O|  |TAMS 0x0000000605400000, 0x0000000605000000| Untracked 
|   4|0x0000000605400000, 0x0000000605800000, 0x0000000605800000|100%| O|  |TAMS 0x0000000605800000, 0x0000000605400000| Untracked 
|   5|0x0000000605800000, 0x0000000605c00000, 0x0000000605c00000|100%| O|  |TAMS 0x0000000605c00000, 0x0000000605800000| Untracked 
|   6|0x0000000605c00000, 0x0000000606000000, 0x0000000606000000|100%| O|  |TAMS 0x0000000606000000, 0x0000000605c00000| Untracked 
|   7|0x0000000606000000, 0x0000000606400000, 0x0000000606400000|100%| O|  |TAMS 0x0000000606400000, 0x0000000606000000| Untracked 
|   8|0x0000000606400000, 0x0000000606400000, 0x0000000606800000|  0%| F|  |TAMS 0x0000000606400000, 0x0000000606400000| Untracked 
|   9|0x0000000606800000, 0x0000000606800000, 0x0000000606c00000|  0%| F|  |TAMS 0x0000000606800000, 0x0000000606800000| Untracked 
|  10|0x0000000606c00000, 0x0000000606c00000, 0x0000000607000000|  0%| F|  |TAMS 0x0000000606c00000, 0x0000000606c00000| Untracked 
|  11|0x0000000607000000, 0x0000000607000000, 0x0000000607400000|  0%| F|  |TAMS 0x0000000607000000, 0x0000000607000000| Untracked 
|  12|0x0000000607400000, 0x0000000607400000, 0x0000000607800000|  0%| F|  |TAMS 0x0000000607400000, 0x0000000607400000| Untracked 
|  13|0x0000000607800000, 0x0000000607800000, 0x0000000607c00000|  0%| F|  |TAMS 0x0000000607800000, 0x0000000607800000| Untracked 
|  14|0x0000000607c00000, 0x0000000607dadde0, 0x0000000608000000| 41%| S|CS|TAMS 0x0000000607c00000, 0x0000000607c00000| Complete 
|  15|0x0000000608000000, 0x0000000608000000, 0x0000000608400000|  0%| F|  |TAMS 0x0000000608000000, 0x0000000608000000| Untracked 
|  16|0x0000000608400000, 0x0000000608570d40, 0x0000000608800000| 36%| E|  |TAMS 0x0000000608400000, 0x0000000608400000| Complete 
|  17|0x0000000608800000, 0x0000000608c00000, 0x0000000608c00000|100%| E|CS|TAMS 0x0000000608800000, 0x0000000608800000| Complete 
|  18|0x0000000608c00000, 0x0000000609000000, 0x0000000609000000|100%| E|CS|TAMS 0x0000000608c00000, 0x0000000608c00000| Complete 
|  19|0x0000000609000000, 0x0000000609400000, 0x0000000609400000|100%| E|CS|TAMS 0x0000000609000000, 0x0000000609000000| Complete 
|  20|0x0000000609400000, 0x0000000609800000, 0x0000000609800000|100%| E|CS|TAMS 0x0000000609400000, 0x0000000609400000| Complete 
|  21|0x0000000609800000, 0x0000000609c00000, 0x0000000609c00000|100%| E|CS|TAMS 0x0000000609800000, 0x0000000609800000| Complete 
|  22|0x0000000609c00000, 0x000000060a000000, 0x000000060a000000|100%| E|CS|TAMS 0x0000000609c00000, 0x0000000609c00000| Complete 
|  23|0x000000060a000000, 0x000000060a400000, 0x000000060a400000|100%| E|CS|TAMS 0x000000060a000000, 0x000000060a000000| Complete 
|  24|0x000000060a400000, 0x000000060a800000, 0x000000060a800000|100%| E|CS|TAMS 0x000000060a400000, 0x000000060a400000| Complete 
|  25|0x000000060a800000, 0x000000060ac00000, 0x000000060ac00000|100%| E|CS|TAMS 0x000000060a800000, 0x000000060a800000| Complete 
|  26|0x000000060ac00000, 0x000000060b000000, 0x000000060b000000|100%| E|CS|TAMS 0x000000060ac00000, 0x000000060ac00000| Complete 
|  27|0x000000060b000000, 0x000000060b400000, 0x000000060b400000|100%| E|CS|TAMS 0x000000060b000000, 0x000000060b000000| Complete 
|  28|0x000000060b400000, 0x000000060b800000, 0x000000060b800000|100%| E|CS|TAMS 0x000000060b400000, 0x000000060b400000| Complete 
|  29|0x000000060b800000, 0x000000060bc00000, 0x000000060bc00000|100%| E|CS|TAMS 0x000000060b800000, 0x000000060b800000| Complete 
|  30|0x000000060bc00000, 0x000000060c000000, 0x000000060c000000|100%| E|CS|TAMS 0x000000060bc00000, 0x000000060bc00000| Complete 
|  31|0x000000060c000000, 0x000000060c400000, 0x000000060c400000|100%| E|CS|TAMS 0x000000060c000000, 0x000000060c000000| Complete 
|  32|0x000000060c400000, 0x000000060c800000, 0x000000060c800000|100%| E|CS|TAMS 0x000000060c400000, 0x000000060c400000| Complete 
| 126|0x0000000623c00000, 0x0000000624000000, 0x0000000624000000|100%| E|CS|TAMS 0x0000000623c00000, 0x0000000623c00000| Complete 

Card table byte_map: [0x000001cb61550000,0x000001cb62530000] _byte_map_base: 0x000001cb5e52e000

Marking Bits (Prev, Next): (CMBitMap*) 0x000001cb49a6e1a0, (CMBitMap*) 0x000001cb49a6e160
 Prev Bits: [0x000001cb6b400000, 0x000001cb732f0000)
 Next Bits: [0x000001cb63510000, 0x000001cb6b400000)

Polling page: 0x000001cb490e0000

Metaspace:

Usage:
  Non-class:     40.61 MB used.
      Class:      5.72 MB used.
       Both:     46.33 MB used.

Virtual space:
  Non-class space:       64.00 MB reserved,      40.88 MB ( 64%) committed,  1 nodes.
      Class space:        1.00 GB reserved,       5.94 MB ( <1%) committed,  1 nodes.
             Both:        1.06 GB reserved,      46.81 MB (  4%) committed. 

Chunk freelists:
   Non-Class:  6.94 MB
       Class:  9.90 MB
        Both:  16.84 MB

MaxMetaspaceSize: unlimited
CompressedClassSpaceSize: 1.00 GB
Initial GC threshold: 21.00 MB
Current GC threshold: 73.75 MB
CDS: on
MetaspaceReclaimPolicy: balanced
 - commit_granule_bytes: 65536.
 - commit_granule_words: 8192.
 - virtual_space_node_default_size: 8388608.
 - enlarge_chunks_in_place: 1.
 - new_chunks_are_fully_committed: 0.
 - uncommit_free_chunks: 1.
 - use_allocation_guard: 0.
 - handle_deallocations: 1.


Internal statistics:

num_allocs_failed_limit: 14.
num_arena_births: 716.
num_arena_deaths: 0.
num_vsnodes_births: 2.
num_vsnodes_deaths: 0.
num_space_committed: 749.
num_space_uncommitted: 0.
num_chunks_returned_to_freelist: 14.
num_chunks_taken_from_freelist: 2432.
num_chunk_merges: 3.
num_chunk_splits: 1641.
num_chunks_enlarged: 1167.
num_inconsistent_stats: 0.

CodeHeap 'non-profiled nmethods': size=120000Kb used=5623Kb max_used=5623Kb free=114377Kb
 bounds [0x000001cb58d10000, 0x000001cb59290000, 0x000001cb60240000]
CodeHeap 'profiled nmethods': size=120000Kb used=18202Kb max_used=18202Kb free=101797Kb
 bounds [0x000001cb51240000, 0x000001cb52410000, 0x000001cb58770000]
CodeHeap 'non-nmethods': size=5760Kb used=1294Kb max_used=1344Kb free=4465Kb
 bounds [0x000001cb58770000, 0x000001cb589e0000, 0x000001cb58d10000]
 total_blobs=8948 nmethods=8350 adapters=510
 compilation: enabled
              stopped_count=0, restarted_count=0
 full_count=0

Compilation events (20 events):
Event: 16402.879 Thread 0x000001cb734da9d0 9061       4       java.util.LinkedHashMap$LinkedValues::toArray (16 bytes)
Event: 16402.921 Thread 0x000001cb734da9d0 nmethod 9061 0x000001cb5928aa10 code [0x000001cb5928aba0, 0x000001cb5928b078]
Event: 16462.700 Thread 0x000001cb734da9d0 9063       4       org.apache.hc.core5.http.message.AbstractHeaderElementIterator::parseNextElement (107 bytes)
Event: 16462.727 Thread 0x000001cb734da9d0 nmethod 9063 0x000001cb5928b310 code [0x000001cb5928b520, 0x000001cb5928bf50]
Event: 16522.728 Thread 0x000001cb734da9d0 9064       4       java.util.regex.Pattern$Node::match (27 bytes)
Event: 16522.731 Thread 0x000001cb734da9d0 nmethod 9064 0x000001cb5928c810 code [0x000001cb5928c980, 0x000001cb5928ca58]
Event: 16522.731 Thread 0x000001cb734da9d0 9065       4       org.springframework.http.client.AbstractClientHttpRequest::getHeaders (40 bytes)
Event: 16522.735 Thread 0x000001cb734da9d0 nmethod 9065 0x000001cb5928cb90 code [0x000001cb5928cd00, 0x000001cb5928cdb8]
Event: 16522.743 Thread 0x000001cb734da9d0 9066       4       org.springframework.http.support.HttpComponentsHeadersAdapter$EntryIterator::hasNext (10 bytes)
Event: 16522.744 Thread 0x000001cb734da9d0 nmethod 9066 0x000001cb5928ce90 code [0x000001cb5928d000, 0x000001cb5928d0b8]
Event: 16552.762 Thread 0x000001cb734da9d0 9067       4       org.apache.hc.client5.http.impl.classic.CloseableHttpResponse::containsHeader (11 bytes)
Event: 16552.763 Thread 0x000001cb734da9d0 nmethod 9067 0x000001cb5928d190 code [0x000001cb5928d320, 0x000001cb5928d3e8]
Event: 16642.846 Thread 0x000001cb734e4f60 9068       3       java.lang.invoke.VarHandle::acquireFence (7 bytes)
Event: 16642.846 Thread 0x000001cb734e4f60 nmethod 9068 0x000001cb52405610 code [0x000001cb524057a0, 0x000001cb52405898]
Event: 16642.848 Thread 0x000001cb734da9d0 9070       4       org.apache.hc.core5.net.URIAuthority::getHostName (8 bytes)
Event: 16642.848 Thread 0x000001cb734e4f60 9071       3       java.net.InetSocketAddress::checkPort (39 bytes)
Event: 16642.849 Thread 0x000001cb734da9d0 nmethod 9070 0x000001cb5928d910 code [0x000001cb5928da80, 0x000001cb5928db18]
Event: 16642.849 Thread 0x000001cb734e4f60 nmethod 9071 0x000001cb52405910 code [0x000001cb52405b40, 0x000001cb524061d8]
Event: 16642.849 Thread 0x000001cb734e4f60 9072       3       java.net.InetSocketAddress$InetSocketAddressHolder::<init> (20 bytes)
Event: 16642.850 Thread 0x000001cb734e4f60 nmethod 9072 0x000001cb52406410 code [0x000001cb524065c0, 0x000001cb524067f8]

GC Heap History (20 events):
Event: 6.634 GC heap before
{Heap before GC invocations=9 (full 0):
 garbage-first heap   total 69632K, used 37833K [0x0000000604400000, 0x0000000800000000)
  region size 4096K, 5 young (20480K), 1 survivors (4096K)
 Metaspace       used 35644K, committed 36096K, reserved 1114112K
  class space    used 4610K, committed 4800K, reserved 1048576K
}
Event: 6.637 GC heap after
{Heap after GC invocations=10 (full 0):
 garbage-first heap   total 69632K, used 26398K [0x0000000604400000, 0x0000000800000000)
  region size 4096K, 1 young (4096K), 1 survivors (4096K)
 Metaspace       used 35644K, committed 36096K, reserved 1114112K
  class space    used 4610K, committed 4800K, reserved 1048576K
}
Event: 7.138 GC heap before
{Heap before GC invocations=11 (full 0):
 garbage-first heap   total 69632K, used 46878K [0x0000000604400000, 0x0000000800000000)
  region size 4096K, 6 young (24576K), 1 survivors (4096K)
 Metaspace       used 40498K, committed 41024K, reserved 1114112K
  class space    used 5252K, committed 5504K, reserved 1048576K
}
Event: 7.143 GC heap after
{Heap after GC invocations=12 (full 0):
 garbage-first heap   total 69632K, used 29096K [0x0000000604400000, 0x0000000800000000)
  region size 4096K, 1 young (4096K), 1 survivors (4096K)
 Metaspace       used 40498K, committed 41024K, reserved 1114112K
  class space    used 5252K, committed 5504K, reserved 1048576K
}
Event: 7.252 GC heap before
{Heap before GC invocations=12 (full 0):
 garbage-first heap   total 69632K, used 33192K [0x0000000604400000, 0x0000000800000000)
  region size 4096K, 2 young (8192K), 1 survivors (4096K)
 Metaspace       used 41673K, committed 42176K, reserved 1114112K
  class space    used 5397K, committed 5632K, reserved 1048576K
}
Event: 7.257 GC heap after
{Heap after GC invocations=13 (full 0):
 garbage-first heap   total 69632K, used 29577K [0x0000000604400000, 0x0000000800000000)
  region size 4096K, 1 young (4096K), 1 survivors (4096K)
 Metaspace       used 41673K, committed 42176K, reserved 1114112K
  class space    used 5397K, committed 5632K, reserved 1048576K
}
Event: 226.979 GC heap before
{Heap before GC invocations=13 (full 0):
 garbage-first heap   total 69632K, used 45961K [0x0000000604400000, 0x0000000800000000)
  region size 4096K, 5 young (20480K), 1 survivors (4096K)
 Metaspace       used 44426K, committed 44928K, reserved 1114112K
  class space    used 5726K, committed 5952K, reserved 1048576K
}
Event: 226.985 GC heap after
{Heap after GC invocations=14 (full 0):
 garbage-first heap   total 294912K, used 30313K [0x0000000604400000, 0x0000000800000000)
  region size 4096K, 1 young (4096K), 1 survivors (4096K)
 Metaspace       used 44426K, committed 44928K, reserved 1114112K
  class space    used 5726K, committed 5952K, reserved 1048576K
}
Event: 2702.635 GC heap before
{Heap before GC invocations=15 (full 0):
 garbage-first heap   total 139264K, used 108137K [0x0000000604400000, 0x0000000800000000)
  region size 4096K, 20 young (81920K), 1 survivors (4096K)
 Metaspace       used 46149K, committed 46592K, reserved 1114112K
  class space    used 5849K, committed 6080K, reserved 1048576K
}
Event: 2702.641 GC heap after
{Heap after GC invocations=16 (full 0):
 garbage-first heap   total 139264K, used 30698K [0x0000000604400000, 0x0000000800000000)
  region size 4096K, 1 young (4096K), 1 survivors (4096K)
 Metaspace       used 46149K, committed 46592K, reserved 1114112K
  class space    used 5849K, committed 6080K, reserved 1048576K
}
Event: 2856.499 GC heap before
{Heap before GC invocations=16 (full 0):
 garbage-first heap   total 139264K, used 34794K [0x0000000604400000, 0x0000000800000000)
  region size 4096K, 2 young (8192K), 1 survivors (4096K)
 Metaspace       used 46155K, committed 46656K, reserved 1114112K
  class space    used 5849K, committed 6080K, reserved 1048576K
}
Event: 2856.503 GC heap after
{Heap after GC invocations=17 (full 0):
 garbage-first heap   total 139264K, used 30674K [0x0000000604400000, 0x0000000800000000)
  region size 4096K, 1 young (4096K), 1 survivors (4096K)
 Metaspace       used 46155K, committed 46656K, reserved 1114112K
  class space    used 5849K, committed 6080K, reserved 1048576K
}
Event: 5414.186 GC heap before
{Heap before GC invocations=17 (full 0):
 garbage-first heap   total 139264K, used 100306K [0x0000000604400000, 0x0000000800000000)
  region size 4096K, 18 young (73728K), 1 survivors (4096K)
 Metaspace       used 46621K, committed 47168K, reserved 1114112K
  class space    used 5851K, committed 6080K, reserved 1048576K
}
Event: 5414.197 GC heap after
{Heap after GC invocations=18 (full 0):
 garbage-first heap   total 139264K, used 30733K [0x0000000604400000, 0x0000000800000000)
  region size 4096K, 1 young (4096K), 1 survivors (4096K)
 Metaspace       used 46621K, committed 47168K, reserved 1114112K
  class space    used 5851K, committed 6080K, reserved 1048576K
}
Event: 8158.483 GC heap before
{Heap before GC invocations=18 (full 0):
 garbage-first heap   total 139264K, used 104461K [0x0000000604400000, 0x0000000800000000)
  region size 4096K, 19 young (77824K), 1 survivors (4096K)
 Metaspace       used 47098K, committed 47616K, reserved 1114112K
  class space    used 5852K, committed 6080K, reserved 1048576K
}
Event: 8158.525 GC heap after
{Heap after GC invocations=19 (full 0):
 garbage-first heap   total 139264K, used 30703K [0x0000000604400000, 0x0000000800000000)
  region size 4096K, 1 young (4096K), 1 survivors (4096K)
 Metaspace       used 47098K, committed 47616K, reserved 1114112K
  class space    used 5852K, committed 6080K, reserved 1048576K
}
Event: 11078.922 GC heap before
{Heap before GC invocations=19 (full 0):
 garbage-first heap   total 139264K, used 108527K [0x0000000604400000, 0x0000000800000000)
  region size 4096K, 20 young (81920K), 1 survivors (4096K)
 Metaspace       used 47212K, committed 47744K, reserved 1114112K
  class space    used 5853K, committed 6080K, reserved 1048576K
}
Event: 11078.964 GC heap after
{Heap after GC invocations=20 (full 0):
 garbage-first heap   total 139264K, used 30746K [0x0000000604400000, 0x0000000800000000)
  region size 4096K, 1 young (4096K), 1 survivors (4096K)
 Metaspace       used 47212K, committed 47744K, reserved 1114112K
  class space    used 5853K, committed 6080K, reserved 1048576K
}
Event: 14030.283 GC heap before
{Heap before GC invocations=20 (full 0):
 garbage-first heap   total 139264K, used 108570K [0x0000000604400000, 0x0000000800000000)
  region size 4096K, 20 young (81920K), 1 survivors (4096K)
 Metaspace       used 47305K, committed 47808K, reserved 1114112K
  class space    used 5853K, committed 6080K, reserved 1048576K
}
Event: 14030.348 GC heap after
{Heap after GC invocations=21 (full 0):
 garbage-first heap   total 139264K, used 30564K [0x0000000604400000, 0x0000000800000000)
  region size 4096K, 1 young (4096K), 1 survivors (4096K)
 Metaspace       used 47305K, committed 47808K, reserved 1114112K
  class space    used 5853K, committed 6080K, reserved 1048576K
}

Deoptimization events (20 events):
Event: 15471.780 Thread 0x000001cb7d0e3260 DEOPT UNPACKING pc=0x000001cb587c5ba3 sp=0x000000592f8fd818 mode 2
Event: 15471.782 Thread 0x000001cb7d0e3260 Uncommon trap: trap_request=0xffffffd6 fr.pc=0x000001cb5926fba4 relative=0x0000000000000384
Event: 15471.782 Thread 0x000001cb7d0e3260 Uncommon trap: reason=array_check action=maybe_recompile pc=0x000001cb5926fba4 method=java.util.LinkedHashMap.valuesToArray([Ljava/lang/Object;)[Ljava/lang/Object; @ 25 c2
Event: 15471.782 Thread 0x000001cb7d0e3260 DEOPT PACKING pc=0x000001cb5926fba4 sp=0x000000592f8fd3b0
Event: 15471.782 Thread 0x000001cb7d0e3260 DEOPT UNPACKING pc=0x000001cb587c5ba3 sp=0x000000592f8fd358 mode 2
Event: 15471.782 Thread 0x000001cb7d0e3260 Uncommon trap: trap_request=0xffffffd6 fr.pc=0x000001cb5926fba4 relative=0x0000000000000384
Event: 15471.782 Thread 0x000001cb7d0e3260 Uncommon trap: reason=array_check action=maybe_recompile pc=0x000001cb5926fba4 method=java.util.LinkedHashMap.valuesToArray([Ljava/lang/Object;)[Ljava/lang/Object; @ 25 c2
Event: 15471.782 Thread 0x000001cb7d0e3260 DEOPT PACKING pc=0x000001cb5926fba4 sp=0x000000592f8fd3b0
Event: 15471.782 Thread 0x000001cb7d0e3260 DEOPT UNPACKING pc=0x000001cb587c5ba3 sp=0x000000592f8fd358 mode 2
Event: 15471.782 Thread 0x000001cb7d0e3260 Uncommon trap: trap_request=0xffffffd6 fr.pc=0x000001cb5926fba4 relative=0x0000000000000384
Event: 15471.782 Thread 0x000001cb7d0e3260 Uncommon trap: reason=array_check action=maybe_recompile pc=0x000001cb5926fba4 method=java.util.LinkedHashMap.valuesToArray([Ljava/lang/Object;)[Ljava/lang/Object; @ 25 c2
Event: 15471.782 Thread 0x000001cb7d0e3260 DEOPT PACKING pc=0x000001cb5926fba4 sp=0x000000592f8fd6e0
Event: 15471.782 Thread 0x000001cb7d0e3260 DEOPT UNPACKING pc=0x000001cb587c5ba3 sp=0x000000592f8fd688 mode 2
Event: 16312.550 Thread 0x000001cb7d0e3260 DEOPT PACKING pc=0x000001cb51b1ea96 sp=0x000000592f8fde20
Event: 16312.550 Thread 0x000001cb7d0e3260 DEOPT UNPACKING pc=0x000001cb587c66e3 sp=0x000000592f8fd278 mode 0
Event: 16402.626 Thread 0x000001cb7d0e50c0 DEOPT PACKING pc=0x000001cb51f07543 sp=0x000000592f9fd300
Event: 16402.627 Thread 0x000001cb7d0e50c0 DEOPT UNPACKING pc=0x000001cb587c66e3 sp=0x000000592f9fc830 mode 0
Event: 16710.100 Thread 0x000001cb7b9af5c0 Uncommon trap: trap_request=0xffffff45 fr.pc=0x000001cb591034d8 relative=0x0000000000002878
Event: 16710.101 Thread 0x000001cb7b9af5c0 Uncommon trap: reason=unstable_if action=reinterpret pc=0x000001cb591034d8 method=org.springframework.boot.devtools.filewatch.DirectorySnapshot.collectFiles(Ljava/io/File;Ljava/util/Set;)V @ 73 c2
Event: 16710.101 Thread 0x000001cb7b9af5c0 DEOPT PACKING pc=0x000001cb591034d8 sp=0x000000592feff200

Classes unloaded (0 events):
No events

Classes redefined (0 events):
No events

Internal exceptions (20 events):
Event: 6.229 Thread 0x000001cb7b1cd590 Exception <a 'java/net/SocketException'{0x00000006207a5578}: Socket is not connected: shutdown> (0x00000006207a5578) 
thrown [s\open\src\hotspot\share\prims\jni.cpp, line 535]
Event: 6.540 Thread 0x000001cb7b1cd590 Exception <a 'java/lang/NoSuchMethodError'{0x00000006079264c0}: 'void java.lang.invoke.DirectMethodHandle$Holder.invokeStatic(java.lang.Object, java.lang.Object, double)'> (0x00000006079264c0) 
thrown [s\open\src\hotspot\share\interpreter\linkResolver.cpp, line 759]
Event: 6.554 Thread 0x000001cb7b1cd590 Exception <a 'java/lang/NoSuchMethodError'{0x0000000607983248}: 'double java.lang.invoke.DirectMethodHandle$Holder.invokeStatic(java.lang.Object, java.lang.Object, java.lang.Object)'> (0x0000000607983248) 
thrown [s\open\src\hotspot\share\interpreter\linkResolver.cpp, line 759]
Event: 6.570 Thread 0x000001cb7b1cd590 Exception <a 'java/lang/NoSuchMethodError'{0x00000006079f53a8}: 'java.lang.Object java.lang.invoke.DirectMethodHandle$Holder.newInvokeSpecial(java.lang.Object, java.lang.Object, int, java.lang.Object, java.lang.Object)'> (0x00000006079f53a8) 
thrown [s\open\src\hotspot\share\interpreter\linkResolver.cpp, line 759]
Event: 6.641 Thread 0x000001cb7b1cd590 Exception <a 'java/lang/IncompatibleClassChangeError'{0x0000000623c06cf8}: Found class java.lang.Object, but interface was expected> (0x0000000623c06cf8) 
thrown [s\open\src\hotspot\share\interpreter\linkResolver.cpp, line 826]
Event: 6.650 Thread 0x000001cb75f4dfa0 Exception <a 'java/lang/NoSuchMethodError'{0x0000000623c7ea30}: 'long java.lang.invoke.DirectMethodHandle$Holder.invokeStatic(java.lang.Object, java.lang.Object, java.lang.Object)'> (0x0000000623c7ea30) 
thrown [s\open\src\hotspot\share\interpreter\linkResolver.cpp, line 759]
Event: 6.680 Thread 0x000001cb7b1cd590 Implicit null exception at 0x000001cb58e7bd93 to 0x000001cb58e7c568
Event: 6.773 Thread 0x000001cb7b1cd590 Exception <a 'sun/nio/fs/WindowsException'{0x000000062044c2a8}> (0x000000062044c2a8) 
thrown [s\open\src\hotspot\share\prims\jni.cpp, line 516]
Event: 226.807 Thread 0x000001cb7d0e0ef0 Exception <a 'java/lang/NoSuchMethodError'{0x000000060743c2c8}: 'java.lang.Object java.lang.invoke.DirectMethodHandle$Holder.invokeSpecial(java.lang.Object, java.lang.Object, java.lang.Object, java.lang.Object, java.lang.Object, long)'> (0x000000060743c2c8) 
thrown [s\open\src\hotspot\share\interpreter\linkResolver.cpp, line 759]
Event: 226.807 Thread 0x000001cb7d0e0ef0 Exception <a 'java/lang/NoSuchMethodError'{0x000000060743fd08}: 'java.lang.Object java.lang.invoke.Invokers$Holder.linkToTargetMethod(java.lang.Object, java.lang.Object, java.lang.Object, long, java.lang.Object)'> (0x000000060743fd08) 
thrown [s\open\src\hotspot\share\interpreter\linkResolver.cpp, line 759]
Event: 1806.944 Thread 0x000001cb7b9aeba0 Exception <a 'java/lang/NoSuchMethodError'{0x0000000609b34a38}: 'void java.lang.invoke.DirectMethodHandle$Holder.invokeStatic(java.lang.Object, long, java.lang.Object)'> (0x0000000609b34a38) 
thrown [s\open\src\hotspot\share\interpreter\linkResolver.cpp, line 759]
Event: 1806.945 Thread 0x000001cb7b9aeba0 Exception <a 'java/lang/NoSuchMethodError'{0x0000000609b3a8b0}: 'java.lang.Object java.lang.invoke.DirectMethodHandle$Holder.newInvokeSpecial(java.lang.Object, long)'> (0x0000000609b3a8b0) 
thrown [s\open\src\hotspot\share\interpreter\linkResolver.cpp, line 759]
Event: 5384.302 Thread 0x000001cb7b9ac320 Implicit null exception at 0x000001cb591c381b to 0x000001cb591c3ab4
Event: 5385.304 Thread 0x000001cb7b9ac320 Implicit null exception at 0x000001cb591c381b to 0x000001cb591c3ab4
Event: 5386.298 Thread 0x000001cb7b9ac320 Implicit null exception at 0x000001cb591c381b to 0x000001cb591c3ab4
Event: 5387.312 Thread 0x000001cb7b9ad250 Implicit null exception at 0x000001cb591c381b to 0x000001cb591c3ab4
Event: 5388.310 Thread 0x000001cb7b9ac320 Implicit null exception at 0x000001cb591c4118 to 0x000001cb591c43a8
Event: 9675.994 Thread 0x000001cb7d0e3260 Exception <a 'java/net/SocketException'{0x000000060a421710}: Connection reset by peer: shutdown> (0x000000060a421710) 
thrown [s\open\src\hotspot\share\prims\jni.cpp, line 535]
Event: 10726.937 Thread 0x000001cb7d0e50c0 Exception <a 'java/net/SocketException'{0x0000000608936288}: Connection reset by peer: shutdown> (0x0000000608936288) 
thrown [s\open\src\hotspot\share\prims\jni.cpp, line 535]
Event: 12018.452 Thread 0x000001cb7d0e3260 Exception <a 'java/net/SocketException'{0x000000060b687d70}: Connection reset by peer: shutdown> (0x000000060b687d70) 
thrown [s\open\src\hotspot\share\prims\jni.cpp, line 535]

VM Operations (20 events):
Event: 15682.382 Executing VM operation: Cleanup
Event: 15682.382 Executing VM operation: Cleanup done
Event: 15712.601 Executing VM operation: Cleanup
Event: 15712.602 Executing VM operation: Cleanup done
Event: 15832.637 Executing VM operation: Cleanup
Event: 15832.638 Executing VM operation: Cleanup done
Event: 16012.938 Executing VM operation: Cleanup
Event: 16012.938 Executing VM operation: Cleanup done
Event: 16313.431 Executing VM operation: Cleanup
Event: 16313.431 Executing VM operation: Cleanup done
Event: 16342.641 Executing VM operation: Cleanup
Event: 16342.641 Executing VM operation: Cleanup done
Event: 16372.829 Executing VM operation: Cleanup
Event: 16372.830 Executing VM operation: Cleanup done
Event: 16403.049 Executing VM operation: Cleanup
Event: 16403.049 Executing VM operation: Cleanup done
Event: 16553.281 Executing VM operation: Cleanup
Event: 16553.281 Executing VM operation: Cleanup done
Event: 16673.171 Executing VM operation: Cleanup
Event: 16673.171 Executing VM operation: Cleanup done

Events (20 events):
Event: 227.640 loading class java/io/OutputStream$1
Event: 227.640 loading class java/io/OutputStream$1 done
Event: 227.642 Thread 0x000001cb7e862770 Thread exited: 0x000001cb7e862770
Event: 227.650 loading class java/util/ArrayDeque$DescendingIterator
Event: 227.650 loading class java/util/ArrayDeque$DescendingIterator done
Event: 237.655 Thread 0x000001cb7d0e55d0 Thread exited: 0x000001cb7d0e55d0
Event: 306.759 Thread 0x000001cb7d0e3c80 Thread added: 0x000001cb7d0e3c80
Event: 462.457 Thread 0x000001cb734ee550 flushing nmethod 0x000001cb5175cf90
Event: 787.985 loading class java/util/concurrent/locks/ReentrantReadWriteLock$Sync$HoldCounter
Event: 787.985 loading class java/util/concurrent/locks/ReentrantReadWriteLock$Sync$HoldCounter done
Event: 1340.844 Thread 0x000001cb7d0e55d0 Thread added: 0x000001cb7d0e55d0
Event: 1350.858 Thread 0x000001cb7d0e55d0 Thread exited: 0x000001cb7d0e55d0
Event: 1351.220 Thread 0x000001cb7d0e4bb0 Thread added: 0x000001cb7d0e4bb0
Event: 1361.244 Thread 0x000001cb7d0e4bb0 Thread exited: 0x000001cb7d0e4bb0
Event: 1430.377 Thread 0x000001cb7d0e55d0 Thread added: 0x000001cb7d0e55d0
Event: 1440.392 Thread 0x000001cb7d0e55d0 Thread exited: 0x000001cb7d0e55d0
Event: 1748.837 Thread 0x000001cb7e861cd0 Thread added: 0x000001cb7e861cd0
Event: 1753.874 Thread 0x000001cb7e861cd0 Thread exited: 0x000001cb7e861cd0
Event: 3700.566 Thread 0x000001cb7e861230 Thread added: 0x000001cb7e861230
Event: 3705.596 Thread 0x000001cb7e861230 Thread exited: 0x000001cb7e861230


Dynamic libraries:
0x00007ff6f3cf0000 - 0x00007ff6f3d00000 	C:\Program Files\java\jdk-17\bin\java.exe
0x00007fffaf7a0000 - 0x00007fffafa03000 	C:\WINDOWS\SYSTEM32\ntdll.dll
0x00007fffaefd0000 - 0x00007fffaf098000 	C:\WINDOWS\System32\KERNEL32.DLL
0x00007fffacc20000 - 0x00007fffacfd2000 	C:\WINDOWS\System32\KERNELBASE.dll
0x00007fffad4b0000 - 0x00007fffad5fb000 	C:\WINDOWS\System32\ucrtbase.dll
0x00007fff97ab0000 - 0x00007fff97ac9000 	C:\Program Files\java\jdk-17\bin\jli.dll
0x00007fff987c0000 - 0x00007fff987db000 	C:\Program Files\java\jdk-17\bin\VCRUNTIME140.dll
0x00007fffae750000 - 0x00007fffae804000 	C:\WINDOWS\System32\ADVAPI32.dll
0x00007fffaf1d0000 - 0x00007fffaf279000 	C:\WINDOWS\System32\msvcrt.dll
0x00007fffaf120000 - 0x00007fffaf1c6000 	C:\WINDOWS\System32\sechost.dll
0x00007fffaed40000 - 0x00007fffaee56000 	C:\WINDOWS\System32\RPCRT4.dll
0x00007fffadd10000 - 0x00007fffaded8000 	C:\WINDOWS\System32\USER32.dll
0x00007fffad0a0000 - 0x00007fffad0c7000 	C:\WINDOWS\System32\win32u.dll
0x00007fff89290000 - 0x00007fff89520000 	C:\WINDOWS\WinSxS\amd64_microsoft.windows.common-controls_6595b64144ccf1df_6.0.26100.2454_none_3e0b68a2e331ad60\COMCTL32.dll
0x00007fffaef90000 - 0x00007fffaefba000 	C:\WINDOWS\System32\GDI32.dll
0x00007fffad160000 - 0x00007fffad28b000 	C:\WINDOWS\System32\gdi32full.dll
0x00007fffacb70000 - 0x00007fffacc13000 	C:\WINDOWS\System32\msvcp_win.dll
0x00007fffa63b0000 - 0x00007fffa63bb000 	C:\WINDOWS\SYSTEM32\VERSION.dll
0x00007fffaee60000 - 0x00007fffaee8f000 	C:\WINDOWS\System32\IMM32.DLL
0x00007fff97aa0000 - 0x00007fff97aac000 	C:\Program Files\java\jdk-17\bin\vcruntime140_1.dll
0x00007fff97a10000 - 0x00007fff97a9e000 	C:\Program Files\java\jdk-17\bin\msvcp140.dll
0x00007ffeecf20000 - 0x00007ffeedb01000 	C:\Program Files\java\jdk-17\bin\server\jvm.dll
0x00007fffaeea0000 - 0x00007fffaeea8000 	C:\WINDOWS\System32\PSAPI.DLL
0x00007fffa0340000 - 0x00007fffa0376000 	C:\WINDOWS\SYSTEM32\WINMM.dll
0x00007fffa65b0000 - 0x00007fffa65ba000 	C:\WINDOWS\SYSTEM32\WSOCK32.dll
0x00007fffadee0000 - 0x00007fffadf54000 	C:\WINDOWS\System32\WS2_32.dll
0x00007fffab970000 - 0x00007fffab98a000 	C:\WINDOWS\SYSTEM32\kernel.appcore.dll
0x00007fff97a00000 - 0x00007fff97a0a000 	C:\Program Files\java\jdk-17\bin\jimage.dll
0x00007fffaa2c0000 - 0x00007fffaa501000 	C:\WINDOWS\SYSTEM32\DBGHELP.DLL
0x00007fffae810000 - 0x00007fffaeb8e000 	C:\WINDOWS\System32\combase.dll
0x00007fffadf60000 - 0x00007fffae036000 	C:\WINDOWS\System32\OLEAUT32.dll
0x00007fff96af0000 - 0x00007fff96b29000 	C:\WINDOWS\SYSTEM32\dbgcore.DLL
0x00007fffad290000 - 0x00007fffad329000 	C:\WINDOWS\System32\bcryptPrimitives.dll
0x00007fff979d0000 - 0x00007fff979f5000 	C:\Program Files\java\jdk-17\bin\java.dll
0x00007fff6c300000 - 0x00007fff6c3d7000 	C:\Program Files\java\jdk-17\bin\jsvml.dll
0x00007fffad600000 - 0x00007fffadd00000 	C:\WINDOWS\System32\SHELL32.dll
0x00007fffaa840000 - 0x00007fffab071000 	C:\WINDOWS\SYSTEM32\windows.storage.dll
0x00007fffaeeb0000 - 0x00007fffaef8a000 	C:\WINDOWS\System32\SHCORE.dll
0x00007fffae260000 - 0x00007fffae2bd000 	C:\WINDOWS\System32\shlwapi.dll
0x00007fffaca80000 - 0x00007fffacaae000 	C:\WINDOWS\SYSTEM32\profapi.dll
0x00007fff87260000 - 0x00007fff87279000 	C:\Program Files\java\jdk-17\bin\net.dll
0x00007fffa78f0000 - 0x00007fffa7a16000 	C:\WINDOWS\SYSTEM32\WINHTTP.dll
0x00007fffabe50000 - 0x00007fffabeb8000 	C:\WINDOWS\system32\mswsock.dll
0x00007fff70310000 - 0x00007fff70326000 	C:\Program Files\java\jdk-17\bin\nio.dll
0x00007fff6ebe0000 - 0x00007fff6ebf8000 	C:\Program Files\java\jdk-17\bin\zip.dll
0x00007fff979c0000 - 0x00007fff979ca000 	C:\Program Files\java\jdk-17\bin\management.dll
0x00007fff97820000 - 0x00007fff9782b000 	C:\Program Files\java\jdk-17\bin\management_ext.dll
0x00007fffab330000 - 0x00007fffab362000 	C:\WINDOWS\SYSTEM32\IPHLPAPI.DLL
0x00007fffaf4c0000 - 0x00007fffaf4ca000 	C:\WINDOWS\System32\NSI.dll
0x00007fffa7cd0000 - 0x00007fffa7cee000 	C:\WINDOWS\SYSTEM32\dhcpcsvc6.DLL
0x00007fffa7a20000 - 0x00007fffa7a45000 	C:\WINDOWS\SYSTEM32\dhcpcsvc.DLL
0x00007fffab370000 - 0x00007fffab495000 	C:\WINDOWS\SYSTEM32\DNSAPI.dll
0x00007fffa3920000 - 0x00007fffa392b000 	C:\Windows\System32\rasadhlp.dll
0x00007fffa8510000 - 0x00007fffa8595000 	C:\WINDOWS\System32\fwpuclnt.dll
0x00007fff95ca0000 - 0x00007fff95cae000 	C:\Program Files\java\jdk-17\bin\sunmscapi.dll
0x00007fffad330000 - 0x00007fffad4a6000 	C:\WINDOWS\System32\CRYPT32.dll
0x00007fffac350000 - 0x00007fffac380000 	C:\WINDOWS\SYSTEM32\ncrypt.dll
0x00007fffac300000 - 0x00007fffac33f000 	C:\WINDOWS\SYSTEM32\NTASN1.dll
0x00007fff8a180000 - 0x00007fff8a190000 	C:\Program Files\java\jdk-17\bin\verify.dll
0x00007fffac200000 - 0x00007fffac21c000 	C:\WINDOWS\SYSTEM32\CRYPTSP.dll
0x00007fffab8d0000 - 0x00007fffab908000 	C:\WINDOWS\system32\rsaenh.dll
0x00007fffabef0000 - 0x00007fffabf1b000 	C:\WINDOWS\SYSTEM32\USERENV.dll
0x00007fffac390000 - 0x00007fffac3b6000 	C:\WINDOWS\SYSTEM32\bcrypt.dll
0x00007fffac080000 - 0x00007fffac08c000 	C:\WINDOWS\SYSTEM32\CRYPTBASE.dll
0x00007fff70130000 - 0x00007fff70138000 	C:\WINDOWS\system32\wshunix.dll

dbghelp: loaded successfully - version: 4.0.5 - missing functions: none
symbol engine: initialized successfully - sym options: 0x614 - pdb path: .;C:\Program Files\java\jdk-17\bin;C:\WINDOWS\SYSTEM32;C:\WINDOWS\WinSxS\amd64_microsoft.windows.common-controls_6595b64144ccf1df_6.0.26100.2454_none_3e0b68a2e331ad60;C:\Program Files\java\jdk-17\bin\server

VM Arguments:
jvm_args: -XX:+ShowCodeDetailsInExceptionMessages 
java_command: com.SellOut.KeycloakAdapterApplication
java_class_path (initial): C:\Users\Fernanda Jama\OneDrive - Manamer\Documentos\PROYEC_DEVELOP\SellOut\backend\infraestructure\keycloakAdapter\target\classes;C:\Users\Fernanda Jama\.m2\repository\org\springframework\boot\spring-boot-starter-web\3.2.4\spring-boot-starter-web-3.2.4.jar;C:\Users\Fernanda Jama\.m2\repository\org\springframework\boot\spring-boot-starter\3.2.4\spring-boot-starter-3.2.4.jar;C:\Users\Fernanda Jama\.m2\repository\org\springframework\boot\spring-boot-starter-logging\3.2.4\spring-boot-starter-logging-3.2.4.jar;C:\Users\Fernanda Jama\.m2\repository\ch\qos\logback\logback-classic\1.4.14\logback-classic-1.4.14.jar;C:\Users\Fernanda Jama\.m2\repository\ch\qos\logback\logback-core\1.4.14\logback-core-1.4.14.jar;C:\Users\Fernanda Jama\.m2\repository\org\apache\logging\log4j\log4j-to-slf4j\2.23.1\log4j-to-slf4j-2.23.1.jar;C:\Users\Fernanda Jama\.m2\repository\org\apache\logging\log4j\log4j-api\2.23.1\log4j-api-2.23.1.jar;C:\Users\Fernanda Jama\.m2\repository\org\slf4j\jul-to-slf4j\2.0.12\jul-to-slf4j-2.0.12.jar;C:\Users\Fernanda Jama\.m2\repository\jakarta\annotation\jakarta.annotation-api\2.1.1\jakarta.annotation-api-2.1.1.jar;C:\Users\Fernanda Jama\.m2\repository\org\yaml\snakeyaml\2.2\snakeyaml-2.2.jar;C:\Users\Fernanda Jama\.m2\repository\org\springframework\boot\spring-boot-starter-json\3.2.4\spring-boot-starter-json-3.2.4.jar;C:\Users\Fernanda Jama\.m2\repository\com\fasterxml\jackson\datatype\jackson-datatype-jdk8\2.17.2\jackson-datatype-jdk8-2.17.2.jar;C:\Users\Fernanda Jama\.m2\repository\com\fasterxml\jackson\datatype\jackson-datatype-jsr310\2.17.2\jackson-datatype-jsr310-2.17.2.jar;C:\Users\Fernanda Jama\.m2\repository\com\fasterxml\jackson\module\jackson-module-parameter-names\2.17.2\jackson-module-parameter-names-2.17.2.jar;C:\Users\Fernanda Jama\.m2\repository\org\springframework\boot\spring-boot-starter-tomcat\3.2.4\spring-boot-starter-tomcat-3.2.4.jar;C:\Users\Fernanda Jama\.m2\repository\org\apache\tomcat\embed\tomcat-embed-core\10
Launcher Type: SUN_STANDARD

[Global flags]
     intx CICompilerCount                          = 4                                         {product} {ergonomic}
     uint ConcGCThreads                            = 2                                         {product} {ergonomic}
     uint G1ConcRefinementThreads                  = 8                                         {product} {ergonomic}
   size_t G1HeapRegionSize                         = 4194304                                   {product} {ergonomic}
    uintx GCDrainStackTargetSize                   = 64                                        {product} {ergonomic}
   size_t InitialHeapSize                          = 532676608                                 {product} {ergonomic}
   size_t MarkStackSize                            = 4194304                                   {product} {ergonomic}
   size_t MaxHeapSize                              = 8518631424                                {product} {ergonomic}
   size_t MaxNewSize                               = 5108662272                                {product} {ergonomic}
   size_t MinHeapDeltaBytes                        = 4194304                                   {product} {ergonomic}
   size_t MinHeapSize                              = 8388608                                   {product} {ergonomic}
    uintx NonNMethodCodeHeapSize                   = 5839372                                {pd product} {ergonomic}
    uintx NonProfiledCodeHeapSize                  = 122909434                              {pd product} {ergonomic}
    uintx ProfiledCodeHeapSize                     = 122909434                              {pd product} {ergonomic}
    uintx ReservedCodeCacheSize                    = 251658240                              {pd product} {ergonomic}
     bool SegmentedCodeCache                       = true                                      {product} {ergonomic}
     bool ShowCodeDetailsInExceptionMessages       = true                                   {manageable} {command line}
   size_t SoftMaxHeapSize                          = 8518631424                             {manageable} {ergonomic}
     bool UseCompressedClassPointers               = true                           {product lp64_product} {ergonomic}
     bool UseCompressedOops                        = true                           {product lp64_product} {ergonomic}
     bool UseG1GC                                  = true                                      {product} {ergonomic}
     bool UseLargePagesIndividualAllocation        = false                                  {pd product} {ergonomic}

Logging:
Log output configuration:
 #0: stdout all=warning uptime,level,tags
 #1: stderr all=off uptime,level,tags

Environment Variables:
JAVA_HOME=C:\Program Files\java\jdk-17
CLASSPATH=C:\Program Files\SAP\SAP Business One DI API\JCO\LIB\sbowrapper.jar;C:\Program Files\SAP\SAP Business One DI API\JCO\LIB\sboapi.jar;C:\Program Files (x86)\SAP\SAP Business One DI API\JCO\LIB\sbowrapper.jar;C:\Program Files (x86)\SAP\SAP Business One DI API\JCO\LIB\sboapi.jar
PATH=C:\Python312\Scripts\;C:\Python312\;C:\Program Files\Eclipse Adoptium\jdk-21.0.3.9-hotspot\bin;C:\Program Files\java\jdk-17\bin;C:\Program Files\Microsoft MPI\Bin\;C:\apache-maven-3.9.6\bin;C:\Program Files\Common Files\Oracle\Java\javapath;C:\Program Files\Eclipse Foundation\jdk-8.0.302.8-hotspot\bin;C:\WINDOWS\system32;C:\WINDOWS;C:\WINDOWS\System32\Wbem;C:\WINDOWS\System32\WindowsPowerShell\v1.0\;C:\WINDOWS\System32\OpenSSH\;C:\Program Files\Azure Data Studio\bin;C:\Program Files\Microsoft SQL Server\Client SDK\ODBC\170\Tools\Binn\;C:\ProgramData\chocolatey\bin;C:\Program Files\Git\cmd;C:\Program Files\PuTTY\;C:\Program Files\Eclipse Adoptium\jdk-21.0.3.9-hotspot\\bin;C:\Program Files\SAP\SAP Business One DI API\JCO\LIB\;C:\Program Files\SAP\SAP Business One DI API\DI API 90;C:\Program Files\SAP\SAP Business One\;C:\Program Files (x86)\SAP\SAP Business One DI API\JCO\LIB\;C:\Program Files (x86)\SAP\SAP Business One DI API\DI API 90;C:\Program Files (x86)\SAP\SAP Business One\;C:\Program Files\Docker\Docker\resources\bin;C:\Program Files (x86)\Microsoft SQL Server\160\Tools\Binn\;C:\Program Files\Microsoft SQL Server\160\Tools\Binn\;C:\Program Files\Microsoft SQL Server\160\DTS\Binn\;C:\Program Files (x86)\Microsoft SQL Server\160\DTS\Binn\;C:\Program Files\Microsoft SQL Server\130\Tools\Binn\;C:\Program Files (x86)\Microsoft SQL Server\150\Tools\Binn\;C:\Program Files\Microsoft SQL Server\150\Tools\Binn\;C:\Program Files\Microsoft SQL Server\150\DTS\Binn\;C:\xampp\php;C:\Program Files\nodejs\;C:\Users\Fernanda Jama\AppData\Local\Microsoft\WindowsApps;C:\Program Files\Azure Data Studio\bin;C:\Users\Fernanda Jama\AppData\Local\GitHubDesktop\bin;C:\Program Files\java\jdk-17\bin;C:\Program Files\JetBrains\IntelliJ IDEA 2024.1\bin;;C:\Program Files\JetBrains\IntelliJ IDEA Community Edition 2023.2.5\bin;;C:\Users\Fernanda Jama\AppData\Local\Programs\Microsoft VS Code\bin;C:\Program Files\JetBrains\DataGrip 2024.2.1\bin;;C:\xampp\php;C:\Program Files\vtex\bin;C:\Users
USERNAME=Fernanda Jama
LANG=en_US.UTF-8
OS=Windows_NT
PROCESSOR_IDENTIFIER=Intel64 Family 6 Model 140 Stepping 1, GenuineIntel



---------------  S Y S T E M  ---------------

OS:
 Windows 11 , 64 bit Build 26100 (10.0.26100.2454)
OS uptime: 0 days 5:35 hours
Hyper-V role detected

CPU: total 8 (initial active 8) (4 cores per cpu, 2 threads per core) family 6 model 140 stepping 1 microcode 0xb8, cx8, cmov, fxsr, ht, mmx, 3dnowpref, sse, sse2, sse3, ssse3, sse4.1, sse4.2, popcnt, lzcnt, tsc, tscinvbit, avx, avx2, aes, erms, clmul, bmi1, bmi2, adx, avx512f, avx512dq, avx512cd, avx512bw, avx512vl, sha, fma, vzeroupper, avx512_vpopcntdq, avx512_vpclmulqdq, avx512_vaes, avx512_vnni, clflush, clflushopt, clwb, avx512_vbmi2, avx512_vbmi, hv

Memory: 4k page, system-wide physical 32494M (264M free)
TotalPageFile size 93435M (AvailPageFile size 33M)
current process WorkingSet (physical memory assigned to process): 104M, peak: 245M
current process commit charge ("private bytes"): 334M, peak: 686M

vm_info: Java HotSpot(TM) 64-Bit Server VM (17.0.9+11-LTS-201) for windows-amd64 JRE (17.0.9+11-LTS-201), built on Oct 10 2023 23:16:06 by "mach5one" with MS VC++ 17.1 (VS2022)

END.
