#
# There is insufficient memory for the Java Runtime Environment to continue.
# Native memory allocation (malloc) failed to allocate 1100368 bytes for Chunk::new
# Possible reasons:
#   The system is out of physical RAM or swap space
#   The process is running with CompressedOops enabled, and the Java Heap may be blocking the growth of the native heap
# Possible solutions:
#   Reduce memory load on the system
#   Increase physical memory or swap space
#   Check if swap backing store is full
#   Decrease Java heap size (-Xmx/-Xms)
#   Decrease number of Java threads
#   Decrease Java thread stack sizes (-Xss)
#   Set larger code cache with -XX:ReservedCodeCacheSize=
#   JVM is running with Zero Based Compressed Oops mode in which the Java heap is
#     placed in the first 32GB address space. The Java Heap base address is the
#     maximum limit for the native heap growth. Please use -XX:HeapBaseMinAddress
#     to set the Java Heap base and to place the Java Heap above 32GB virtual address.
# This output file may be truncated or incomplete.
#
#  Out of Memory Error (arena.cpp:189), pid=21220, tid=19596
#
# JRE version: Java(TM) SE Runtime Environment (17.0.9+11) (build 17.0.9+11-LTS-201)
# Java VM: Java HotSpot(TM) 64-Bit Server VM (17.0.9+11-LTS-201, mixed mode, sharing, tiered, compressed oops, compressed class ptrs, g1 gc, windows-amd64)
# No core dump will be written. Minidumps are not enabled by default on client versions of Windows
#

---------------  S U M M A R Y ------------

Command Line: -XX:+ShowCodeDetailsInExceptionMessages com.manamer.backend.business.sellout.SelloutApplication

Host: 11th Gen Intel(R) Core(TM) i7-1165G7 @ 2.80GHz, 8 cores, 31G,  Windows 11 , 64 bit Build 26100 (10.0.26100.2161)
Time: Wed Nov 27 11:49:56 2024 Hora est. Pacífico, Sudamérica elapsed time: 74340.681793 seconds (0d 20h 39m 0s)

---------------  T H R E A D  ---------------

Current thread (0x0000027558c4eed0):  JavaThread "C2 CompilerThread0" daemon [_thread_in_native, id=19596, stack(0x0000008b2e500000,0x0000008b2e600000)]


Current CompileTask:
C2:74340682 15446 %     4       com.sun.crypto.provider.TlsPrfGenerator::expand @ 3 (255 bytes)

Stack: [0x0000008b2e500000,0x0000008b2e600000]
Native frames: (J=compiled Java code, j=interpreted, Vv=VM code, C=native code)
V  [jvm.dll+0x678a4a]
V  [jvm.dll+0x7d9cfd]
V  [jvm.dll+0x7db60e]
V  [jvm.dll+0x7dbc73]
V  [jvm.dll+0x245e1f]
V  [jvm.dll+0xaaafb]
V  [jvm.dll+0xab09c]
V  [jvm.dll+0x36237e]
V  [jvm.dll+0x1bbb3a]
V  [jvm.dll+0x218287]
V  [jvm.dll+0x217561]
V  [jvm.dll+0x1a3bc0]
V  [jvm.dll+0x2272de]
V  [jvm.dll+0x22548b]
V  [jvm.dll+0x78f58c]
V  [jvm.dll+0x78998a]
V  [jvm.dll+0x677875]
C  [ucrtbase.dll+0x14ea0]
C  [KERNEL32.DLL+0x2dbe7]
C  [ntdll.dll+0xdfbec]


---------------  P R O C E S S  ---------------

Threads class SMR info:
_java_thread_list=0x00000275a4e60e70, length=40, elements={
0x0000027558c2eca0, 0x0000027558c2f860, 0x0000027558c49c40, 0x0000027558c4c520,
0x0000027558c4d000, 0x0000027558c4e1e0, 0x0000027558c4eed0, 0x0000027558c51990,
0x0000027558c5e130, 0x000002755b73f260, 0x000002755b63fea0, 0x00000275a627cc00,
0x00000275a62761b0, 0x00000275a6279e70, 0x00000275a62766c0, 0x00000275a627d620,
0x00000275a627c6f0, 0x00000275a627a380, 0x00000275a627b7c0, 0x00000275a627b2b0,
0x00000275a627db30, 0x00000275a627a890, 0x00000275a627ada0, 0x00000275a7978aa0,
0x00000275a7978590, 0x00000275a7978fb0, 0x00000275a79794c0, 0x00000275a7978080,
0x00000275a797a3f0, 0x00000275a7977150, 0x00000275a7977660, 0x00000275a7977b70,
0x00000275a44a3bf0, 0x00000275a44a2cc0, 0x00000275a44a31d0, 0x00000275a6276bd0,
0x00000275a627c1e0, 0x00000275a627d110, 0x00000275a7b68940, 0x00000275a7b660c0
}

Java Threads: ( => current thread )
  0x0000027558c2eca0 JavaThread "Reference Handler" daemon [_thread_blocked, id=23744, stack(0x0000008b2df00000,0x0000008b2e000000)]
  0x0000027558c2f860 JavaThread "Finalizer" daemon [_thread_blocked, id=24132, stack(0x0000008b2e000000,0x0000008b2e100000)]
  0x0000027558c49c40 JavaThread "Signal Dispatcher" daemon [_thread_blocked, id=3752, stack(0x0000008b2e100000,0x0000008b2e200000)]
  0x0000027558c4c520 JavaThread "Attach Listener" daemon [_thread_blocked, id=1148, stack(0x0000008b2e200000,0x0000008b2e300000)]
  0x0000027558c4d000 JavaThread "Service Thread" daemon [_thread_blocked, id=11800, stack(0x0000008b2e300000,0x0000008b2e400000)]
  0x0000027558c4e1e0 JavaThread "Monitor Deflation Thread" daemon [_thread_blocked, id=23992, stack(0x0000008b2e400000,0x0000008b2e500000)]
=>0x0000027558c4eed0 JavaThread "C2 CompilerThread0" daemon [_thread_in_native, id=19596, stack(0x0000008b2e500000,0x0000008b2e600000)]
  0x0000027558c51990 JavaThread "C1 CompilerThread0" daemon [_thread_blocked, id=12140, stack(0x0000008b2e600000,0x0000008b2e700000)]
  0x0000027558c5e130 JavaThread "Sweeper thread" daemon [_thread_blocked, id=18080, stack(0x0000008b2e700000,0x0000008b2e800000)]
  0x000002755b73f260 JavaThread "Notification Thread" daemon [_thread_blocked, id=9140, stack(0x0000008b2e800000,0x0000008b2e900000)]
  0x000002755b63fea0 JavaThread "Common-Cleaner" daemon [_thread_blocked, id=2752, stack(0x0000008b2ea00000,0x0000008b2eb00000)]
  0x00000275a627cc00 JavaThread "DestroyJavaVM" [_thread_blocked, id=23232, stack(0x0000008b2d800000,0x0000008b2d900000)]
  0x00000275a62761b0 JavaThread "Catalina-utility-1" [_thread_blocked, id=12980, stack(0x0000008b2f500000,0x0000008b2f600000)]
  0x00000275a6279e70 JavaThread "Catalina-utility-2" [_thread_blocked, id=21104, stack(0x0000008b2f700000,0x0000008b2f800000)]
  0x00000275a62766c0 JavaThread "container-0" [_thread_blocked, id=7996, stack(0x0000008b2f800000,0x0000008b2f900000)]
  0x00000275a627d620 JavaThread "HikariPool-3 housekeeper" daemon [_thread_blocked, id=22584, stack(0x0000008b2fa00000,0x0000008b2fb00000)]
  0x00000275a627c6f0 JavaThread "spring.cloud.inetutils" daemon [_thread_blocked, id=7396, stack(0x0000008b2fc00000,0x0000008b2fd00000)]
  0x00000275a627a380 JavaThread "File Watcher" daemon [_thread_blocked, id=10932, stack(0x0000008b2f300000,0x0000008b2f400000)]
  0x00000275a627b7c0 JavaThread "AsyncResolver-bootstrap-0" daemon [_thread_blocked, id=8380, stack(0x0000008b2fb00000,0x0000008b2fc00000)]
  0x00000275a627b2b0 JavaThread "idle-connection-evictor-1" daemon [_thread_blocked, id=2272, stack(0x0000008b2fd00000,0x0000008b2fe00000)]
  0x00000275a627db30 JavaThread "DiscoveryClient-0" daemon [_thread_blocked, id=16640, stack(0x0000008b2ff00000,0x0000008b30000000)]
  0x00000275a627a890 JavaThread "DiscoveryClient-1" daemon [_thread_blocked, id=13568, stack(0x0000008b30000000,0x0000008b30100000)]
  0x00000275a627ada0 JavaThread "DiscoveryClient-InstanceInfoReplicator-0" daemon [_thread_blocked, id=13812, stack(0x0000008b30100000,0x0000008b30200000)]
  0x00000275a7978aa0 JavaThread "http-nio-8082-exec-1" daemon [_thread_blocked, id=5576, stack(0x0000008b30200000,0x0000008b30300000)]
  0x00000275a7978590 JavaThread "http-nio-8082-exec-2" daemon [_thread_blocked, id=24060, stack(0x0000008b30300000,0x0000008b30400000)]
  0x00000275a7978fb0 JavaThread "http-nio-8082-exec-3" daemon [_thread_blocked, id=12436, stack(0x0000008b30400000,0x0000008b30500000)]
  0x00000275a79794c0 JavaThread "http-nio-8082-exec-4" daemon [_thread_blocked, id=17988, stack(0x0000008b30500000,0x0000008b30600000)]
  0x00000275a7978080 JavaThread "http-nio-8082-exec-5" daemon [_thread_blocked, id=11272, stack(0x0000008b30600000,0x0000008b30700000)]
  0x00000275a797a3f0 JavaThread "http-nio-8082-exec-6" daemon [_thread_blocked, id=24548, stack(0x0000008b30700000,0x0000008b30800000)]
  0x00000275a7977150 JavaThread "http-nio-8082-exec-7" daemon [_thread_blocked, id=10144, stack(0x0000008b30800000,0x0000008b30900000)]
  0x00000275a7977660 JavaThread "http-nio-8082-exec-8" daemon [_thread_blocked, id=23588, stack(0x0000008b30900000,0x0000008b30a00000)]
  0x00000275a7977b70 JavaThread "http-nio-8082-exec-9" daemon [_thread_blocked, id=16828, stack(0x0000008b30a00000,0x0000008b30b00000)]
  0x00000275a44a3bf0 JavaThread "http-nio-8082-exec-10" daemon [_thread_blocked, id=7756, stack(0x0000008b30b00000,0x0000008b30c00000)]
  0x00000275a44a2cc0 JavaThread "http-nio-8082-Poller" daemon [_thread_in_native, id=12292, stack(0x0000008b30c00000,0x0000008b30d00000)]
  0x00000275a44a31d0 JavaThread "http-nio-8082-Acceptor" daemon [_thread_in_native, id=24560, stack(0x0000008b30d00000,0x0000008b30e00000)]
  0x00000275a6276bd0 JavaThread "DiscoveryClient-CacheRefreshExecutor-0" daemon [_thread_blocked, id=7424, stack(0x0000008b2f400000,0x0000008b2f500000)]
  0x00000275a627c1e0 JavaThread "DiscoveryClient-HeartbeatExecutor-0" daemon [_thread_blocked, id=22136, stack(0x0000008b2fe00000,0x0000008b2ff00000)]
  0x00000275a627d110 JavaThread "AsyncResolver-bootstrap-executor-0" daemon [_thread_blocked, id=792, stack(0x0000008b2d500000,0x0000008b2d600000)]
  0x00000275a7b68940 JavaThread "HikariPool-3 connection closer" daemon [_thread_blocked, id=6364, stack(0x0000008b2d600000,0x0000008b2d700000)]
  0x00000275a7b660c0 JavaThread "HikariPool-3 connection adder" daemon [_thread_blocked, id=31080, stack(0x0000008b2f900000,0x0000008b2fa00000)]

Other Threads:
  0x0000027558c21540 VMThread "VM Thread" [stack: 0x0000008b2de00000,0x0000008b2df00000] [id=17516]
  0x000002752d1afa30 WatcherThread [stack: 0x0000008b2e900000,0x0000008b2ea00000] [id=21096]
  0x0000027558aa0880 GCTaskThread "GC Thread#0" [stack: 0x0000008b2d900000,0x0000008b2da00000] [id=24264]
  0x00000275a1b92ce0 GCTaskThread "GC Thread#1" [stack: 0x0000008b2ec00000,0x0000008b2ed00000] [id=10216]
  0x00000275a1b92fa0 GCTaskThread "GC Thread#2" [stack: 0x0000008b2ed00000,0x0000008b2ee00000] [id=5856]
  0x00000275a1b93260 GCTaskThread "GC Thread#3" [stack: 0x0000008b2ee00000,0x0000008b2ef00000] [id=5992]
  0x00000275a1b93930 GCTaskThread "GC Thread#4" [stack: 0x0000008b2ef00000,0x0000008b2f000000] [id=16420]
  0x00000275a1700e60 GCTaskThread "GC Thread#5" [stack: 0x0000008b2f000000,0x0000008b2f100000] [id=20512]
  0x00000275a1701120 GCTaskThread "GC Thread#6" [stack: 0x0000008b2f100000,0x0000008b2f200000] [id=5760]
  0x00000275a17013e0 GCTaskThread "GC Thread#7" [stack: 0x0000008b2f200000,0x0000008b2f300000] [id=6760]
  0x000002752d1a55d0 ConcurrentGCThread "G1 Main Marker" [stack: 0x0000008b2da00000,0x0000008b2db00000] [id=5468]
  0x000002752d1a6bc0 ConcurrentGCThread "G1 Conc#0" [stack: 0x0000008b2db00000,0x0000008b2dc00000] [id=14360]
  0x00000275a44a4770 ConcurrentGCThread "G1 Conc#1" [stack: 0x0000008b2f600000,0x0000008b2f700000] [id=24572]
  0x0000027558b66ce0 ConcurrentGCThread "G1 Refine#0" [stack: 0x0000008b2dc00000,0x0000008b2dd00000] [id=11588]
  0x00000275a68617c0 ConcurrentGCThread "G1 Refine#1" [stack: 0x0000008b2d700000,0x0000008b2d800000] [id=23284]
  0x0000027558b675b0 ConcurrentGCThread "G1 Service" [stack: 0x0000008b2dd00000,0x0000008b2de00000] [id=14044]

Threads with active compile tasks:
C2 CompilerThread0  74340716 15446 %     4       com.sun.crypto.provider.TlsPrfGenerator::expand @ 3 (255 bytes)

VM state: not at safepoint (normal execution)

VM Mutex/Monitor currently owned by a thread: None

Heap address: 0x0000000604400000, size: 8124 MB, Compressed Oops mode: Zero based, Oop shift amount: 3

CDS archive(s) mapped at: [0x000002755c000000-0x000002755cbd0000-0x000002755cbd0000), size 12386304, SharedBaseAddress: 0x000002755c000000, ArchiveRelocationMode: 1.
Compressed class space mapped at: 0x000002755d000000-0x000002759d000000, reserved size: 1073741824
Narrow klass base: 0x000002755c000000, Narrow klass shift: 0, Narrow klass range: 0x100000000

GC Precious Log:
 CPUs: 8 total, 8 available
 Memory: 32494M
 Large Page Support: Disabled
 NUMA Support: Disabled
 Compressed Oops: Enabled (Zero based)
 Heap Region Size: 4M
 Heap Min Capacity: 8M
 Heap Initial Capacity: 508M
 Heap Max Capacity: 8124M
 Pre-touch: Disabled
 Parallel Workers: 8
 Concurrent Workers: 2
 Concurrent Refinement Workers: 8
 Periodic GC: Disabled

Heap:
 garbage-first heap   total 151552K, used 104316K [0x0000000604400000, 0x0000000800000000)
  region size 4096K, 12 young (49152K), 1 survivors (4096K)
 Metaspace       used 90653K, committed 91328K, reserved 1179648K
  class space    used 11644K, committed 11968K, reserved 1048576K

Heap Regions: E=young(eden), S=young(survivor), O=old, HS=humongous(starts), HC=humongous(continues), CS=collection set, F=free, OA=open archive, CA=closed archive, TAMS=top-at-mark-start (previous, next)
|   0|0x0000000604400000, 0x0000000604800000, 0x0000000604800000|100%| O|  |TAMS 0x0000000604800000, 0x0000000604400000| Untracked 
|   1|0x0000000604800000, 0x0000000604c00000, 0x0000000604c00000|100%| O|  |TAMS 0x0000000604c00000, 0x0000000604800000| Untracked 
|   2|0x0000000604c00000, 0x0000000604ff19f8, 0x0000000605000000| 98%| O|  |TAMS 0x0000000604ff19f8, 0x0000000604c00000| Untracked 
|   3|0x0000000605000000, 0x00000006053fffd0, 0x0000000605400000| 99%| O|  |TAMS 0x00000006053fffd0, 0x0000000605000000| Untracked 
|   4|0x0000000605400000, 0x00000006057ffff8, 0x0000000605800000| 99%| O|  |TAMS 0x00000006057ffff8, 0x0000000605400000| Untracked 
|   5|0x0000000605800000, 0x0000000605bfffa0, 0x0000000605c00000| 99%| O|  |TAMS 0x0000000605bfffa0, 0x0000000605800000| Untracked 
|   6|0x0000000605c00000, 0x0000000605fffff0, 0x0000000606000000| 99%| O|  |TAMS 0x0000000605c00000, 0x0000000605c00000| Untracked 
|   7|0x0000000606000000, 0x00000006063fffc8, 0x0000000606400000| 99%| O|  |TAMS 0x00000006063fffc8, 0x0000000606000000| Untracked 
|   8|0x0000000606400000, 0x00000006067fffe8, 0x0000000606800000| 99%| O|  |TAMS 0x00000006067fffe8, 0x0000000606400000| Untracked 
|   9|0x0000000606800000, 0x0000000606bffff8, 0x0000000606c00000| 99%| O|  |TAMS 0x0000000606bffff8, 0x0000000606800000| Untracked 
|  10|0x0000000606c00000, 0x0000000606fff6f8, 0x0000000607000000| 99%| O|  |TAMS 0x0000000606c00000, 0x0000000606c00000| Untracked 
|  11|0x0000000607000000, 0x00000006071e63a8, 0x0000000607400000| 47%| O|  |TAMS 0x0000000607000000, 0x0000000607000000| Untracked 
|  12|0x0000000607400000, 0x0000000607665c90, 0x0000000607800000| 59%| O|  |TAMS 0x0000000607400000, 0x0000000607400000| Untracked 
|  13|0x0000000607800000, 0x0000000607c00000, 0x0000000607c00000|100%| O|  |TAMS 0x0000000607800000, 0x0000000607800000| Untracked 
|  14|0x0000000607c00000, 0x0000000608000000, 0x0000000608000000|100%| O|  |TAMS 0x0000000607c00000, 0x0000000607c00000| Untracked 
|  15|0x0000000608000000, 0x000000060830fa00, 0x0000000608400000| 76%| O|  |TAMS 0x0000000608000000, 0x0000000608000000| Untracked 
|  16|0x0000000608400000, 0x0000000608400000, 0x0000000608800000|  0%| F|  |TAMS 0x0000000608400000, 0x0000000608400000| Untracked 
|  17|0x0000000608800000, 0x0000000608800000, 0x0000000608c00000|  0%| F|  |TAMS 0x0000000608800000, 0x0000000608800000| Untracked 
|  18|0x0000000608c00000, 0x0000000608c00000, 0x0000000609000000|  0%| F|  |TAMS 0x0000000608c00000, 0x0000000608c00000| Untracked 
|  19|0x0000000609000000, 0x0000000609000000, 0x0000000609400000|  0%| F|  |TAMS 0x0000000609000000, 0x0000000609000000| Untracked 
|  20|0x0000000609400000, 0x0000000609400000, 0x0000000609800000|  0%| F|  |TAMS 0x0000000609400000, 0x0000000609400000| Untracked 
|  21|0x0000000609800000, 0x0000000609a92980, 0x0000000609c00000| 64%| S|CS|TAMS 0x0000000609800000, 0x0000000609800000| Complete 
|  22|0x0000000609c00000, 0x0000000609c00000, 0x000000060a000000|  0%| F|  |TAMS 0x0000000609c00000, 0x0000000609c00000| Untracked 
|  23|0x000000060a000000, 0x000000060a000000, 0x000000060a400000|  0%| F|  |TAMS 0x000000060a000000, 0x000000060a000000| Untracked 
|  24|0x000000060a400000, 0x000000060a400000, 0x000000060a800000|  0%| F|  |TAMS 0x000000060a400000, 0x000000060a400000| Untracked 
|  25|0x000000060a800000, 0x000000060a800000, 0x000000060ac00000|  0%| F|  |TAMS 0x000000060a800000, 0x000000060a800000| Untracked 
|  26|0x000000060ac00000, 0x000000060af48528, 0x000000060b000000| 82%| E|  |TAMS 0x000000060ac00000, 0x000000060ac00000| Complete 
|  27|0x000000060b000000, 0x000000060b400000, 0x000000060b400000|100%| E|CS|TAMS 0x000000060b000000, 0x000000060b000000| Complete 
|  28|0x000000060b400000, 0x000000060b800000, 0x000000060b800000|100%| E|CS|TAMS 0x000000060b400000, 0x000000060b400000| Complete 
|  29|0x000000060b800000, 0x000000060bc00000, 0x000000060bc00000|100%| E|CS|TAMS 0x000000060b800000, 0x000000060b800000| Complete 
|  30|0x000000060bc00000, 0x000000060c000000, 0x000000060c000000|100%| E|CS|TAMS 0x000000060bc00000, 0x000000060bc00000| Complete 
|  31|0x000000060c000000, 0x000000060c400000, 0x000000060c400000|100%| E|CS|TAMS 0x000000060c000000, 0x000000060c000000| Complete 
|  32|0x000000060c400000, 0x000000060c800000, 0x000000060c800000|100%| E|CS|TAMS 0x000000060c400000, 0x000000060c400000| Complete 
|  33|0x000000060c800000, 0x000000060cc00000, 0x000000060cc00000|100%| E|CS|TAMS 0x000000060c800000, 0x000000060c800000| Complete 
|  34|0x000000060cc00000, 0x000000060d000000, 0x000000060d000000|100%| E|CS|TAMS 0x000000060cc00000, 0x000000060cc00000| Complete 
|  35|0x000000060d000000, 0x000000060d400000, 0x000000060d400000|100%| E|CS|TAMS 0x000000060d000000, 0x000000060d000000| Complete 
| 126|0x0000000623c00000, 0x0000000624000000, 0x0000000624000000|100%| E|CS|TAMS 0x0000000623c00000, 0x0000000623c00000| Complete 

Card table byte_map: [0x0000027546cc0000,0x0000027547ca0000] _byte_map_base: 0x0000027543c9e000

Marking Bits (Prev, Next): (CMBitMap*) 0x000002752d194ed0, (CMBitMap*) 0x000002752d194f10
 Prev Bits: [0x0000027548c80000, 0x0000027550b70000)
 Next Bits: [0x0000027550b70000, 0x0000027558a60000)

Polling page: 0x000002752d1d0000

Metaspace:

Usage:
  Non-class:     77.16 MB used.
      Class:     11.37 MB used.
       Both:     88.53 MB used.

Virtual space:
  Non-class space:      128.00 MB reserved,      77.50 MB ( 61%) committed,  2 nodes.
      Class space:        1.00 GB reserved,      11.69 MB (  1%) committed,  1 nodes.
             Both:        1.12 GB reserved,      89.19 MB (  8%) committed. 

Chunk freelists:
   Non-Class:  2.06 MB
       Class:  4.19 MB
        Both:  6.25 MB

MaxMetaspaceSize: unlimited
CompressedClassSpaceSize: 1.00 GB
Initial GC threshold: 21.00 MB
Current GC threshold: 142.62 MB
CDS: on
MetaspaceReclaimPolicy: balanced
 - commit_granule_bytes: 65536.
 - commit_granule_words: 8192.
 - virtual_space_node_default_size: 8388608.
 - enlarge_chunks_in_place: 1.
 - new_chunks_are_fully_committed: 0.
 - uncommit_free_chunks: 1.
 - use_allocation_guard: 0.
 - handle_deallocations: 1.


Internal statistics:

num_allocs_failed_limit: 12.
num_arena_births: 1020.
num_arena_deaths: 0.
num_vsnodes_births: 3.
num_vsnodes_deaths: 0.
num_space_committed: 1427.
num_space_uncommitted: 0.
num_chunks_returned_to_freelist: 12.
num_chunks_taken_from_freelist: 4395.
num_chunk_merges: 9.
num_chunk_splits: 3084.
num_chunks_enlarged: 2299.
num_inconsistent_stats: 0.

CodeHeap 'non-profiled nmethods': size=120000Kb used=11401Kb max_used=11401Kb free=108599Kb
 bounds [0x000002753de40000, 0x000002753e970000, 0x0000027545370000]
CodeHeap 'profiled nmethods': size=120000Kb used=26104Kb max_used=26104Kb free=93895Kb
 bounds [0x0000027536370000, 0x0000027537cf0000, 0x000002753d8a0000]
CodeHeap 'non-nmethods': size=5760Kb used=1420Kb max_used=1512Kb free=4339Kb
 bounds [0x000002753d8a0000, 0x000002753db10000, 0x000002753de40000]
 total_blobs=13493 nmethods=12751 adapters=653
 compilation: enabled
              stopped_count=0, restarted_count=0
 full_count=0

Compilation events (20 events):
Event: 74317.674 Thread 0x0000027558c51990 nmethod 15436 0x0000027537cead10 code [0x0000027537ceaee0, 0x0000027537ceb288]
Event: 74317.674 Thread 0x0000027558c51990 15437       3       java.util.concurrent.AbstractExecutorService::newTaskFor (9 bytes)
Event: 74317.676 Thread 0x0000027558c51990 nmethod 15437 0x0000027537ceb390 code [0x0000027537ceb560, 0x0000027537ceb908]
Event: 74317.698 Thread 0x0000027558c51990 15438       3       java.math.BigInteger::stripLeadingZeroInts (29 bytes)
Event: 74317.699 Thread 0x0000027558c51990 nmethod 15438 0x0000027537ceba90 code [0x0000027537cebc40, 0x0000027537cebe48]
Event: 74317.712 Thread 0x0000027558c4eed0 15439 %     4       com.sun.crypto.provider.AESCrypt::makeSessionKey @ 629 (899 bytes)
Event: 74317.759 Thread 0x0000027558c4eed0 nmethod 15439% 0x000002753e960390 code [0x000002753e960580, 0x000002753e9618d8]
Event: 74328.257 Thread 0x0000027558c51990 15440       3       java.util.Formatter$Flags::contains (22 bytes)
Event: 74328.258 Thread 0x0000027558c51990 nmethod 15440 0x0000027537cebf90 code [0x0000027537cec120, 0x0000027537cec2b8]
Event: 74328.270 Thread 0x0000027558c51990 15441       3       sun.security.jca.ProviderList$3::size (9 bytes)
Event: 74328.271 Thread 0x0000027558c51990 nmethod 15441 0x0000027537cec390 code [0x0000027537cec520, 0x0000027537cec638]
Event: 74339.554 Thread 0x0000027558c51990 15442       3       sun.security.jca.ProviderList$3::get (6 bytes)
Event: 74339.555 Thread 0x0000027558c51990 nmethod 15442 0x0000027537cec710 code [0x0000027537cec8e0, 0x0000027537cecba8]
Event: 74339.555 Thread 0x0000027558c51990 15443       3       sun.security.jca.ProviderList$3::get (9 bytes)
Event: 74339.555 Thread 0x0000027558c51990 nmethod 15443 0x0000027537cecd10 code [0x0000027537cecec0, 0x0000027537ced128]
Event: 74339.581 Thread 0x0000027558c51990 15444       3       java.security.KeyFactory::getInstance (16 bytes)
Event: 74339.582 Thread 0x0000027558c51990 nmethod 15444 0x0000027537ced290 code [0x0000027537ced460, 0x0000027537ced758]
Event: 74339.582 Thread 0x0000027558c51990 15445       3       java.security.KeyFactory::<init> (73 bytes)
Event: 74339.582 Thread 0x0000027558c51990 nmethod 15445 0x0000027537ced890 code [0x0000027537cedb60, 0x0000027537cee938]
Event: 74339.587 Thread 0x0000027558c4eed0 15446 %     4       com.sun.crypto.provider.TlsPrfGenerator::expand @ 3 (255 bytes)

GC Heap History (20 events):
Event: 4146.165 GC heap before
{Heap before GC invocations=31 (full 2):
 garbage-first heap   total 151552K, used 119965K [0x0000000604400000, 0x0000000800000000)
  region size 4096K, 15 young (61440K), 1 survivors (4096K)
 Metaspace       used 89063K, committed 89792K, reserved 1179648K
  class space    used 11627K, committed 11968K, reserved 1048576K
}
Event: 4146.186 GC heap after
{Heap after GC invocations=32 (full 2):
 garbage-first heap   total 151552K, used 63570K [0x0000000604400000, 0x0000000800000000)
  region size 4096K, 2 young (8192K), 2 survivors (8192K)
 Metaspace       used 89063K, committed 89792K, reserved 1179648K
  class space    used 11627K, committed 11968K, reserved 1048576K
}
Event: 5928.250 GC heap before
{Heap before GC invocations=32 (full 2):
 garbage-first heap   total 151552K, used 116818K [0x0000000604400000, 0x0000000800000000)
  region size 4096K, 15 young (61440K), 2 survivors (8192K)
 Metaspace       used 89329K, committed 90048K, reserved 1179648K
  class space    used 11628K, committed 11968K, reserved 1048576K
}
Event: 5928.265 GC heap after
{Heap after GC invocations=33 (full 2):
 garbage-first heap   total 151552K, used 63631K [0x0000000604400000, 0x0000000800000000)
  region size 4096K, 2 young (8192K), 2 survivors (8192K)
 Metaspace       used 89329K, committed 90048K, reserved 1179648K
  class space    used 11628K, committed 11968K, reserved 1048576K
}
Event: 62360.556 GC heap before
{Heap before GC invocations=33 (full 2):
 garbage-first heap   total 151552K, used 116879K [0x0000000604400000, 0x0000000800000000)
  region size 4096K, 15 young (61440K), 2 survivors (8192K)
 Metaspace       used 89703K, committed 90432K, reserved 1179648K
  class space    used 11641K, committed 11968K, reserved 1048576K
}
Event: 62360.565 GC heap after
{Heap after GC invocations=34 (full 2):
 garbage-first heap   total 151552K, used 63604K [0x0000000604400000, 0x0000000800000000)
  region size 4096K, 2 young (8192K), 2 survivors (8192K)
 Metaspace       used 89703K, committed 90432K, reserved 1179648K
  class space    used 11641K, committed 11968K, reserved 1048576K
}
Event: 63625.965 GC heap before
{Heap before GC invocations=34 (full 2):
 garbage-first heap   total 151552K, used 112756K [0x0000000604400000, 0x0000000800000000)
  region size 4096K, 15 young (61440K), 2 survivors (8192K)
 Metaspace       used 90083K, committed 90752K, reserved 1179648K
  class space    used 11642K, committed 11968K, reserved 1048576K
}
Event: 63625.976 GC heap after
{Heap after GC invocations=35 (full 2):
 garbage-first heap   total 151552K, used 64034K [0x0000000604400000, 0x0000000800000000)
  region size 4096K, 2 young (8192K), 2 survivors (8192K)
 Metaspace       used 90083K, committed 90752K, reserved 1179648K
  class space    used 11642K, committed 11968K, reserved 1048576K
}
Event: 63654.071 GC heap before
{Heap before GC invocations=35 (full 2):
 garbage-first heap   total 151552K, used 117282K [0x0000000604400000, 0x0000000800000000)
  region size 4096K, 15 young (61440K), 2 survivors (8192K)
 Metaspace       used 90098K, committed 90752K, reserved 1179648K
  class space    used 11642K, committed 11968K, reserved 1048576K
}
Event: 63654.089 GC heap after
{Heap after GC invocations=36 (full 2):
 garbage-first heap   total 151552K, used 62434K [0x0000000604400000, 0x0000000800000000)
  region size 4096K, 1 young (4096K), 1 survivors (4096K)
 Metaspace       used 90098K, committed 90752K, reserved 1179648K
  class space    used 11642K, committed 11968K, reserved 1048576K
}
Event: 65346.291 GC heap before
{Heap before GC invocations=36 (full 2):
 garbage-first heap   total 151552K, used 119778K [0x0000000604400000, 0x0000000800000000)
  region size 4096K, 15 young (61440K), 1 survivors (4096K)
 Metaspace       used 90242K, committed 90944K, reserved 1179648K
  class space    used 11643K, committed 11968K, reserved 1048576K
}
Event: 65346.305 GC heap after
{Heap after GC invocations=37 (full 2):
 garbage-first heap   total 151552K, used 63127K [0x0000000604400000, 0x0000000800000000)
  region size 4096K, 1 young (4096K), 1 survivors (4096K)
 Metaspace       used 90242K, committed 90944K, reserved 1179648K
  class space    used 11643K, committed 11968K, reserved 1048576K
}
Event: 67216.043 GC heap before
{Heap before GC invocations=37 (full 2):
 garbage-first heap   total 151552K, used 120471K [0x0000000604400000, 0x0000000800000000)
  region size 4096K, 15 young (61440K), 1 survivors (4096K)
 Metaspace       used 90384K, committed 91072K, reserved 1179648K
  class space    used 11643K, committed 11968K, reserved 1048576K
}
Event: 67216.062 GC heap after
{Heap after GC invocations=38 (full 2):
 garbage-first heap   total 151552K, used 63838K [0x0000000604400000, 0x0000000800000000)
  region size 4096K, 1 young (4096K), 1 survivors (4096K)
 Metaspace       used 90384K, committed 91072K, reserved 1179648K
  class space    used 11643K, committed 11968K, reserved 1048576K
}
Event: 69092.881 GC heap before
{Heap before GC invocations=38 (full 2):
 garbage-first heap   total 151552K, used 121182K [0x0000000604400000, 0x0000000800000000)
  region size 4096K, 15 young (61440K), 1 survivors (4096K)
 Metaspace       used 90439K, committed 91136K, reserved 1179648K
  class space    used 11644K, committed 11968K, reserved 1048576K
}
Event: 69092.900 GC heap after
{Heap after GC invocations=39 (full 2):
 garbage-first heap   total 151552K, used 63662K [0x0000000604400000, 0x0000000800000000)
  region size 4096K, 1 young (4096K), 1 survivors (4096K)
 Metaspace       used 90439K, committed 91136K, reserved 1179648K
  class space    used 11644K, committed 11968K, reserved 1048576K
}
Event: 70972.446 GC heap before
{Heap before GC invocations=39 (full 2):
 garbage-first heap   total 151552K, used 121006K [0x0000000604400000, 0x0000000800000000)
  region size 4096K, 15 young (61440K), 1 survivors (4096K)
 Metaspace       used 90558K, committed 91200K, reserved 1179648K
  class space    used 11644K, committed 11968K, reserved 1048576K
}
Event: 70972.476 GC heap after
{Heap after GC invocations=40 (full 2):
 garbage-first heap   total 151552K, used 63498K [0x0000000604400000, 0x0000000800000000)
  region size 4096K, 1 young (4096K), 1 survivors (4096K)
 Metaspace       used 90558K, committed 91200K, reserved 1179648K
  class space    used 11644K, committed 11968K, reserved 1048576K
}
Event: 72922.025 GC heap before
{Heap before GC invocations=40 (full 2):
 garbage-first heap   total 151552K, used 120842K [0x0000000604400000, 0x0000000800000000)
  region size 4096K, 15 young (61440K), 1 survivors (4096K)
 Metaspace       used 90607K, committed 91328K, reserved 1179648K
  class space    used 11644K, committed 11968K, reserved 1048576K
}
Event: 72922.044 GC heap after
{Heap after GC invocations=41 (full 2):
 garbage-first heap   total 151552K, used 63356K [0x0000000604400000, 0x0000000800000000)
  region size 4096K, 1 young (4096K), 1 survivors (4096K)
 Metaspace       used 90607K, committed 91328K, reserved 1179648K
  class space    used 11644K, committed 11968K, reserved 1048576K
}

Deoptimization events (20 events):
Event: 63735.989 Thread 0x00000275a627c1e0 Uncommon trap: trap_request=0xffffff45 fr.pc=0x000002753e83e9bc relative=0x0000000000004adc
Event: 63735.989 Thread 0x00000275a627c1e0 Uncommon trap: reason=unstable_if action=reinterpret pc=0x000002753e83e9bc method=java.net.InetSocketAddress$InetSocketAddressHolder.getHostString()Ljava/lang/String; @ 29 c2
Event: 63735.989 Thread 0x00000275a627c1e0 DEOPT PACKING pc=0x000002753e83e9bc sp=0x0000008b2fefc930
Event: 63735.989 Thread 0x00000275a627c1e0 DEOPT UNPACKING pc=0x000002753d8f5ba3 sp=0x0000008b2fefc848 mode 2
Event: 63886.114 Thread 0x00000275a6276bd0 Uncommon trap: trap_request=0xffffff45 fr.pc=0x000002753e845650 relative=0x00000000000004b0
Event: 63886.114 Thread 0x00000275a6276bd0 Uncommon trap: reason=unstable_if action=reinterpret pc=0x000002753e845650 method=java.net.InetSocketAddress$InetSocketAddressHolder.getHostString()Ljava/lang/String; @ 29 c2
Event: 63886.114 Thread 0x00000275a6276bd0 DEOPT PACKING pc=0x000002753e845650 sp=0x0000008b2f4fc450
Event: 63886.114 Thread 0x00000275a6276bd0 DEOPT UNPACKING pc=0x000002753d8f5ba3 sp=0x0000008b2f4fc418 mode 2
Event: 74233.792 Thread 0x00000275a627a380 Uncommon trap: trap_request=0xffffff45 fr.pc=0x000002753e71d548 relative=0x0000000000002768
Event: 74233.793 Thread 0x00000275a627a380 Uncommon trap: reason=unstable_if action=reinterpret pc=0x000002753e71d548 method=org.springframework.boot.devtools.filewatch.DirectorySnapshot.collectFiles(Ljava/io/File;Ljava/util/Set;)V @ 73 c2
Event: 74233.794 Thread 0x00000275a627a380 DEOPT PACKING pc=0x000002753e71d548 sp=0x0000008b2f3ff0c0
Event: 74233.796 Thread 0x00000275a627a380 DEOPT UNPACKING pc=0x000002753d8f5ba3 sp=0x0000008b2f3ff0c0 mode 2
Event: 74234.203 Thread 0x00000275a627a380 Uncommon trap: trap_request=0xffffff45 fr.pc=0x000002753e784a20 relative=0x00000000000009c0
Event: 74234.205 Thread 0x00000275a627a380 Uncommon trap: reason=unstable_if action=reinterpret pc=0x000002753e784a20 method=java.util.AbstractSet.equals(Ljava/lang/Object;)Z @ 31 c2
Event: 74234.205 Thread 0x00000275a627a380 DEOPT PACKING pc=0x000002753e784a20 sp=0x0000008b2f3ff3c0
Event: 74234.206 Thread 0x00000275a627a380 DEOPT UNPACKING pc=0x000002753d8f5ba3 sp=0x0000008b2f3ff2f0 mode 2
Event: 74234.622 Thread 0x00000275a627a380 Uncommon trap: trap_request=0xffffff45 fr.pc=0x000002753e736688 relative=0x0000000000000168
Event: 74234.622 Thread 0x00000275a627a380 Uncommon trap: reason=unstable_if action=reinterpret pc=0x000002753e736688 method=java.util.AbstractSet.equals(Ljava/lang/Object;)Z @ 31 c2
Event: 74234.622 Thread 0x00000275a627a380 DEOPT PACKING pc=0x000002753e736688 sp=0x0000008b2f3ff340
Event: 74234.623 Thread 0x00000275a627a380 DEOPT UNPACKING pc=0x000002753d8f5ba3 sp=0x0000008b2f3ff2d8 mode 2

Classes unloaded (0 events):
No events

Classes redefined (0 events):
No events

Internal exceptions (20 events):
Event: 63656.549 Thread 0x00000275a7b67500 Exception <a 'java/net/SocketException'{0x000000060d0f5fd8}: Socket is not connected: shutdown> (0x000000060d0f5fd8) 
thrown [s\open\src\hotspot\share\prims\jni.cpp, line 535]
Event: 63656.550 Thread 0x00000275a7b67500 Exception <a 'java/lang/InterruptedException'{0x000000060d0f7d28}: sleep interrupted> (0x000000060d0f7d28) 
thrown [s\open\src\hotspot\share\prims\jvm.cpp, line 3038]
Event: 63656.550 Thread 0x00000275a7b67500 Exception <a 'java/net/SocketException'{0x000000060d0f89c8}: Network is unreachable: no further information> (0x000000060d0f89c8) 
thrown [s\open\src\hotspot\share\prims\jni.cpp, line 535]
Event: 63656.550 Thread 0x00000275a7b67500 Exception <a 'java/net/SocketException'{0x000000060d0f8d00}: Socket is not connected: shutdown> (0x000000060d0f8d00) 
thrown [s\open\src\hotspot\share\prims\jni.cpp, line 535]
Event: 63656.550 Thread 0x00000275a7b67500 Exception <a 'java/lang/InterruptedException'{0x000000060d0faa50}: sleep interrupted> (0x000000060d0faa50) 
thrown [s\open\src\hotspot\share\prims\jvm.cpp, line 3038]
Event: 63656.573 Thread 0x00000275a7b67500 Exception <a 'java/net/SocketException'{0x000000060d0fb6f0}: Network is unreachable: no further information> (0x000000060d0fb6f0) 
thrown [s\open\src\hotspot\share\prims\jni.cpp, line 535]
Event: 63656.573 Thread 0x00000275a7b67500 Exception <a 'java/net/SocketException'{0x000000060d0fba28}: Socket is not connected: shutdown> (0x000000060d0fba28) 
thrown [s\open\src\hotspot\share\prims\jni.cpp, line 535]
Event: 63656.573 Thread 0x00000275a7b67500 Exception <a 'java/lang/InterruptedException'{0x000000060d0fd778}: sleep interrupted> (0x000000060d0fd778) 
thrown [s\open\src\hotspot\share\prims\jvm.cpp, line 3038]
Event: 63656.597 Thread 0x00000275a7b67500 Exception <a 'java/net/SocketException'{0x000000060d0fe418}: Network is unreachable: no further information> (0x000000060d0fe418) 
thrown [s\open\src\hotspot\share\prims\jni.cpp, line 535]
Event: 63656.597 Thread 0x00000275a7b67500 Exception <a 'java/net/SocketException'{0x000000060d0fe750}: Socket is not connected: shutdown> (0x000000060d0fe750) 
thrown [s\open\src\hotspot\share\prims\jni.cpp, line 535]
Event: 63656.598 Thread 0x00000275a7b67500 Exception <a 'java/lang/InterruptedException'{0x000000060d1004a0}: sleep interrupted> (0x000000060d1004a0) 
thrown [s\open\src\hotspot\share\prims\jvm.cpp, line 3038]
Event: 63656.625 Thread 0x00000275a7b67500 Exception <a 'java/net/SocketException'{0x000000060d101140}: Network is unreachable: no further information> (0x000000060d101140) 
thrown [s\open\src\hotspot\share\prims\jni.cpp, line 535]
Event: 63656.625 Thread 0x00000275a7b67500 Exception <a 'java/net/SocketException'{0x000000060d101478}: Socket is not connected: shutdown> (0x000000060d101478) 
thrown [s\open\src\hotspot\share\prims\jni.cpp, line 535]
Event: 63656.625 Thread 0x00000275a7b67500 Exception <a 'java/lang/InterruptedException'{0x000000060d1031c8}: sleep interrupted> (0x000000060d1031c8) 
thrown [s\open\src\hotspot\share\prims\jvm.cpp, line 3038]
Event: 63657.841 Thread 0x00000275a627ada0 Exception <a 'sun/net/ConnectionResetException'{0x000000060d3785d8}: Connection reset> (0x000000060d3785d8) 
thrown [s\open\src\hotspot\share\prims\jni.cpp, line 535]
Event: 63657.842 Thread 0x00000275a627ada0 Exception <a 'java/io/IOException'{0x000000060d37b458}: Connection reset by peer> (0x000000060d37b458) 
thrown [s\open\src\hotspot\share\prims\jni.cpp, line 535]
Event: 64258.978 Thread 0x00000275a627ada0 Exception <a 'sun/net/ConnectionResetException'{0x000000060bc73d30}: Connection reset> (0x000000060bc73d30) 
thrown [s\open\src\hotspot\share\prims\jni.cpp, line 535]
Event: 64258.979 Thread 0x00000275a627ada0 Exception <a 'java/io/IOException'{0x000000060bc76b78}: Connection reset by peer> (0x000000060bc76b78) 
thrown [s\open\src\hotspot\share\prims\jni.cpp, line 535]
Event: 64276.490 Thread 0x00000275a627c1e0 Exception <a 'java/net/SocketException'{0x000000060bf923b8}: Connection reset by peer: shutdown> (0x000000060bf923b8) 
thrown [s\open\src\hotspot\share\prims\jni.cpp, line 535]
Event: 68540.204 Thread 0x00000275a6276bd0 Exception <a 'java/net/SocketException'{0x000000060b170a58}: Connection reset by peer: shutdown> (0x000000060b170a58) 
thrown [s\open\src\hotspot\share\prims\jni.cpp, line 535]

VM Operations (20 events):
Event: 72552.481 Executing VM operation: Cleanup
Event: 72552.481 Executing VM operation: Cleanup done
Event: 72853.182 Executing VM operation: Cleanup
Event: 72853.182 Executing VM operation: Cleanup done
Event: 72883.427 Executing VM operation: Cleanup
Event: 72883.427 Executing VM operation: Cleanup done
Event: 72922.025 Executing VM operation: G1CollectForAllocation
Event: 72922.044 Executing VM operation: G1CollectForAllocation done
Event: 73284.990 Executing VM operation: Cleanup
Event: 73284.990 Executing VM operation: Cleanup done
Event: 73494.845 Executing VM operation: Cleanup
Event: 73494.846 Executing VM operation: Cleanup done
Event: 74126.031 Executing VM operation: Cleanup
Event: 74126.032 Executing VM operation: Cleanup done
Event: 74156.269 Executing VM operation: Cleanup
Event: 74156.269 Executing VM operation: Cleanup done
Event: 74185.479 Executing VM operation: Cleanup
Event: 74185.479 Executing VM operation: Cleanup done
Event: 74328.754 Executing VM operation: Cleanup
Event: 74328.754 Executing VM operation: Cleanup done

Events (20 events):
Event: 74303.343 Thread 0x00000275a7b67a10 Thread added: 0x00000275a7b67a10
Event: 74303.348 Thread 0x00000275a7b660c0 Thread exited: 0x00000275a7b660c0
Event: 74308.351 Thread 0x00000275a7b67500 Thread exited: 0x00000275a7b67500
Event: 74308.430 Thread 0x00000275a7b67a10 Thread exited: 0x00000275a7b67a10
Event: 74311.569 Thread 0x00000275a7b68940 Thread added: 0x00000275a7b68940
Event: 74311.570 Thread 0x00000275a7b67500 Thread added: 0x00000275a7b67500
Event: 74316.580 Thread 0x00000275a7b68940 Thread exited: 0x00000275a7b68940
Event: 74316.670 Thread 0x00000275a7b67500 Thread exited: 0x00000275a7b67500
Event: 74317.666 Thread 0x00000275a7b660c0 Thread added: 0x00000275a7b660c0
Event: 74317.667 Thread 0x00000275a7b67500 Thread added: 0x00000275a7b67500
Event: 74322.683 Thread 0x00000275a7b660c0 Thread exited: 0x00000275a7b660c0
Event: 74322.744 Thread 0x00000275a7b67500 Thread exited: 0x00000275a7b67500
Event: 74324.656 Thread 0x00000275a7b660c0 Thread added: 0x00000275a7b660c0
Event: 74328.255 Thread 0x00000275a7b68940 Thread added: 0x00000275a7b68940
Event: 74328.255 Thread 0x00000275a7b67500 Thread added: 0x00000275a7b67500
Event: 74328.256 Thread 0x00000275a7b660c0 Thread exited: 0x00000275a7b660c0
Event: 74333.273 Thread 0x00000275a7b68940 Thread exited: 0x00000275a7b68940
Event: 74333.336 Thread 0x00000275a7b67500 Thread exited: 0x00000275a7b67500
Event: 74339.520 Thread 0x00000275a7b68940 Thread added: 0x00000275a7b68940
Event: 74339.520 Thread 0x00000275a7b660c0 Thread added: 0x00000275a7b660c0


Dynamic libraries:
0x00007ff7a2dd0000 - 0x00007ff7a2de0000 	C:\Program Files\java\jdk-17\bin\java.exe
0x00007ffb06320000 - 0x00007ffb06583000 	C:\WINDOWS\SYSTEM32\ntdll.dll
0x00007ffb05940000 - 0x00007ffb05a08000 	C:\WINDOWS\System32\KERNEL32.DLL
0x00007ffb03bd0000 - 0x00007ffb03f81000 	C:\WINDOWS\System32\KERNELBASE.dll
0x00007ffb03f90000 - 0x00007ffb040db000 	C:\WINDOWS\System32\ucrtbase.dll
0x00007ffaf3d10000 - 0x00007ffaf3d2b000 	C:\Program Files\java\jdk-17\bin\VCRUNTIME140.dll
0x00007ffaf3cf0000 - 0x00007ffaf3d09000 	C:\Program Files\java\jdk-17\bin\jli.dll
0x00007ffb05500000 - 0x00007ffb055b4000 	C:\WINDOWS\System32\ADVAPI32.dll
0x00007ffb04930000 - 0x00007ffb049d9000 	C:\WINDOWS\System32\msvcrt.dll
0x00007ffb04240000 - 0x00007ffb042e6000 	C:\WINDOWS\System32\sechost.dll
0x00007ffb057c0000 - 0x00007ffb058d6000 	C:\WINDOWS\System32\RPCRT4.dll
0x00007ffb05200000 - 0x00007ffb053c8000 	C:\WINDOWS\System32\USER32.dll
0x00007ffad8dd0000 - 0x00007ffad9060000 	C:\WINDOWS\WinSxS\amd64_microsoft.windows.common-controls_6595b64144ccf1df_6.0.26100.2161_none_3e0cadb0e33078e1\COMCTL32.dll
0x00007ffb05a10000 - 0x00007ffb05a3a000 	C:\WINDOWS\System32\GDI32.dll
0x00007ffb03790000 - 0x00007ffb037b7000 	C:\WINDOWS\System32\win32u.dll
0x00007ffb03920000 - 0x00007ffb03a45000 	C:\WINDOWS\System32\gdi32full.dll
0x00007ffb040e0000 - 0x00007ffb04183000 	C:\WINDOWS\System32\msvcp_win.dll
0x00007ffaf7bc0000 - 0x00007ffaf7bcb000 	C:\WINDOWS\SYSTEM32\VERSION.dll
0x00007ffb05780000 - 0x00007ffb057af000 	C:\WINDOWS\System32\IMM32.DLL
0x00007ffaf7960000 - 0x00007ffaf796c000 	C:\Program Files\java\jdk-17\bin\vcruntime140_1.dll
0x00007ffaf3080000 - 0x00007ffaf310e000 	C:\Program Files\java\jdk-17\bin\msvcp140.dll
0x00007ffa91f00000 - 0x00007ffa92ae1000 	C:\Program Files\java\jdk-17\bin\server\jvm.dll
0x00007ffb05610000 - 0x00007ffb05618000 	C:\WINDOWS\System32\PSAPI.DLL
0x00007ffae9650000 - 0x00007ffae965a000 	C:\WINDOWS\SYSTEM32\WSOCK32.dll
0x00007ffafaba0000 - 0x00007ffafabd6000 	C:\WINDOWS\SYSTEM32\WINMM.dll
0x00007ffb048b0000 - 0x00007ffb04924000 	C:\WINDOWS\System32\WS2_32.dll
0x00007ffb02520000 - 0x00007ffb0253a000 	C:\WINDOWS\SYSTEM32\kernel.appcore.dll
0x00007ffaf4c50000 - 0x00007ffaf4c5a000 	C:\Program Files\java\jdk-17\bin\jimage.dll
0x00007ffb009f0000 - 0x00007ffb00c31000 	C:\WINDOWS\SYSTEM32\DBGHELP.DLL
0x00007ffb049e0000 - 0x00007ffb04d5d000 	C:\WINDOWS\System32\combase.dll
0x00007ffb05a50000 - 0x00007ffb05b26000 	C:\WINDOWS\System32\OLEAUT32.dll
0x00007ffaf27b0000 - 0x00007ffaf27e9000 	C:\WINDOWS\SYSTEM32\dbgcore.DLL
0x00007ffb03880000 - 0x00007ffb03919000 	C:\WINDOWS\System32\bcryptPrimitives.dll
0x00007ffaf3cc0000 - 0x00007ffaf3ce5000 	C:\Program Files\java\jdk-17\bin\java.dll
0x00007ffaf2fa0000 - 0x00007ffaf3077000 	C:\Program Files\java\jdk-17\bin\jsvml.dll
0x00007ffb05bc0000 - 0x00007ffb062bf000 	C:\WINDOWS\System32\SHELL32.dll
0x00007ffb01400000 - 0x00007ffb01c2d000 	C:\WINDOWS\SYSTEM32\windows.storage.dll
0x00007ffb04460000 - 0x00007ffb04533000 	C:\WINDOWS\System32\SHCORE.dll
0x00007ffb058e0000 - 0x00007ffb0593d000 	C:\WINDOWS\System32\shlwapi.dll
0x00007ffb03620000 - 0x00007ffb0364e000 	C:\WINDOWS\SYSTEM32\profapi.dll
0x00007ffaf3ca0000 - 0x00007ffaf3cb9000 	C:\Program Files\java\jdk-17\bin\net.dll
0x00007ffaf97d0000 - 0x00007ffaf98f6000 	C:\WINDOWS\SYSTEM32\WINHTTP.dll
0x00007ffb02a00000 - 0x00007ffb02a68000 	C:\WINDOWS\system32\mswsock.dll
0x00007ffaf3c50000 - 0x00007ffaf3c66000 	C:\Program Files\java\jdk-17\bin\nio.dll
0x00007ffaf3c30000 - 0x00007ffaf3c48000 	C:\Program Files\java\jdk-17\bin\zip.dll
0x00007ffaf3c90000 - 0x00007ffaf3c9a000 	C:\Program Files\java\jdk-17\bin\management.dll
0x00007ffaf3c20000 - 0x00007ffaf3c2b000 	C:\Program Files\java\jdk-17\bin\management_ext.dll
0x00007ffb01ee0000 - 0x00007ffb01f11000 	C:\WINDOWS\SYSTEM32\IPHLPAPI.DLL
0x00007ffb05a40000 - 0x00007ffb05a4a000 	C:\WINDOWS\System32\NSI.dll
0x00007ffaf9960000 - 0x00007ffaf997e000 	C:\WINDOWS\SYSTEM32\dhcpcsvc6.DLL
0x00007ffaf9900000 - 0x00007ffaf9925000 	C:\WINDOWS\SYSTEM32\dhcpcsvc.DLL
0x00007ffb01f20000 - 0x00007ffb02045000 	C:\WINDOWS\SYSTEM32\DNSAPI.dll
0x00007ffafda70000 - 0x00007ffafda7b000 	C:\Windows\System32\rasadhlp.dll
0x00007ffaf9c30000 - 0x00007ffaf9cb6000 	C:\WINDOWS\System32\fwpuclnt.dll
0x00007ffaf3c10000 - 0x00007ffaf3c1e000 	C:\Program Files\java\jdk-17\bin\sunmscapi.dll
0x00007ffb03a50000 - 0x00007ffb03bc6000 	C:\WINDOWS\System32\CRYPT32.dll
0x00007ffb02f00000 - 0x00007ffb02f30000 	C:\WINDOWS\SYSTEM32\ncrypt.dll
0x00007ffb02eb0000 - 0x00007ffb02eef000 	C:\WINDOWS\SYSTEM32\NTASN1.dll
0x00007ffb02db0000 - 0x00007ffb02dcc000 	C:\WINDOWS\SYSTEM32\CRYPTSP.dll
0x00007ffb02480000 - 0x00007ffb024b8000 	C:\WINDOWS\system32\rsaenh.dll
0x00007ffb02aa0000 - 0x00007ffb02acb000 	C:\WINDOWS\SYSTEM32\USERENV.dll
0x00007ffb02f40000 - 0x00007ffb02f66000 	C:\WINDOWS\SYSTEM32\bcrypt.dll
0x00007ffb02c30000 - 0x00007ffb02c3c000 	C:\WINDOWS\SYSTEM32\CRYPTBASE.dll
0x00007ffad6260000 - 0x00007ffad6278000 	C:\WINDOWS\system32\napinsp.dll
0x00007ffad61e0000 - 0x00007ffad61f2000 	C:\WINDOWS\System32\winrnr.dll
0x00007ffad6050000 - 0x00007ffad6072000 	C:\WINDOWS\system32\nlansp_c.dll
0x00007ffaffb40000 - 0x00007ffaffb56000 	C:\WINDOWS\system32\wshbth.dll
0x00007ffaf3c00000 - 0x00007ffaf3c10000 	C:\Program Files\java\jdk-17\bin\verify.dll
0x00007ffae87d0000 - 0x00007ffae87d8000 	C:\WINDOWS\system32\wshunix.dll

dbghelp: loaded successfully - version: 4.0.5 - missing functions: none
symbol engine: initialized successfully - sym options: 0x614 - pdb path: .;C:\Program Files\java\jdk-17\bin;C:\WINDOWS\SYSTEM32;C:\WINDOWS\WinSxS\amd64_microsoft.windows.common-controls_6595b64144ccf1df_6.0.26100.2161_none_3e0cadb0e33078e1;C:\Program Files\java\jdk-17\bin\server

VM Arguments:
jvm_args: -XX:+ShowCodeDetailsInExceptionMessages 
java_command: com.manamer.backend.business.sellout.SelloutApplication
java_class_path (initial): C:\Users\Fernanda Jama\OneDrive - Manamer\Documentos\PROYEC_DEVELOP\SellOut\backend\business\sellout\target\classes;C:\Users\Fernanda Jama\.m2\repository\org\springframework\boot\spring-boot-starter\3.2.4\spring-boot-starter-3.2.4.jar;C:\Users\Fernanda Jama\.m2\repository\org\springframework\boot\spring-boot\3.2.4\spring-boot-3.2.4.jar;C:\Users\Fernanda Jama\.m2\repository\org\springframework\boot\spring-boot-autoconfigure\3.2.4\spring-boot-autoconfigure-3.2.4.jar;C:\Users\Fernanda Jama\.m2\repository\org\springframework\boot\spring-boot-starter-logging\3.2.4\spring-boot-starter-logging-3.2.4.jar;C:\Users\Fernanda Jama\.m2\repository\ch\qos\logback\logback-classic\1.4.14\logback-classic-1.4.14.jar;C:\Users\Fernanda Jama\.m2\repository\ch\qos\logback\logback-core\1.4.14\logback-core-1.4.14.jar;C:\Users\Fernanda Jama\.m2\repository\org\apache\logging\log4j\log4j-to-slf4j\2.23.1\log4j-to-slf4j-2.23.1.jar;C:\Users\Fernanda Jama\.m2\repository\org\slf4j\jul-to-slf4j\2.0.12\jul-to-slf4j-2.0.12.jar;C:\Users\Fernanda Jama\.m2\repository\jakarta\annotation\jakarta.annotation-api\2.1.1\jakarta.annotation-api-2.1.1.jar;C:\Users\Fernanda Jama\.m2\repository\org\springframework\spring-core\6.1.11\spring-core-6.1.11.jar;C:\Users\Fernanda Jama\.m2\repository\org\springframework\spring-jcl\6.1.11\spring-jcl-6.1.11.jar;C:\Users\Fernanda Jama\.m2\repository\org\yaml\snakeyaml\2.2\snakeyaml-2.2.jar;C:\Users\Fernanda Jama\.m2\repository\com\microsoft\sqlserver\mssql-jdbc\12.4.2.jre11\mssql-jdbc-12.4.2.jre11.jar;C:\Users\Fernanda Jama\.m2\repository\org\projectlombok\lombok\1.18.24\lombok-1.18.24.jar;C:\Users\Fernanda Jama\.m2\repository\org\springframework\boot\spring-boot-starter-data-jpa\3.2.4\spring-boot-starter-data-jpa-3.2.4.jar;C:\Users\Fernanda Jama\.m2\repository\org\springframework\boot\spring-boot-starter-aop\3.2.4\spring-boot-starter-aop-3.2.4.jar;C:\Users\Fernanda Jama\.m2\repository\org\aspectj\aspectjweaver\1.9.21\aspectjweaver-1.9.21.jar;C:\U
Launcher Type: SUN_STANDARD

[Global flags]
     intx CICompilerCount                          = 4                                         {product} {ergonomic}
     uint ConcGCThreads                            = 2                                         {product} {ergonomic}
     uint G1ConcRefinementThreads                  = 8                                         {product} {ergonomic}
   size_t G1HeapRegionSize                         = 4194304                                   {product} {ergonomic}
    uintx GCDrainStackTargetSize                   = 64                                        {product} {ergonomic}
   size_t InitialHeapSize                          = 532676608                                 {product} {ergonomic}
   size_t MarkStackSize                            = 4194304                                   {product} {ergonomic}
   size_t MaxHeapSize                              = 8518631424                                {product} {ergonomic}
   size_t MaxNewSize                               = 5108662272                                {product} {ergonomic}
   size_t MinHeapDeltaBytes                        = 4194304                                   {product} {ergonomic}
   size_t MinHeapSize                              = 8388608                                   {product} {ergonomic}
    uintx NonNMethodCodeHeapSize                   = 5839372                                {pd product} {ergonomic}
    uintx NonProfiledCodeHeapSize                  = 122909434                              {pd product} {ergonomic}
    uintx ProfiledCodeHeapSize                     = 122909434                              {pd product} {ergonomic}
    uintx ReservedCodeCacheSize                    = 251658240                              {pd product} {ergonomic}
     bool SegmentedCodeCache                       = true                                      {product} {ergonomic}
     bool ShowCodeDetailsInExceptionMessages       = true                                   {manageable} {command line}
   size_t SoftMaxHeapSize                          = 8518631424                             {manageable} {ergonomic}
     bool UseCompressedClassPointers               = true                           {product lp64_product} {ergonomic}
     bool UseCompressedOops                        = true                           {product lp64_product} {ergonomic}
     bool UseG1GC                                  = true                                      {product} {ergonomic}
     bool UseLargePagesIndividualAllocation        = false                                  {pd product} {ergonomic}

Logging:
Log output configuration:
 #0: stdout all=warning uptime,level,tags
 #1: stderr all=off uptime,level,tags

Environment Variables:
JAVA_HOME=C:\Program Files\java\jdk-17
CLASSPATH=C:\Program Files\SAP\SAP Business One DI API\JCO\LIB\sbowrapper.jar;C:\Program Files\SAP\SAP Business One DI API\JCO\LIB\sboapi.jar;C:\Program Files (x86)\SAP\SAP Business One DI API\JCO\LIB\sbowrapper.jar;C:\Program Files (x86)\SAP\SAP Business One DI API\JCO\LIB\sboapi.jar
PATH=C:\Python312\Scripts\;C:\Python312\;C:\Program Files\Eclipse Adoptium\jdk-21.0.3.9-hotspot\bin;C:\Program Files\java\jdk-17\bin;C:\Program Files\Microsoft MPI\Bin\;C:\apache-maven-3.9.6\bin;C:\Program Files\Common Files\Oracle\Java\javapath;C:\Program Files\Eclipse Foundation\jdk-8.0.302.8-hotspot\bin;C:\WINDOWS\system32;C:\WINDOWS;C:\WINDOWS\System32\Wbem;C:\WINDOWS\System32\WindowsPowerShell\v1.0\;C:\WINDOWS\System32\OpenSSH\;C:\Program Files\Azure Data Studio\bin;C:\Program Files\Microsoft SQL Server\Client SDK\ODBC\170\Tools\Binn\;C:\ProgramData\chocolatey\bin;C:\Program Files\Git\cmd;C:\Program Files\PuTTY\;C:\Program Files\Eclipse Adoptium\jdk-21.0.3.9-hotspot\\bin;C:\Program Files\SAP\SAP Business One DI API\JCO\LIB\;C:\Program Files\SAP\SAP Business One DI API\DI API 90;C:\Program Files\SAP\SAP Business One\;C:\Program Files (x86)\SAP\SAP Business One DI API\JCO\LIB\;C:\Program Files (x86)\SAP\SAP Business One DI API\DI API 90;C:\Program Files (x86)\SAP\SAP Business One\;C:\Program Files\Docker\Docker\resources\bin;C:\Program Files (x86)\Microsoft SQL Server\160\Tools\Binn\;C:\Program Files\Microsoft SQL Server\160\Tools\Binn\;C:\Program Files\Microsoft SQL Server\160\DTS\Binn\;C:\Program Files (x86)\Microsoft SQL Server\160\DTS\Binn\;C:\Program Files\Microsoft SQL Server\130\Tools\Binn\;C:\Program Files (x86)\Microsoft SQL Server\150\Tools\Binn\;C:\Program Files\Microsoft SQL Server\150\Tools\Binn\;C:\Program Files\Microsoft SQL Server\150\DTS\Binn\;C:\xampp\php;C:\Program Files\nodejs\;C:\Users\Fernanda Jama\AppData\Local\Microsoft\WindowsApps;C:\Program Files\Azure Data Studio\bin;C:\Users\Fernanda Jama\AppData\Local\GitHubDesktop\bin;C:\Program Files\java\jdk-17\bin;C:\Program Files\JetBrains\IntelliJ IDEA 2024.1\bin;;C:\Program Files\JetBrains\IntelliJ IDEA Community Edition 2023.2.5\bin;;C:\Users\Fernanda Jama\AppData\Local\Programs\Microsoft VS Code\bin;C:\Program Files\JetBrains\DataGrip 2024.2.1\bin;;C:\xampp\php;C:\Program Files\vtex\bin;C:\Users
USERNAME=Fernanda Jama
LANG=en_US.UTF-8
OS=Windows_NT
PROCESSOR_IDENTIFIER=Intel64 Family 6 Model 140 Stepping 1, GenuineIntel



---------------  S Y S T E M  ---------------

OS:
 Windows 11 , 64 bit Build 26100 (10.0.26100.2161)
OS uptime: 0 days 21:23 hours
Hyper-V role detected

CPU: total 8 (initial active 8) (4 cores per cpu, 2 threads per core) family 6 model 140 stepping 1 microcode 0xb8, cx8, cmov, fxsr, ht, mmx, 3dnowpref, sse, sse2, sse3, ssse3, sse4.1, sse4.2, popcnt, lzcnt, tsc, tscinvbit, avx, avx2, aes, erms, clmul, bmi1, bmi2, adx, avx512f, avx512dq, avx512cd, avx512bw, avx512vl, sha, fma, vzeroupper, avx512_vpopcntdq, avx512_vpclmulqdq, avx512_vaes, avx512_vnni, clflush, clflushopt, clwb, avx512_vbmi2, avx512_vbmi, hv

Memory: 4k page, system-wide physical 32494M (1117M free)
TotalPageFile size 93435M (AvailPageFile size 9M)
current process WorkingSet (physical memory assigned to process): 161M, peak: 427M
current process commit charge ("private bytes"): 460M, peak: 693M

vm_info: Java HotSpot(TM) 64-Bit Server VM (17.0.9+11-LTS-201) for windows-amd64 JRE (17.0.9+11-LTS-201), built on Oct 10 2023 23:16:06 by "mach5one" with MS VC++ 17.1 (VS2022)

END.
