#
# There is insufficient memory for the Java Runtime Environment to continue.
# Native memory allocation (malloc) failed to allocate 1895712 bytes for Chunk::new
# Possible reasons:
#   The system is out of physical RAM or swap space
#   The process is running with CompressedOops enabled, and the Java Heap may be blocking the growth of the native heap
# Possible solutions:
#   Reduce memory load on the system
#   Increase physical memory or swap space
#   Check if swap backing store is full
#   Decrease Java heap size (-Xmx/-Xms)
#   Decrease number of Java threads
#   Decrease Java thread stack sizes (-Xss)
#   Set larger code cache with -XX:ReservedCodeCacheSize=
#   JVM is running with Zero Based Compressed Oops mode in which the Java heap is
#     placed in the first 32GB address space. The Java Heap base address is the
#     maximum limit for the native heap growth. Please use -XX:HeapBaseMinAddress
#     to set the Java Heap base and to place the Java Heap above 32GB virtual address.
# This output file may be truncated or incomplete.
#
#  Out of Memory Error (arena.cpp:189), pid=18208, tid=19556
#
# JRE version: Java(TM) SE Runtime Environment (17.0.9+11) (build 17.0.9+11-LTS-201)
# Java VM: Java HotSpot(TM) 64-Bit Server VM (17.0.9+11-LTS-201, mixed mode, sharing, tiered, compressed oops, compressed class ptrs, g1 gc, windows-amd64)
# No core dump will be written. Minidumps are not enabled by default on client versions of Windows
#

---------------  S U M M A R Y ------------

Command Line: -XX:+ShowCodeDetailsInExceptionMessages com.manamer.SellOut.infraestructure.eurekaserver.EurekaserverApplication

Host: 11th Gen Intel(R) Core(TM) i7-1165G7 @ 2.80GHz, 8 cores, 31G,  Windows 11 , 64 bit Build 26100 (10.0.26100.2454)
Time: Mon Dec 30 15:14:16 2024 Hora est. Pacífico, Sudamérica elapsed time: 6.789905 seconds (0d 0h 0m 6s)

---------------  T H R E A D  ---------------

Current thread (0x00000192aae48020):  JavaThread "C2 CompilerThread0" daemon [_thread_in_native, id=19556, stack(0x0000007393300000,0x0000007393400000)]


Current CompileTask:
C2:   6790 1992       4       jdk.internal.org.objectweb.asm.Frame::execute (2305 bytes)

Stack: [0x0000007393300000,0x0000007393400000]
Native frames: (J=compiled Java code, j=interpreted, Vv=VM code, C=native code)
V  [jvm.dll+0x678a4a]
V  [jvm.dll+0x7d9cfd]
V  [jvm.dll+0x7db60e]
V  [jvm.dll+0x7dbc73]
V  [jvm.dll+0x245e1f]
V  [jvm.dll+0xaaafb]
V  [jvm.dll+0xab09c]
V  [jvm.dll+0x36237e]
V  [jvm.dll+0x32ca01]
V  [jvm.dll+0x32be9a]
V  [jvm.dll+0x21812f]
V  [jvm.dll+0x217561]
V  [jvm.dll+0x1a3bc0]
V  [jvm.dll+0x2272de]
V  [jvm.dll+0x22548b]
V  [jvm.dll+0x78f58c]
V  [jvm.dll+0x78998a]
V  [jvm.dll+0x677875]
C  [ucrtbase.dll+0x14ea0]
C  [KERNEL32.DLL+0x2e8d7]
C  [ntdll.dll+0xdfbcc]


---------------  P R O C E S S  ---------------

Threads class SMR info:
_java_thread_list=0x00000192f37e75b0, length=16, elements={
0x00000192ffe68480, 0x00000192aae2c6e0, 0x00000192aae2de10, 0x00000192aae455b0,
0x00000192aae46080, 0x00000192aae46b50, 0x00000192aae47420, 0x00000192aae48020,
0x00000192aae4c310, 0x00000192ad7bc750, 0x00000192ad887960, 0x00000192ad8a6f30,
0x00000192f3ca59b0, 0x00000192f3a5f570, 0x00000192f3d9c0d0, 0x00000192f3de60c0
}

Java Threads: ( => current thread )
  0x00000192ffe68480 JavaThread "main" [_thread_blocked, id=22224, stack(0x0000007392600000,0x0000007392700000)]
  0x00000192aae2c6e0 JavaThread "Reference Handler" daemon [_thread_blocked, id=21756, stack(0x0000007392d00000,0x0000007392e00000)]
  0x00000192aae2de10 JavaThread "Finalizer" daemon [_thread_blocked, id=1772, stack(0x0000007392e00000,0x0000007392f00000)]
  0x00000192aae455b0 JavaThread "Signal Dispatcher" daemon [_thread_blocked, id=27800, stack(0x0000007392f00000,0x0000007393000000)]
  0x00000192aae46080 JavaThread "Attach Listener" daemon [_thread_blocked, id=3756, stack(0x0000007393000000,0x0000007393100000)]
  0x00000192aae46b50 JavaThread "Service Thread" daemon [_thread_blocked, id=23872, stack(0x0000007393100000,0x0000007393200000)]
  0x00000192aae47420 JavaThread "Monitor Deflation Thread" daemon [_thread_blocked, id=19156, stack(0x0000007393200000,0x0000007393300000)]
=>0x00000192aae48020 JavaThread "C2 CompilerThread0" daemon [_thread_in_native, id=19556, stack(0x0000007393300000,0x0000007393400000)]
  0x00000192aae4c310 JavaThread "C1 CompilerThread0" daemon [_thread_blocked, id=8332, stack(0x0000007393400000,0x0000007393500000)]
  0x00000192ad7bc750 JavaThread "Sweeper thread" daemon [_thread_blocked, id=20632, stack(0x0000007393500000,0x0000007393600000)]
  0x00000192ad887960 JavaThread "Notification Thread" daemon [_thread_blocked, id=24296, stack(0x0000007393600000,0x0000007393700000)]
  0x00000192ad8a6f30 JavaThread "Common-Cleaner" daemon [_thread_blocked, id=948, stack(0x0000007393800000,0x0000007393900000)]
  0x00000192f3ca59b0 JavaThread "Thread-0" [_thread_blocked, id=11216, stack(0x0000007394000000,0x0000007394100000)]
  0x00000192f3a5f570 JavaThread "restartedMain" [_thread_in_Java, id=17548, stack(0x0000007394100000,0x0000007394200000)]
  0x00000192f3d9c0d0 JavaThread "background-preinit" [_thread_in_native, id=25468, stack(0x0000007394200000,0x0000007394300000)]
  0x00000192f3de60c0 JavaThread "C2 CompilerThread1" daemon [_thread_in_native, id=30176, stack(0x0000007394300000,0x0000007394400000)]

Other Threads:
  0x00000192aae24910 VMThread "VM Thread" [stack: 0x0000007392c00000,0x0000007392d00000] [id=23104]
  0x00000192ad893e60 WatcherThread [stack: 0x0000007393700000,0x0000007393800000] [id=1120]
  0x00000192fff1e9d0 GCTaskThread "GC Thread#0" [stack: 0x0000007392700000,0x0000007392800000] [id=20280]
  0x00000192f3ac1300 GCTaskThread "GC Thread#1" [stack: 0x0000007393900000,0x0000007393a00000] [id=16460]
  0x00000192f3ac15c0 GCTaskThread "GC Thread#2" [stack: 0x0000007393a00000,0x0000007393b00000] [id=19320]
  0x00000192f39a6a70 GCTaskThread "GC Thread#3" [stack: 0x0000007393b00000,0x0000007393c00000] [id=18424]
  0x00000192f39a6d30 GCTaskThread "GC Thread#4" [stack: 0x0000007393c00000,0x0000007393d00000] [id=19488]
  0x00000192f39a7800 GCTaskThread "GC Thread#5" [stack: 0x0000007393d00000,0x0000007393e00000] [id=20880]
  0x00000192f3d05450 GCTaskThread "GC Thread#6" [stack: 0x0000007393e00000,0x0000007393f00000] [id=23548]
  0x00000192f3d05c90 GCTaskThread "GC Thread#7" [stack: 0x0000007393f00000,0x0000007394000000] [id=28220]
  0x00000192aaca1960 ConcurrentGCThread "G1 Main Marker" [stack: 0x0000007392800000,0x0000007392900000] [id=20496]
  0x00000192aaca2280 ConcurrentGCThread "G1 Conc#0" [stack: 0x0000007392900000,0x0000007392a00000] [id=24692]
  0x00000192aad5fa00 ConcurrentGCThread "G1 Refine#0" [stack: 0x0000007392a00000,0x0000007392b00000] [id=28568]
  0x00000192aad60430 ConcurrentGCThread "G1 Service" [stack: 0x0000007392b00000,0x0000007392c00000] [id=25884]

Threads with active compile tasks:
C2 CompilerThread0     6823 1992       4       jdk.internal.org.objectweb.asm.Frame::execute (2305 bytes)
C2 CompilerThread1     6823 2096       4       jdk.internal.org.objectweb.asm.SymbolTable::addConstantUtf8Reference (101 bytes)

VM state: not at safepoint (normal execution)

VM Mutex/Monitor currently owned by a thread: None

Heap address: 0x0000000604400000, size: 8124 MB, Compressed Oops mode: Zero based, Oop shift amount: 3

CDS archive(s) mapped at: [0x00000192ae000000-0x00000192aebd0000-0x00000192aebd0000), size 12386304, SharedBaseAddress: 0x00000192ae000000, ArchiveRelocationMode: 1.
Compressed class space mapped at: 0x00000192af000000-0x00000192ef000000, reserved size: 1073741824
Narrow klass base: 0x00000192ae000000, Narrow klass shift: 0, Narrow klass range: 0x100000000

GC Precious Log:
 CPUs: 8 total, 8 available
 Memory: 32494M
 Large Page Support: Disabled
 NUMA Support: Disabled
 Compressed Oops: Enabled (Zero based)
 Heap Region Size: 4M
 Heap Min Capacity: 8M
 Heap Initial Capacity: 508M
 Heap Max Capacity: 8124M
 Pre-touch: Disabled
 Parallel Workers: 8
 Concurrent Workers: 2
 Concurrent Refinement Workers: 8
 Periodic GC: Disabled

Heap:
 garbage-first heap   total 520192K, used 38880K [0x0000000604400000, 0x0000000800000000)
  region size 4096K, 9 young (36864K), 1 survivors (4096K)
 Metaspace       used 14711K, committed 14912K, reserved 1114112K
  class space    used 1803K, committed 1920K, reserved 1048576K

Heap Regions: E=young(eden), S=young(survivor), O=old, HS=humongous(starts), HC=humongous(continues), CS=collection set, F=free, OA=open archive, CA=closed archive, TAMS=top-at-mark-start (previous, next)
|   0|0x0000000604400000, 0x0000000604800000, 0x0000000604800000|100%| O|  |TAMS 0x0000000604400000, 0x0000000604400000| Untracked 
|   1|0x0000000604800000, 0x0000000604baee00, 0x0000000604c00000| 92%| O|  |TAMS 0x0000000604800000, 0x0000000604800000| Untracked 
|   2|0x0000000604c00000, 0x0000000604c00000, 0x0000000605000000|  0%| F|  |TAMS 0x0000000604c00000, 0x0000000604c00000| Untracked 
|   3|0x0000000605000000, 0x0000000605000000, 0x0000000605400000|  0%| F|  |TAMS 0x0000000605000000, 0x0000000605000000| Untracked 
|   4|0x0000000605400000, 0x0000000605400000, 0x0000000605800000|  0%| F|  |TAMS 0x0000000605400000, 0x0000000605400000| Untracked 
|   5|0x0000000605800000, 0x0000000605800000, 0x0000000605c00000|  0%| F|  |TAMS 0x0000000605800000, 0x0000000605800000| Untracked 
|   6|0x0000000605c00000, 0x0000000605c00000, 0x0000000606000000|  0%| F|  |TAMS 0x0000000605c00000, 0x0000000605c00000| Untracked 
|   7|0x0000000606000000, 0x0000000606000000, 0x0000000606400000|  0%| F|  |TAMS 0x0000000606000000, 0x0000000606000000| Untracked 
|   8|0x0000000606400000, 0x0000000606400000, 0x0000000606800000|  0%| F|  |TAMS 0x0000000606400000, 0x0000000606400000| Untracked 
|   9|0x0000000606800000, 0x0000000606800000, 0x0000000606c00000|  0%| F|  |TAMS 0x0000000606800000, 0x0000000606800000| Untracked 
|  10|0x0000000606c00000, 0x0000000606c00000, 0x0000000607000000|  0%| F|  |TAMS 0x0000000606c00000, 0x0000000606c00000| Untracked 
|  11|0x0000000607000000, 0x0000000607000000, 0x0000000607400000|  0%| F|  |TAMS 0x0000000607000000, 0x0000000607000000| Untracked 
|  12|0x0000000607400000, 0x0000000607400000, 0x0000000607800000|  0%| F|  |TAMS 0x0000000607400000, 0x0000000607400000| Untracked 
|  13|0x0000000607800000, 0x0000000607800000, 0x0000000607c00000|  0%| F|  |TAMS 0x0000000607800000, 0x0000000607800000| Untracked 
|  14|0x0000000607c00000, 0x0000000607c00000, 0x0000000608000000|  0%| F|  |TAMS 0x0000000607c00000, 0x0000000607c00000| Untracked 
|  15|0x0000000608000000, 0x0000000608000000, 0x0000000608400000|  0%| F|  |TAMS 0x0000000608000000, 0x0000000608000000| Untracked 
|  16|0x0000000608400000, 0x0000000608400000, 0x0000000608800000|  0%| F|  |TAMS 0x0000000608400000, 0x0000000608400000| Untracked 
|  17|0x0000000608800000, 0x0000000608800000, 0x0000000608c00000|  0%| F|  |TAMS 0x0000000608800000, 0x0000000608800000| Untracked 
|  18|0x0000000608c00000, 0x0000000608c00000, 0x0000000609000000|  0%| F|  |TAMS 0x0000000608c00000, 0x0000000608c00000| Untracked 
|  19|0x0000000609000000, 0x0000000609000000, 0x0000000609400000|  0%| F|  |TAMS 0x0000000609000000, 0x0000000609000000| Untracked 
|  20|0x0000000609400000, 0x0000000609400000, 0x0000000609800000|  0%| F|  |TAMS 0x0000000609400000, 0x0000000609400000| Untracked 
|  21|0x0000000609800000, 0x0000000609800000, 0x0000000609c00000|  0%| F|  |TAMS 0x0000000609800000, 0x0000000609800000| Untracked 
|  22|0x0000000609c00000, 0x0000000609c00000, 0x000000060a000000|  0%| F|  |TAMS 0x0000000609c00000, 0x0000000609c00000| Untracked 
|  23|0x000000060a000000, 0x000000060a000000, 0x000000060a400000|  0%| F|  |TAMS 0x000000060a000000, 0x000000060a000000| Untracked 
|  24|0x000000060a400000, 0x000000060a400000, 0x000000060a800000|  0%| F|  |TAMS 0x000000060a400000, 0x000000060a400000| Untracked 
|  25|0x000000060a800000, 0x000000060a800000, 0x000000060ac00000|  0%| F|  |TAMS 0x000000060a800000, 0x000000060a800000| Untracked 
|  26|0x000000060ac00000, 0x000000060ac00000, 0x000000060b000000|  0%| F|  |TAMS 0x000000060ac00000, 0x000000060ac00000| Untracked 
|  27|0x000000060b000000, 0x000000060b000000, 0x000000060b400000|  0%| F|  |TAMS 0x000000060b000000, 0x000000060b000000| Untracked 
|  28|0x000000060b400000, 0x000000060b400000, 0x000000060b800000|  0%| F|  |TAMS 0x000000060b400000, 0x000000060b400000| Untracked 
|  29|0x000000060b800000, 0x000000060b800000, 0x000000060bc00000|  0%| F|  |TAMS 0x000000060b800000, 0x000000060b800000| Untracked 
|  30|0x000000060bc00000, 0x000000060bc00000, 0x000000060c000000|  0%| F|  |TAMS 0x000000060bc00000, 0x000000060bc00000| Untracked 
|  31|0x000000060c000000, 0x000000060c000000, 0x000000060c400000|  0%| F|  |TAMS 0x000000060c000000, 0x000000060c000000| Untracked 
|  32|0x000000060c400000, 0x000000060c400000, 0x000000060c800000|  0%| F|  |TAMS 0x000000060c400000, 0x000000060c400000| Untracked 
|  33|0x000000060c800000, 0x000000060c800000, 0x000000060cc00000|  0%| F|  |TAMS 0x000000060c800000, 0x000000060c800000| Untracked 
|  34|0x000000060cc00000, 0x000000060cc00000, 0x000000060d000000|  0%| F|  |TAMS 0x000000060cc00000, 0x000000060cc00000| Untracked 
|  35|0x000000060d000000, 0x000000060d000000, 0x000000060d400000|  0%| F|  |TAMS 0x000000060d000000, 0x000000060d000000| Untracked 
|  36|0x000000060d400000, 0x000000060d400000, 0x000000060d800000|  0%| F|  |TAMS 0x000000060d400000, 0x000000060d400000| Untracked 
|  37|0x000000060d800000, 0x000000060d800000, 0x000000060dc00000|  0%| F|  |TAMS 0x000000060d800000, 0x000000060d800000| Untracked 
|  38|0x000000060dc00000, 0x000000060dc00000, 0x000000060e000000|  0%| F|  |TAMS 0x000000060dc00000, 0x000000060dc00000| Untracked 
|  39|0x000000060e000000, 0x000000060e000000, 0x000000060e400000|  0%| F|  |TAMS 0x000000060e000000, 0x000000060e000000| Untracked 
|  40|0x000000060e400000, 0x000000060e400000, 0x000000060e800000|  0%| F|  |TAMS 0x000000060e400000, 0x000000060e400000| Untracked 
|  41|0x000000060e800000, 0x000000060e800000, 0x000000060ec00000|  0%| F|  |TAMS 0x000000060e800000, 0x000000060e800000| Untracked 
|  42|0x000000060ec00000, 0x000000060ec00000, 0x000000060f000000|  0%| F|  |TAMS 0x000000060ec00000, 0x000000060ec00000| Untracked 
|  43|0x000000060f000000, 0x000000060f000000, 0x000000060f400000|  0%| F|  |TAMS 0x000000060f000000, 0x000000060f000000| Untracked 
|  44|0x000000060f400000, 0x000000060f400000, 0x000000060f800000|  0%| F|  |TAMS 0x000000060f400000, 0x000000060f400000| Untracked 
|  45|0x000000060f800000, 0x000000060f800000, 0x000000060fc00000|  0%| F|  |TAMS 0x000000060f800000, 0x000000060f800000| Untracked 
|  46|0x000000060fc00000, 0x000000060fc00000, 0x0000000610000000|  0%| F|  |TAMS 0x000000060fc00000, 0x000000060fc00000| Untracked 
|  47|0x0000000610000000, 0x0000000610000000, 0x0000000610400000|  0%| F|  |TAMS 0x0000000610000000, 0x0000000610000000| Untracked 
|  48|0x0000000610400000, 0x0000000610400000, 0x0000000610800000|  0%| F|  |TAMS 0x0000000610400000, 0x0000000610400000| Untracked 
|  49|0x0000000610800000, 0x0000000610800000, 0x0000000610c00000|  0%| F|  |TAMS 0x0000000610800000, 0x0000000610800000| Untracked 
|  50|0x0000000610c00000, 0x0000000610c00000, 0x0000000611000000|  0%| F|  |TAMS 0x0000000610c00000, 0x0000000610c00000| Untracked 
|  51|0x0000000611000000, 0x0000000611000000, 0x0000000611400000|  0%| F|  |TAMS 0x0000000611000000, 0x0000000611000000| Untracked 
|  52|0x0000000611400000, 0x0000000611400000, 0x0000000611800000|  0%| F|  |TAMS 0x0000000611400000, 0x0000000611400000| Untracked 
|  53|0x0000000611800000, 0x0000000611800000, 0x0000000611c00000|  0%| F|  |TAMS 0x0000000611800000, 0x0000000611800000| Untracked 
|  54|0x0000000611c00000, 0x0000000611c00000, 0x0000000612000000|  0%| F|  |TAMS 0x0000000611c00000, 0x0000000611c00000| Untracked 
|  55|0x0000000612000000, 0x0000000612000000, 0x0000000612400000|  0%| F|  |TAMS 0x0000000612000000, 0x0000000612000000| Untracked 
|  56|0x0000000612400000, 0x0000000612400000, 0x0000000612800000|  0%| F|  |TAMS 0x0000000612400000, 0x0000000612400000| Untracked 
|  57|0x0000000612800000, 0x0000000612800000, 0x0000000612c00000|  0%| F|  |TAMS 0x0000000612800000, 0x0000000612800000| Untracked 
|  58|0x0000000612c00000, 0x0000000612c00000, 0x0000000613000000|  0%| F|  |TAMS 0x0000000612c00000, 0x0000000612c00000| Untracked 
|  59|0x0000000613000000, 0x0000000613000000, 0x0000000613400000|  0%| F|  |TAMS 0x0000000613000000, 0x0000000613000000| Untracked 
|  60|0x0000000613400000, 0x0000000613400000, 0x0000000613800000|  0%| F|  |TAMS 0x0000000613400000, 0x0000000613400000| Untracked 
|  61|0x0000000613800000, 0x0000000613800000, 0x0000000613c00000|  0%| F|  |TAMS 0x0000000613800000, 0x0000000613800000| Untracked 
|  62|0x0000000613c00000, 0x0000000613c00000, 0x0000000614000000|  0%| F|  |TAMS 0x0000000613c00000, 0x0000000613c00000| Untracked 
|  63|0x0000000614000000, 0x0000000614000000, 0x0000000614400000|  0%| F|  |TAMS 0x0000000614000000, 0x0000000614000000| Untracked 
|  64|0x0000000614400000, 0x0000000614400000, 0x0000000614800000|  0%| F|  |TAMS 0x0000000614400000, 0x0000000614400000| Untracked 
|  65|0x0000000614800000, 0x0000000614800000, 0x0000000614c00000|  0%| F|  |TAMS 0x0000000614800000, 0x0000000614800000| Untracked 
|  66|0x0000000614c00000, 0x0000000614c00000, 0x0000000615000000|  0%| F|  |TAMS 0x0000000614c00000, 0x0000000614c00000| Untracked 
|  67|0x0000000615000000, 0x0000000615000000, 0x0000000615400000|  0%| F|  |TAMS 0x0000000615000000, 0x0000000615000000| Untracked 
|  68|0x0000000615400000, 0x0000000615400000, 0x0000000615800000|  0%| F|  |TAMS 0x0000000615400000, 0x0000000615400000| Untracked 
|  69|0x0000000615800000, 0x0000000615800000, 0x0000000615c00000|  0%| F|  |TAMS 0x0000000615800000, 0x0000000615800000| Untracked 
|  70|0x0000000615c00000, 0x0000000615c00000, 0x0000000616000000|  0%| F|  |TAMS 0x0000000615c00000, 0x0000000615c00000| Untracked 
|  71|0x0000000616000000, 0x0000000616000000, 0x0000000616400000|  0%| F|  |TAMS 0x0000000616000000, 0x0000000616000000| Untracked 
|  72|0x0000000616400000, 0x0000000616400000, 0x0000000616800000|  0%| F|  |TAMS 0x0000000616400000, 0x0000000616400000| Untracked 
|  73|0x0000000616800000, 0x0000000616800000, 0x0000000616c00000|  0%| F|  |TAMS 0x0000000616800000, 0x0000000616800000| Untracked 
|  74|0x0000000616c00000, 0x0000000616c00000, 0x0000000617000000|  0%| F|  |TAMS 0x0000000616c00000, 0x0000000616c00000| Untracked 
|  75|0x0000000617000000, 0x0000000617000000, 0x0000000617400000|  0%| F|  |TAMS 0x0000000617000000, 0x0000000617000000| Untracked 
|  76|0x0000000617400000, 0x0000000617400000, 0x0000000617800000|  0%| F|  |TAMS 0x0000000617400000, 0x0000000617400000| Untracked 
|  77|0x0000000617800000, 0x0000000617800000, 0x0000000617c00000|  0%| F|  |TAMS 0x0000000617800000, 0x0000000617800000| Untracked 
|  78|0x0000000617c00000, 0x0000000617c00000, 0x0000000618000000|  0%| F|  |TAMS 0x0000000617c00000, 0x0000000617c00000| Untracked 
|  79|0x0000000618000000, 0x0000000618000000, 0x0000000618400000|  0%| F|  |TAMS 0x0000000618000000, 0x0000000618000000| Untracked 
|  80|0x0000000618400000, 0x0000000618400000, 0x0000000618800000|  0%| F|  |TAMS 0x0000000618400000, 0x0000000618400000| Untracked 
|  81|0x0000000618800000, 0x0000000618800000, 0x0000000618c00000|  0%| F|  |TAMS 0x0000000618800000, 0x0000000618800000| Untracked 
|  82|0x0000000618c00000, 0x0000000618c00000, 0x0000000619000000|  0%| F|  |TAMS 0x0000000618c00000, 0x0000000618c00000| Untracked 
|  83|0x0000000619000000, 0x0000000619000000, 0x0000000619400000|  0%| F|  |TAMS 0x0000000619000000, 0x0000000619000000| Untracked 
|  84|0x0000000619400000, 0x0000000619400000, 0x0000000619800000|  0%| F|  |TAMS 0x0000000619400000, 0x0000000619400000| Untracked 
|  85|0x0000000619800000, 0x0000000619800000, 0x0000000619c00000|  0%| F|  |TAMS 0x0000000619800000, 0x0000000619800000| Untracked 
|  86|0x0000000619c00000, 0x0000000619c00000, 0x000000061a000000|  0%| F|  |TAMS 0x0000000619c00000, 0x0000000619c00000| Untracked 
|  87|0x000000061a000000, 0x000000061a000000, 0x000000061a400000|  0%| F|  |TAMS 0x000000061a000000, 0x000000061a000000| Untracked 
|  88|0x000000061a400000, 0x000000061a400000, 0x000000061a800000|  0%| F|  |TAMS 0x000000061a400000, 0x000000061a400000| Untracked 
|  89|0x000000061a800000, 0x000000061a800000, 0x000000061ac00000|  0%| F|  |TAMS 0x000000061a800000, 0x000000061a800000| Untracked 
|  90|0x000000061ac00000, 0x000000061ac00000, 0x000000061b000000|  0%| F|  |TAMS 0x000000061ac00000, 0x000000061ac00000| Untracked 
|  91|0x000000061b000000, 0x000000061b000000, 0x000000061b400000|  0%| F|  |TAMS 0x000000061b000000, 0x000000061b000000| Untracked 
|  92|0x000000061b400000, 0x000000061b400000, 0x000000061b800000|  0%| F|  |TAMS 0x000000061b400000, 0x000000061b400000| Untracked 
|  93|0x000000061b800000, 0x000000061b800000, 0x000000061bc00000|  0%| F|  |TAMS 0x000000061b800000, 0x000000061b800000| Untracked 
|  94|0x000000061bc00000, 0x000000061bc00000, 0x000000061c000000|  0%| F|  |TAMS 0x000000061bc00000, 0x000000061bc00000| Untracked 
|  95|0x000000061c000000, 0x000000061c000000, 0x000000061c400000|  0%| F|  |TAMS 0x000000061c000000, 0x000000061c000000| Untracked 
|  96|0x000000061c400000, 0x000000061c400000, 0x000000061c800000|  0%| F|  |TAMS 0x000000061c400000, 0x000000061c400000| Untracked 
|  97|0x000000061c800000, 0x000000061c800000, 0x000000061cc00000|  0%| F|  |TAMS 0x000000061c800000, 0x000000061c800000| Untracked 
|  98|0x000000061cc00000, 0x000000061cc00000, 0x000000061d000000|  0%| F|  |TAMS 0x000000061cc00000, 0x000000061cc00000| Untracked 
|  99|0x000000061d000000, 0x000000061d000000, 0x000000061d400000|  0%| F|  |TAMS 0x000000061d000000, 0x000000061d000000| Untracked 
| 100|0x000000061d400000, 0x000000061d400000, 0x000000061d800000|  0%| F|  |TAMS 0x000000061d400000, 0x000000061d400000| Untracked 
| 101|0x000000061d800000, 0x000000061d800000, 0x000000061dc00000|  0%| F|  |TAMS 0x000000061d800000, 0x000000061d800000| Untracked 
| 102|0x000000061dc00000, 0x000000061dc00000, 0x000000061e000000|  0%| F|  |TAMS 0x000000061dc00000, 0x000000061dc00000| Untracked 
| 103|0x000000061e000000, 0x000000061e000000, 0x000000061e400000|  0%| F|  |TAMS 0x000000061e000000, 0x000000061e000000| Untracked 
| 104|0x000000061e400000, 0x000000061e400000, 0x000000061e800000|  0%| F|  |TAMS 0x000000061e400000, 0x000000061e400000| Untracked 
| 105|0x000000061e800000, 0x000000061e800000, 0x000000061ec00000|  0%| F|  |TAMS 0x000000061e800000, 0x000000061e800000| Untracked 
| 106|0x000000061ec00000, 0x000000061ec00000, 0x000000061f000000|  0%| F|  |TAMS 0x000000061ec00000, 0x000000061ec00000| Untracked 
| 107|0x000000061f000000, 0x000000061f000000, 0x000000061f400000|  0%| F|  |TAMS 0x000000061f000000, 0x000000061f000000| Untracked 
| 108|0x000000061f400000, 0x000000061f400000, 0x000000061f800000|  0%| F|  |TAMS 0x000000061f400000, 0x000000061f400000| Untracked 
| 109|0x000000061f800000, 0x000000061f800000, 0x000000061fc00000|  0%| F|  |TAMS 0x000000061f800000, 0x000000061f800000| Untracked 
| 110|0x000000061fc00000, 0x000000061fc00000, 0x0000000620000000|  0%| F|  |TAMS 0x000000061fc00000, 0x000000061fc00000| Untracked 
| 111|0x0000000620000000, 0x0000000620000000, 0x0000000620400000|  0%| F|  |TAMS 0x0000000620000000, 0x0000000620000000| Untracked 
| 112|0x0000000620400000, 0x0000000620400000, 0x0000000620800000|  0%| F|  |TAMS 0x0000000620400000, 0x0000000620400000| Untracked 
| 113|0x0000000620800000, 0x0000000620800000, 0x0000000620c00000|  0%| F|  |TAMS 0x0000000620800000, 0x0000000620800000| Untracked 
| 114|0x0000000620c00000, 0x0000000620c00000, 0x0000000621000000|  0%| F|  |TAMS 0x0000000620c00000, 0x0000000620c00000| Untracked 
| 115|0x0000000621000000, 0x0000000621000000, 0x0000000621400000|  0%| F|  |TAMS 0x0000000621000000, 0x0000000621000000| Untracked 
| 116|0x0000000621400000, 0x0000000621400000, 0x0000000621800000|  0%| F|  |TAMS 0x0000000621400000, 0x0000000621400000| Untracked 
| 117|0x0000000621800000, 0x0000000621800000, 0x0000000621c00000|  0%| F|  |TAMS 0x0000000621800000, 0x0000000621800000| Untracked 
| 118|0x0000000621c00000, 0x0000000621d53c78, 0x0000000622000000| 33%| E|  |TAMS 0x0000000621c00000, 0x0000000621c00000| Complete 
| 119|0x0000000622000000, 0x0000000622400000, 0x0000000622400000|100%| E|CS|TAMS 0x0000000622000000, 0x0000000622000000| Complete 
| 120|0x0000000622400000, 0x0000000622800000, 0x0000000622800000|100%| E|CS|TAMS 0x0000000622400000, 0x0000000622400000| Complete 
| 121|0x0000000622800000, 0x0000000622a49210, 0x0000000622c00000| 57%| S|CS|TAMS 0x0000000622800000, 0x0000000622800000| Complete 
| 122|0x0000000622c00000, 0x0000000623000000, 0x0000000623000000|100%| E|CS|TAMS 0x0000000622c00000, 0x0000000622c00000| Complete 
| 123|0x0000000623000000, 0x0000000623400000, 0x0000000623400000|100%| E|CS|TAMS 0x0000000623000000, 0x0000000623000000| Complete 
| 124|0x0000000623400000, 0x0000000623800000, 0x0000000623800000|100%| E|CS|TAMS 0x0000000623400000, 0x0000000623400000| Complete 
| 125|0x0000000623800000, 0x0000000623c00000, 0x0000000623c00000|100%| E|CS|TAMS 0x0000000623800000, 0x0000000623800000| Complete 
| 126|0x0000000623c00000, 0x0000000624000000, 0x0000000624000000|100%| E|CS|TAMS 0x0000000623c00000, 0x0000000623c00000| Complete 

Card table byte_map: [0x0000019298ef0000,0x0000019299ed0000] _byte_map_base: 0x0000019295ece000

Marking Bits (Prev, Next): (CMBitMap*) 0x00000192aac91260, (CMBitMap*) 0x00000192aac912a0
 Prev Bits: [0x000001929aeb0000, 0x00000192a2da0000)
 Next Bits: [0x00000192a2da0000, 0x00000192aac90000)

Polling page: 0x00000192ff180000

Metaspace:

Usage:
  Non-class:     12.65 MB used.
      Class:      1.77 MB used.
       Both:     14.42 MB used.

Virtual space:
  Non-class space:       64.00 MB reserved,      12.75 MB ( 20%) committed,  1 nodes.
      Class space:        1.00 GB reserved,       1.88 MB ( <1%) committed,  1 nodes.
             Both:        1.06 GB reserved,      14.62 MB (  1%) committed. 

Chunk freelists:
   Non-Class:  3.08 MB
       Class:  14.05 MB
        Both:  17.12 MB

MaxMetaspaceSize: unlimited
CompressedClassSpaceSize: 1.00 GB
Initial GC threshold: 21.00 MB
Current GC threshold: 21.00 MB
CDS: on
MetaspaceReclaimPolicy: balanced
 - commit_granule_bytes: 65536.
 - commit_granule_words: 8192.
 - virtual_space_node_default_size: 8388608.
 - enlarge_chunks_in_place: 1.
 - new_chunks_are_fully_committed: 0.
 - uncommit_free_chunks: 1.
 - use_allocation_guard: 0.
 - handle_deallocations: 1.


Internal statistics:

num_allocs_failed_limit: 0.
num_arena_births: 210.
num_arena_deaths: 0.
num_vsnodes_births: 2.
num_vsnodes_deaths: 0.
num_space_committed: 234.
num_space_uncommitted: 0.
num_chunks_returned_to_freelist: 0.
num_chunks_taken_from_freelist: 675.
num_chunk_merges: 0.
num_chunk_splits: 471.
num_chunks_enlarged: 371.
num_inconsistent_stats: 0.

CodeHeap 'non-profiled nmethods': size=120000Kb used=824Kb max_used=824Kb free=119175Kb
 bounds [0x00000192906b0000, 0x0000019290920000, 0x0000019297be0000]
CodeHeap 'profiled nmethods': size=120000Kb used=4100Kb max_used=4100Kb free=115899Kb
 bounds [0x0000019288be0000, 0x0000019288ff0000, 0x0000019290110000]
CodeHeap 'non-nmethods': size=5760Kb used=1204Kb max_used=1227Kb free=4555Kb
 bounds [0x0000019290110000, 0x0000019290380000, 0x00000192906b0000]
 total_blobs=2582 nmethods=2095 adapters=399
 compilation: enabled
              stopped_count=0, restarted_count=0
 full_count=0

Compilation events (20 events):
Event: 5.677 Thread 0x00000192f3de60c0 2076       4       jdk.internal.access.SharedSecrets::getJavaLangAccess (4 bytes)
Event: 5.678 Thread 0x00000192f3de60c0 nmethod 2076 0x0000019290779a90 code [0x0000019290779c00, 0x0000019290779c78]
Event: 5.706 Thread 0x00000192f3de60c0 2084   !   4       java.util.zip.Inflater::inflate (418 bytes)
Event: 5.713 Thread 0x00000192f3de60c0 nmethod 2084 0x0000019290779d90 code [0x0000019290779f40, 0x000001929077a658]
Event: 5.716 Thread 0x00000192f3de60c0 2085       4       java.net.URLStreamHandler::setURL (73 bytes)
Event: 5.720 Thread 0x00000192aae4c310 2087       3       java.util.concurrent.ConcurrentHashMap::get (162 bytes)
Event: 5.722 Thread 0x00000192aae4c310 nmethod 2087 0x0000019288fde790 code [0x0000019288fde9e0, 0x0000019288fdf4e8]
Event: 5.748 Thread 0x00000192f3de60c0 nmethod 2085 0x000001929077ad10 code [0x000001929077aec0, 0x000001929077ba68]
Event: 5.749 Thread 0x00000192f3de60c0 2088       4       java.lang.String::indexOf (64 bytes)
Event: 5.751 Thread 0x00000192f3de60c0 nmethod 2088 0x000001929077be90 code [0x000001929077c000, 0x000001929077c238]
Event: 5.751 Thread 0x00000192f3de60c0 2089       4       java.lang.StringLatin1::indexOf (25 bytes)
Event: 5.753 Thread 0x00000192f3de60c0 nmethod 2089 0x000001929077c310 code [0x000001929077c480, 0x000001929077c698]
Event: 5.753 Thread 0x00000192f3de60c0 2086   !   4       java.net.URL::set (114 bytes)
Event: 5.768 Thread 0x00000192aae4c310 2090       3       jdk.internal.loader.AbstractClassLoaderValue::<init> (5 bytes)
Event: 5.768 Thread 0x00000192aae4c310 nmethod 2090 0x0000019288fdf810 code [0x0000019288fdf9a0, 0x0000019288fdfaf8]
Event: 5.768 Thread 0x00000192f3de60c0 nmethod 2086 0x000001929077c790 code [0x000001929077c900, 0x000001929077d218]
Event: 5.768 Thread 0x00000192f3de60c0 2091       4       org.springframework.core.annotation.AttributeMethods::size (6 bytes)
Event: 5.769 Thread 0x00000192f3de60c0 nmethod 2091 0x000001929077d310 code [0x000001929077d480, 0x000001929077d518]
Event: 5.769 Thread 0x00000192f3de60c0 2092       4       sun.reflect.generics.parser.SignatureParser::skipIdentifier (67 bytes)
Event: 5.776 Thread 0x00000192aae4c310 2093       3       jdk.internal.loader.AbstractClassLoaderValue::sub (10 bytes)

GC Heap History (4 events):
Event: 2.454 GC heap before
{Heap before GC invocations=0 (full 0):
 garbage-first heap   total 520192K, used 20480K [0x0000000604400000, 0x0000000800000000)
  region size 4096K, 6 young (24576K), 0 survivors (0K)
 Metaspace       used 4649K, committed 4864K, reserved 1114112K
  class space    used 520K, committed 640K, reserved 1048576K
}
Event: 2.670 GC heap after
{Heap after GC invocations=1 (full 0):
 garbage-first heap   total 520192K, used 8336K [0x0000000604400000, 0x0000000800000000)
  region size 4096K, 1 young (4096K), 1 survivors (4096K)
 Metaspace       used 4649K, committed 4864K, reserved 1114112K
  class space    used 520K, committed 640K, reserved 1048576K
}
Event: 4.203 GC heap before
{Heap before GC invocations=1 (full 0):
 garbage-first heap   total 520192K, used 28816K [0x0000000604400000, 0x0000000800000000)
  region size 4096K, 6 young (24576K), 1 survivors (4096K)
 Metaspace       used 7910K, committed 8128K, reserved 1114112K
  class space    used 957K, committed 1024K, reserved 1048576K
}
Event: 4.206 GC heap after
{Heap after GC invocations=2 (full 0):
 garbage-first heap   total 520192K, used 10208K [0x0000000604400000, 0x0000000800000000)
  region size 4096K, 1 young (4096K), 1 survivors (4096K)
 Metaspace       used 7910K, committed 8128K, reserved 1114112K
  class space    used 957K, committed 1024K, reserved 1048576K
}

Deoptimization events (20 events):
Event: 5.487 Thread 0x00000192f3d9c0d0 Uncommon trap: trap_request=0xffffff45 fr.pc=0x00000192906bacd0 relative=0x0000000000000430
Event: 5.487 Thread 0x00000192f3d9c0d0 Uncommon trap: reason=unstable_if action=reinterpret pc=0x00000192906bacd0 method=java.lang.AbstractStringBuilder.isLatin1()Z @ 10 c2
Event: 5.487 Thread 0x00000192f3d9c0d0 DEOPT PACKING pc=0x00000192906bacd0 sp=0x00000073942fddc0
Event: 5.487 Thread 0x00000192f3d9c0d0 DEOPT UNPACKING pc=0x0000019290165ba3 sp=0x00000073942fdd40 mode 2
Event: 5.487 Thread 0x00000192f3d9c0d0 Uncommon trap: trap_request=0xffffff45 fr.pc=0x00000192906bcbdc relative=0x000000000000005c
Event: 5.487 Thread 0x00000192f3d9c0d0 Uncommon trap: reason=unstable_if action=reinterpret pc=0x00000192906bcbdc method=java.lang.AbstractStringBuilder.isLatin1()Z @ 10 c2
Event: 5.487 Thread 0x00000192f3d9c0d0 DEOPT PACKING pc=0x00000192906bcbdc sp=0x00000073942fdda0
Event: 5.487 Thread 0x00000192f3d9c0d0 DEOPT UNPACKING pc=0x0000019290165ba3 sp=0x00000073942fdd30 mode 2
Event: 5.504 Thread 0x00000192f3d9c0d0 Uncommon trap: trap_request=0xffffff45 fr.pc=0x0000019290708e48 relative=0x0000000000000048
Event: 5.504 Thread 0x00000192f3d9c0d0 Uncommon trap: reason=unstable_if action=reinterpret pc=0x0000019290708e48 method=java.lang.CharacterData.of(I)Ljava/lang/CharacterData; @ 4 c2
Event: 5.504 Thread 0x00000192f3d9c0d0 DEOPT PACKING pc=0x0000019290708e48 sp=0x00000073942fd550
Event: 5.504 Thread 0x00000192f3d9c0d0 DEOPT UNPACKING pc=0x0000019290165ba3 sp=0x00000073942fd4e8 mode 2
Event: 5.563 Thread 0x00000192f3a5f570 Uncommon trap: trap_request=0xffffff45 fr.pc=0x000001929073c8fc relative=0x00000000000002dc
Event: 5.563 Thread 0x00000192f3a5f570 Uncommon trap: reason=unstable_if action=reinterpret pc=0x000001929073c8fc method=jdk.internal.org.objectweb.asm.SymbolTable.put(Ljdk/internal/org/objectweb/asm/SymbolTable$Entry;)Ljdk/internal/org/objectweb/asm/SymbolTable$Entry; @ 13 c2
Event: 5.563 Thread 0x00000192f3a5f570 DEOPT PACKING pc=0x000001929073c8fc sp=0x00000073941fcec0
Event: 5.563 Thread 0x00000192f3a5f570 DEOPT UNPACKING pc=0x0000019290165ba3 sp=0x00000073941fce40 mode 2
Event: 5.688 Thread 0x00000192f3d9c0d0 Uncommon trap: trap_request=0xffffff45 fr.pc=0x000001929071a634 relative=0x0000000000000294
Event: 5.688 Thread 0x00000192f3d9c0d0 Uncommon trap: reason=unstable_if action=reinterpret pc=0x000001929071a634 method=java.util.concurrent.ConcurrentHashMap.get(Ljava/lang/Object;)Ljava/lang/Object; @ 86 c2
Event: 5.688 Thread 0x00000192f3d9c0d0 DEOPT PACKING pc=0x000001929071a634 sp=0x00000073942fa760
Event: 5.688 Thread 0x00000192f3d9c0d0 DEOPT UNPACKING pc=0x0000019290165ba3 sp=0x00000073942fa6c8 mode 2

Classes unloaded (0 events):
No events

Classes redefined (0 events):
No events

Internal exceptions (20 events):
Event: 3.949 Thread 0x00000192f3a5f570 Exception <a 'java/lang/NoSuchMethodError'{0x0000000622ce4db8}: 'int java.lang.invoke.DirectMethodHandle$Holder.invokeInterface(java.lang.Object, java.lang.Object)'> (0x0000000622ce4db8) 
thrown [s\open\src\hotspot\share\interpreter\linkResolver.cpp, line 759]
Event: 3.971 Thread 0x00000192f3a5f570 Exception <a 'java/lang/NoSuchMethodError'{0x0000000622d56a60}: 'int java.lang.invoke.DirectMethodHandle$Holder.invokeVirtual(java.lang.Object, java.lang.Object)'> (0x0000000622d56a60) 
thrown [s\open\src\hotspot\share\interpreter\linkResolver.cpp, line 759]
Event: 4.004 Thread 0x00000192f3a5f570 Exception <a 'java/lang/NoSuchMethodError'{0x0000000622e085c8}: 'java.lang.Object java.lang.invoke.DirectMethodHandle$Holder.invokeSpecial(java.lang.Object, java.lang.Object, java.lang.Object, int, java.lang.Object)'> (0x0000000622e085c8) 
thrown [s\open\src\hotspot\share\interpreter\linkResolver.cpp, line 759]
Event: 4.005 Thread 0x00000192f3a5f570 Exception <a 'java/lang/NoSuchMethodError'{0x0000000622e10e68}: 'java.lang.Object java.lang.invoke.DirectMethodHandle$Holder.newInvokeSpecial(java.lang.Object, java.lang.Object, java.lang.Object, int, java.lang.Object)'> (0x0000000622e10e68) 
thrown [s\open\src\hotspot\share\interpreter\linkResolver.cpp, line 759]
Event: 4.006 Thread 0x00000192f3a5f570 Exception <a 'java/lang/NoSuchMethodError'{0x0000000622e18838}: 'java.lang.Object java.lang.invoke.Invokers$Holder.linkToTargetMethod(java.lang.Object, java.lang.Object, int, java.lang.Object, java.lang.Object)'> (0x0000000622e18838) 
thrown [s\open\src\hotspot\share\interpreter\linkResolver.cpp, line 759]
Event: 4.008 Thread 0x00000192f3a5f570 Exception <a 'java/lang/NoSuchMethodError'{0x0000000622e28218}: 'java.lang.Object java.lang.invoke.DirectMethodHandle$Holder.newInvokeSpecial(java.lang.Object, int, java.lang.Object)'> (0x0000000622e28218) 
thrown [s\open\src\hotspot\share\interpreter\linkResolver.cpp, line 759]
Event: 4.009 Thread 0x00000192f3a5f570 Exception <a 'java/lang/NoSuchMethodError'{0x0000000622e2cef8}: 'int java.lang.invoke.DirectMethodHandle$Holder.invokeSpecialIFC(java.lang.Object, java.lang.Object, java.lang.Object, java.lang.Object)'> (0x0000000622e2cef8) 
thrown [s\open\src\hotspot\share\interpreter\linkResolver.cpp, line 759]
Event: 4.057 Thread 0x00000192f3a5f570 Exception <a 'java/lang/NoSuchMethodError'{0x0000000622f2a2a8}: 'void java.lang.invoke.DirectMethodHandle$Holder.invokeInterface(java.lang.Object, java.lang.Object, java.lang.Object)'> (0x0000000622f2a2a8) 
thrown [s\open\src\hotspot\share\interpreter\linkResolver.cpp, line 759]
Event: 4.138 Thread 0x00000192f3a5f570 Exception <a 'java/lang/NoSuchMethodError'{0x0000000622fd2370}: 'java.lang.Object java.lang.invoke.DirectMethodHandle$Holder.invokeStatic(java.lang.Object, java.lang.Object, int)'> (0x0000000622fd2370) 
thrown [s\open\src\hotspot\share\interpreter\linkResolver.cpp, line 759]
Event: 4.149 Thread 0x00000192f3a5f570 Exception <a 'java/lang/NoSuchMethodError'{0x0000000622fddd88}: 'void java.lang.invoke.DelegatingMethodHandle$Holder.delegate(java.lang.Object, java.lang.Object, int, java.lang.Object)'> (0x0000000622fddd88) 
thrown [s\open\src\hotspot\share\interpreter\linkResolver.cpp, line 759]
Event: 5.083 Thread 0x00000192f3a5f570 Exception <a 'java/lang/NoSuchMethodError'{0x0000000623cb4900}: 'java.lang.Object java.lang.invoke.DirectMethodHandle$Holder.invokeVirtual(java.lang.Object, java.lang.Object, java.lang.Object)'> (0x0000000623cb4900) 
thrown [s\open\src\hotspot\share\interpreter\linkResolver.cpp, line 759]
Event: 5.112 Thread 0x00000192f3a5f570 Exception <a 'java/lang/NoSuchMethodError'{0x0000000623dc0510}: 'void java.lang.invoke.DirectMethodHandle$Holder.invokeStaticInit(java.lang.Object, java.lang.Object, java.lang.Object)'> (0x0000000623dc0510) 
thrown [s\open\src\hotspot\share\interpreter\linkResolver.cpp, line 759]
Event: 5.120 Thread 0x00000192f3a5f570 Exception <a 'java/lang/NoSuchMethodError'{0x0000000623de5580}: 'java.lang.Object java.lang.invoke.DirectMethodHandle$Holder.invokeStatic(java.lang.Object, java.lang.Object, long, java.lang.Object)'> (0x0000000623de5580) 
thrown [s\open\src\hotspot\share\interpreter\linkResolver.cpp, line 759]
Event: 5.121 Thread 0x00000192f3a5f570 Exception <a 'java/lang/NoSuchMethodError'{0x0000000623de9018}: 'java.lang.Object java.lang.invoke.DirectMethodHandle$Holder.invokeStaticInit(java.lang.Object, java.lang.Object, long, java.lang.Object)'> (0x0000000623de9018) 
thrown [s\open\src\hotspot\share\interpreter\linkResolver.cpp, line 759]
Event: 5.125 Thread 0x00000192f3a5f570 Exception <a 'java/lang/NoSuchMethodError'{0x0000000623def348}: 'java.lang.Object java.lang.invoke.DirectMethodHandle$Holder.newInvokeSpecial(java.lang.Object, java.lang.Object, long)'> (0x0000000623def348) 
thrown [s\open\src\hotspot\share\interpreter\linkResolver.cpp, line 759]
Event: 5.126 Thread 0x00000192f3a5f570 Exception <a 'java/lang/NoSuchMethodError'{0x0000000623df2eb8}: 'java.lang.Object java.lang.invoke.Invokers$Holder.linkToTargetMethod(java.lang.Object, long, java.lang.Object)'> (0x0000000623df2eb8) 
thrown [s\open\src\hotspot\share\interpreter\linkResolver.cpp, line 759]
Event: 5.170 Thread 0x00000192f3a5f570 Exception <a 'java/lang/NoSuchMethodError'{0x0000000623e4da88}: 'void java.lang.invoke.DirectMethodHandle$Holder.invokeSpecial(java.lang.Object, java.lang.Object, java.lang.Object, java.lang.Object, java.lang.Object)'> (0x0000000623e4da88) 
thrown [s\open\src\hotspot\share\interpreter\linkResolver.cpp, line 759]
Event: 5.171 Thread 0x00000192f3a5f570 Exception <a 'java/lang/NoSuchMethodError'{0x0000000623e56018}: 'void java.lang.invoke.DirectMethodHandle$Holder.invokeVirtual(java.lang.Object, java.lang.Object, java.lang.Object, java.lang.Object)'> (0x0000000623e56018) 
thrown [s\open\src\hotspot\share\interpreter\linkResolver.cpp, line 759]
Event: 5.235 Thread 0x00000192f3a5f570 Exception <a 'java/lang/NoSuchMethodError'{0x0000000623fe21e0}: 'void java.lang.invoke.DirectMethodHandle$Holder.invokeSpecial(java.lang.Object, java.lang.Object, java.lang.Object)'> (0x0000000623fe21e0) 
thrown [s\open\src\hotspot\share\interpreter\linkResolver.cpp, line 759]
Event: 5.244 Thread 0x00000192f3a5f570 Exception <a 'java/lang/IncompatibleClassChangeError'{0x0000000623810508}: Found class java.lang.Object, but interface was expected> (0x0000000623810508) 
thrown [s\open\src\hotspot\share\interpreter\linkResolver.cpp, line 826]

VM Operations (20 events):
Event: 3.968 Executing VM operation: Cleanup done
Event: 4.137 Executing VM operation: HandshakeAllThreads
Event: 4.137 Executing VM operation: HandshakeAllThreads done
Event: 4.203 Executing VM operation: G1CollectForAllocation
Event: 4.206 Executing VM operation: G1CollectForAllocation done
Event: 4.230 Executing VM operation: HandshakeAllThreads
Event: 4.230 Executing VM operation: HandshakeAllThreads done
Event: 4.234 Executing VM operation: HandshakeAllThreads
Event: 4.234 Executing VM operation: HandshakeAllThreads done
Event: 5.231 Executing VM operation: HandshakeAllThreads
Event: 5.231 Executing VM operation: HandshakeAllThreads done
Event: 5.231 Executing VM operation: Cleanup
Event: 5.232 Executing VM operation: Cleanup done
Event: 5.232 Executing VM operation: HandshakeAllThreads
Event: 5.232 Executing VM operation: HandshakeAllThreads done
Event: 5.491 Executing VM operation: HandshakeAllThreads
Event: 5.502 Executing VM operation: HandshakeAllThreads done
Event: 5.504 Executing VM operation: HandshakeAllThreads
Event: 5.504 Executing VM operation: HandshakeAllThreads done
Event: 6.504 Executing VM operation: Cleanup

Events (20 events):
Event: 5.533 loading class jdk/internal/reflect/ClassFileAssembler
Event: 5.534 loading class jdk/internal/reflect/ClassFileAssembler done
Event: 5.534 loading class jdk/internal/reflect/UTF8
Event: 5.534 loading class jdk/internal/reflect/UTF8 done
Event: 5.534 loading class jdk/internal/reflect/Label
Event: 5.535 loading class jdk/internal/reflect/Label done
Event: 5.535 loading class jdk/internal/reflect/Label$PatchInfo
Event: 5.535 loading class jdk/internal/reflect/Label$PatchInfo done
Event: 5.535 loading class jdk/internal/reflect/MethodAccessorGenerator$1
Event: 5.535 loading class jdk/internal/reflect/MethodAccessorGenerator$1 done
Event: 5.535 loading class jdk/internal/reflect/ClassDefiner
Event: 5.535 loading class jdk/internal/reflect/ClassDefiner done
Event: 5.535 loading class jdk/internal/reflect/ClassDefiner$1
Event: 5.535 loading class jdk/internal/reflect/ClassDefiner$1 done
Event: 5.535 loading class jdk/internal/reflect/BootstrapConstructorAccessorImpl
Event: 5.535 loading class jdk/internal/reflect/BootstrapConstructorAccessorImpl done
Event: 5.553 loading class java/lang/annotation/Repeatable
Event: 5.553 loading class java/lang/annotation/Repeatable done
Event: 5.648 loading class jdk/internal/reflect/UnsafeObjectFieldAccessorImpl
Event: 5.649 loading class jdk/internal/reflect/UnsafeObjectFieldAccessorImpl done


Dynamic libraries:
0x00007ff7456c0000 - 0x00007ff7456d0000 	C:\Program Files\java\jdk-17\bin\java.exe
0x00007ffa1caa0000 - 0x00007ffa1cd03000 	C:\WINDOWS\SYSTEM32\ntdll.dll
0x00007ffa1bf50000 - 0x00007ffa1c018000 	C:\WINDOWS\System32\KERNEL32.DLL
0x00007ffa1a260000 - 0x00007ffa1a612000 	C:\WINDOWS\System32\KERNELBASE.dll
0x00007ffa1a060000 - 0x00007ffa1a1ab000 	C:\WINDOWS\System32\ucrtbase.dll
0x00007ff9ef3e0000 - 0x00007ff9ef3f9000 	C:\Program Files\java\jdk-17\bin\jli.dll
0x00007ffa1ae50000 - 0x00007ffa1af04000 	C:\WINDOWS\System32\ADVAPI32.dll
0x00007ffa1c490000 - 0x00007ffa1c539000 	C:\WINDOWS\System32\msvcrt.dll
0x00007ffa1c240000 - 0x00007ffa1c2e6000 	C:\WINDOWS\System32\sechost.dll
0x00007ffa1c2f0000 - 0x00007ffa1c406000 	C:\WINDOWS\System32\RPCRT4.dll
0x00007ffa1a900000 - 0x00007ffa1aac8000 	C:\WINDOWS\System32\USER32.dll
0x00007ffa1a620000 - 0x00007ffa1a647000 	C:\WINDOWS\System32\win32u.dll
0x00007ffa1c210000 - 0x00007ffa1c23a000 	C:\WINDOWS\System32\GDI32.dll
0x00007ffa1a7d0000 - 0x00007ffa1a8fb000 	C:\WINDOWS\System32\gdi32full.dll
0x00007ffa1a1b0000 - 0x00007ffa1a253000 	C:\WINDOWS\System32\msvcp_win.dll
0x00007ff9eee40000 - 0x00007ff9eee5b000 	C:\Program Files\java\jdk-17\bin\VCRUNTIME140.dll
0x00007ff9fbef0000 - 0x00007ff9fc180000 	C:\WINDOWS\WinSxS\amd64_microsoft.windows.common-controls_6595b64144ccf1df_6.0.26100.2454_none_3e0b68a2e331ad60\COMCTL32.dll
0x00007ffa14cc0000 - 0x00007ffa14ccb000 	C:\WINDOWS\SYSTEM32\VERSION.dll
0x00007ffa1c0d0000 - 0x00007ffa1c0ff000 	C:\WINDOWS\System32\IMM32.DLL
0x00007ffa07640000 - 0x00007ffa0764c000 	C:\Program Files\java\jdk-17\bin\vcruntime140_1.dll
0x00007ff9cd320000 - 0x00007ff9cd3ae000 	C:\Program Files\java\jdk-17\bin\msvcp140.dll
0x00007ff992790000 - 0x00007ff993371000 	C:\Program Files\java\jdk-17\bin\server\jvm.dll
0x00007ffa1c110000 - 0x00007ffa1c118000 	C:\WINDOWS\System32\PSAPI.DLL
0x00007ffa072d0000 - 0x00007ffa072da000 	C:\WINDOWS\SYSTEM32\WSOCK32.dll
0x00007ffa1acd0000 - 0x00007ffa1ad44000 	C:\WINDOWS\System32\WS2_32.dll
0x00007ffa0ea90000 - 0x00007ffa0eac6000 	C:\WINDOWS\SYSTEM32\WINMM.dll
0x00007ffa18c70000 - 0x00007ffa18c8a000 	C:\WINDOWS\SYSTEM32\kernel.appcore.dll
0x00007ffa06f40000 - 0x00007ffa06f4a000 	C:\Program Files\java\jdk-17\bin\jimage.dll
0x00007ffa17740000 - 0x00007ffa17981000 	C:\WINDOWS\SYSTEM32\DBGHELP.DLL
0x00007ffa1c5e0000 - 0x00007ffa1c95e000 	C:\WINDOWS\System32\combase.dll
0x00007ffa1ad50000 - 0x00007ffa1ae26000 	C:\WINDOWS\System32\OLEAUT32.dll
0x00007ffa00f90000 - 0x00007ffa00fc9000 	C:\WINDOWS\SYSTEM32\dbgcore.DLL
0x00007ffa19fc0000 - 0x00007ffa1a059000 	C:\WINDOWS\System32\bcryptPrimitives.dll
0x00007ff9dfdc0000 - 0x00007ff9dfde5000 	C:\Program Files\java\jdk-17\bin\java.dll
0x00007ff9cb330000 - 0x00007ff9cb407000 	C:\Program Files\java\jdk-17\bin\jsvml.dll
0x00007ffa1af60000 - 0x00007ffa1b660000 	C:\WINDOWS\System32\SHELL32.dll
0x00007ffa17b40000 - 0x00007ffa18371000 	C:\WINDOWS\SYSTEM32\windows.storage.dll
0x00007ffa1c130000 - 0x00007ffa1c20a000 	C:\WINDOWS\System32\SHCORE.dll
0x00007ffa1b6e0000 - 0x00007ffa1b73d000 	C:\WINDOWS\System32\shlwapi.dll
0x00007ffa19d80000 - 0x00007ffa19dae000 	C:\WINDOWS\SYSTEM32\profapi.dll
0x00007ffa03c60000 - 0x00007ffa03c79000 	C:\Program Files\java\jdk-17\bin\net.dll
0x00007ffa15b50000 - 0x00007ffa15c76000 	C:\WINDOWS\SYSTEM32\WINHTTP.dll
0x00007ffa19150000 - 0x00007ffa191b8000 	C:\WINDOWS\system32\mswsock.dll
0x00007ff9edfd0000 - 0x00007ff9edfe6000 	C:\Program Files\java\jdk-17\bin\nio.dll
0x00007ff9e9960000 - 0x00007ff9e9978000 	C:\Program Files\java\jdk-17\bin\zip.dll
0x00007ffa066a0000 - 0x00007ffa066aa000 	C:\Program Files\java\jdk-17\bin\management.dll
0x00007ffa055a0000 - 0x00007ffa055ab000 	C:\Program Files\java\jdk-17\bin\management_ext.dll
0x00007ffa18690000 - 0x00007ffa186c2000 	C:\WINDOWS\SYSTEM32\IPHLPAPI.DLL
0x00007ffa1c5d0000 - 0x00007ffa1c5da000 	C:\WINDOWS\System32\NSI.dll
0x00007ffa15cb0000 - 0x00007ffa15cce000 	C:\WINDOWS\SYSTEM32\dhcpcsvc6.DLL
0x00007ffa15c80000 - 0x00007ffa15ca5000 	C:\WINDOWS\SYSTEM32\dhcpcsvc.DLL
0x00007ffa186d0000 - 0x00007ffa187f5000 	C:\WINDOWS\SYSTEM32\DNSAPI.dll
0x00007ffa14640000 - 0x00007ffa1464b000 	C:\Windows\System32\rasadhlp.dll
0x00007ffa15e70000 - 0x00007ffa15ef5000 	C:\WINDOWS\System32\fwpuclnt.dll

dbghelp: loaded successfully - version: 4.0.5 - missing functions: none
symbol engine: initialized successfully - sym options: 0x614 - pdb path: .;C:\Program Files\java\jdk-17\bin;C:\WINDOWS\SYSTEM32;C:\WINDOWS\WinSxS\amd64_microsoft.windows.common-controls_6595b64144ccf1df_6.0.26100.2454_none_3e0b68a2e331ad60;C:\Program Files\java\jdk-17\bin\server

VM Arguments:
jvm_args: -XX:+ShowCodeDetailsInExceptionMessages 
java_command: com.manamer.SellOut.infraestructure.eurekaserver.EurekaserverApplication
java_class_path (initial): C:\Users\Fernanda Jama\OneDrive - Manamer\Documentos\PROYEC_DEVELOP\SellOut\backend\infraestructure\eureka\target\classes;C:\Users\Fernanda Jama\.m2\repository\org\springframework\cloud\spring-cloud-starter-netflix-eureka-server\4.1.1\spring-cloud-starter-netflix-eureka-server-4.1.1.jar;C:\Users\Fernanda Jama\.m2\repository\org\springframework\cloud\spring-cloud-starter\4.1.2\spring-cloud-starter-4.1.2.jar;C:\Users\Fernanda Jama\.m2\repository\org\springframework\cloud\spring-cloud-context\4.1.2\spring-cloud-context-4.1.2.jar;C:\Users\Fernanda Jama\.m2\repository\org\springframework\security\spring-security-crypto\6.3.1\spring-security-crypto-6.3.1.jar;C:\Users\Fernanda Jama\.m2\repository\org\springframework\cloud\spring-cloud-commons\4.1.2\spring-cloud-commons-4.1.2.jar;C:\Users\Fernanda Jama\.m2\repository\org\springframework\security\spring-security-rsa\1.1.2\spring-security-rsa-1.1.2.jar;C:\Users\Fernanda Jama\.m2\repository\org\bouncycastle\bcprov-jdk18on\1.77\bcprov-jdk18on-1.77.jar;C:\Users\Fernanda Jama\.m2\repository\org\springframework\cloud\spring-cloud-netflix-eureka-server\4.1.1\spring-cloud-netflix-eureka-server-4.1.1.jar;C:\Users\Fernanda Jama\.m2\repository\org\springframework\boot\spring-boot-starter-web\3.2.4\spring-boot-starter-web-3.2.4.jar;C:\Users\Fernanda Jama\.m2\repository\org\springframework\boot\spring-boot-starter-json\3.2.4\spring-boot-starter-json-3.2.4.jar;C:\Users\Fernanda Jama\.m2\repository\com\fasterxml\jackson\datatype\jackson-datatype-jdk8\2.17.2\jackson-datatype-jdk8-2.17.2.jar;C:\Users\Fernanda Jama\.m2\repository\com\fasterxml\jackson\module\jackson-module-parameter-names\2.17.2\jackson-module-parameter-names-2.17.2.jar;C:\Users\Fernanda Jama\.m2\repository\org\springframework\boot\spring-boot-starter-tomcat\3.2.4\spring-boot-starter-tomcat-3.2.4.jar;C:\Users\Fernanda Jama\.m2\repository\org\apache\tomcat\embed\tomcat-embed-core\10.1.19\tomcat-embed-core-10.1.19.jar;C:\Users\Fernanda Jama\.m2\repo
Launcher Type: SUN_STANDARD

[Global flags]
     intx CICompilerCount                          = 4                                         {product} {ergonomic}
     uint ConcGCThreads                            = 2                                         {product} {ergonomic}
     uint G1ConcRefinementThreads                  = 8                                         {product} {ergonomic}
   size_t G1HeapRegionSize                         = 4194304                                   {product} {ergonomic}
    uintx GCDrainStackTargetSize                   = 64                                        {product} {ergonomic}
   size_t InitialHeapSize                          = 532676608                                 {product} {ergonomic}
   size_t MarkStackSize                            = 4194304                                   {product} {ergonomic}
   size_t MaxHeapSize                              = 8518631424                                {product} {ergonomic}
   size_t MaxNewSize                               = 5108662272                                {product} {ergonomic}
   size_t MinHeapDeltaBytes                        = 4194304                                   {product} {ergonomic}
   size_t MinHeapSize                              = 8388608                                   {product} {ergonomic}
    uintx NonNMethodCodeHeapSize                   = 5839372                                {pd product} {ergonomic}
    uintx NonProfiledCodeHeapSize                  = 122909434                              {pd product} {ergonomic}
    uintx ProfiledCodeHeapSize                     = 122909434                              {pd product} {ergonomic}
    uintx ReservedCodeCacheSize                    = 251658240                              {pd product} {ergonomic}
     bool SegmentedCodeCache                       = true                                      {product} {ergonomic}
     bool ShowCodeDetailsInExceptionMessages       = true                                   {manageable} {command line}
   size_t SoftMaxHeapSize                          = 8518631424                             {manageable} {ergonomic}
     bool UseCompressedClassPointers               = true                           {product lp64_product} {ergonomic}
     bool UseCompressedOops                        = true                           {product lp64_product} {ergonomic}
     bool UseG1GC                                  = true                                      {product} {ergonomic}
     bool UseLargePagesIndividualAllocation        = false                                  {pd product} {ergonomic}

Logging:
Log output configuration:
 #0: stdout all=warning uptime,level,tags
 #1: stderr all=off uptime,level,tags

Environment Variables:
JAVA_HOME=C:\Program Files\java\jdk-17
CLASSPATH=C:\Program Files\SAP\SAP Business One DI API\JCO\LIB\sbowrapper.jar;C:\Program Files\SAP\SAP Business One DI API\JCO\LIB\sboapi.jar;C:\Program Files (x86)\SAP\SAP Business One DI API\JCO\LIB\sbowrapper.jar;C:\Program Files (x86)\SAP\SAP Business One DI API\JCO\LIB\sboapi.jar
PATH=C:\Python312\Scripts\;C:\Python312\;C:\Program Files\Eclipse Adoptium\jdk-21.0.3.9-hotspot\bin;C:\Program Files\java\jdk-17\bin;C:\Program Files\Microsoft MPI\Bin\;C:\apache-maven-3.9.6\bin;C:\Program Files\Common Files\Oracle\Java\javapath;C:\Program Files\Eclipse Foundation\jdk-8.0.302.8-hotspot\bin;C:\WINDOWS\system32;C:\WINDOWS;C:\WINDOWS\System32\Wbem;C:\WINDOWS\System32\WindowsPowerShell\v1.0\;C:\WINDOWS\System32\OpenSSH\;C:\Program Files\Azure Data Studio\bin;C:\Program Files\Microsoft SQL Server\Client SDK\ODBC\170\Tools\Binn\;C:\ProgramData\chocolatey\bin;C:\Program Files\Git\cmd;C:\Program Files\PuTTY\;C:\Program Files\Eclipse Adoptium\jdk-21.0.3.9-hotspot\\bin;C:\Program Files\SAP\SAP Business One DI API\JCO\LIB\;C:\Program Files\SAP\SAP Business One DI API\DI API 90;C:\Program Files\SAP\SAP Business One\;C:\Program Files (x86)\SAP\SAP Business One DI API\JCO\LIB\;C:\Program Files (x86)\SAP\SAP Business One DI API\DI API 90;C:\Program Files (x86)\SAP\SAP Business One\;C:\Program Files\Docker\Docker\resources\bin;C:\Program Files (x86)\Microsoft SQL Server\160\Tools\Binn\;C:\Program Files\Microsoft SQL Server\160\Tools\Binn\;C:\Program Files\Microsoft SQL Server\160\DTS\Binn\;C:\Program Files (x86)\Microsoft SQL Server\160\DTS\Binn\;C:\Program Files\Microsoft SQL Server\130\Tools\Binn\;C:\Program Files (x86)\Microsoft SQL Server\150\Tools\Binn\;C:\Program Files\Microsoft SQL Server\150\Tools\Binn\;C:\Program Files\Microsoft SQL Server\150\DTS\Binn\;C:\xampp\php;C:\Program Files\nodejs\;C:\Users\Fernanda Jama\AppData\Local\Microsoft\WindowsApps;C:\Program Files\Azure Data Studio\bin;C:\Users\Fernanda Jama\AppData\Local\GitHubDesktop\bin;C:\Program Files\java\jdk-17\bin;C:\Program Files\JetBrains\IntelliJ IDEA 2024.1\bin;;C:\Program Files\JetBrains\IntelliJ IDEA Community Edition 2023.2.5\bin;;C:\Users\Fernanda Jama\AppData\Local\Programs\Microsoft VS Code\bin;C:\Program Files\JetBrains\DataGrip 2024.2.1\bin;;C:\xampp\php;C:\Program Files\vtex\bin;C:\Users
USERNAME=Fernanda Jama
LANG=en_US.UTF-8
OS=Windows_NT
PROCESSOR_IDENTIFIER=Intel64 Family 6 Model 140 Stepping 1, GenuineIntel



---------------  S Y S T E M  ---------------

OS:
 Windows 11 , 64 bit Build 26100 (10.0.26100.2454)
OS uptime: 2 days 0:11 hours
Hyper-V role detected

CPU: total 8 (initial active 8) (4 cores per cpu, 2 threads per core) family 6 model 140 stepping 1 microcode 0xb8, cx8, cmov, fxsr, ht, mmx, 3dnowpref, sse, sse2, sse3, ssse3, sse4.1, sse4.2, popcnt, lzcnt, tsc, tscinvbit, avx, avx2, aes, erms, clmul, bmi1, bmi2, adx, avx512f, avx512dq, avx512cd, avx512bw, avx512vl, sha, fma, vzeroupper, avx512_vpopcntdq, avx512_vpclmulqdq, avx512_vaes, avx512_vnni, clflush, clflushopt, clwb, avx512_vbmi2, avx512_vbmi, hv

Memory: 4k page, system-wide physical 32494M (1994M free)
TotalPageFile size 93435M (AvailPageFile size 17M)
current process WorkingSet (physical memory assigned to process): 125M, peak: 125M
current process commit charge ("private bytes"): 650M, peak: 651M

vm_info: Java HotSpot(TM) 64-Bit Server VM (17.0.9+11-LTS-201) for windows-amd64 JRE (17.0.9+11-LTS-201), built on Oct 10 2023 23:16:06 by "mach5one" with MS VC++ 17.1 (VS2022)

END.
