#
# There is insufficient memory for the Java Runtime Environment to continue.
# Native memory allocation (malloc) failed to allocate 1093616 bytes for Chunk::new
# Possible reasons:
#   The system is out of physical RAM or swap space
#   The process is running with CompressedOops enabled, and the Java Heap may be blocking the growth of the native heap
# Possible solutions:
#   Reduce memory load on the system
#   Increase physical memory or swap space
#   Check if swap backing store is full
#   Decrease Java heap size (-Xmx/-Xms)
#   Decrease number of Java threads
#   Decrease Java thread stack sizes (-Xss)
#   Set larger code cache with -XX:ReservedCodeCacheSize=
#   JVM is running with Zero Based Compressed Oops mode in which the Java heap is
#     placed in the first 32GB address space. The Java Heap base address is the
#     maximum limit for the native heap growth. Please use -XX:HeapBaseMinAddress
#     to set the Java Heap base and to place the Java Heap above 32GB virtual address.
# This output file may be truncated or incomplete.
#
#  Out of Memory Error (arena.cpp:189), pid=26608, tid=30312
#
# JRE version: Java(TM) SE Runtime Environment (17.0.9+11) (build 17.0.9+11-LTS-201)
# Java VM: Java HotSpot(TM) 64-Bit Server VM (17.0.9+11-LTS-201, mixed mode, sharing, tiered, compressed oops, compressed class ptrs, g1 gc, windows-amd64)
# No core dump will be written. Minidumps are not enabled by default on client versions of Windows
#

---------------  S U M M A R Y ------------

Command Line: -XX:+ShowCodeDetailsInExceptionMessages com.manamer.SellOut.infraestructure.eurekaserver.EurekaserverApplication

Host: 11th Gen Intel(R) Core(TM) i7-1165G7 @ 2.80GHz, 8 cores, 31G,  Windows 11 , 64 bit Build 26100 (10.0.26100.2454)
Time: Mon Dec 30 14:56:01 2024 Hora est. Pacífico, Sudamérica elapsed time: 22789.724947 seconds (0d 6h 19m 49s)

---------------  T H R E A D  ---------------

Current thread (0x000001d3614b1f30):  JavaThread "C2 CompilerThread0" daemon [_thread_in_native, id=30312, stack(0x0000006285600000,0x0000006285700000)]


Current CompileTask:
C2:22789725 12440       4       java.util.concurrent.ScheduledThreadPoolExecutor$DelayedWorkQueue::take (5 bytes)

Stack: [0x0000006285600000,0x0000006285700000]
Native frames: (J=compiled Java code, j=interpreted, Vv=VM code, C=native code)
V  [jvm.dll+0x678a4a]
V  [jvm.dll+0x7d9cfd]
V  [jvm.dll+0x7db60e]
V  [jvm.dll+0x7dbc73]
V  [jvm.dll+0x245e1f]
V  [jvm.dll+0xaaafb]
V  [jvm.dll+0xab09c]
V  [jvm.dll+0x36232f]
V  [jvm.dll+0x32ca01]
V  [jvm.dll+0x32be9a]
V  [jvm.dll+0x21812f]
V  [jvm.dll+0x217561]
V  [jvm.dll+0x1a3bc0]
V  [jvm.dll+0x2272de]
V  [jvm.dll+0x22548b]
V  [jvm.dll+0x78f58c]
V  [jvm.dll+0x78998a]
V  [jvm.dll+0x677875]
C  [ucrtbase.dll+0x14ea0]
C  [KERNEL32.DLL+0x2e8d7]
C  [ntdll.dll+0xdfbcc]


---------------  P R O C E S S  ---------------

Threads class SMR info:
_java_thread_list=0x000001d3acca8d30, length=17, elements={
0x000001d361498340, 0x000001d361498f00, 0x000001d3614acdd0, 0x000001d3614af6b0,
0x000001d3614b0070, 0x000001d3614b1240, 0x000001d3614b1f30, 0x000001d3614c3740,
0x000001d3a5099fe0, 0x000001d3a51bc420, 0x000001d3a51bc930, 0x000001d3a51bd350,
0x000001d3a51bd860, 0x000001d3a51bdd70, 0x000001d3aba9e720, 0x000001d3ada1ce80,
0x000001d3ada21f80
}

Java Threads: ( => current thread )
  0x000001d361498340 JavaThread "Reference Handler" daemon [_thread_blocked, id=23912, stack(0x0000006285000000,0x0000006285100000)]
  0x000001d361498f00 JavaThread "Finalizer" daemon [_thread_blocked, id=28364, stack(0x0000006285100000,0x0000006285200000)]
  0x000001d3614acdd0 JavaThread "Signal Dispatcher" daemon [_thread_blocked, id=29028, stack(0x0000006285200000,0x0000006285300000)]
  0x000001d3614af6b0 JavaThread "Attach Listener" daemon [_thread_blocked, id=23736, stack(0x0000006285300000,0x0000006285400000)]
  0x000001d3614b0070 JavaThread "Service Thread" daemon [_thread_blocked, id=29712, stack(0x0000006285400000,0x0000006285500000)]
  0x000001d3614b1240 JavaThread "Monitor Deflation Thread" daemon [_thread_blocked, id=13748, stack(0x0000006285500000,0x0000006285600000)]
=>0x000001d3614b1f30 JavaThread "C2 CompilerThread0" daemon [_thread_in_native, id=30312, stack(0x0000006285600000,0x0000006285700000)]
  0x000001d3614c3740 JavaThread "C1 CompilerThread0" daemon [_thread_blocked, id=5904, stack(0x0000006285700000,0x0000006285800000)]
  0x000001d3a5099fe0 JavaThread "Sweeper thread" daemon [_thread_blocked, id=25520, stack(0x0000006285800000,0x0000006285900000)]
  0x000001d3a51bc420 JavaThread "Notification Thread" daemon [_thread_blocked, id=20732, stack(0x0000006285900000,0x0000006285a00000)]
  0x000001d3a51bc930 JavaThread "Common-Cleaner" daemon [_thread_blocked, id=15744, stack(0x0000006285b00000,0x0000006285c00000)]
  0x000001d3a51bd350 JavaThread "Catalina-utility-1" [_thread_blocked, id=19160, stack(0x0000006286a00000,0x0000006286b00000)]
  0x000001d3a51bd860 JavaThread "Catalina-utility-2" [_thread_blocked, id=21900, stack(0x0000006286b00000,0x0000006286c00000)]
  0x000001d3a51bdd70 JavaThread "container-0" [_thread_blocked, id=17400, stack(0x0000006286c00000,0x0000006286d00000)]
  0x000001d3aba9e720 JavaThread "Live Reload Server" daemon [_thread_in_native, id=2096, stack(0x0000006286f00000,0x0000006287000000)]
  0x000001d3ada1ce80 JavaThread "DestroyJavaVM" [_thread_blocked, id=14184, stack(0x0000006284900000,0x0000006284a00000)]
  0x000001d3ada21f80 JavaThread "Thread-7" [_thread_in_native, id=16256, stack(0x0000006284600000,0x0000006284700000)]

Other Threads:
  0x000001d361492860 VMThread "VM Thread" [stack: 0x0000006284f00000,0x0000006285000000] [id=29960]
  0x000001d361314980 WatcherThread [stack: 0x0000006285a00000,0x0000006285b00000] [id=14200]
  0x000001d3612f0900 GCTaskThread "GC Thread#0" [stack: 0x0000006284a00000,0x0000006284b00000] [id=21836]
  0x000001d3aa1335a0 GCTaskThread "GC Thread#1" [stack: 0x0000006285e00000,0x0000006285f00000] [id=20160]
  0x000001d3aa133860 GCTaskThread "GC Thread#2" [stack: 0x0000006285f00000,0x0000006286000000] [id=14296]
  0x000001d3aa133b20 GCTaskThread "GC Thread#3" [stack: 0x0000006286000000,0x0000006286100000] [id=20128]
  0x000001d3aa133de0 GCTaskThread "GC Thread#4" [stack: 0x0000006286100000,0x0000006286200000] [id=12312]
  0x000001d3aa1340a0 GCTaskThread "GC Thread#5" [stack: 0x0000006286200000,0x0000006286300000] [id=11288]
  0x000001d3aa317070 GCTaskThread "GC Thread#6" [stack: 0x0000006286300000,0x0000006286400000] [id=19620]
  0x000001d3aa317330 GCTaskThread "GC Thread#7" [stack: 0x0000006286400000,0x0000006286500000] [id=2812]
  0x000001d361302900 ConcurrentGCThread "G1 Main Marker" [stack: 0x0000006284b00000,0x0000006284c00000] [id=25252]
  0x000001d361303320 ConcurrentGCThread "G1 Conc#0" [stack: 0x0000006284c00000,0x0000006284d00000] [id=16400]
  0x000001d3abdd3cb0 ConcurrentGCThread "G1 Conc#1" [stack: 0x0000006285c00000,0x0000006285d00000] [id=19792]
  0x000001d3613cbd00 ConcurrentGCThread "G1 Refine#0" [stack: 0x0000006284d00000,0x0000006284e00000] [id=14320]
  0x000001d3aa371040 ConcurrentGCThread "G1 Refine#1" [stack: 0x0000006286500000,0x0000006286600000] [id=5724]
  0x000001d3aa866350 ConcurrentGCThread "G1 Refine#2" [stack: 0x0000006286900000,0x0000006286a00000] [id=9408]
  0x000001d3613cc730 ConcurrentGCThread "G1 Service" [stack: 0x0000006284e00000,0x0000006284f00000] [id=30056]

Threads with active compile tasks:
C2 CompilerThread0  22789749 12440       4       java.util.concurrent.ScheduledThreadPoolExecutor$DelayedWorkQueue::take (5 bytes)

VM state: not at safepoint (normal execution)

VM Mutex/Monitor currently owned by a thread: None

Heap address: 0x0000000604400000, size: 8124 MB, Compressed Oops mode: Zero based, Oop shift amount: 3

CDS archive(s) mapped at: [0x000001d364000000-0x000001d364bd0000-0x000001d364bd0000), size 12386304, SharedBaseAddress: 0x000001d364000000, ArchiveRelocationMode: 1.
Compressed class space mapped at: 0x000001d365000000-0x000001d3a5000000, reserved size: 1073741824
Narrow klass base: 0x000001d364000000, Narrow klass shift: 0, Narrow klass range: 0x100000000

GC Precious Log:
 CPUs: 8 total, 8 available
 Memory: 32494M
 Large Page Support: Disabled
 NUMA Support: Disabled
 Compressed Oops: Enabled (Zero based)
 Heap Region Size: 4M
 Heap Min Capacity: 8M
 Heap Initial Capacity: 508M
 Heap Max Capacity: 8124M
 Pre-touch: Disabled
 Parallel Workers: 8
 Concurrent Workers: 2
 Concurrent Refinement Workers: 8
 Periodic GC: Disabled

Heap:
 garbage-first heap   total 98304K, used 63241K [0x0000000604400000, 0x0000000800000000)
  region size 4096K, 9 young (36864K), 1 survivors (4096K)
 Metaspace       used 61448K, committed 62208K, reserved 1114112K
  class space    used 7702K, committed 8064K, reserved 1048576K

Heap Regions: E=young(eden), S=young(survivor), O=old, HS=humongous(starts), HC=humongous(continues), CS=collection set, F=free, OA=open archive, CA=closed archive, TAMS=top-at-mark-start (previous, next)
|   0|0x0000000604400000, 0x0000000604400000, 0x0000000604800000|  0%| F|  |TAMS 0x0000000604400000, 0x0000000604400000| Untracked 
|   1|0x0000000604800000, 0x0000000604c00000, 0x0000000604c00000|100%| O|  |TAMS 0x0000000604c00000, 0x0000000604800000| Untracked 
|   2|0x0000000604c00000, 0x0000000605000000, 0x0000000605000000|100%| O|  |TAMS 0x0000000605000000, 0x0000000604c00000| Untracked 
|   3|0x0000000605000000, 0x0000000605000000, 0x0000000605400000|  0%| F|  |TAMS 0x0000000605000000, 0x0000000605000000| Untracked 
|   4|0x0000000605400000, 0x0000000605800000, 0x0000000605800000|100%| O|  |TAMS 0x0000000605800000, 0x0000000605400000| Untracked 
|   5|0x0000000605800000, 0x0000000605c00000, 0x0000000605c00000|100%| O|  |TAMS 0x0000000605c00000, 0x0000000605800000| Untracked 
|   6|0x0000000605c00000, 0x0000000606000000, 0x0000000606000000|100%| O|  |TAMS 0x0000000606000000, 0x0000000605c00000| Untracked 
|   7|0x0000000606000000, 0x0000000606400000, 0x0000000606400000|100%| O|  |TAMS 0x0000000606400000, 0x0000000606000000| Untracked 
|   8|0x0000000606400000, 0x0000000606400000, 0x0000000606800000|  0%| F|  |TAMS 0x0000000606400000, 0x0000000606400000| Untracked 
|   9|0x0000000606800000, 0x0000000606c00000, 0x0000000606c00000|100%| O|  |TAMS 0x0000000606c00000, 0x0000000606800000| Untracked 
|  10|0x0000000606c00000, 0x0000000607000000, 0x0000000607000000|100%| O|  |TAMS 0x0000000606ca9400, 0x0000000606c00000| Untracked 
|  11|0x0000000607000000, 0x0000000607400000, 0x0000000607400000|100%| O|  |TAMS 0x0000000607000000, 0x0000000607000000| Untracked 
|  12|0x0000000607400000, 0x000000060758be00, 0x0000000607800000| 38%| O|  |TAMS 0x0000000607400000, 0x0000000607400000| Untracked 
|  13|0x0000000607800000, 0x0000000607836858, 0x0000000607c00000|  5%| S|CS|TAMS 0x0000000607800000, 0x0000000607800000| Complete 
|  14|0x0000000607c00000, 0x0000000607c00000, 0x0000000608000000|  0%| F|  |TAMS 0x0000000607c00000, 0x0000000607c00000| Untracked 
|  15|0x0000000608000000, 0x0000000608000000, 0x0000000608400000|  0%| F|  |TAMS 0x0000000608000000, 0x0000000608000000| Untracked 
|  16|0x0000000608400000, 0x0000000608655fe8, 0x0000000608800000| 58%| E|  |TAMS 0x0000000608400000, 0x0000000608400000| Complete 
|  17|0x0000000608800000, 0x0000000608c00000, 0x0000000608c00000|100%| E|CS|TAMS 0x0000000608800000, 0x0000000608800000| Complete 
|  18|0x0000000608c00000, 0x0000000609000000, 0x0000000609000000|100%| E|CS|TAMS 0x0000000608c00000, 0x0000000608c00000| Complete 
|  19|0x0000000609000000, 0x0000000609400000, 0x0000000609400000|100%| E|CS|TAMS 0x0000000609000000, 0x0000000609000000| Complete 
| 109|0x000000061f800000, 0x000000061fc00000, 0x000000061fc00000|100%| E|CS|TAMS 0x000000061f800000, 0x000000061f800000| Complete 
| 110|0x000000061fc00000, 0x0000000620000000, 0x0000000620000000|100%| E|CS|TAMS 0x000000061fc00000, 0x000000061fc00000| Complete 
| 111|0x0000000620000000, 0x0000000620400000, 0x0000000620400000|100%| E|  |TAMS 0x0000000620000000, 0x0000000620000000| Complete 
| 126|0x0000000623c00000, 0x0000000624000000, 0x0000000624000000|100%| E|CS|TAMS 0x0000000623c00000, 0x0000000623c00000| Complete 

Card table byte_map: [0x000001d34f550000,0x000001d350530000] _byte_map_base: 0x000001d34c52e000

Marking Bits (Prev, Next): (CMBitMap*) 0x000001d3612f0f20, (CMBitMap*) 0x000001d3612f0f60
 Prev Bits: [0x000001d351510000, 0x000001d359400000)
 Next Bits: [0x000001d359400000, 0x000001d3612f0000)

Polling page: 0x000001d335970000

Metaspace:

Usage:
  Non-class:     52.49 MB used.
      Class:      7.52 MB used.
       Both:     60.01 MB used.

Virtual space:
  Non-class space:       64.00 MB reserved,      52.88 MB ( 83%) committed,  1 nodes.
      Class space:        1.00 GB reserved,       7.88 MB ( <1%) committed,  1 nodes.
             Both:        1.06 GB reserved,      60.75 MB (  6%) committed. 

Chunk freelists:
   Non-Class:  10.40 MB
       Class:  8.26 MB
        Both:  18.66 MB

MaxMetaspaceSize: unlimited
CompressedClassSpaceSize: 1.00 GB
Initial GC threshold: 21.00 MB
Current GC threshold: 101.19 MB
CDS: on
MetaspaceReclaimPolicy: balanced
 - commit_granule_bytes: 65536.
 - commit_granule_words: 8192.
 - virtual_space_node_default_size: 8388608.
 - enlarge_chunks_in_place: 1.
 - new_chunks_are_fully_committed: 0.
 - uncommit_free_chunks: 1.
 - use_allocation_guard: 0.
 - handle_deallocations: 1.


Internal statistics:

num_allocs_failed_limit: 9.
num_arena_births: 908.
num_arena_deaths: 310.
num_vsnodes_births: 2.
num_vsnodes_deaths: 0.
num_space_committed: 972.
num_space_uncommitted: 0.
num_chunks_returned_to_freelist: 366.
num_chunks_taken_from_freelist: 3233.
num_chunk_merges: 128.
num_chunk_splits: 2144.
num_chunks_enlarged: 1552.
num_inconsistent_stats: 0.

CodeHeap 'non-profiled nmethods': size=120000Kb used=9521Kb max_used=9521Kb free=110478Kb
 bounds [0x000001d3465e0000, 0x000001d346f30000, 0x000001d34db10000]
CodeHeap 'profiled nmethods': size=120000Kb used=20351Kb max_used=22183Kb free=99649Kb
 bounds [0x000001d33eb10000, 0x000001d3400d0000, 0x000001d346040000]
CodeHeap 'non-nmethods': size=5760Kb used=1316Kb max_used=1374Kb free=4443Kb
 bounds [0x000001d346040000, 0x000001d3462b0000, 0x000001d3465e0000]
 total_blobs=10792 nmethods=10159 adapters=545
 compilation: enabled
              stopped_count=0, restarted_count=0
 full_count=0

Compilation events (20 events):
Event: 22788.722 Thread 0x000001d3614c3740 12477       3       com.netflix.servo.util.Reflection::getAllFields (38 bytes)
Event: 22788.723 Thread 0x000001d3614c3740 nmethod 12477 0x000001d33edf2690 code [0x000001d33edf28e0, 0x000001d33edf3398]
Event: 22788.723 Thread 0x000001d3614c3740 12478       3       com.netflix.servo.annotations.DataSourceType::getValue (5 bytes)
Event: 22788.723 Thread 0x000001d3614c3740 nmethod 12478 0x000001d33fa5ad10 code [0x000001d33fa5aea0, 0x000001d33fa5afb8]
Event: 22788.723 Thread 0x000001d3614c3740 12479       3       com.netflix.servo.monitor.MonitorConfig::toString (52 bytes)
Event: 22788.724 Thread 0x000001d3614c3740 nmethod 12479 0x000001d33f7eb710 code [0x000001d33f7eb9e0, 0x000001d33f7ec638]
Event: 22788.724 Thread 0x000001d3614c3740 12480       3       com.netflix.servo.tag.BasicTagList::toString (13 bytes)
Event: 22788.724 Thread 0x000001d3614c3740 nmethod 12480 0x000001d33f988390 code [0x000001d33f988560, 0x000001d33f988908]
Event: 22788.724 Thread 0x000001d3614c3740 12481       3       com.netflix.servo.monitor.Monitors::newConfig (94 bytes)
Event: 22788.726 Thread 0x000001d3614c3740 nmethod 12481 0x000001d33f4f5e10 code [0x000001d33f4f61a0, 0x000001d33f4f7538]
Event: 22788.726 Thread 0x000001d3614c3740 12482       3       com.sun.jmx.interceptor.DefaultMBeanServerInterceptor::getMBean (82 bytes)
Event: 22788.727 Thread 0x000001d3614c3740 nmethod 12482 0x000001d33f9bbb10 code [0x000001d33f9bbd80, 0x000001d33f9bc728]
Event: 22788.727 Thread 0x000001d3614c3740 12483   !   3       com.sun.jmx.mbeanserver.Repository::retrieve (97 bytes)
Event: 22788.728 Thread 0x000001d3614c3740 nmethod 12483 0x000001d33f7f2510 code [0x000001d33f7f2800, 0x000001d33f7f36d8]
Event: 22788.728 Thread 0x000001d3614c3740 12484       3       com.sun.jmx.mbeanserver.JmxMBeanServer::unregisterMBean (15 bytes)
Event: 22788.728 Thread 0x000001d3614c3740 nmethod 12484 0x000001d33fa53690 code [0x000001d33fa538a0, 0x000001d33fa53fa8]
Event: 22788.729 Thread 0x000001d3614c3740 12485       3       com.netflix.servo.monitor.MonitorConfig::copy (22 bytes)
Event: 22788.729 Thread 0x000001d3614c3740 nmethod 12485 0x000001d33f587590 code [0x000001d33f5877a0, 0x000001d33f587fe8]
Event: 22788.729 Thread 0x000001d3614c3740 12486       3       com.netflix.servo.monitor.MonitorConfig$Builder::withPublishingPolicy (7 bytes)
Event: 22788.730 Thread 0x000001d3614c3740 nmethod 12486 0x000001d33fa85390 code [0x000001d33fa85520, 0x000001d33fa85678]

GC Heap History (20 events):
Event: 13735.937 GC heap before
{Heap before GC invocations=28 (full 0):
 garbage-first heap   total 98304K, used 79409K [0x0000000604400000, 0x0000000800000000)
  region size 4096K, 10 young (40960K), 1 survivors (4096K)
 Metaspace       used 61411K, committed 62016K, reserved 1114112K
  class space    used 7745K, committed 8064K, reserved 1048576K
}
Event: 13735.949 GC heap after
{Heap after GC invocations=29 (full 0):
 garbage-first heap   total 98304K, used 42463K [0x0000000604400000, 0x0000000800000000)
  region size 4096K, 1 young (4096K), 1 survivors (4096K)
 Metaspace       used 61411K, committed 62016K, reserved 1114112K
  class space    used 7745K, committed 8064K, reserved 1048576K
}
Event: 14916.857 GC heap before
{Heap before GC invocations=29 (full 0):
 garbage-first heap   total 98304K, used 79327K [0x0000000604400000, 0x0000000800000000)
  region size 4096K, 10 young (40960K), 1 survivors (4096K)
 Metaspace       used 61427K, committed 62016K, reserved 1114112K
  class space    used 7745K, committed 8064K, reserved 1048576K
}
Event: 14916.876 GC heap after
{Heap after GC invocations=30 (full 0):
 garbage-first heap   total 98304K, used 42573K [0x0000000604400000, 0x0000000800000000)
  region size 4096K, 1 young (4096K), 1 survivors (4096K)
 Metaspace       used 61427K, committed 62016K, reserved 1114112K
  class space    used 7745K, committed 8064K, reserved 1048576K
}
Event: 15794.236 GC heap before
{Heap before GC invocations=30 (full 0):
 garbage-first heap   total 98304K, used 75341K [0x0000000604400000, 0x0000000800000000)
  region size 4096K, 9 young (36864K), 1 survivors (4096K)
 Metaspace       used 61488K, committed 62144K, reserved 1114112K
  class space    used 7746K, committed 8064K, reserved 1048576K
}
Event: 15794.291 GC heap after
{Heap after GC invocations=31 (full 0):
 garbage-first heap   total 98304K, used 42501K [0x0000000604400000, 0x0000000800000000)
  region size 4096K, 1 young (4096K), 1 survivors (4096K)
 Metaspace       used 61488K, committed 62144K, reserved 1114112K
  class space    used 7746K, committed 8064K, reserved 1048576K
}
Event: 16730.879 GC heap before
{Heap before GC invocations=32 (full 0):
 garbage-first heap   total 98304K, used 75269K [0x0000000604400000, 0x0000000800000000)
  region size 4096K, 9 young (36864K), 1 survivors (4096K)
 Metaspace       used 61153K, committed 62144K, reserved 1114112K
  class space    used 7668K, committed 8064K, reserved 1048576K
}
Event: 16730.883 GC heap after
{Heap after GC invocations=33 (full 0):
 garbage-first heap   total 98304K, used 42463K [0x0000000604400000, 0x0000000800000000)
  region size 4096K, 1 young (4096K), 1 survivors (4096K)
 Metaspace       used 61153K, committed 62144K, reserved 1114112K
  class space    used 7668K, committed 8064K, reserved 1048576K
}
Event: 16834.898 GC heap before
{Heap before GC invocations=33 (full 0):
 garbage-first heap   total 98304K, used 46559K [0x0000000604400000, 0x0000000800000000)
  region size 4096K, 2 young (8192K), 1 survivors (4096K)
 Metaspace       used 61159K, committed 62144K, reserved 1114112K
  class space    used 7668K, committed 8064K, reserved 1048576K
}
Event: 16834.998 GC heap after
{Heap after GC invocations=34 (full 0):
 garbage-first heap   total 98304K, used 37646K [0x0000000604400000, 0x0000000800000000)
  region size 4096K, 1 young (4096K), 1 survivors (4096K)
 Metaspace       used 61159K, committed 62144K, reserved 1114112K
  class space    used 7668K, committed 8064K, reserved 1048576K
}
Event: 17902.007 GC heap before
{Heap before GC invocations=34 (full 0):
 garbage-first heap   total 98304K, used 74510K [0x0000000604400000, 0x0000000800000000)
  region size 4096K, 10 young (40960K), 1 survivors (4096K)
 Metaspace       used 61178K, committed 62144K, reserved 1114112K
  class space    used 7669K, committed 8064K, reserved 1048576K
}
Event: 17902.012 GC heap after
{Heap after GC invocations=35 (full 0):
 garbage-first heap   total 98304K, used 38323K [0x0000000604400000, 0x0000000800000000)
  region size 4096K, 1 young (4096K), 1 survivors (4096K)
 Metaspace       used 61178K, committed 62144K, reserved 1114112K
  class space    used 7669K, committed 8064K, reserved 1048576K
}
Event: 18971.245 GC heap before
{Heap before GC invocations=35 (full 0):
 garbage-first heap   total 98304K, used 75187K [0x0000000604400000, 0x0000000800000000)
  region size 4096K, 10 young (40960K), 1 survivors (4096K)
 Metaspace       used 61182K, committed 62144K, reserved 1114112K
  class space    used 7669K, committed 8064K, reserved 1048576K
}
Event: 18971.250 GC heap after
{Heap after GC invocations=36 (full 0):
 garbage-first heap   total 98304K, used 38517K [0x0000000604400000, 0x0000000800000000)
  region size 4096K, 1 young (4096K), 1 survivors (4096K)
 Metaspace       used 61182K, committed 62144K, reserved 1114112K
  class space    used 7669K, committed 8064K, reserved 1048576K
}
Event: 20012.761 GC heap before
{Heap before GC invocations=36 (full 0):
 garbage-first heap   total 98304K, used 75381K [0x0000000604400000, 0x0000000800000000)
  region size 4096K, 10 young (40960K), 1 survivors (4096K)
 Metaspace       used 61240K, committed 62144K, reserved 1114112K
  class space    used 7680K, committed 8064K, reserved 1048576K
}
Event: 20012.765 GC heap after
{Heap after GC invocations=37 (full 0):
 garbage-first heap   total 98304K, used 38584K [0x0000000604400000, 0x0000000800000000)
  region size 4096K, 1 young (4096K), 1 survivors (4096K)
 Metaspace       used 61240K, committed 62144K, reserved 1114112K
  class space    used 7680K, committed 8064K, reserved 1048576K
}
Event: 21069.165 GC heap before
{Heap before GC invocations=37 (full 0):
 garbage-first heap   total 98304K, used 75448K [0x0000000604400000, 0x0000000800000000)
  region size 4096K, 10 young (40960K), 1 survivors (4096K)
 Metaspace       used 61251K, committed 62144K, reserved 1114112K
  class space    used 7681K, committed 8064K, reserved 1048576K
}
Event: 21069.173 GC heap after
{Heap after GC invocations=38 (full 0):
 garbage-first heap   total 98304K, used 38659K [0x0000000604400000, 0x0000000800000000)
  region size 4096K, 1 young (4096K), 1 survivors (4096K)
 Metaspace       used 61251K, committed 62144K, reserved 1114112K
  class space    used 7681K, committed 8064K, reserved 1048576K
}
Event: 22049.959 GC heap before
{Heap before GC invocations=38 (full 0):
 garbage-first heap   total 98304K, used 71427K [0x0000000604400000, 0x0000000800000000)
  region size 4096K, 10 young (40960K), 1 survivors (4096K)
 Metaspace       used 61321K, committed 62144K, reserved 1114112K
  class space    used 7682K, committed 8064K, reserved 1048576K
}
Event: 22049.962 GC heap after
{Heap after GC invocations=39 (full 0):
 garbage-first heap   total 98304K, used 38665K [0x0000000604400000, 0x0000000800000000)
  region size 4096K, 1 young (4096K), 1 survivors (4096K)
 Metaspace       used 61321K, committed 62144K, reserved 1114112K
  class space    used 7682K, committed 8064K, reserved 1048576K
}

Deoptimization events (20 events):
Event: 22788.678 Thread 0x000001d3aba9b990 DEOPT UNPACKING pc=0x000001d346095ba3 sp=0x00000062873ff070 mode 2
Event: 22788.678 Thread 0x000001d3aba9d2e0 DEOPT PACKING pc=0x000001d346d77bd8 sp=0x00000062874ff510
Event: 22788.679 Thread 0x000001d3aba9af70 Uncommon trap: reason=unstable_if action=reinterpret pc=0x000001d346d77bd8 method=java.util.TaskQueue.isEmpty()Z @ 4 c2
Event: 22788.679 Thread 0x000001d3aba9af70 DEOPT PACKING pc=0x000001d346d77bd8 sp=0x00000062870ff0f0
Event: 22788.679 Thread 0x000001d3aba9af70 DEOPT UNPACKING pc=0x000001d346095ba3 sp=0x00000062870ff080 mode 2
Event: 22788.679 Thread 0x000001d3aba9c8c0 Uncommon trap: reason=unstable_if action=reinterpret pc=0x000001d346d77bd8 method=java.util.TaskQueue.isEmpty()Z @ 4 c2
Event: 22788.679 Thread 0x000001d3aba9dd00 Uncommon trap: reason=unstable_if action=reinterpret pc=0x000001d346d77bd8 method=java.util.TaskQueue.isEmpty()Z @ 4 c2
Event: 22788.679 Thread 0x000001d3aba9c8c0 DEOPT PACKING pc=0x000001d346d77bd8 sp=0x00000062871ff110
Event: 22788.679 Thread 0x000001d3aba9dd00 DEOPT PACKING pc=0x000001d346d77bd8 sp=0x00000062872ff330
Event: 22788.679 Thread 0x000001d3aba9c8c0 DEOPT UNPACKING pc=0x000001d346095ba3 sp=0x00000062871ff0a0 mode 2
Event: 22788.679 Thread 0x000001d3aba9dd00 DEOPT UNPACKING pc=0x000001d346095ba3 sp=0x00000062872ff2c0 mode 2
Event: 22788.679 Thread 0x000001d3aba9d2e0 DEOPT UNPACKING pc=0x000001d346095ba3 sp=0x00000062874ff4a0 mode 2
Event: 22788.718 Thread 0x000001d3ada21f80 Uncommon trap: trap_request=0xffffff45 fr.pc=0x000001d346a6b6d0 relative=0x0000000000000530
Event: 22788.718 Thread 0x000001d3ada21f80 Uncommon trap: reason=unstable_if action=reinterpret pc=0x000001d346a6b6d0 method=jdk.internal.ref.PhantomCleanable.remove()Z @ 12 c2
Event: 22788.718 Thread 0x000001d3ada21f80 DEOPT PACKING pc=0x000001d346a6b6d0 sp=0x00000062846fdef0
Event: 22788.718 Thread 0x000001d3ada21f80 DEOPT UNPACKING pc=0x000001d346095ba3 sp=0x00000062846fde48 mode 2
Event: 22788.718 Thread 0x000001d3ada21f80 Uncommon trap: trap_request=0xffffff45 fr.pc=0x000001d34686bc04 relative=0x00000000000004e4
Event: 22788.718 Thread 0x000001d3ada21f80 Uncommon trap: reason=unstable_if action=reinterpret pc=0x000001d34686bc04 method=jdk.internal.ref.PhantomCleanable.remove()Z @ 12 c2
Event: 22788.718 Thread 0x000001d3ada21f80 DEOPT PACKING pc=0x000001d34686bc04 sp=0x00000062846fde30
Event: 22788.718 Thread 0x000001d3ada21f80 DEOPT UNPACKING pc=0x000001d346095ba3 sp=0x00000062846fdde8 mode 2

Classes unloaded (20 events):
Event: 15794.634 Thread 0x000001d361492860 Unloading class 0x000001d36511c400 'java/lang/invoke/LambdaForm$MH+0x000001d36511c400'
Event: 15794.634 Thread 0x000001d361492860 Unloading class 0x000001d36511c000 'java/lang/invoke/LambdaForm$MH+0x000001d36511c000'
Event: 15794.634 Thread 0x000001d361492860 Unloading class 0x000001d365039800 'java/lang/invoke/LambdaForm$MH+0x000001d365039800'
Event: 15794.635 Thread 0x000001d361492860 Unloading class 0x000001d365039400 'java/lang/invoke/LambdaForm$MH+0x000001d365039400'
Event: 15794.635 Thread 0x000001d361492860 Unloading class 0x000001d365039000 'java/lang/invoke/LambdaForm$MH+0x000001d365039000'
Event: 15794.635 Thread 0x000001d361492860 Unloading class 0x000001d365038c00 'java/lang/invoke/LambdaForm$MH+0x000001d365038c00'
Event: 15794.635 Thread 0x000001d361492860 Unloading class 0x000001d365038800 'java/lang/invoke/LambdaForm$MH+0x000001d365038800'
Event: 15794.635 Thread 0x000001d361492860 Unloading class 0x000001d365038400 'java/lang/invoke/LambdaForm$MH+0x000001d365038400'
Event: 15794.635 Thread 0x000001d361492860 Unloading class 0x000001d365018c00 'java/lang/invoke/LambdaForm$MH+0x000001d365018c00'
Event: 15794.635 Thread 0x000001d361492860 Unloading class 0x000001d365018800 'java/lang/invoke/LambdaForm$MH+0x000001d365018800'
Event: 15794.636 Thread 0x000001d361492860 Unloading class 0x000001d365018000 'java/lang/invoke/LambdaForm$MH+0x000001d365018000'
Event: 15794.636 Thread 0x000001d361492860 Unloading class 0x000001d365017c00 'java/lang/invoke/LambdaForm$MH+0x000001d365017c00'
Event: 15794.636 Thread 0x000001d361492860 Unloading class 0x000001d365016c00 'java/lang/invoke/LambdaForm$MH+0x000001d365016c00'
Event: 15794.636 Thread 0x000001d361492860 Unloading class 0x000001d365016400 'java/lang/invoke/LambdaForm$MH+0x000001d365016400'
Event: 15794.636 Thread 0x000001d361492860 Unloading class 0x000001d365016000 'java/lang/invoke/LambdaForm$MH+0x000001d365016000'
Event: 15794.636 Thread 0x000001d361492860 Unloading class 0x000001d365015c00 'java/lang/invoke/LambdaForm$MH+0x000001d365015c00'
Event: 15794.636 Thread 0x000001d361492860 Unloading class 0x000001d365015800 'java/lang/invoke/LambdaForm$MH+0x000001d365015800'
Event: 15794.636 Thread 0x000001d361492860 Unloading class 0x000001d365015400 'java/lang/invoke/LambdaForm$MH+0x000001d365015400'
Event: 15794.636 Thread 0x000001d361492860 Unloading class 0x000001d365014c00 'java/lang/invoke/LambdaForm$MH+0x000001d365014c00'
Event: 15794.636 Thread 0x000001d361492860 Unloading class 0x000001d365014400 'java/lang/invoke/LambdaForm$MH+0x000001d365014400'

Classes redefined (0 events):
No events

Internal exceptions (20 events):
Event: 36.285 Thread 0x000001d3ada1b530 Exception <a 'java/lang/NoSuchMethodError'{0x000000062032e230}: 'java.lang.Object java.lang.invoke.Invokers$Holder.linkToTargetMethod(java.lang.Object, java.lang.Object, java.lang.Object, long, java.lang.Object)'> (0x000000062032e230) 
thrown [s\open\src\hotspot\share\interpreter\linkResolver.cpp, line 759]
Event: 36.412 Thread 0x000001d3ada1b530 Implicit null exception at 0x000001d3465f2dec to 0x000001d3465f2e9c
Event: 36.442 Thread 0x000001d3ada1b530 Exception <a 'java/lang/NoSuchMethodError'{0x000000061ff934a8}: 'java.lang.Object java.lang.invoke.DirectMethodHandle$Holder.invokeStaticInit(java.lang.Object, int)'> (0x000000061ff934a8) 
thrown [s\open\src\hotspot\share\interpreter\linkResolver.cpp, line 759]
Event: 37.347 Thread 0x000001d3ab3f9a30 Exception <a 'java/lang/reflect/InvocationTargetException'{0x00000006092eb480}> (0x00000006092eb480) 
thrown [s\open\src\hotspot\share\runtime\reflection.cpp, line 1121]
Event: 37.351 Thread 0x000001d3ab3f9a30 Exception <a 'java/lang/reflect/InvocationTargetException'{0x00000006093098e0}> (0x00000006093098e0) 
thrown [s\open\src\hotspot\share\runtime\reflection.cpp, line 1121]
Event: 1221.801 Thread 0x000001d3ab3f6790 Implicit null exception at 0x000001d3469a65cc to 0x000001d3469a6645
Event: 5390.947 Thread 0x000001d3a51bd860 Implicit null exception at 0x000001d346c3021b to 0x000001d346c304b4
Event: 5391.947 Thread 0x000001d3a51bd860 Implicit null exception at 0x000001d346c3021b to 0x000001d346c304b4
Event: 5392.941 Thread 0x000001d3a51bd860 Implicit null exception at 0x000001d346c3021b to 0x000001d346c304b4
Event: 5393.950 Thread 0x000001d3a51bd860 Implicit null exception at 0x000001d346c3021b to 0x000001d346c304b4
Event: 15084.581 Thread 0x000001d3ada1ba40 Exception <a 'sun/net/ConnectionResetException'{0x00000006201d8d90}: Connection reset> (0x00000006201d8d90) 
thrown [s\open\src\hotspot\share\prims\jni.cpp, line 535]
Event: 17811.254 Thread 0x000001d3ab3fb380 Implicit null exception at 0x000001d3468ca8fd to 0x000001d3468d01a8
Event: 19538.905 Thread 0x000001d3ada1f700 Exception <a 'java/net/SocketException'{0x000000060926a590}: Connection reset by peer: shutdown> (0x000000060926a590) 
thrown [s\open\src\hotspot\share\prims\jni.cpp, line 535]
Event: 22785.590 Thread 0x000001d3aba9e210 Implicit null exception at 0x000001d346689e37 to 0x000001d34668eba0
Event: 22787.633 Thread 0x000001d3aba9e210 Implicit null exception at 0x000001d3466e2a05 to 0x000001d3466e2f08
Event: 22788.132 Thread 0x000001d3aba9e210 Implicit null exception at 0x000001d3466016b8 to 0x000001d346602084
Event: 22788.133 Thread 0x000001d3aba9e210 Implicit null exception at 0x000001d346825932 to 0x000001d346826060
Event: 22788.636 Thread 0x000001d3aba9d7f0 Exception <a 'java/lang/InterruptedException'{0x00000006088b0cd0}: sleep interrupted> (0x00000006088b0cd0) 
thrown [s\open\src\hotspot\share\prims\jvm.cpp, line 3064]
Event: 22788.655 Thread 0x000001d3ada21f80 Implicit null exception at 0x000001d346a66059 to 0x000001d346a67cd4
Event: 22788.663 Thread 0x000001d3ada21f80 Implicit null exception at 0x000001d34694b351 to 0x000001d34694ea44

VM Operations (20 events):
Event: 21601.477 Executing VM operation: Cleanup
Event: 21601.477 Executing VM operation: Cleanup done
Event: 21805.879 Executing VM operation: Cleanup
Event: 21805.879 Executing VM operation: Cleanup done
Event: 22049.958 Executing VM operation: G1CollectForAllocation
Event: 22049.962 Executing VM operation: G1CollectForAllocation done
Event: 22050.968 Executing VM operation: Cleanup
Event: 22050.969 Executing VM operation: Cleanup done
Event: 22210.095 Executing VM operation: Cleanup
Event: 22210.095 Executing VM operation: Cleanup done
Event: 22211.095 Executing VM operation: Cleanup
Event: 22211.095 Executing VM operation: Cleanup done
Event: 22786.535 Executing VM operation: Cleanup
Event: 22786.537 Executing VM operation: Cleanup done
Event: 22788.538 Executing VM operation: Cleanup
Event: 22788.538 Executing VM operation: Cleanup done
Event: 22788.702 Executing VM operation: HandshakeAllThreads
Event: 22788.702 Executing VM operation: HandshakeAllThreads done
Event: 22789.717 Executing VM operation: Cleanup
Event: 22789.718 Executing VM operation: Cleanup done

Events (20 events):
Event: 22788.638 Thread 0x000001d3ab3fae70 Thread exited: 0x000001d3ab3fae70
Event: 22788.638 Thread 0x000001d3ab3fc2b0 Thread exited: 0x000001d3ab3fc2b0
Event: 22788.638 Thread 0x000001d3ab3f6ca0 Thread exited: 0x000001d3ab3f6ca0
Event: 22788.638 Thread 0x000001d3ab3fc7c0 Thread exited: 0x000001d3ab3fc7c0
Event: 22788.638 Thread 0x000001d3ab3fb380 Thread exited: 0x000001d3ab3fb380
Event: 22788.639 Thread 0x000001d3ab3f5350 Thread exited: 0x000001d3ab3f5350
Event: 22788.639 Thread 0x000001d3ab3fa450 Thread exited: 0x000001d3ab3fa450
Event: 22788.639 Thread 0x000001d3ab3f9a30 Thread exited: 0x000001d3ab3f9a30
Event: 22788.643 Thread 0x000001d3ab3f9520 Thread exited: 0x000001d3ab3f9520
Event: 22788.643 Thread 0x000001d3ab3fb890 Thread exited: 0x000001d3ab3fb890
Event: 22788.646 Thread 0x000001d3aba9c3b0 Thread exited: 0x000001d3aba9c3b0
Event: 22788.678 Thread 0x000001d3ab3fa960 Thread exited: 0x000001d3ab3fa960
Event: 22788.679 Thread 0x000001d3aba9b990 Thread exited: 0x000001d3aba9b990
Event: 22788.679 Thread 0x000001d3aba9af70 Thread exited: 0x000001d3aba9af70
Event: 22788.679 Thread 0x000001d3aba9c8c0 Thread exited: 0x000001d3aba9c8c0
Event: 22788.679 Thread 0x000001d3aba9dd00 Thread exited: 0x000001d3aba9dd00
Event: 22788.679 Thread 0x000001d3aba9d2e0 Thread exited: 0x000001d3aba9d2e0
Event: 22788.703 Thread 0x000001d3ab3f5860 Thread exited: 0x000001d3ab3f5860
Event: 22788.732 loading class javax/management/NotificationBroadcasterSupport$WildcardListenerInfo
Event: 22789.718 loading class javax/management/NotificationBroadcasterSupport$WildcardListenerInfo done


Dynamic libraries:
0x00007ff7eae90000 - 0x00007ff7eaea0000 	C:\Program Files\java\jdk-17\bin\java.exe
0x00007ffa1caa0000 - 0x00007ffa1cd03000 	C:\WINDOWS\SYSTEM32\ntdll.dll
0x00007ffa1bf50000 - 0x00007ffa1c018000 	C:\WINDOWS\System32\KERNEL32.DLL
0x00007ffa1a260000 - 0x00007ffa1a612000 	C:\WINDOWS\System32\KERNELBASE.dll
0x00007ffa1a060000 - 0x00007ffa1a1ab000 	C:\WINDOWS\System32\ucrtbase.dll
0x00007ff98bac0000 - 0x00007ff98badb000 	C:\Program Files\java\jdk-17\bin\VCRUNTIME140.dll
0x00007ff98a9d0000 - 0x00007ff98a9e9000 	C:\Program Files\java\jdk-17\bin\jli.dll
0x00007ffa1ae50000 - 0x00007ffa1af04000 	C:\WINDOWS\System32\ADVAPI32.dll
0x00007ffa1c490000 - 0x00007ffa1c539000 	C:\WINDOWS\System32\msvcrt.dll
0x00007ffa1c240000 - 0x00007ffa1c2e6000 	C:\WINDOWS\System32\sechost.dll
0x00007ffa1c2f0000 - 0x00007ffa1c406000 	C:\WINDOWS\System32\RPCRT4.dll
0x00007ffa1a900000 - 0x00007ffa1aac8000 	C:\WINDOWS\System32\USER32.dll
0x00007ffa1a620000 - 0x00007ffa1a647000 	C:\WINDOWS\System32\win32u.dll
0x00007ff9fbef0000 - 0x00007ff9fc180000 	C:\WINDOWS\WinSxS\amd64_microsoft.windows.common-controls_6595b64144ccf1df_6.0.26100.2454_none_3e0b68a2e331ad60\COMCTL32.dll
0x00007ffa1c210000 - 0x00007ffa1c23a000 	C:\WINDOWS\System32\GDI32.dll
0x00007ffa1a7d0000 - 0x00007ffa1a8fb000 	C:\WINDOWS\System32\gdi32full.dll
0x00007ffa1a1b0000 - 0x00007ffa1a253000 	C:\WINDOWS\System32\msvcp_win.dll
0x00007ffa14cc0000 - 0x00007ffa14ccb000 	C:\WINDOWS\SYSTEM32\VERSION.dll
0x00007ffa1c0d0000 - 0x00007ffa1c0ff000 	C:\WINDOWS\System32\IMM32.DLL
0x00007ff9fc2f0000 - 0x00007ff9fc2fc000 	C:\Program Files\java\jdk-17\bin\vcruntime140_1.dll
0x00007ff95e980000 - 0x00007ff95ea0e000 	C:\Program Files\java\jdk-17\bin\msvcp140.dll
0x00007ff953b00000 - 0x00007ff9546e1000 	C:\Program Files\java\jdk-17\bin\server\jvm.dll
0x00007ffa1c110000 - 0x00007ffa1c118000 	C:\WINDOWS\System32\PSAPI.DLL
0x00007ffa072d0000 - 0x00007ffa072da000 	C:\WINDOWS\SYSTEM32\WSOCK32.dll
0x00007ffa1acd0000 - 0x00007ffa1ad44000 	C:\WINDOWS\System32\WS2_32.dll
0x00007ffa0ea90000 - 0x00007ffa0eac6000 	C:\WINDOWS\SYSTEM32\WINMM.dll
0x00007ffa18c70000 - 0x00007ffa18c8a000 	C:\WINDOWS\SYSTEM32\kernel.appcore.dll
0x00007ff9edfc0000 - 0x00007ff9edfca000 	C:\Program Files\java\jdk-17\bin\jimage.dll
0x00007ffa17740000 - 0x00007ffa17981000 	C:\WINDOWS\SYSTEM32\DBGHELP.DLL
0x00007ffa1c5e0000 - 0x00007ffa1c95e000 	C:\WINDOWS\System32\combase.dll
0x00007ffa1ad50000 - 0x00007ffa1ae26000 	C:\WINDOWS\System32\OLEAUT32.dll
0x00007ffa00f90000 - 0x00007ffa00fc9000 	C:\WINDOWS\SYSTEM32\dbgcore.DLL
0x00007ffa19fc0000 - 0x00007ffa1a059000 	C:\WINDOWS\System32\bcryptPrimitives.dll
0x00007ff9878c0000 - 0x00007ff9878e5000 	C:\Program Files\java\jdk-17\bin\java.dll
0x00007ff95e8a0000 - 0x00007ff95e977000 	C:\Program Files\java\jdk-17\bin\jsvml.dll
0x00007ffa1af60000 - 0x00007ffa1b660000 	C:\WINDOWS\System32\SHELL32.dll
0x00007ffa17b40000 - 0x00007ffa18371000 	C:\WINDOWS\SYSTEM32\windows.storage.dll
0x00007ffa1c130000 - 0x00007ffa1c20a000 	C:\WINDOWS\System32\SHCORE.dll
0x00007ffa1b6e0000 - 0x00007ffa1b73d000 	C:\WINDOWS\System32\shlwapi.dll
0x00007ffa19d80000 - 0x00007ffa19dae000 	C:\WINDOWS\SYSTEM32\profapi.dll
0x00007ff988a90000 - 0x00007ff988aa9000 	C:\Program Files\java\jdk-17\bin\net.dll
0x00007ffa15b50000 - 0x00007ffa15c76000 	C:\WINDOWS\SYSTEM32\WINHTTP.dll
0x00007ffa19150000 - 0x00007ffa191b8000 	C:\WINDOWS\system32\mswsock.dll
0x00007ff9857f0000 - 0x00007ff985806000 	C:\Program Files\java\jdk-17\bin\nio.dll
0x00007ff9857d0000 - 0x00007ff9857e8000 	C:\Program Files\java\jdk-17\bin\zip.dll
0x00007ff9e9650000 - 0x00007ff9e965a000 	C:\Program Files\java\jdk-17\bin\management.dll
0x00007ff9e95a0000 - 0x00007ff9e95ab000 	C:\Program Files\java\jdk-17\bin\management_ext.dll
0x00007ffa18690000 - 0x00007ffa186c2000 	C:\WINDOWS\SYSTEM32\IPHLPAPI.DLL
0x00007ffa1c5d0000 - 0x00007ffa1c5da000 	C:\WINDOWS\System32\NSI.dll
0x00007ffa15cb0000 - 0x00007ffa15cce000 	C:\WINDOWS\SYSTEM32\dhcpcsvc6.DLL
0x00007ffa15c80000 - 0x00007ffa15ca5000 	C:\WINDOWS\SYSTEM32\dhcpcsvc.DLL
0x00007ffa186d0000 - 0x00007ffa187f5000 	C:\WINDOWS\SYSTEM32\DNSAPI.dll
0x00007ffa14640000 - 0x00007ffa1464b000 	C:\Windows\System32\rasadhlp.dll
0x00007ffa15e70000 - 0x00007ffa15ef5000 	C:\WINDOWS\System32\fwpuclnt.dll
0x00007ff9e87b0000 - 0x00007ff9e87be000 	C:\Program Files\java\jdk-17\bin\sunmscapi.dll
0x00007ffa1a650000 - 0x00007ffa1a7c6000 	C:\WINDOWS\System32\CRYPT32.dll
0x00007ffa19650000 - 0x00007ffa19680000 	C:\WINDOWS\SYSTEM32\ncrypt.dll
0x00007ffa19600000 - 0x00007ffa1963f000 	C:\WINDOWS\SYSTEM32\NTASN1.dll
0x00007ffa19500000 - 0x00007ffa1951c000 	C:\WINDOWS\SYSTEM32\CRYPTSP.dll
0x00007ffa18bd0000 - 0x00007ffa18c08000 	C:\WINDOWS\system32\rsaenh.dll
0x00007ffa191f0000 - 0x00007ffa1921b000 	C:\WINDOWS\SYSTEM32\USERENV.dll
0x00007ffa19690000 - 0x00007ffa196b6000 	C:\WINDOWS\SYSTEM32\bcrypt.dll
0x00007ffa19380000 - 0x00007ffa1938c000 	C:\WINDOWS\SYSTEM32\CRYPTBASE.dll
0x00007ff9e7830000 - 0x00007ff9e7840000 	C:\Program Files\java\jdk-17\bin\verify.dll
0x00007ff9fcc60000 - 0x00007ff9fcc78000 	C:\WINDOWS\system32\napinsp.dll
0x00007ff9fc460000 - 0x00007ff9fc472000 	C:\WINDOWS\System32\winrnr.dll
0x00007ff9fc2b0000 - 0x00007ff9fc2d2000 	C:\WINDOWS\system32\nlansp_c.dll
0x00007ff9fc420000 - 0x00007ff9fc436000 	C:\WINDOWS\system32\wshbth.dll
0x00007ffa07740000 - 0x00007ffa07748000 	C:\WINDOWS\system32\wshunix.dll

dbghelp: loaded successfully - version: 4.0.5 - missing functions: none
symbol engine: initialized successfully - sym options: 0x614 - pdb path: .;C:\Program Files\java\jdk-17\bin;C:\WINDOWS\SYSTEM32;C:\WINDOWS\WinSxS\amd64_microsoft.windows.common-controls_6595b64144ccf1df_6.0.26100.2454_none_3e0b68a2e331ad60;C:\Program Files\java\jdk-17\bin\server

VM Arguments:
jvm_args: -XX:+ShowCodeDetailsInExceptionMessages 
java_command: com.manamer.SellOut.infraestructure.eurekaserver.EurekaserverApplication
java_class_path (initial): C:\Users\Fernanda Jama\OneDrive - Manamer\Documentos\PROYEC_DEVELOP\SellOut\backend\infraestructure\eureka\target\classes;C:\Users\Fernanda Jama\.m2\repository\org\springframework\cloud\spring-cloud-starter-netflix-eureka-server\4.1.1\spring-cloud-starter-netflix-eureka-server-4.1.1.jar;C:\Users\Fernanda Jama\.m2\repository\org\springframework\cloud\spring-cloud-starter\4.1.2\spring-cloud-starter-4.1.2.jar;C:\Users\Fernanda Jama\.m2\repository\org\springframework\cloud\spring-cloud-context\4.1.2\spring-cloud-context-4.1.2.jar;C:\Users\Fernanda Jama\.m2\repository\org\springframework\security\spring-security-crypto\6.3.1\spring-security-crypto-6.3.1.jar;C:\Users\Fernanda Jama\.m2\repository\org\springframework\cloud\spring-cloud-commons\4.1.2\spring-cloud-commons-4.1.2.jar;C:\Users\Fernanda Jama\.m2\repository\org\springframework\security\spring-security-rsa\1.1.2\spring-security-rsa-1.1.2.jar;C:\Users\Fernanda Jama\.m2\repository\org\bouncycastle\bcprov-jdk18on\1.77\bcprov-jdk18on-1.77.jar;C:\Users\Fernanda Jama\.m2\repository\org\springframework\cloud\spring-cloud-netflix-eureka-server\4.1.1\spring-cloud-netflix-eureka-server-4.1.1.jar;C:\Users\Fernanda Jama\.m2\repository\org\springframework\boot\spring-boot-starter-web\3.2.4\spring-boot-starter-web-3.2.4.jar;C:\Users\Fernanda Jama\.m2\repository\org\springframework\boot\spring-boot-starter-json\3.2.4\spring-boot-starter-json-3.2.4.jar;C:\Users\Fernanda Jama\.m2\repository\com\fasterxml\jackson\datatype\jackson-datatype-jdk8\2.17.2\jackson-datatype-jdk8-2.17.2.jar;C:\Users\Fernanda Jama\.m2\repository\com\fasterxml\jackson\module\jackson-module-parameter-names\2.17.2\jackson-module-parameter-names-2.17.2.jar;C:\Users\Fernanda Jama\.m2\repository\org\springframework\boot\spring-boot-starter-tomcat\3.2.4\spring-boot-starter-tomcat-3.2.4.jar;C:\Users\Fernanda Jama\.m2\repository\org\apache\tomcat\embed\tomcat-embed-core\10.1.19\tomcat-embed-core-10.1.19.jar;C:\Users\Fernanda Jama\.m2\repo
Launcher Type: SUN_STANDARD

[Global flags]
     intx CICompilerCount                          = 4                                         {product} {ergonomic}
     uint ConcGCThreads                            = 2                                         {product} {ergonomic}
     uint G1ConcRefinementThreads                  = 8                                         {product} {ergonomic}
   size_t G1HeapRegionSize                         = 4194304                                   {product} {ergonomic}
    uintx GCDrainStackTargetSize                   = 64                                        {product} {ergonomic}
   size_t InitialHeapSize                          = 532676608                                 {product} {ergonomic}
   size_t MarkStackSize                            = 4194304                                   {product} {ergonomic}
   size_t MaxHeapSize                              = 8518631424                                {product} {ergonomic}
   size_t MaxNewSize                               = 5108662272                                {product} {ergonomic}
   size_t MinHeapDeltaBytes                        = 4194304                                   {product} {ergonomic}
   size_t MinHeapSize                              = 8388608                                   {product} {ergonomic}
    uintx NonNMethodCodeHeapSize                   = 5839372                                {pd product} {ergonomic}
    uintx NonProfiledCodeHeapSize                  = 122909434                              {pd product} {ergonomic}
    uintx ProfiledCodeHeapSize                     = 122909434                              {pd product} {ergonomic}
    uintx ReservedCodeCacheSize                    = 251658240                              {pd product} {ergonomic}
     bool SegmentedCodeCache                       = true                                      {product} {ergonomic}
     bool ShowCodeDetailsInExceptionMessages       = true                                   {manageable} {command line}
   size_t SoftMaxHeapSize                          = 8518631424                             {manageable} {ergonomic}
     bool UseCompressedClassPointers               = true                           {product lp64_product} {ergonomic}
     bool UseCompressedOops                        = true                           {product lp64_product} {ergonomic}
     bool UseG1GC                                  = true                                      {product} {ergonomic}
     bool UseLargePagesIndividualAllocation        = false                                  {pd product} {ergonomic}

Logging:
Log output configuration:
 #0: stdout all=warning uptime,level,tags
 #1: stderr all=off uptime,level,tags

Environment Variables:
JAVA_HOME=C:\Program Files\java\jdk-17
CLASSPATH=C:\Program Files\SAP\SAP Business One DI API\JCO\LIB\sbowrapper.jar;C:\Program Files\SAP\SAP Business One DI API\JCO\LIB\sboapi.jar;C:\Program Files (x86)\SAP\SAP Business One DI API\JCO\LIB\sbowrapper.jar;C:\Program Files (x86)\SAP\SAP Business One DI API\JCO\LIB\sboapi.jar
PATH=C:\Python312\Scripts\;C:\Python312\;C:\Program Files\Eclipse Adoptium\jdk-21.0.3.9-hotspot\bin;C:\Program Files\java\jdk-17\bin;C:\Program Files\Microsoft MPI\Bin\;C:\apache-maven-3.9.6\bin;C:\Program Files\Common Files\Oracle\Java\javapath;C:\Program Files\Eclipse Foundation\jdk-8.0.302.8-hotspot\bin;C:\WINDOWS\system32;C:\WINDOWS;C:\WINDOWS\System32\Wbem;C:\WINDOWS\System32\WindowsPowerShell\v1.0\;C:\WINDOWS\System32\OpenSSH\;C:\Program Files\Azure Data Studio\bin;C:\Program Files\Microsoft SQL Server\Client SDK\ODBC\170\Tools\Binn\;C:\ProgramData\chocolatey\bin;C:\Program Files\Git\cmd;C:\Program Files\PuTTY\;C:\Program Files\Eclipse Adoptium\jdk-21.0.3.9-hotspot\\bin;C:\Program Files\SAP\SAP Business One DI API\JCO\LIB\;C:\Program Files\SAP\SAP Business One DI API\DI API 90;C:\Program Files\SAP\SAP Business One\;C:\Program Files (x86)\SAP\SAP Business One DI API\JCO\LIB\;C:\Program Files (x86)\SAP\SAP Business One DI API\DI API 90;C:\Program Files (x86)\SAP\SAP Business One\;C:\Program Files\Docker\Docker\resources\bin;C:\Program Files (x86)\Microsoft SQL Server\160\Tools\Binn\;C:\Program Files\Microsoft SQL Server\160\Tools\Binn\;C:\Program Files\Microsoft SQL Server\160\DTS\Binn\;C:\Program Files (x86)\Microsoft SQL Server\160\DTS\Binn\;C:\Program Files\Microsoft SQL Server\130\Tools\Binn\;C:\Program Files (x86)\Microsoft SQL Server\150\Tools\Binn\;C:\Program Files\Microsoft SQL Server\150\Tools\Binn\;C:\Program Files\Microsoft SQL Server\150\DTS\Binn\;C:\xampp\php;C:\Program Files\nodejs\;C:\Users\Fernanda Jama\AppData\Local\Microsoft\WindowsApps;C:\Program Files\Azure Data Studio\bin;C:\Users\Fernanda Jama\AppData\Local\GitHubDesktop\bin;C:\Program Files\java\jdk-17\bin;C:\Program Files\JetBrains\IntelliJ IDEA 2024.1\bin;;C:\Program Files\JetBrains\IntelliJ IDEA Community Edition 2023.2.5\bin;;C:\Users\Fernanda Jama\AppData\Local\Programs\Microsoft VS Code\bin;C:\Program Files\JetBrains\DataGrip 2024.2.1\bin;;C:\xampp\php;C:\Program Files\vtex\bin;C:\Users
USERNAME=Fernanda Jama
LANG=en_US.UTF-8
OS=Windows_NT
PROCESSOR_IDENTIFIER=Intel64 Family 6 Model 140 Stepping 1, GenuineIntel



---------------  S Y S T E M  ---------------

OS:
 Windows 11 , 64 bit Build 26100 (10.0.26100.2454)
OS uptime: 1 days 23:53 hours
Hyper-V role detected

CPU: total 8 (initial active 8) (4 cores per cpu, 2 threads per core) family 6 model 140 stepping 1 microcode 0xb8, cx8, cmov, fxsr, ht, mmx, 3dnowpref, sse, sse2, sse3, ssse3, sse4.1, sse4.2, popcnt, lzcnt, tsc, tscinvbit, avx, avx2, aes, erms, clmul, bmi1, bmi2, adx, avx512f, avx512dq, avx512cd, avx512bw, avx512vl, sha, fma, vzeroupper, avx512_vpopcntdq, avx512_vpclmulqdq, avx512_vaes, avx512_vnni, clflush, clflushopt, clwb, avx512_vbmi2, avx512_vbmi, hv

Memory: 4k page, system-wide physical 32494M (1857M free)
TotalPageFile size 93435M (AvailPageFile size 0M)
current process WorkingSet (physical memory assigned to process): 150M, peak: 291M
current process commit charge ("private bytes"): 342M, peak: 701M

vm_info: Java HotSpot(TM) 64-Bit Server VM (17.0.9+11-LTS-201) for windows-amd64 JRE (17.0.9+11-LTS-201), built on Oct 10 2023 23:16:06 by "mach5one" with MS VC++ 17.1 (VS2022)

END.
