#
# There is insufficient memory for the Java Runtime Environment to continue.
# Native memory allocation (malloc) failed to allocate 32744 bytes. Error detail: ChunkPool::allocate
# Possible reasons:
#   The system is out of physical RAM or swap space
#   This process is running with CompressedOops enabled, and the Java Heap may be blocking the growth of the native heap
# Possible solutions:
#   Reduce memory load on the system
#   Increase physical memory or swap space
#   Check if swap backing store is full
#   Decrease Java heap size (-Xmx/-Xms)
#   Decrease number of Java threads
#   Decrease Java thread stack sizes (-Xss)
#   Set larger code cache with -XX:ReservedCodeCacheSize=
#   JVM is running with Unscaled Compressed Oops mode in which the Java heap is
#     placed in the first 4GB address space. The Java Heap base address is the
#     maximum limit for the native heap growth. Please use -XX:HeapBaseMinAddress
#     to set the Java Heap base and to place the Java Heap above 4GB virtual address.
# This output file may be truncated or incomplete.
#
#  Out of Memory Error (arena.cpp:79), pid=7988, tid=2636
#
# JRE version: OpenJDK Runtime Environment Temurin-17.0.13+11 (17.0.13+11) (build 17.0.13+11)
# Java VM: OpenJDK 64-Bit Server VM Temurin-17.0.13+11 (17.0.13+11, mixed mode, tiered, compressed oops, compressed class ptrs, parallel gc, windows-amd64)
# No core dump will be written. Minidumps are not enabled by default on client versions of Windows
#

---------------  S U M M A R Y ------------

Command Line: --add-modules=ALL-SYSTEM --add-opens=java.base/java.util=ALL-UNNAMED --add-opens=java.base/java.lang=ALL-UNNAMED --add-opens=java.base/sun.nio.fs=ALL-UNNAMED -Declipse.application=org.eclipse.jdt.ls.core.id1 -Dosgi.bundles.defaultStartLevel=4 -Declipse.product=org.eclipse.jdt.ls.core.product -Djava.import.generatesMetadataFilesAtProjectRoot=false -DDetectVMInstallationsJob.disabled=true -Dfile.encoding=utf8 -XX:+UseParallelGC -XX:GCTimeRatio=4 -XX:AdaptiveSizePolicyWeight=90 -Dsun.zip.disableMemoryMapping=true -Xmx1G -Xms100m -Xlog:disable -javaagent:c:\Users\Fernanda Jama\.vscode\extensions\redhat.java-1.38.0-win32-x64\lombok\lombok-1.18.34.jar -XX:+HeapDumpOnOutOfMemoryError -XX:HeapDumpPath=c:\Users\Fernanda Jama\AppData\Roaming\Code\User\workspaceStorage\0f8fcf9722f280a0dd6517273a57f36b\redhat.java -Daether.dependencyCollector.impl=bf c:\Users\Fernanda Jama\.vscode\extensions\redhat.java-1.38.0-win32-x64\server\plugins\org.eclipse.equinox.launcher_1.6.900.v20240613-2009.jar -configuration c:\Users\Fernanda Jama\AppData\Roaming\Code\User\globalStorage\redhat.java\1.38.0\config_win -data c:\Users\Fernanda Jama\AppData\Roaming\Code\User\workspaceStorage\0f8fcf9722f280a0dd6517273a57f36b\redhat.java\jdt_ws --pipe=\\.\pipe\lsp-898abb2bb1611af5595d48ab536d3c13-sock

Host: 11th Gen Intel(R) Core(TM) i7-1165G7 @ 2.80GHz, 8 cores, 31G,  Windows 11 , 64 bit Build 26100 (10.0.26100.2454)
Time: Thu Dec 26 08:56:15 2024 Hora est. Pacífico, Sudamérica elapsed time: 9.713120 seconds (0d 0h 0m 9s)

---------------  T H R E A D  ---------------

Current thread (0x0000014a874c8660):  JavaThread "C1 CompilerThread0" daemon [_thread_in_native, id=2636, stack(0x0000003c44700000,0x0000003c44800000)]


Current CompileTask:
C1:   9713 2856   !   3       org.eclipse.osgi.container.Module::start (655 bytes)

Stack: [0x0000003c44700000,0x0000003c44800000]
Native frames: (J=compiled Java code, j=interpreted, Vv=VM code, C=native code)
V  [jvm.dll+0x682a19]
V  [jvm.dll+0x839538]
V  [jvm.dll+0x83afe3]
V  [jvm.dll+0x83b653]
V  [jvm.dll+0x24704f]
V  [jvm.dll+0xad03c]
V  [jvm.dll+0xad4cc]
V  [jvm.dll+0x174dfa]
V  [jvm.dll+0x175a02]
V  [jvm.dll+0x175ab6]
V  [jvm.dll+0x1783aa]
V  [jvm.dll+0x179e81]
V  [jvm.dll+0x135503]
V  [jvm.dll+0x134dcf]
V  [jvm.dll+0x135018]
V  [jvm.dll+0x1344a1]
V  [jvm.dll+0x13618d]
V  [jvm.dll+0x22788c]
V  [jvm.dll+0x2259eb]
V  [jvm.dll+0x7eec98]
V  [jvm.dll+0x7e8ffc]
V  [jvm.dll+0x6818f7]
C  [ucrtbase.dll+0x14ea0]
C  [KERNEL32.DLL+0x2e8d7]
C  [ntdll.dll+0xdfbcc]


---------------  P R O C E S S  ---------------

Threads class SMR info:
_java_thread_list=0x0000014a88f7f580, length=19, elements={
0x0000014aec584ca0, 0x0000014a87494370, 0x0000014a874965a0, 0x0000014a874b7ea0,
0x0000014a874b8970, 0x0000014a874b9340, 0x0000014a874c4180, 0x0000014a874c6c00,
0x0000014a874c8660, 0x0000014a874d5890, 0x0000014a87606260, 0x0000014a8783caa0,
0x0000014a88e7ef30, 0x0000014a894dc050, 0x0000014a893910a0, 0x0000014a893a4730,
0x0000014a8982b010, 0x0000014a89a11170, 0x0000014a89a0ded0
}

Java Threads: ( => current thread )
  0x0000014aec584ca0 JavaThread "main" [_thread_blocked, id=14812, stack(0x0000003c43d00000,0x0000003c43e00000)]
  0x0000014a87494370 JavaThread "Reference Handler" daemon [_thread_blocked, id=27536, stack(0x0000003c44000000,0x0000003c44100000)]
  0x0000014a874965a0 JavaThread "Finalizer" daemon [_thread_blocked, id=18576, stack(0x0000003c44100000,0x0000003c44200000)]
  0x0000014a874b7ea0 JavaThread "Signal Dispatcher" daemon [_thread_blocked, id=23992, stack(0x0000003c44200000,0x0000003c44300000)]
  0x0000014a874b8970 JavaThread "Attach Listener" daemon [_thread_blocked, id=3868, stack(0x0000003c44300000,0x0000003c44400000)]
  0x0000014a874b9340 JavaThread "Service Thread" daemon [_thread_blocked, id=12244, stack(0x0000003c44400000,0x0000003c44500000)]
  0x0000014a874c4180 JavaThread "Monitor Deflation Thread" daemon [_thread_blocked, id=3032, stack(0x0000003c44500000,0x0000003c44600000)]
  0x0000014a874c6c00 JavaThread "C2 CompilerThread0" daemon [_thread_in_native, id=12004, stack(0x0000003c44600000,0x0000003c44700000)]
=>0x0000014a874c8660 JavaThread "C1 CompilerThread0" daemon [_thread_in_native, id=2636, stack(0x0000003c44700000,0x0000003c44800000)]
  0x0000014a874d5890 JavaThread "Sweeper thread" daemon [_thread_blocked, id=22796, stack(0x0000003c44800000,0x0000003c44900000)]
  0x0000014a87606260 JavaThread "Common-Cleaner" daemon [_thread_blocked, id=19488, stack(0x0000003c44900000,0x0000003c44a00000)]
  0x0000014a8783caa0 JavaThread "Notification Thread" daemon [_thread_blocked, id=22500, stack(0x0000003c44b00000,0x0000003c44c00000)]
  0x0000014a88e7ef30 JavaThread "Active Thread: Equinox Container: 5126cc94-7daa-48d3-9d2b-d347293c98ec" [_thread_blocked, id=24492, stack(0x0000003c45400000,0x0000003c45500000)]
  0x0000014a894dc050 JavaThread "Refresh Thread: Equinox Container: 5126cc94-7daa-48d3-9d2b-d347293c98ec" daemon [_thread_blocked, id=26608, stack(0x0000003c45300000,0x0000003c45400000)]
  0x0000014a893910a0 JavaThread "Framework Event Dispatcher: Equinox Container: 5126cc94-7daa-48d3-9d2b-d347293c98ec" daemon [_thread_blocked, id=27024, stack(0x0000003c45500000,0x0000003c45600000)]
  0x0000014a893a4730 JavaThread "Start Level: Equinox Container: 5126cc94-7daa-48d3-9d2b-d347293c98ec" daemon [_thread_in_Java, id=20236, stack(0x0000003c45600000,0x0000003c45700000)]
  0x0000014a8982b010 JavaThread "Bundle File Closer" daemon [_thread_blocked, id=17056, stack(0x0000003c45900000,0x0000003c45a00000)]
  0x0000014a89a11170 JavaThread "SCR Component Actor" daemon [_thread_blocked, id=15088, stack(0x0000003c45800000,0x0000003c45900000)]
  0x0000014a89a0ded0 JavaThread "Worker-JM" [_thread_blocked, id=19752, stack(0x0000003c45a00000,0x0000003c45b00000)]

Other Threads:
  0x0000014a87482930 VMThread "VM Thread" [stack: 0x0000003c43f00000,0x0000003c44000000] [id=7928]
  0x0000014a8783cf80 WatcherThread [stack: 0x0000003c44c00000,0x0000003c44d00000] [id=24372]
  0x0000014aec5996b0 GCTaskThread "GC Thread#0" [stack: 0x0000003c43e00000,0x0000003c43f00000] [id=6892]
  0x0000014a88a5b020 GCTaskThread "GC Thread#1" [stack: 0x0000003c44a00000,0x0000003c44b00000] [id=27712]
  0x0000014a88a5b2e0 GCTaskThread "GC Thread#2" [stack: 0x0000003c44d00000,0x0000003c44e00000] [id=11748]
  0x0000014a88a5b5a0 GCTaskThread "GC Thread#3" [stack: 0x0000003c44e00000,0x0000003c44f00000] [id=17388]
  0x0000014a88a5b860 GCTaskThread "GC Thread#4" [stack: 0x0000003c44f00000,0x0000003c45000000] [id=18876]
  0x0000014a88a5bb20 GCTaskThread "GC Thread#5" [stack: 0x0000003c45000000,0x0000003c45100000] [id=24728]
  0x0000014a88c23010 GCTaskThread "GC Thread#6" [stack: 0x0000003c45100000,0x0000003c45200000] [id=13016]
  0x0000014a890509f0 GCTaskThread "GC Thread#7" [stack: 0x0000003c45700000,0x0000003c45800000] [id=23084]

Threads with active compile tasks:
C2 CompilerThread0    11753 2863       4       java.util.Properties::loadConvert (540 bytes)
C1 CompilerThread0    11753 2856   !   3       org.eclipse.osgi.container.Module::start (655 bytes)

VM state: not at safepoint (normal execution)

VM Mutex/Monitor currently owned by a thread: None

Heap address: 0x00000000c0000000, size: 1024 MB, Compressed Oops mode: 32-bit

CDS archive(s) not mapped
Compressed class space mapped at: 0x0000000100000000-0x0000000140000000, reserved size: 1073741824
Narrow klass base: 0x0000000000000000, Narrow klass shift: 3, Narrow klass range: 0x140000000

GC Precious Log:
 CPUs: 8 total, 8 available
 Memory: 32494M
 Large Page Support: Disabled
 NUMA Support: Disabled
 Compressed Oops: Enabled (32-bit)
 Alignments: Space 512K, Generation 512K, Heap 2M
 Heap Min Capacity: 100M
 Heap Initial Capacity: 100M
 Heap Max Capacity: 1G
 Pre-touch: Disabled
 Parallel Workers: 8

Heap:
 PSYoungGen      total 29696K, used 2577K [0x00000000eab00000, 0x00000000ecc00000, 0x0000000100000000)
  eden space 25600K, 10% used [0x00000000eab00000,0x00000000ead84718,0x00000000ec400000)
  from space 4096K, 0% used [0x00000000ec400000,0x00000000ec400000,0x00000000ec800000)
  to   space 4096K, 0% used [0x00000000ec800000,0x00000000ec800000,0x00000000ecc00000)
 ParOldGen       total 68608K, used 10694K [0x00000000c0000000, 0x00000000c4300000, 0x00000000eab00000)
  object space 68608K, 15% used [0x00000000c0000000,0x00000000c0a71908,0x00000000c4300000)
 Metaspace       used 21392K, committed 21824K, reserved 1114112K
  class space    used 2154K, committed 2368K, reserved 1048576K

Card table byte_map: [0x0000014affc90000,0x0000014affea0000] _byte_map_base: 0x0000014aff690000

Marking Bits: (ParMarkBitMap*) 0x00007ffb4a7d6940
 Begin Bits: [0x0000014a80000000, 0x0000014a81000000)
 End Bits:   [0x0000014a81000000, 0x0000014a82000000)

Polling page: 0x0000014aedde0000

Metaspace:

Usage:
  Non-class:     18.79 MB used.
      Class:      2.11 MB used.
       Both:     20.89 MB used.

Virtual space:
  Non-class space:       64.00 MB reserved,      19.00 MB ( 30%) committed,  1 nodes.
      Class space:        1.00 GB reserved,       2.31 MB ( <1%) committed,  1 nodes.
             Both:        1.06 GB reserved,      21.31 MB (  2%) committed. 

Chunk freelists:
   Non-Class:  12.63 MB
       Class:  13.67 MB
        Both:  26.30 MB

MaxMetaspaceSize: unlimited
CompressedClassSpaceSize: 1.00 GB
Initial GC threshold: 21.00 MB
Current GC threshold: 35.00 MB
CDS: off
MetaspaceReclaimPolicy: balanced
 - commit_granule_bytes: 65536.
 - commit_granule_words: 8192.
 - virtual_space_node_default_size: 8388608.
 - enlarge_chunks_in_place: 1.
 - new_chunks_are_fully_committed: 0.
 - uncommit_free_chunks: 1.
 - use_allocation_guard: 0.
 - handle_deallocations: 1.


Internal statistics:

num_allocs_failed_limit: 3.
num_arena_births: 208.
num_arena_deaths: 0.
num_vsnodes_births: 2.
num_vsnodes_deaths: 0.
num_space_committed: 341.
num_space_uncommitted: 0.
num_chunks_returned_to_freelist: 3.
num_chunks_taken_from_freelist: 663.
num_chunk_merges: 3.
num_chunk_splits: 433.
num_chunks_enlarged: 303.
num_inconsistent_stats: 0.

CodeHeap 'non-profiled nmethods': size=120000Kb used=1236Kb max_used=1236Kb free=118763Kb
 bounds [0x0000014af8670000, 0x0000014af88e0000, 0x0000014affba0000]
CodeHeap 'profiled nmethods': size=120000Kb used=5806Kb max_used=5806Kb free=114193Kb
 bounds [0x0000014af0ba0000, 0x0000014af1150000, 0x0000014af80d0000]
CodeHeap 'non-nmethods': size=5760Kb used=1199Kb max_used=1215Kb free=4561Kb
 bounds [0x0000014af80d0000, 0x0000014af8340000, 0x0000014af8670000]
 total_blobs=3346 nmethods=2862 adapters=398
 compilation: enabled
              stopped_count=0, restarted_count=0
 full_count=0

Compilation events (20 events):
Event: 4.639 Thread 0x0000014a874c6c00 nmethod 2846 0x0000014af87a3210 code [0x0000014af87a3380, 0x0000014af87a3418]
Event: 4.639 Thread 0x0000014a874c8660 nmethod 2847 0x0000014af1145710 code [0x0000014af11458c0, 0x0000014af1145aa8]
Event: 4.640 Thread 0x0000014a874c8660 2848       3       java.lang.Module::isExported (18 bytes)
Event: 4.640 Thread 0x0000014a874c8660 nmethod 2848 0x0000014af1145b90 code [0x0000014af1145d60, 0x0000014af1146148]
Event: 6.684 Thread 0x0000014a874c8660 2849       3       org.eclipse.osgi.internal.framework.FilterImpl$Parser::parse_filtercomp (98 bytes)
Event: 6.685 Thread 0x0000014a874c8660 nmethod 2849 0x0000014af1146310 code [0x0000014af1146500, 0x0000014af1146828]
Event: 6.685 Thread 0x0000014a874c8660 2850       3       java.util.stream.FindOps$FindSink$OfRef$$Lambda$11/0x000000010003f5e8::get (8 bytes)
Event: 6.685 Thread 0x0000014a874c8660 nmethod 2850 0x0000014af1146990 code [0x0000014af1146b40, 0x0000014af1146db8]
Event: 6.685 Thread 0x0000014a874c8660 2851       3       java.io.WinNTFileSystem::normalize (224 bytes)
Event: 6.687 Thread 0x0000014a874c8660 nmethod 2851 0x0000014af1146f10 code [0x0000014af1147300, 0x0000014af1148db8]
Event: 6.687 Thread 0x0000014a874c8660 2852       3       org.eclipse.osgi.internal.framework.FilterImpl::newInstance (13 bytes)
Event: 6.688 Thread 0x0000014a874c8660 nmethod 2852 0x0000014af1149810 code [0x0000014af1149a00, 0x0000014af1149e48]
Event: 6.688 Thread 0x0000014a874c8660 2853       3       org.eclipse.osgi.internal.framework.FilterImpl$Parser::<init> (28 bytes)
Event: 6.688 Thread 0x0000014a874c8660 nmethod 2853 0x0000014af114a010 code [0x0000014af114a1e0, 0x0000014af114a578]
Event: 6.692 Thread 0x0000014a874c6c00 2854       4       java.util.ArrayList::<init> (61 bytes)
Event: 6.692 Thread 0x0000014a874c8660 2855       3       org.eclipse.osgi.internal.hooks.EclipseLazyStarter::shouldActivateFor (123 bytes)
Event: 6.693 Thread 0x0000014a874c8660 nmethod 2855 0x0000014af114a710 code [0x0000014af114a980, 0x0000014af114b4a8]
Event: 6.693 Thread 0x0000014a874c8660 2856   !   3       org.eclipse.osgi.container.Module::start (655 bytes)
Event: 6.693 Thread 0x0000014a874c6c00 nmethod 2854 0x0000014af87a3510 code [0x0000014af87a36a0, 0x0000014af87a3898]
Event: 6.698 Thread 0x0000014a874c6c00 2863       4       java.util.Properties::loadConvert (540 bytes)

GC Heap History (12 events):
Event: 1.327 GC heap before
{Heap before GC invocations=1 (full 0):
 PSYoungGen      total 29696K, used 25600K [0x00000000eab00000, 0x00000000ecc00000, 0x0000000100000000)
  eden space 25600K, 100% used [0x00000000eab00000,0x00000000ec400000,0x00000000ec400000)
  from space 4096K, 0% used [0x00000000ec800000,0x00000000ec800000,0x00000000ecc00000)
  to   space 4096K, 0% used [0x00000000ec400000,0x00000000ec400000,0x00000000ec800000)
 ParOldGen       total 68608K, used 0K [0x00000000c0000000, 0x00000000c4300000, 0x00000000eab00000)
  object space 68608K, 0% used [0x00000000c0000000,0x00000000c0000000,0x00000000c4300000)
 Metaspace       used 10947K, committed 11072K, reserved 1114112K
  class space    used 1086K, committed 1152K, reserved 1048576K
}
Event: 1.335 GC heap after
{Heap after GC invocations=1 (full 0):
 PSYoungGen      total 29696K, used 3173K [0x00000000eab00000, 0x00000000ecc00000, 0x0000000100000000)
  eden space 25600K, 0% used [0x00000000eab00000,0x00000000eab00000,0x00000000ec400000)
  from space 4096K, 77% used [0x00000000ec400000,0x00000000ec719508,0x00000000ec800000)
  to   space 4096K, 0% used [0x00000000ec800000,0x00000000ec800000,0x00000000ecc00000)
 ParOldGen       total 68608K, used 8K [0x00000000c0000000, 0x00000000c4300000, 0x00000000eab00000)
  object space 68608K, 0% used [0x00000000c0000000,0x00000000c0002000,0x00000000c4300000)
 Metaspace       used 10947K, committed 11072K, reserved 1114112K
  class space    used 1086K, committed 1152K, reserved 1048576K
}
Event: 2.453 GC heap before
{Heap before GC invocations=2 (full 0):
 PSYoungGen      total 29696K, used 28773K [0x00000000eab00000, 0x00000000ecc00000, 0x0000000100000000)
  eden space 25600K, 100% used [0x00000000eab00000,0x00000000ec400000,0x00000000ec400000)
  from space 4096K, 77% used [0x00000000ec400000,0x00000000ec719508,0x00000000ec800000)
  to   space 4096K, 0% used [0x00000000ec800000,0x00000000ec800000,0x00000000ecc00000)
 ParOldGen       total 68608K, used 8K [0x00000000c0000000, 0x00000000c4300000, 0x00000000eab00000)
  object space 68608K, 0% used [0x00000000c0000000,0x00000000c0002000,0x00000000c4300000)
 Metaspace       used 14442K, committed 14592K, reserved 1114112K
  class space    used 1445K, committed 1536K, reserved 1048576K
}
Event: 2.460 GC heap after
{Heap after GC invocations=2 (full 0):
 PSYoungGen      total 29696K, used 4068K [0x00000000eab00000, 0x00000000ecc00000, 0x0000000100000000)
  eden space 25600K, 0% used [0x00000000eab00000,0x00000000eab00000,0x00000000ec400000)
  from space 4096K, 99% used [0x00000000ec800000,0x00000000ecbf91b8,0x00000000ecc00000)
  to   space 4096K, 0% used [0x00000000ec400000,0x00000000ec400000,0x00000000ec800000)
 ParOldGen       total 68608K, used 1556K [0x00000000c0000000, 0x00000000c4300000, 0x00000000eab00000)
  object space 68608K, 2% used [0x00000000c0000000,0x00000000c0185380,0x00000000c4300000)
 Metaspace       used 14442K, committed 14592K, reserved 1114112K
  class space    used 1445K, committed 1536K, reserved 1048576K
}
Event: 3.289 GC heap before
{Heap before GC invocations=3 (full 0):
 PSYoungGen      total 29696K, used 29668K [0x00000000eab00000, 0x00000000ecc00000, 0x0000000100000000)
  eden space 25600K, 100% used [0x00000000eab00000,0x00000000ec400000,0x00000000ec400000)
  from space 4096K, 99% used [0x00000000ec800000,0x00000000ecbf91b8,0x00000000ecc00000)
  to   space 4096K, 0% used [0x00000000ec400000,0x00000000ec400000,0x00000000ec800000)
 ParOldGen       total 68608K, used 1556K [0x00000000c0000000, 0x00000000c4300000, 0x00000000eab00000)
  object space 68608K, 2% used [0x00000000c0000000,0x00000000c0185380,0x00000000c4300000)
 Metaspace       used 16187K, committed 16384K, reserved 1114112K
  class space    used 1632K, committed 1728K, reserved 1048576K
}
Event: 3.296 GC heap after
{Heap after GC invocations=3 (full 0):
 PSYoungGen      total 29696K, used 4068K [0x00000000eab00000, 0x00000000ecc00000, 0x0000000100000000)
  eden space 25600K, 0% used [0x00000000eab00000,0x00000000eab00000,0x00000000ec400000)
  from space 4096K, 99% used [0x00000000ec400000,0x00000000ec7f91a8,0x00000000ec800000)
  to   space 4096K, 0% used [0x00000000ec800000,0x00000000ec800000,0x00000000ecc00000)
 ParOldGen       total 68608K, used 5424K [0x00000000c0000000, 0x00000000c4300000, 0x00000000eab00000)
  object space 68608K, 7% used [0x00000000c0000000,0x00000000c054c028,0x00000000c4300000)
 Metaspace       used 16187K, committed 16384K, reserved 1114112K
  class space    used 1632K, committed 1728K, reserved 1048576K
}
Event: 4.366 GC heap before
{Heap before GC invocations=4 (full 0):
 PSYoungGen      total 29696K, used 29668K [0x00000000eab00000, 0x00000000ecc00000, 0x0000000100000000)
  eden space 25600K, 100% used [0x00000000eab00000,0x00000000ec400000,0x00000000ec400000)
  from space 4096K, 99% used [0x00000000ec400000,0x00000000ec7f91a8,0x00000000ec800000)
  to   space 4096K, 0% used [0x00000000ec800000,0x00000000ec800000,0x00000000ecc00000)
 ParOldGen       total 68608K, used 5424K [0x00000000c0000000, 0x00000000c4300000, 0x00000000eab00000)
  object space 68608K, 7% used [0x00000000c0000000,0x00000000c054c028,0x00000000c4300000)
 Metaspace       used 19596K, committed 19904K, reserved 1114112K
  class space    used 1989K, committed 2112K, reserved 1048576K
}
Event: 4.371 GC heap after
{Heap after GC invocations=4 (full 0):
 PSYoungGen      total 29696K, used 4091K [0x00000000eab00000, 0x00000000ecc00000, 0x0000000100000000)
  eden space 25600K, 0% used [0x00000000eab00000,0x00000000eab00000,0x00000000ec400000)
  from space 4096K, 99% used [0x00000000ec800000,0x00000000ecbfef38,0x00000000ecc00000)
  to   space 4096K, 0% used [0x00000000ec400000,0x00000000ec400000,0x00000000ec800000)
 ParOldGen       total 68608K, used 6485K [0x00000000c0000000, 0x00000000c4300000, 0x00000000eab00000)
  object space 68608K, 9% used [0x00000000c0000000,0x00000000c06557e0,0x00000000c4300000)
 Metaspace       used 19596K, committed 19904K, reserved 1114112K
  class space    used 1989K, committed 2112K, reserved 1048576K
}
Event: 4.652 GC heap before
{Heap before GC invocations=5 (full 0):
 PSYoungGen      total 29696K, used 13076K [0x00000000eab00000, 0x00000000ecc00000, 0x0000000100000000)
  eden space 25600K, 35% used [0x00000000eab00000,0x00000000eb3c6268,0x00000000ec400000)
  from space 4096K, 99% used [0x00000000ec800000,0x00000000ecbfef38,0x00000000ecc00000)
  to   space 4096K, 0% used [0x00000000ec400000,0x00000000ec400000,0x00000000ec800000)
 ParOldGen       total 68608K, used 6485K [0x00000000c0000000, 0x00000000c4300000, 0x00000000eab00000)
  object space 68608K, 9% used [0x00000000c0000000,0x00000000c06557e0,0x00000000c4300000)
 Metaspace       used 21130K, committed 21504K, reserved 1114112K
  class space    used 2124K, committed 2304K, reserved 1048576K
}
Event: 6.656 GC heap after
{Heap after GC invocations=5 (full 0):
 PSYoungGen      total 29696K, used 4071K [0x00000000eab00000, 0x00000000ecc00000, 0x0000000100000000)
  eden space 25600K, 0% used [0x00000000eab00000,0x00000000eab00000,0x00000000ec400000)
  from space 4096K, 99% used [0x00000000ec400000,0x00000000ec7f9e30,0x00000000ec800000)
  to   space 4096K, 0% used [0x00000000ec800000,0x00000000ec800000,0x00000000ecc00000)
 ParOldGen       total 68608K, used 6958K [0x00000000c0000000, 0x00000000c4300000, 0x00000000eab00000)
  object space 68608K, 10% used [0x00000000c0000000,0x00000000c06cb950,0x00000000c4300000)
 Metaspace       used 21130K, committed 21504K, reserved 1114112K
  class space    used 2124K, committed 2304K, reserved 1048576K
}
Event: 6.656 GC heap before
{Heap before GC invocations=6 (full 1):
 PSYoungGen      total 29696K, used 4071K [0x00000000eab00000, 0x00000000ecc00000, 0x0000000100000000)
  eden space 25600K, 0% used [0x00000000eab00000,0x00000000eab00000,0x00000000ec400000)
  from space 4096K, 99% used [0x00000000ec400000,0x00000000ec7f9e30,0x00000000ec800000)
  to   space 4096K, 0% used [0x00000000ec800000,0x00000000ec800000,0x00000000ecc00000)
 ParOldGen       total 68608K, used 6958K [0x00000000c0000000, 0x00000000c4300000, 0x00000000eab00000)
  object space 68608K, 10% used [0x00000000c0000000,0x00000000c06cb950,0x00000000c4300000)
 Metaspace       used 21130K, committed 21504K, reserved 1114112K
  class space    used 2124K, committed 2304K, reserved 1048576K
}
Event: 6.681 GC heap after
{Heap after GC invocations=6 (full 1):
 PSYoungGen      total 29696K, used 0K [0x00000000eab00000, 0x00000000ecc00000, 0x0000000100000000)
  eden space 25600K, 0% used [0x00000000eab00000,0x00000000eab00000,0x00000000ec400000)
  from space 4096K, 0% used [0x00000000ec400000,0x00000000ec400000,0x00000000ec800000)
  to   space 4096K, 0% used [0x00000000ec800000,0x00000000ec800000,0x00000000ecc00000)
 ParOldGen       total 68608K, used 10694K [0x00000000c0000000, 0x00000000c4300000, 0x00000000eab00000)
  object space 68608K, 15% used [0x00000000c0000000,0x00000000c0a71908,0x00000000c4300000)
 Metaspace       used 21130K, committed 21504K, reserved 1114112K
  class space    used 2124K, committed 2304K, reserved 1048576K
}

Dll operation events (9 events):
Event: 0.011 Loaded shared library c:\Users\Fernanda Jama\.vscode\extensions\redhat.java-1.38.0-win32-x64\jre\17.0.13-win32-x86_64\bin\java.dll
Event: 0.152 Loaded shared library c:\Users\Fernanda Jama\.vscode\extensions\redhat.java-1.38.0-win32-x64\jre\17.0.13-win32-x86_64\bin\zip.dll
Event: 0.158 Loaded shared library C:\Users\Fernanda Jama\.vscode\extensions\redhat.java-1.38.0-win32-x64\jre\17.0.13-win32-x86_64\bin\instrument.dll
Event: 0.173 Loaded shared library C:\Users\Fernanda Jama\.vscode\extensions\redhat.java-1.38.0-win32-x64\jre\17.0.13-win32-x86_64\bin\net.dll
Event: 0.176 Loaded shared library C:\Users\Fernanda Jama\.vscode\extensions\redhat.java-1.38.0-win32-x64\jre\17.0.13-win32-x86_64\bin\nio.dll
Event: 0.181 Loaded shared library C:\Users\Fernanda Jama\.vscode\extensions\redhat.java-1.38.0-win32-x64\jre\17.0.13-win32-x86_64\bin\zip.dll
Event: 0.198 Loaded shared library C:\Users\Fernanda Jama\.vscode\extensions\redhat.java-1.38.0-win32-x64\jre\17.0.13-win32-x86_64\bin\jimage.dll
Event: 0.266 Loaded shared library c:\Users\Fernanda Jama\.vscode\extensions\redhat.java-1.38.0-win32-x64\jre\17.0.13-win32-x86_64\bin\verify.dll
Event: 2.341 Loaded shared library C:\Users\Fernanda Jama\AppData\Roaming\Code\User\globalStorage\redhat.java\1.38.0\config_win\org.eclipse.equinox.launcher\org.eclipse.equinox.launcher.win32.win32.x86_64_1.2.1100.v20240722-2106\eclipse_11904.dll

Deoptimization events (20 events):
Event: 4.090 Thread 0x0000014a893a4730 DEOPT PACKING pc=0x0000014af10422f6 sp=0x0000003c456f86c0
Event: 4.090 Thread 0x0000014a893a4730 DEOPT UNPACKING pc=0x0000014af812a9e3 sp=0x0000003c456f7b80 mode 0
Event: 4.091 Thread 0x0000014a893a4730 DEOPT PACKING pc=0x0000014af10422f6 sp=0x0000003c456f82d0
Event: 4.091 Thread 0x0000014a893a4730 DEOPT UNPACKING pc=0x0000014af812a9e3 sp=0x0000003c456f7790 mode 0
Event: 4.162 Thread 0x0000014a893a4730 Uncommon trap: trap_request=0xffffff45 fr.pc=0x0000014af8784c74 relative=0x0000000000000314
Event: 4.162 Thread 0x0000014a893a4730 Uncommon trap: reason=unstable_if action=reinterpret pc=0x0000014af8784c74 method=com.sun.org.apache.xerces.internal.impl.XMLEntityScanner.skipSpaces()Z @ 88 c2
Event: 4.162 Thread 0x0000014a893a4730 DEOPT PACKING pc=0x0000014af8784c74 sp=0x0000003c456f88a0
Event: 4.162 Thread 0x0000014a893a4730 DEOPT UNPACKING pc=0x0000014af8129ea3 sp=0x0000003c456f8838 mode 2
Event: 4.162 Thread 0x0000014a893a4730 Uncommon trap: trap_request=0xffffff45 fr.pc=0x0000014af8785ed8 relative=0x00000000000000b8
Event: 4.162 Thread 0x0000014a893a4730 Uncommon trap: reason=unstable_if action=reinterpret pc=0x0000014af8785ed8 method=com.sun.org.apache.xerces.internal.impl.XMLEntityScanner.peekChar()I @ 51 c2
Event: 4.162 Thread 0x0000014a893a4730 DEOPT PACKING pc=0x0000014af8785ed8 sp=0x0000003c456f87f0
Event: 4.162 Thread 0x0000014a893a4730 DEOPT UNPACKING pc=0x0000014af8129ea3 sp=0x0000003c456f8778 mode 2
Event: 4.240 Thread 0x0000014a893a4730 Uncommon trap: trap_request=0xffffffcc fr.pc=0x0000014af8788388 relative=0x00000000000001e8
Event: 4.240 Thread 0x0000014a893a4730 Uncommon trap: reason=intrinsic_or_type_checked_inlining action=make_not_entrant pc=0x0000014af8788388 method=java.util.Arrays.copyOf([Ljava/lang/Object;ILjava/lang/Class;)[Ljava/lang/Object; @ 35 c2
Event: 4.240 Thread 0x0000014a893a4730 DEOPT PACKING pc=0x0000014af8788388 sp=0x0000003c456fbc20
Event: 4.240 Thread 0x0000014a893a4730 DEOPT UNPACKING pc=0x0000014af8129ea3 sp=0x0000003c456fbbb0 mode 2
Event: 4.316 Thread 0x0000014a893a4730 Uncommon trap: trap_request=0xffffff45 fr.pc=0x0000014af8787b88 relative=0x00000000000003c8
Event: 4.316 Thread 0x0000014a893a4730 Uncommon trap: reason=unstable_if action=reinterpret pc=0x0000014af8787b88 method=com.sun.org.apache.xerces.internal.impl.XMLEntityScanner.scanLiteral(ILcom/sun/org/apache/xerces/internal/xni/XMLString;Z)I @ 299 c2
Event: 4.316 Thread 0x0000014a893a4730 DEOPT PACKING pc=0x0000014af8787b88 sp=0x0000003c456fd7f0
Event: 4.316 Thread 0x0000014a893a4730 DEOPT UNPACKING pc=0x0000014af8129ea3 sp=0x0000003c456fd780 mode 2

Classes loaded (20 events):
Event: 4.563 Loading class java/time/format/DateTimeTextProvider
Event: 4.563 Loading class java/time/format/DateTimeTextProvider done
Event: 4.563 Loading class java/time/format/DateTimeTextProvider$1
Event: 4.564 Loading class java/time/format/DateTimeTextProvider$1 done
Event: 4.564 Loading class java/time/format/DateTimeFormatterBuilder$1
Event: 4.564 Loading class java/time/format/DateTimeFormatterBuilder$1 done
Event: 4.564 Loading class java/time/format/DateTimeFormatterBuilder$TextPrinterParser
Event: 4.564 Loading class java/time/format/DateTimeFormatterBuilder$TextPrinterParser done
Event: 4.564 Loading class java/time/Period
Event: 4.564 Loading class java/time/chrono/ChronoPeriod
Event: 4.565 Loading class java/time/chrono/ChronoPeriod done
Event: 4.565 Loading class java/time/Period done
Event: 4.565 Loading class java/lang/invoke/MethodHandle$1
Event: 4.565 Loading class java/lang/invoke/MethodHandle$1 done
Event: 4.593 Loading class java/util/concurrent/TimeoutException
Event: 4.593 Loading class java/util/concurrent/TimeoutException done
Event: 4.607 Loading class java/net/URISyntaxException
Event: 4.607 Loading class java/net/URISyntaxException done
Event: 6.693 Loading class java/lang/AbstractMethodError
Event: 6.693 Loading class java/lang/AbstractMethodError done

Classes unloaded (0 events):
No events

Classes redefined (0 events):
No events

Internal exceptions (20 events):
Event: 1.345 Thread 0x0000014aec584ca0 Exception <a 'java/lang/NoSuchMethodError'{0x00000000eab2e050}: 'int java.lang.invoke.DirectMethodHandle$Holder.invokeStaticInit(java.lang.Object, java.lang.Object, java.lang.Object, java.lang.Object)'> (0x00000000eab2e050) 
thrown [s\src\hotspot\share\interpreter\linkResolver.cpp, line 759]
Event: 1.347 Thread 0x0000014aec584ca0 Exception <a 'java/lang/NoSuchMethodError'{0x00000000eab387b8}: 'java.lang.Object java.lang.invoke.DirectMethodHandle$Holder.invokeInterface(java.lang.Object, java.lang.Object)'> (0x00000000eab387b8) 
thrown [s\src\hotspot\share\interpreter\linkResolver.cpp, line 759]
Event: 1.347 Thread 0x0000014aec584ca0 Exception <a 'java/lang/IncompatibleClassChangeError'{0x00000000eab3bfb0}: Found class java.lang.Object, but interface was expected> (0x00000000eab3bfb0) 
thrown [s\src\hotspot\share\interpreter\linkResolver.cpp, line 826]
Event: 1.348 Thread 0x0000014aec584ca0 Exception <a 'java/lang/NoSuchMethodError'{0x00000000eab40490}: 'void java.lang.invoke.DirectMethodHandle$Holder.invokeStatic(java.lang.Object, java.lang.Object)'> (0x00000000eab40490) 
thrown [s\src\hotspot\share\interpreter\linkResolver.cpp, line 759]
Event: 1.348 Thread 0x0000014aec584ca0 Exception <a 'java/lang/NoSuchMethodError'{0x00000000eab43c90}: 'void java.lang.invoke.DirectMethodHandle$Holder.invokeStaticInit(java.lang.Object, java.lang.Object)'> (0x00000000eab43c90) 
thrown [s\src\hotspot\share\interpreter\linkResolver.cpp, line 759]
Event: 1.349 Thread 0x0000014aec584ca0 Exception <a 'java/lang/NoSuchMethodError'{0x00000000eab4b170}: 'int java.lang.invoke.DirectMethodHandle$Holder.invokeStaticInit(java.lang.Object, java.lang.Object)'> (0x00000000eab4b170) 
thrown [s\src\hotspot\share\interpreter\linkResolver.cpp, line 759]
Event: 1.443 Thread 0x0000014aec584ca0 Exception <a 'java/lang/NoSuchMethodError'{0x00000000eacda6f8}: 'void java.lang.invoke.DirectMethodHandle$Holder.invokeSpecial(java.lang.Object, java.lang.Object, java.lang.Object)'> (0x00000000eacda6f8) 
thrown [s\src\hotspot\share\interpreter\linkResolver.cpp, line 759]
Event: 2.002 Thread 0x0000014aec584ca0 Exception <a 'java/lang/NoSuchMethodError'{0x00000000ebabe778}: 'java.lang.Object java.lang.invoke.DirectMethodHandle$Holder.newInvokeSpecial(java.lang.Object, int, java.lang.Object)'> (0x00000000ebabe778) 
thrown [s\src\hotspot\share\interpreter\linkResolver.cpp, line 759]
Event: 2.333 Thread 0x0000014aec584ca0 Exception <a 'java/lang/UnsatisfiedLinkError'{0x00000000ec09f690}: 'void org.eclipse.equinox.launcher.JNIBridge._update_splash()'> (0x00000000ec09f690) 
thrown [s\src\hotspot\share\prims\nativeLookup.cpp, line 543]
Event: 2.388 Thread 0x0000014a894dc050 Exception <a 'java/lang/NoSuchMethodError'{0x00000000ec18cae0}: 'java.lang.Object java.lang.invoke.Invokers$Holder.invokeExact_MT(java.lang.Object, java.lang.Object, java.lang.Object, java.lang.Object, java.lang.Object, java.lang.Object)'> (0x00000000ec18cae0) 
thrown [s\src\hotspot\share\interpreter\linkResolver.cpp, line 759]
Event: 2.391 Thread 0x0000014a894dc050 Exception <a 'java/lang/NoSuchMethodError'{0x00000000ec1a04e8}: 'int java.lang.invoke.DirectMethodHandle$Holder.invokeSpecial(java.lang.Object, java.lang.Object, java.lang.Object)'> (0x00000000ec1a04e8) 
thrown [s\src\hotspot\share\interpreter\linkResolver.cpp, line 759]
Event: 2.518 Thread 0x0000014a893a4730 Exception <a 'java/lang/NoSuchMethodError'{0x00000000ead939a0}: 'java.lang.Object java.lang.invoke.DirectMethodHandle$Holder.invokeStaticInit(java.lang.Object)'> (0x00000000ead939a0) 
thrown [s\src\hotspot\share\interpreter\linkResolver.cpp, line 759]
Event: 2.623 Thread 0x0000014a893a4730 Exception <a 'java/lang/NoSuchMethodError'{0x00000000eae87038}: 'java.lang.Object java.lang.invoke.DirectMethodHandle$Holder.newInvokeSpecial(java.lang.Object, java.lang.Object, int, java.lang.Object)'> (0x00000000eae87038) 
thrown [s\src\hotspot\share\interpreter\linkResolver.cpp, line 759]
Event: 2.629 Thread 0x0000014a893a4730 Exception <a 'java/lang/NoSuchMethodError'{0x00000000eae8b320}: 'java.lang.Object java.lang.invoke.DirectMethodHandle$Holder.invokeSpecial(java.lang.Object, java.lang.Object, java.lang.Object, int, java.lang.Object)'> (0x00000000eae8b320) 
thrown [s\src\hotspot\share\interpreter\linkResolver.cpp, line 759]
Event: 2.726 Thread 0x0000014a893a4730 Exception <a 'java/lang/ClassNotFoundException'{0x00000000eb0b6ca8}: sun/util/logging/resources/spi/loggingProvider> (0x00000000eb0b6ca8) 
thrown [s\src\hotspot\share\classfile\systemDictionary.cpp, line 256]
Event: 3.488 Thread 0x0000014a893a4730 Exception <a 'java/lang/NullPointerException'{0x00000000eaf66b10}> (0x00000000eaf66b10) 
thrown [s\src\hotspot\share\interpreter\linkResolver.cpp, line 1350]
Event: 3.488 Thread 0x0000014a893a4730 Exception <a 'java/lang/NullPointerException'{0x00000000eaf66de8}> (0x00000000eaf66de8) 
thrown [s\src\hotspot\share\interpreter\linkResolver.cpp, line 1350]
Event: 4.264 Thread 0x0000014a893a4730 Exception <a 'java/io/FileNotFoundException'{0x00000000ec20acb0}> (0x00000000ec20acb0) 
thrown [s\src\hotspot\share\prims\jni.cpp, line 516]
Event: 4.517 Thread 0x0000014a893a4730 Exception <a 'java/lang/NoSuchMethodError'{0x00000000eadd89b0}: 'java.lang.Object java.lang.invoke.Invokers$Holder.linkToTargetMethod(java.lang.Object, long, java.lang.Object)'> (0x00000000eadd89b0) 
thrown [s\src\hotspot\share\interpreter\linkResolver.cpp, line 759]
Event: 4.594 Thread 0x0000014a893a4730 Exception <a 'java/lang/NoSuchMethodError'{0x00000000eb124bf8}: 'void java.lang.invoke.DirectMethodHandle$Holder.invokeInterface(java.lang.Object, java.lang.Object, java.lang.Object)'> (0x00000000eb124bf8) 
thrown [s\src\hotspot\share\interpreter\linkResolver.cpp, line 759]

VM Operations (20 events):
Event: 2.460 Executing VM operation: ParallelGCFailedAllocation done
Event: 2.501 Executing VM operation: HandshakeAllThreads
Event: 2.501 Executing VM operation: HandshakeAllThreads done
Event: 2.702 Executing VM operation: HandshakeAllThreads
Event: 2.702 Executing VM operation: HandshakeAllThreads done
Event: 2.757 Executing VM operation: HandshakeAllThreads
Event: 2.757 Executing VM operation: HandshakeAllThreads done
Event: 2.779 Executing VM operation: HandshakeAllThreads
Event: 2.779 Executing VM operation: HandshakeAllThreads done
Event: 2.806 Executing VM operation: HandshakeAllThreads
Event: 2.806 Executing VM operation: HandshakeAllThreads done
Event: 3.289 Executing VM operation: ParallelGCFailedAllocation
Event: 3.296 Executing VM operation: ParallelGCFailedAllocation done
Event: 3.484 Executing VM operation: HandshakeAllThreads
Event: 3.484 Executing VM operation: HandshakeAllThreads done
Event: 4.366 Executing VM operation: ParallelGCFailedAllocation
Event: 4.371 Executing VM operation: ParallelGCFailedAllocation done
Event: 4.652 Executing VM operation: CollectForMetadataAllocation
Event: 6.681 Executing VM operation: CollectForMetadataAllocation done
Event: 7.681 Executing VM operation: Cleanup

Memory protections (0 events):
No events

Nmethod flushes (0 events):
No events

Events (20 events):
Event: 1.042 Thread 0x0000014a876a9540 Thread exited: 0x0000014a876a9540
Event: 1.042 Thread 0x0000014a876a8000 Thread exited: 0x0000014a876a8000
Event: 1.603 Thread 0x0000014a874c8660 Thread added: 0x0000014a88d66170
Event: 1.604 Thread 0x0000014a874c8660 Thread added: 0x0000014a88d666c0
Event: 1.950 Thread 0x0000014aec584ca0 Thread added: 0x0000014a88e7ef30
Event: 2.077 Thread 0x0000014a88d666c0 Thread exited: 0x0000014a88d666c0
Event: 2.087 Thread 0x0000014a88d66170 Thread exited: 0x0000014a88d66170
Event: 2.235 Thread 0x0000014a874c8660 Thread added: 0x0000014a88f3b960
Event: 2.332 Thread 0x0000014aec584ca0 Thread added: 0x0000014a894dc050
Event: 2.416 Thread 0x0000014a894dc050 Thread added: 0x0000014a893910a0
Event: 2.421 Thread 0x0000014aec584ca0 Thread added: 0x0000014a893a4730
Event: 2.595 Thread 0x0000014a88f3b960 Thread exited: 0x0000014a88f3b960
Event: 2.819 Thread 0x0000014a874c6c00 Thread added: 0x0000014a8909bfd0
Event: 2.821 Thread 0x0000014a874c8660 Thread added: 0x0000014a8909c520
Event: 3.086 Thread 0x0000014a893a4730 Thread added: 0x0000014a8982b010
Event: 3.320 Thread 0x0000014a8909c520 Thread exited: 0x0000014a8909c520
Event: 3.398 Thread 0x0000014a893a4730 Thread added: 0x0000014a89a11170
Event: 3.426 Thread 0x0000014a8909bfd0 Thread exited: 0x0000014a8909bfd0
Event: 3.697 Thread 0x0000014a893a4730 Thread added: 0x0000014a89a0d9c0
Event: 4.605 Thread 0x0000014a893a4730 Thread added: 0x0000014a89a0ded0


Dynamic libraries:
0x00007ff7a0160000 - 0x00007ff7a016e000 	c:\Users\Fernanda Jama\.vscode\extensions\redhat.java-1.38.0-win32-x64\jre\17.0.13-win32-x86_64\bin\java.exe
0x00007ffbbe180000 - 0x00007ffbbe3e3000 	C:\WINDOWS\SYSTEM32\ntdll.dll
0x00007ffbbd430000 - 0x00007ffbbd4f8000 	C:\WINDOWS\System32\KERNEL32.DLL
0x00007ffbbb600000 - 0x00007ffbbb9b2000 	C:\WINDOWS\System32\KERNELBASE.dll
0x00007ffbbb9c0000 - 0x00007ffbbbb0b000 	C:\WINDOWS\System32\ucrtbase.dll
0x00007ffbb0d10000 - 0x00007ffbb0d2e000 	c:\Users\Fernanda Jama\.vscode\extensions\redhat.java-1.38.0-win32-x64\jre\17.0.13-win32-x86_64\bin\VCRUNTIME140.dll
0x00007ffbb3460000 - 0x00007ffbb3477000 	c:\Users\Fernanda Jama\.vscode\extensions\redhat.java-1.38.0-win32-x64\jre\17.0.13-win32-x86_64\bin\jli.dll
0x00007ffbbc140000 - 0x00007ffbbc308000 	C:\WINDOWS\System32\USER32.dll
0x00007ffb96860000 - 0x00007ffb96af0000 	C:\WINDOWS\WinSxS\amd64_microsoft.windows.common-controls_6595b64144ccf1df_6.0.26100.2454_none_3e0b68a2e331ad60\COMCTL32.dll
0x00007ffbbbd00000 - 0x00007ffbbbd27000 	C:\WINDOWS\System32\win32u.dll
0x00007ffbbc310000 - 0x00007ffbbc3b9000 	C:\WINDOWS\System32\msvcrt.dll
0x00007ffbbdf90000 - 0x00007ffbbdfba000 	C:\WINDOWS\System32\GDI32.dll
0x00007ffbbbb10000 - 0x00007ffbbbc3b000 	C:\WINDOWS\System32\gdi32full.dll
0x00007ffbbb550000 - 0x00007ffbbb5f3000 	C:\WINDOWS\System32\msvcp_win.dll
0x00007ffbbdf50000 - 0x00007ffbbdf7f000 	C:\WINDOWS\System32\IMM32.DLL
0x00007ffbb5460000 - 0x00007ffbb546c000 	c:\Users\Fernanda Jama\.vscode\extensions\redhat.java-1.38.0-win32-x64\jre\17.0.13-win32-x86_64\bin\vcruntime140_1.dll
0x00007ffb71450000 - 0x00007ffb714dd000 	c:\Users\Fernanda Jama\.vscode\extensions\redhat.java-1.38.0-win32-x64\jre\17.0.13-win32-x86_64\bin\msvcp140.dll
0x00007ffb49c30000 - 0x00007ffb4a89b000 	c:\Users\Fernanda Jama\.vscode\extensions\redhat.java-1.38.0-win32-x64\jre\17.0.13-win32-x86_64\bin\server\jvm.dll
0x00007ffbbde40000 - 0x00007ffbbdef4000 	C:\WINDOWS\System32\ADVAPI32.dll
0x00007ffbbc090000 - 0x00007ffbbc136000 	C:\WINDOWS\System32\sechost.dll
0x00007ffbbc690000 - 0x00007ffbbc7a6000 	C:\WINDOWS\System32\RPCRT4.dll
0x00007ffbbbfe0000 - 0x00007ffbbc054000 	C:\WINDOWS\System32\WS2_32.dll
0x00007ffbbb3e0000 - 0x00007ffbbb42e000 	C:\WINDOWS\SYSTEM32\POWRPROF.dll
0x00007ffbae8b0000 - 0x00007ffbae8e6000 	C:\WINDOWS\SYSTEM32\WINMM.dll
0x00007ffbb2ce0000 - 0x00007ffbb2ceb000 	C:\WINDOWS\SYSTEM32\VERSION.dll
0x00007ffbbb3c0000 - 0x00007ffbbb3d4000 	C:\WINDOWS\SYSTEM32\UMPDC.dll
0x00007ffbba350000 - 0x00007ffbba36a000 	C:\WINDOWS\SYSTEM32\kernel.appcore.dll
0x00007ffbb28c0000 - 0x00007ffbb28ca000 	c:\Users\Fernanda Jama\.vscode\extensions\redhat.java-1.38.0-win32-x64\jre\17.0.13-win32-x86_64\bin\jimage.dll
0x00007ffbb87f0000 - 0x00007ffbb8a31000 	C:\WINDOWS\SYSTEM32\DBGHELP.DLL
0x00007ffbbd080000 - 0x00007ffbbd3fe000 	C:\WINDOWS\System32\combase.dll
0x00007ffbbce90000 - 0x00007ffbbcf66000 	C:\WINDOWS\System32\OLEAUT32.dll
0x00007ffba5520000 - 0x00007ffba5559000 	C:\WINDOWS\SYSTEM32\dbgcore.DLL
0x00007ffbbbf40000 - 0x00007ffbbbfd9000 	C:\WINDOWS\System32\bcryptPrimitives.dll
0x00007ffbb25d0000 - 0x00007ffbb25de000 	c:\Users\Fernanda Jama\.vscode\extensions\redhat.java-1.38.0-win32-x64\jre\17.0.13-win32-x86_64\bin\instrument.dll
0x00007ffb7e330000 - 0x00007ffb7e355000 	c:\Users\Fernanda Jama\.vscode\extensions\redhat.java-1.38.0-win32-x64\jre\17.0.13-win32-x86_64\bin\java.dll
0x00007ffba6460000 - 0x00007ffba6478000 	c:\Users\Fernanda Jama\.vscode\extensions\redhat.java-1.38.0-win32-x64\jre\17.0.13-win32-x86_64\bin\zip.dll
0x00007ffbbd500000 - 0x00007ffbbdc00000 	C:\WINDOWS\System32\SHELL32.dll
0x00007ffbb9220000 - 0x00007ffbb9a51000 	C:\WINDOWS\SYSTEM32\windows.storage.dll
0x00007ffbbdc10000 - 0x00007ffbbdcea000 	C:\WINDOWS\System32\SHCORE.dll
0x00007ffbbcc40000 - 0x00007ffbbcc9d000 	C:\WINDOWS\System32\shlwapi.dll
0x00007ffbbb460000 - 0x00007ffbbb48e000 	C:\WINDOWS\SYSTEM32\profapi.dll
0x00007ffba6400000 - 0x00007ffba6419000 	C:\Users\Fernanda Jama\.vscode\extensions\redhat.java-1.38.0-win32-x64\jre\17.0.13-win32-x86_64\bin\net.dll
0x00007ffbb67c0000 - 0x00007ffbb68e6000 	C:\WINDOWS\SYSTEM32\WINHTTP.dll
0x00007ffbba830000 - 0x00007ffbba898000 	C:\WINDOWS\system32\mswsock.dll
0x00007ffba63b0000 - 0x00007ffba63c6000 	C:\Users\Fernanda Jama\.vscode\extensions\redhat.java-1.38.0-win32-x64\jre\17.0.13-win32-x86_64\bin\nio.dll
0x00007ffbb5330000 - 0x00007ffbb5340000 	c:\Users\Fernanda Jama\.vscode\extensions\redhat.java-1.38.0-win32-x64\jre\17.0.13-win32-x86_64\bin\verify.dll
0x00007ffb7ce50000 - 0x00007ffb7ce95000 	C:\Users\Fernanda Jama\AppData\Roaming\Code\User\globalStorage\redhat.java\1.38.0\config_win\org.eclipse.equinox.launcher\org.eclipse.equinox.launcher.win32.win32.x86_64_1.2.1100.v20240722-2106\eclipse_11904.dll
0x00007ffbbc3c0000 - 0x00007ffbbc559000 	C:\WINDOWS\System32\ole32.dll

dbghelp: loaded successfully - version: 4.0.5 - missing functions: none
symbol engine: initialized successfully - sym options: 0x614 - pdb path: .;c:\Users\Fernanda Jama\.vscode\extensions\redhat.java-1.38.0-win32-x64\jre\17.0.13-win32-x86_64\bin;C:\WINDOWS\SYSTEM32;C:\WINDOWS\WinSxS\amd64_microsoft.windows.common-controls_6595b64144ccf1df_6.0.26100.2454_none_3e0b68a2e331ad60;c:\Users\Fernanda Jama\.vscode\extensions\redhat.java-1.38.0-win32-x64\jre\17.0.13-win32-x86_64\bin\server;C:\Users\Fernanda Jama\AppData\Roaming\Code\User\globalStorage\redhat.java\1.38.0\config_win\org.eclipse.equinox.launcher\org.eclipse.equinox.launcher.win32.win32.x86_64_1.2.1100.v20240722-2106

VM Arguments:
jvm_args: --add-modules=ALL-SYSTEM --add-opens=java.base/java.util=ALL-UNNAMED --add-opens=java.base/java.lang=ALL-UNNAMED --add-opens=java.base/sun.nio.fs=ALL-UNNAMED -Declipse.application=org.eclipse.jdt.ls.core.id1 -Dosgi.bundles.defaultStartLevel=4 -Declipse.product=org.eclipse.jdt.ls.core.product -Djava.import.generatesMetadataFilesAtProjectRoot=false -DDetectVMInstallationsJob.disabled=true -Dfile.encoding=utf8 -XX:+UseParallelGC -XX:GCTimeRatio=4 -XX:AdaptiveSizePolicyWeight=90 -Dsun.zip.disableMemoryMapping=true -Xmx1G -Xms100m -Xlog:disable -javaagent:c:\Users\Fernanda Jama\.vscode\extensions\redhat.java-1.38.0-win32-x64\lombok\lombok-1.18.34.jar -XX:+HeapDumpOnOutOfMemoryError -XX:HeapDumpPath=c:\Users\Fernanda Jama\AppData\Roaming\Code\User\workspaceStorage\0f8fcf9722f280a0dd6517273a57f36b\redhat.java -Daether.dependencyCollector.impl=bf 
java_command: c:\Users\Fernanda Jama\.vscode\extensions\redhat.java-1.38.0-win32-x64\server\plugins\org.eclipse.equinox.launcher_1.6.900.v20240613-2009.jar -configuration c:\Users\Fernanda Jama\AppData\Roaming\Code\User\globalStorage\redhat.java\1.38.0\config_win -data c:\Users\Fernanda Jama\AppData\Roaming\Code\User\workspaceStorage\0f8fcf9722f280a0dd6517273a57f36b\redhat.java\jdt_ws --pipe=\\.\pipe\lsp-898abb2bb1611af5595d48ab536d3c13-sock
java_class_path (initial): c:\Users\Fernanda Jama\.vscode\extensions\redhat.java-1.38.0-win32-x64\server\plugins\org.eclipse.equinox.launcher_1.6.900.v20240613-2009.jar
Launcher Type: SUN_STANDARD

[Global flags]
    uintx AdaptiveSizePolicyWeight                 = 90                                        {product} {command line}
     intx CICompilerCount                          = 4                                         {product} {ergonomic}
    uintx GCTimeRatio                              = 4                                         {product} {command line}
     bool HeapDumpOnOutOfMemoryError               = true                                   {manageable} {command line}
    ccstr HeapDumpPath                             = c:\Users\Fernanda Jama\AppData\Roaming\Code\User\workspaceStorage\0f8fcf9722f280a0dd6517273a57f36b\redhat.java         {manageable} {command line}
   size_t InitialHeapSize                          = 104857600                                 {product} {command line}
   size_t MaxHeapSize                              = 1073741824                                {product} {command line}
   size_t MaxNewSize                               = 357564416                                 {product} {ergonomic}
   size_t MinHeapDeltaBytes                        = 524288                                    {product} {ergonomic}
   size_t MinHeapSize                              = 104857600                                 {product} {command line}
   size_t NewSize                                  = 34603008                                  {product} {ergonomic}
    uintx NonNMethodCodeHeapSize                   = 5839372                                {pd product} {ergonomic}
    uintx NonProfiledCodeHeapSize                  = 122909434                              {pd product} {ergonomic}
   size_t OldSize                                  = 70254592                                  {product} {ergonomic}
    uintx ProfiledCodeHeapSize                     = 122909434                              {pd product} {ergonomic}
    uintx ReservedCodeCacheSize                    = 251658240                              {pd product} {ergonomic}
     bool SegmentedCodeCache                       = true                                      {product} {ergonomic}
   size_t SoftMaxHeapSize                          = 1073741824                             {manageable} {ergonomic}
     bool UseCompressedClassPointers               = true                           {product lp64_product} {ergonomic}
     bool UseCompressedOops                        = true                           {product lp64_product} {ergonomic}
     bool UseLargePagesIndividualAllocation        = false                                  {pd product} {ergonomic}
     bool UseParallelGC                            = true                                      {product} {command line}

Logging:
Log output configuration:
 #0: stdout all=off uptime,level,tags
 #1: stderr all=off uptime,level,tags

Environment Variables:
JAVA_HOME=C:\Program Files\java\jdk-17
CLASSPATH=C:\Program Files\SAP\SAP Business One DI API\JCO\LIB\sbowrapper.jar;C:\Program Files\SAP\SAP Business One DI API\JCO\LIB\sboapi.jar;C:\Program Files (x86)\SAP\SAP Business One DI API\JCO\LIB\sbowrapper.jar;C:\Program Files (x86)\SAP\SAP Business One DI API\JCO\LIB\sboapi.jar
PATH=C:\Python312\Scripts\;C:\Python312\;C:\Program Files\Eclipse Adoptium\jdk-21.0.3.9-hotspot\bin;C:\Program Files\java\jdk-17\bin;C:\Program Files\Microsoft MPI\Bin\;C:\apache-maven-3.9.6\bin;C:\Program Files\Common Files\Oracle\Java\javapath;C:\Program Files\Eclipse Foundation\jdk-8.0.302.8-hotspot\bin;C:\WINDOWS\system32;C:\WINDOWS;C:\WINDOWS\System32\Wbem;C:\WINDOWS\System32\WindowsPowerShell\v1.0\;C:\WINDOWS\System32\OpenSSH\;C:\Program Files\Azure Data Studio\bin;C:\Program Files\Microsoft SQL Server\Client SDK\ODBC\170\Tools\Binn\;C:\ProgramData\chocolatey\bin;C:\Program Files\Git\cmd;C:\Program Files\PuTTY\;C:\Program Files\Eclipse Adoptium\jdk-21.0.3.9-hotspot\\bin;C:\Program Files\SAP\SAP Business One DI API\JCO\LIB\;C:\Program Files\SAP\SAP Business One DI API\DI API 90;C:\Program Files\SAP\SAP Business One\;C:\Program Files (x86)\SAP\SAP Business One DI API\JCO\LIB\;C:\Program Files (x86)\SAP\SAP Business One DI API\DI API 90;C:\Program Files (x86)\SAP\SAP Business One\;C:\Program Files\Docker\Docker\resources\bin;C:\Program Files (x86)\Microsoft SQL Server\160\Tools\Binn\;C:\Program Files\Microsoft SQL Server\160\Tools\Binn\;C:\Program Files\Microsoft SQL Server\160\DTS\Binn\;C:\Program Files (x86)\Microsoft SQL Server\160\DTS\Binn\;C:\Program Files\Microsoft SQL Server\130\Tools\Binn\;C:\Program Files (x86)\Microsoft SQL Server\150\Tools\Binn\;C:\Program Files\Microsoft SQL Server\150\Tools\Binn\;C:\Program Files\Microsoft SQL Server\150\DTS\Binn\;C:\xampp\php;C:\Program Files\nodejs\;C:\Users\Fernanda Jama\AppData\Local\Microsoft\WindowsApps;C:\Program Files\Azure Data Studio\bin;C:\Users\Fernanda Jama\AppData\Local\GitHubDesktop\bin;C:\Program Files\java\jdk-17\bin;C:\Program Files\JetBrains\IntelliJ IDEA 2024.1\bin;;C:\Program Files\JetBrains\IntelliJ IDEA Community Edition 2023.2.5\bin;;C:\Users\Fernanda Jama\AppData\Local\Programs\Microsoft VS Code\bin;C:\Program Files\JetBrains\DataGrip 2024.2.1\bin;;C:\xampp\php;C:\Program Files\vtex\bin;C:\Users
USERNAME=Fernanda Jama
OS=Windows_NT
PROCESSOR_IDENTIFIER=Intel64 Family 6 Model 140 Stepping 1, GenuineIntel
TMP=C:\Users\FERNAN~1\AppData\Local\Temp
TEMP=C:\Users\FERNAN~1\AppData\Local\Temp



Periodic native trim disabled


---------------  S Y S T E M  ---------------

OS:
 Windows 11 , 64 bit Build 26100 (10.0.26100.2454)
OS uptime: 5 days 10:41 hours
Hyper-V role detected

CPU: total 8 (initial active 8) (4 cores per cpu, 2 threads per core) family 6 model 140 stepping 1 microcode 0xb8, cx8, cmov, fxsr, ht, mmx, 3dnowpref, sse, sse2, sse3, ssse3, sse4.1, sse4.2, popcnt, lzcnt, tsc, tscinvbit, avx, avx2, aes, erms, clmul, bmi1, bmi2, adx, avx512f, avx512dq, avx512cd, avx512bw, avx512vl, sha, fma, vzeroupper, avx512_vpopcntdq, avx512_vpclmulqdq, avx512_vaes, avx512_vnni, clflush, clflushopt, clwb, avx512_vbmi2, avx512_vbmi, hv
Processor Information for all 8 processors :
  Max Mhz: 2803, Current Mhz: 2803, Mhz Limit: 2803

Memory: 4k page, system-wide physical 32494M (3596M free)
TotalPageFile size 93435M (AvailPageFile size 0M)
current process WorkingSet (physical memory assigned to process): 118M, peak: 118M
current process commit charge ("private bytes"): 221M, peak: 226M

vm_info: OpenJDK 64-Bit Server VM (17.0.13+11) for windows-amd64 JRE (17.0.13+11), built on Oct 16 2024 00:10:08 by "admin" with MS VC++ 17.7 (VS2022)

END.
