#
# There is insufficient memory for the Java Runtime Environment to continue.
# Native memory allocation (malloc) failed to allocate 1232192 bytes. Error detail: Chunk::new
# Possible reasons:
#   The system is out of physical RAM or swap space
#   This process is running with CompressedOops enabled, and the Java Heap may be blocking the growth of the native heap
# Possible solutions:
#   Reduce memory load on the system
#   Increase physical memory or swap space
#   Check if swap backing store is full
#   Decrease Java heap size (-Xmx/-Xms)
#   Decrease number of Java threads
#   Decrease Java thread stack sizes (-Xss)
#   Set larger code cache with -XX:ReservedCodeCacheSize=
#   JVM is running with Unscaled Compressed Oops mode in which the Java heap is
#     placed in the first 4GB address space. The Java Heap base address is the
#     maximum limit for the native heap growth. Please use -XX:HeapBaseMinAddress
#     to set the Java Heap base and to place the Java Heap above 4GB virtual address.
# This output file may be truncated or incomplete.
#
#  Out of Memory Error (arena.cpp:191), pid=5600, tid=17048
#
# JRE version: OpenJDK Runtime Environment Temurin-17.0.13+11 (17.0.13+11) (build 17.0.13+11)
# Java VM: OpenJDK 64-Bit Server VM Temurin-17.0.13+11 (17.0.13+11, mixed mode, tiered, compressed oops, compressed class ptrs, parallel gc, windows-amd64)
# No core dump will be written. Minidumps are not enabled by default on client versions of Windows
#

---------------  S U M M A R Y ------------

Command Line: --add-modules=ALL-SYSTEM --add-opens=java.base/java.util=ALL-UNNAMED --add-opens=java.base/java.lang=ALL-UNNAMED --add-opens=java.base/sun.nio.fs=ALL-UNNAMED -Declipse.application=org.eclipse.jdt.ls.core.id1 -Dosgi.bundles.defaultStartLevel=4 -Declipse.product=org.eclipse.jdt.ls.core.product -Djava.import.generatesMetadataFilesAtProjectRoot=false -DDetectVMInstallationsJob.disabled=true -Dfile.encoding=utf8 -XX:+UseParallelGC -XX:GCTimeRatio=4 -XX:AdaptiveSizePolicyWeight=90 -Dsun.zip.disableMemoryMapping=true -Xmx1G -Xms100m -Xlog:disable -javaagent:c:\Users\Fernanda Jama\.vscode\extensions\redhat.java-1.38.0-win32-x64\lombok\lombok-1.18.34.jar -XX:+HeapDumpOnOutOfMemoryError -XX:HeapDumpPath=c:\Users\Fernanda Jama\AppData\Roaming\Code\User\workspaceStorage\0f8fcf9722f280a0dd6517273a57f36b\redhat.java -Daether.dependencyCollector.impl=bf c:\Users\Fernanda Jama\.vscode\extensions\redhat.java-1.38.0-win32-x64\server\plugins\org.eclipse.equinox.launcher_1.6.900.v20240613-2009.jar -configuration c:\Users\Fernanda Jama\AppData\Roaming\Code\User\globalStorage\redhat.java\1.38.0\config_win -data c:\Users\Fernanda Jama\AppData\Roaming\Code\User\workspaceStorage\0f8fcf9722f280a0dd6517273a57f36b\redhat.java\jdt_ws --pipe=\\.\pipe\lsp-0a7b2a0bf485161f6e76fe5d8424dfcf-sock

Host: 11th Gen Intel(R) Core(TM) i7-1165G7 @ 2.80GHz, 8 cores, 31G,  Windows 11 , 64 bit Build 26100 (10.0.26100.2454)
Time: Thu Dec 19 15:59:22 2024 Hora est. Pacífico, Sudamérica elapsed time: 34.957932 seconds (0d 0h 0m 34s)

---------------  T H R E A D  ---------------

Current thread (0x000001547c2a1590):  JavaThread "C2 CompilerThread0" daemon [_thread_in_native, id=17048, stack(0x0000000dfe600000,0x0000000dfe700000)]


Current CompileTask:
C2:  34958 13198       4       org.apache.maven.model.io.xpp3.MavenXpp3ReaderEx::parseDeveloper (912 bytes)

Stack: [0x0000000dfe600000,0x0000000dfe700000]
Native frames: (J=compiled Java code, j=interpreted, Vv=VM code, C=native code)
V  [jvm.dll+0x682a19]
V  [jvm.dll+0x839538]
V  [jvm.dll+0x83afe3]
V  [jvm.dll+0x83b653]
V  [jvm.dll+0x24704f]
V  [jvm.dll+0xace34]
V  [jvm.dll+0xad4cc]
V  [jvm.dll+0x36597e]
V  [jvm.dll+0x32fbd8]
V  [jvm.dll+0x32f05a]
V  [jvm.dll+0x21804f]
V  [jvm.dll+0x21748f]
V  [jvm.dll+0x1a3070]
V  [jvm.dll+0x22788c]
V  [jvm.dll+0x2259eb]
V  [jvm.dll+0x7eec98]
V  [jvm.dll+0x7e8ffc]
V  [jvm.dll+0x6818f7]
C  [ucrtbase.dll+0x14ea0]
C  [KERNEL32.DLL+0x2e8d7]
C  [ntdll.dll+0xdfbcc]


---------------  P R O C E S S  ---------------

Threads class SMR info:
_java_thread_list=0x000001547dacf0a0, length=60, elements={
0x0000015463290630, 0x000001546333ea50, 0x000001547711a930, 0x000001547c29cf10,
0x000001547c29d7e0, 0x000001547c2a00c0, 0x000001547c2a0990, 0x000001547c2a1590,
0x000001547c30b170, 0x000001547c327e20, 0x000001547c392f00, 0x000001547c60ef10,
0x000001547db72890, 0x000001547e06d760, 0x000001547e2bf990, 0x000001547e2c08a0,
0x000001547e59b400, 0x000001547e65b040, 0x000001547e65b550, 0x000001547e65a620,
0x000001547e65ba60, 0x000001547e6591e0, 0x000001547e65a110, 0x000001547e6587c0,
0x000001547e6596f0, 0x000001547e659c00, 0x000001547dfdf720, 0x000001547dfdc990,
0x000001547dfdd8c0, 0x000001547dfde2e0, 0x000001547dfde7f0, 0x000001547dfded00,
0x000001547dfdf210, 0x000001547dfdbf70, 0x000001547dfdfc30, 0x000001547dfdc480,
0x000001547dfdcea0, 0x000001547dfe0140, 0x000001547dfe0b60, 0x000001547dfdd3b0,
0x000001547dfe1070, 0x000001547dfe1580, 0x000001547dfe24b0, 0x000001547dfe1fa0,
0x000001547dfe1a90, 0x000001547dfe33e0, 0x000001547dfe2ed0, 0x000001547dfe29c0,
0x000001547dfe38f0, 0x000001547e65ab30, 0x000001547e65bf70, 0x0000015400b91e80,
0x0000015400b92390, 0x0000015400b928a0, 0x0000015400b91460, 0x0000015400b91970,
0x0000015400b93ce0, 0x0000015400b937d0, 0x0000015400b941f0, 0x0000015400b94c10
}

Java Threads: ( => current thread )
  0x0000015463290630 JavaThread "main" [_thread_blocked, id=7380, stack(0x0000000dfdd00000,0x0000000dfde00000)]
  0x000001546333ea50 JavaThread "Reference Handler" daemon [_thread_blocked, id=24876, stack(0x0000000dfe000000,0x0000000dfe100000)]
  0x000001547711a930 JavaThread "Finalizer" daemon [_thread_blocked, id=22456, stack(0x0000000dfe100000,0x0000000dfe200000)]
  0x000001547c29cf10 JavaThread "Signal Dispatcher" daemon [_thread_blocked, id=16788, stack(0x0000000dfe200000,0x0000000dfe300000)]
  0x000001547c29d7e0 JavaThread "Attach Listener" daemon [_thread_blocked, id=10072, stack(0x0000000dfe300000,0x0000000dfe400000)]
  0x000001547c2a00c0 JavaThread "Service Thread" daemon [_thread_blocked, id=24536, stack(0x0000000dfe400000,0x0000000dfe500000)]
  0x000001547c2a0990 JavaThread "Monitor Deflation Thread" daemon [_thread_blocked, id=29480, stack(0x0000000dfe500000,0x0000000dfe600000)]
=>0x000001547c2a1590 JavaThread "C2 CompilerThread0" daemon [_thread_in_native, id=17048, stack(0x0000000dfe600000,0x0000000dfe700000)]
  0x000001547c30b170 JavaThread "C1 CompilerThread0" daemon [_thread_blocked, id=8392, stack(0x0000000dfe700000,0x0000000dfe800000)]
  0x000001547c327e20 JavaThread "Sweeper thread" daemon [_thread_blocked, id=25632, stack(0x0000000dfe800000,0x0000000dfe900000)]
  0x000001547c392f00 JavaThread "Common-Cleaner" daemon [_thread_blocked, id=20756, stack(0x0000000dfe900000,0x0000000dfea00000)]
  0x000001547c60ef10 JavaThread "Notification Thread" daemon [_thread_blocked, id=7676, stack(0x0000000dfeb00000,0x0000000dfec00000)]
  0x000001547db72890 JavaThread "Active Thread: Equinox Container: deed8876-085e-43ad-88ca-6c0b27d3eddd" [_thread_blocked, id=22860, stack(0x0000000dff200000,0x0000000dff300000)]
  0x000001547e06d760 JavaThread "Refresh Thread: Equinox Container: deed8876-085e-43ad-88ca-6c0b27d3eddd" daemon [_thread_blocked, id=13264, stack(0x0000000dff300000,0x0000000dff400000)]
  0x000001547e2bf990 JavaThread "Framework Event Dispatcher: Equinox Container: deed8876-085e-43ad-88ca-6c0b27d3eddd" daemon [_thread_blocked, id=24164, stack(0x0000000dff400000,0x0000000dff500000)]
  0x000001547e2c08a0 JavaThread "Start Level: Equinox Container: deed8876-085e-43ad-88ca-6c0b27d3eddd" daemon [_thread_blocked, id=24492, stack(0x0000000dff500000,0x0000000dff600000)]
  0x000001547e59b400 JavaThread "Bundle File Closer" daemon [_thread_blocked, id=27556, stack(0x0000000dff900000,0x0000000dffa00000)]
  0x000001547e65b040 JavaThread "SCR Component Actor" daemon [_thread_blocked, id=25268, stack(0x0000000dffa00000,0x0000000dffb00000)]
  0x000001547e65b550 JavaThread "Worker-JM" [_thread_blocked, id=29092, stack(0x0000000dfea00000,0x0000000dfeb00000)]
  0x000001547e65a620 JavaThread "JNA Cleaner" daemon [_thread_blocked, id=5396, stack(0x0000000dff800000,0x0000000dff900000)]
  0x000001547e65ba60 JavaThread "Worker-0" [_thread_blocked, id=10544, stack(0x0000000dffc00000,0x0000000dffd00000)]
  0x000001547e6591e0 JavaThread "Worker-1" [_thread_blocked, id=26156, stack(0x0000000dffe00000,0x0000000dfff00000)]
  0x000001547e65a110 JavaThread "Java indexing" daemon [_thread_blocked, id=25700, stack(0x0000000d80000000,0x0000000d80100000)]
  0x000001547e6587c0 JavaThread "Worker-2: Building" [_thread_blocked, id=17328, stack(0x0000000d80100000,0x0000000d80200000)]
  0x000001547e6596f0 JavaThread "Thread-2" daemon [_thread_in_native, id=21324, stack(0x0000000d80500000,0x0000000d80600000)]
  0x000001547e659c00 JavaThread "Thread-3" daemon [_thread_in_native, id=13452, stack(0x0000000d80600000,0x0000000d80700000)]
  0x000001547dfdf720 JavaThread "Thread-4" daemon [_thread_in_native, id=16892, stack(0x0000000d80700000,0x0000000d80800000)]
  0x000001547dfdc990 JavaThread "Thread-5" daemon [_thread_in_native, id=12624, stack(0x0000000d80800000,0x0000000d80900000)]
  0x000001547dfdd8c0 JavaThread "Thread-6" daemon [_thread_in_native, id=17752, stack(0x0000000d80900000,0x0000000d80a00000)]
  0x000001547dfde2e0 JavaThread "Thread-7" daemon [_thread_in_native, id=12796, stack(0x0000000d80a00000,0x0000000d80b00000)]
  0x000001547dfde7f0 JavaThread "Thread-8" daemon [_thread_in_native, id=21556, stack(0x0000000d80b00000,0x0000000d80c00000)]
  0x000001547dfded00 JavaThread "Thread-9" daemon [_thread_in_native, id=22128, stack(0x0000000d80c00000,0x0000000d80d00000)]
  0x000001547dfdf210 JavaThread "Thread-10" daemon [_thread_in_native, id=29692, stack(0x0000000d80d00000,0x0000000d80e00000)]
  0x000001547dfdbf70 JavaThread "Worker-3: Java indexing... " [_thread_blocked, id=28404, stack(0x0000000d80e00000,0x0000000d80f00000)]
  0x000001547dfdfc30 JavaThread "pool-2-thread-1" [_thread_blocked, id=11768, stack(0x0000000d80f00000,0x0000000d81000000)]
  0x000001547dfdc480 JavaThread "Worker-4" [_thread_blocked, id=28716, stack(0x0000000d81000000,0x0000000d81100000)]
  0x000001547dfdcea0 JavaThread "Worker-5" [_thread_blocked, id=3696, stack(0x0000000d81100000,0x0000000d81200000)]
  0x000001547dfe0140 JavaThread "WorkspaceEventsHandler" [_thread_blocked, id=21552, stack(0x0000000d81200000,0x0000000d81300000)]
  0x000001547dfe0b60 JavaThread "pool-1-thread-1" [_thread_blocked, id=26044, stack(0x0000000d81300000,0x0000000d81400000)]
  0x000001547dfdd3b0 JavaThread "LocalFile Deleter" daemon [_thread_blocked, id=25624, stack(0x0000000d81400000,0x0000000d81500000)]
  0x000001547dfe1070 JavaThread "LocalFile Deleter" daemon [_thread_blocked, id=5992, stack(0x0000000d81500000,0x0000000d81600000)]
  0x000001547dfe1580 JavaThread "LocalFile Deleter" daemon [_thread_blocked, id=26268, stack(0x0000000d81600000,0x0000000d81700000)]
  0x000001547dfe24b0 JavaThread "LocalFile Deleter" daemon [_thread_blocked, id=7308, stack(0x0000000d81700000,0x0000000d81800000)]
  0x000001547dfe1fa0 JavaThread "LocalFile Deleter" daemon [_thread_blocked, id=3748, stack(0x0000000d81800000,0x0000000d81900000)]
  0x000001547dfe1a90 JavaThread "LocalFile Deleter" daemon [_thread_blocked, id=23752, stack(0x0000000d81900000,0x0000000d81a00000)]
  0x000001547dfe33e0 JavaThread "Compiler Source File Reader" daemon [_thread_blocked, id=20424, stack(0x0000000d81a00000,0x0000000d81b00000)]
  0x000001547dfe2ed0 JavaThread "Compiler Source File Reader" daemon [_thread_blocked, id=20020, stack(0x0000000d81b00000,0x0000000d81c00000)]
  0x000001547dfe29c0 JavaThread "Compiler Source File Reader" daemon [_thread_blocked, id=2680, stack(0x0000000d81c00000,0x0000000d81d00000)]
  0x000001547dfe38f0 JavaThread "Compiler Source File Reader" daemon [_thread_blocked, id=11676, stack(0x0000000d81d00000,0x0000000d81e00000)]
  0x000001547e65ab30 JavaThread "Compiler Source File Reader" daemon [_thread_blocked, id=9228, stack(0x0000000d81e00000,0x0000000d81f00000)]
  0x000001547e65bf70 JavaThread "Compiler Processing Task" daemon [_thread_blocked, id=17236, stack(0x0000000d81f00000,0x0000000d82000000)]
  0x0000015400b91e80 JavaThread "Compiler Class File Writer" daemon [_thread_blocked, id=20368, stack(0x0000000d82000000,0x0000000d82100000)]
  0x0000015400b92390 JavaThread "Compiler Class File Writer" daemon [_thread_blocked, id=336, stack(0x0000000d82100000,0x0000000d82200000)]
  0x0000015400b928a0 JavaThread "Compiler Class File Writer" daemon [_thread_blocked, id=23612, stack(0x0000000d82200000,0x0000000d82300000)]
  0x0000015400b91460 JavaThread "Compiler Class File Writer" daemon [_thread_blocked, id=11464, stack(0x0000000d82300000,0x0000000d82400000)]
  0x0000015400b91970 JavaThread "Compiler Class File Writer" daemon [_thread_blocked, id=8068, stack(0x0000000d82400000,0x0000000d82500000)]
  0x0000015400b93ce0 JavaThread "Compiler Class File Writer" daemon [_thread_blocked, id=7792, stack(0x0000000d82500000,0x0000000d82600000)]
  0x0000015400b937d0 JavaThread "LocalFile Deleter" daemon [_thread_blocked, id=12252, stack(0x0000000d82600000,0x0000000d82700000)]
  0x0000015400b941f0 JavaThread "Compiler Source File Reader" daemon [_thread_blocked, id=27032, stack(0x0000000d82700000,0x0000000d82800000)]
  0x0000015400b94c10 JavaThread "LocalFile Deleter" daemon [_thread_blocked, id=13268, stack(0x0000000d82900000,0x0000000d82a00000)]

Other Threads:
  0x000001547c2614b0 VMThread "VM Thread" [stack: 0x0000000dfdf00000,0x0000000dfe000000] [id=14232]
  0x000001547c5e6980 WatcherThread [stack: 0x0000000dfec00000,0x0000000dfed00000] [id=16876]
  0x00000154632a4410 GCTaskThread "GC Thread#0" [stack: 0x0000000dfde00000,0x0000000dfdf00000] [id=20436]
  0x000001547d85cd10 GCTaskThread "GC Thread#1" [stack: 0x0000000dfed00000,0x0000000dfee00000] [id=28316]
  0x000001547d776fc0 GCTaskThread "GC Thread#2" [stack: 0x0000000dfee00000,0x0000000dfef00000] [id=22060]
  0x000001547d78ef70 GCTaskThread "GC Thread#3" [stack: 0x0000000dfef00000,0x0000000dff000000] [id=4828]
  0x000001547da34110 GCTaskThread "GC Thread#4" [stack: 0x0000000dff000000,0x0000000dff100000] [id=25236]
  0x000001547da343d0 GCTaskThread "GC Thread#5" [stack: 0x0000000dff100000,0x0000000dff200000] [id=21100]
  0x000001547dbc0990 GCTaskThread "GC Thread#6" [stack: 0x0000000dff600000,0x0000000dff700000] [id=29136]
  0x000001547e05a260 GCTaskThread "GC Thread#7" [stack: 0x0000000dff700000,0x0000000dff800000] [id=28844]

Threads with active compile tasks:
C2 CompilerThread0    34985 13198       4       org.apache.maven.model.io.xpp3.MavenXpp3ReaderEx::parseDeveloper (912 bytes)

VM state: at safepoint (normal execution)

VM Mutex/Monitor currently owned by a thread:  ([mutex/lock_event])
[0x000001546328de90] Threads_lock - owner thread: 0x000001547c2614b0
[0x000001546328c780] Heap_lock - owner thread: 0x000001547e65a110

Heap address: 0x00000000c0000000, size: 1024 MB, Compressed Oops mode: 32-bit

CDS archive(s) not mapped
Compressed class space mapped at: 0x0000000100000000-0x0000000140000000, reserved size: 1073741824
Narrow klass base: 0x0000000000000000, Narrow klass shift: 3, Narrow klass range: 0x140000000

GC Precious Log:
 CPUs: 8 total, 8 available
 Memory: 32494M
 Large Page Support: Disabled
 NUMA Support: Disabled
 Compressed Oops: Enabled (32-bit)
 Alignments: Space 512K, Generation 512K, Heap 2M
 Heap Min Capacity: 100M
 Heap Initial Capacity: 100M
 Heap Max Capacity: 1G
 Pre-touch: Disabled
 Parallel Workers: 8

Heap:
 PSYoungGen      total 5120K, used 992K [0x00000000eab00000, 0x00000000eb100000, 0x0000000100000000)
  eden space 4096K, 0% used [0x00000000eab00000,0x00000000eab00000,0x00000000eaf00000)
  from space 1024K, 96% used [0x00000000eb000000,0x00000000eb0f8108,0x00000000eb100000)
  to   space 1024K, 0% used [0x00000000eaf00000,0x00000000eaf00000,0x00000000eb000000)
 ParOldGen       total 246272K, used 234027K [0x00000000c0000000, 0x00000000cf080000, 0x00000000eab00000)
  object space 246272K, 95% used [0x00000000c0000000,0x00000000ce48ade0,0x00000000cf080000)
 Metaspace       used 70353K, committed 71616K, reserved 1114112K
  class space    used 7214K, committed 7808K, reserved 1048576K

Card table byte_map: [0x0000015462c20000,0x0000015462e30000] _byte_map_base: 0x0000015462620000

Marking Bits: (ParMarkBitMap*) 0x00007ffdc0366940
 Begin Bits: [0x0000015474f20000, 0x0000015475f20000)
 End Bits:   [0x0000015475f20000, 0x0000015476f20000)

Polling page: 0x0000015461260000

Metaspace:

Usage:
  Non-class:     61.66 MB used.
      Class:      7.05 MB used.
       Both:     68.71 MB used.

Virtual space:
  Non-class space:       64.00 MB reserved,      62.31 MB ( 97%) committed,  1 nodes.
      Class space:        1.00 GB reserved,       7.62 MB ( <1%) committed,  1 nodes.
             Both:        1.06 GB reserved,      69.94 MB (  6%) committed. 

Chunk freelists:
   Non-Class:  1.28 MB
       Class:  8.22 MB
        Both:  9.51 MB

MaxMetaspaceSize: unlimited
CompressedClassSpaceSize: 1.00 GB
Initial GC threshold: 21.00 MB
Current GC threshold: 116.50 MB
CDS: off
MetaspaceReclaimPolicy: balanced
 - commit_granule_bytes: 65536.
 - commit_granule_words: 8192.
 - virtual_space_node_default_size: 8388608.
 - enlarge_chunks_in_place: 1.
 - new_chunks_are_fully_committed: 0.
 - uncommit_free_chunks: 1.
 - use_allocation_guard: 0.
 - handle_deallocations: 1.


Internal statistics:

num_allocs_failed_limit: 9.
num_arena_births: 922.
num_arena_deaths: 16.
num_vsnodes_births: 2.
num_vsnodes_deaths: 0.
num_space_committed: 1119.
num_space_uncommitted: 0.
num_chunks_returned_to_freelist: 25.
num_chunks_taken_from_freelist: 3920.
num_chunk_merges: 15.
num_chunk_splits: 2382.
num_chunks_enlarged: 1331.
num_inconsistent_stats: 0.

CodeHeap 'non-profiled nmethods': size=120000Kb used=9835Kb max_used=9835Kb free=110164Kb
 bounds [0x000001546d9f0000, 0x000001546e390000, 0x0000015474f20000]
CodeHeap 'profiled nmethods': size=120000Kb used=23781Kb max_used=23781Kb free=96218Kb
 bounds [0x0000015465f20000, 0x0000015467660000, 0x000001546d450000]
CodeHeap 'non-nmethods': size=5760Kb used=1375Kb max_used=1530Kb free=4384Kb
 bounds [0x000001546d450000, 0x000001546d6c0000, 0x000001546d9f0000]
 total_blobs=11686 nmethods=10978 adapters=618
 compilation: enabled
              stopped_count=0, restarted_count=0
 full_count=0

Compilation events (20 events):
Event: 33.642 Thread 0x000001547c30b170 13199       1       org.apache.maven.model.Extension::setGroupId (6 bytes)
Event: 33.642 Thread 0x000001547c30b170 nmethod 13199 0x000001546e386910 code [0x000001546e386aa0, 0x000001546e386b78]
Event: 33.642 Thread 0x000001547c30b170 13200       1       org.apache.maven.model.Extension::setArtifactId (6 bytes)
Event: 33.642 Thread 0x000001547c30b170 nmethod 13200 0x000001546e386c10 code [0x000001546e386da0, 0x000001546e386e78]
Event: 33.797 Thread 0x000001547c30b170 13202       3       org.eclipse.aether.named.support.ReadWriteLockNamedLock::doLockShared (45 bytes)
Event: 33.798 Thread 0x000001547c30b170 nmethod 13202 0x0000015467657790 code [0x0000015467657980, 0x0000015467657f88]
Event: 33.817 Thread 0x000001547c2a1590 nmethod 13196 0x000001546e386f10 code [0x000001546e387260, 0x000001546e388880]
Event: 33.817 Thread 0x000001547c2a1590 13198       4       org.apache.maven.model.io.xpp3.MavenXpp3ReaderEx::parseDeveloper (912 bytes)
Event: 33.821 Thread 0x000001547c30b170 13203       3       org.eclipse.aether.named.support.NamedLockSupport::<init> (48 bytes)
Event: 33.821 Thread 0x000001547c30b170 nmethod 13203 0x0000015467658190 code [0x0000015467658360, 0x0000015467658828]
Event: 33.826 Thread 0x000001547c30b170 13204       3       org.eclipse.jdt.internal.core.search.indexing.AbstractIndexer::addModuleExportedPackages (42 bytes)
Event: 33.827 Thread 0x000001547c30b170 nmethod 13204 0x0000015467658a10 code [0x0000015467658c00, 0x0000015467659248]
Event: 33.852 Thread 0x000001547c30b170 13205       3       org.eclipse.aether.named.providers.LocalReadWriteLockNamedLockFactory::createLock (17 bytes)
Event: 33.852 Thread 0x000001547c30b170 nmethod 13205 0x0000015467659510 code [0x0000015467659740, 0x0000015467659f28]
Event: 33.866 Thread 0x000001547c30b170 13206       3       org.eclipse.aether.named.providers.LocalReadWriteLockNamedLockFactory::createLock (6 bytes)
Event: 33.866 Thread 0x000001547c30b170 nmethod 13206 0x000001546765a290 code [0x000001546765a420, 0x000001546765a568]
Event: 33.868 Thread 0x000001547c30b170 13207       3       org.eclipse.aether.named.support.NamedLockFactorySupport$NamedLockHolder::<init> (28 bytes)
Event: 33.869 Thread 0x000001547c30b170 nmethod 13207 0x000001546765a610 code [0x000001546765a7e0, 0x000001546765ac48]
Event: 33.936 Thread 0x000001547c30b170 13209       3       org.eclipse.jdt.internal.core.search.indexing.AbstractIndexer::addDefaultConstructorDeclaration (21 bytes)
Event: 33.937 Thread 0x000001547c30b170 nmethod 13209 0x000001546765ae10 code [0x000001546765b020, 0x000001546765b6a8]

GC Heap History (20 events):
Event: 33.547 GC heap after
{Heap after GC invocations=373 (full 12):
 PSYoungGen      total 5120K, used 1014K [0x00000000eab00000, 0x00000000eb180000, 0x0000000100000000)
  eden space 3584K, 0% used [0x00000000eab00000,0x00000000eab00000,0x00000000eae80000)
  from space 1536K, 66% used [0x00000000eb000000,0x00000000eb0fdad8,0x00000000eb180000)
  to   space 1536K, 0% used [0x00000000eae80000,0x00000000eae80000,0x00000000eb000000)
 ParOldGen       total 246272K, used 226824K [0x00000000c0000000, 0x00000000cf080000, 0x00000000eab00000)
  object space 246272K, 92% used [0x00000000c0000000,0x00000000cdd82048,0x00000000cf080000)
 Metaspace       used 70353K, committed 71616K, reserved 1114112K
  class space    used 7214K, committed 7808K, reserved 1048576K
}
Event: 33.594 GC heap before
{Heap before GC invocations=374 (full 12):
 PSYoungGen      total 5120K, used 4598K [0x00000000eab00000, 0x00000000eb180000, 0x0000000100000000)
  eden space 3584K, 100% used [0x00000000eab00000,0x00000000eae80000,0x00000000eae80000)
  from space 1536K, 66% used [0x00000000eb000000,0x00000000eb0fdad8,0x00000000eb180000)
  to   space 1536K, 0% used [0x00000000eae80000,0x00000000eae80000,0x00000000eb000000)
 ParOldGen       total 246272K, used 226824K [0x00000000c0000000, 0x00000000cf080000, 0x00000000eab00000)
  object space 246272K, 92% used [0x00000000c0000000,0x00000000cdd82048,0x00000000cf080000)
 Metaspace       used 70353K, committed 71616K, reserved 1114112K
  class space    used 7214K, committed 7808K, reserved 1048576K
}
Event: 33.596 GC heap after
{Heap after GC invocations=374 (full 12):
 PSYoungGen      total 5120K, used 1021K [0x00000000eab00000, 0x00000000eb180000, 0x0000000100000000)
  eden space 3584K, 0% used [0x00000000eab00000,0x00000000eab00000,0x00000000eae80000)
  from space 1536K, 66% used [0x00000000eae80000,0x00000000eaf7f4b0,0x00000000eb000000)
  to   space 1536K, 0% used [0x00000000eb000000,0x00000000eb000000,0x00000000eb180000)
 ParOldGen       total 246272K, used 227683K [0x00000000c0000000, 0x00000000cf080000, 0x00000000eab00000)
  object space 246272K, 92% used [0x00000000c0000000,0x00000000cde58f08,0x00000000cf080000)
 Metaspace       used 70353K, committed 71616K, reserved 1114112K
  class space    used 7214K, committed 7808K, reserved 1048576K
}
Event: 33.610 GC heap before
{Heap before GC invocations=375 (full 12):
 PSYoungGen      total 5120K, used 4605K [0x00000000eab00000, 0x00000000eb180000, 0x0000000100000000)
  eden space 3584K, 100% used [0x00000000eab00000,0x00000000eae80000,0x00000000eae80000)
  from space 1536K, 66% used [0x00000000eae80000,0x00000000eaf7f4b0,0x00000000eb000000)
  to   space 1536K, 0% used [0x00000000eb000000,0x00000000eb000000,0x00000000eb180000)
 ParOldGen       total 246272K, used 227683K [0x00000000c0000000, 0x00000000cf080000, 0x00000000eab00000)
  object space 246272K, 92% used [0x00000000c0000000,0x00000000cde58f08,0x00000000cf080000)
 Metaspace       used 70353K, committed 71616K, reserved 1114112K
  class space    used 7214K, committed 7808K, reserved 1048576K
}
Event: 33.612 GC heap after
{Heap after GC invocations=375 (full 12):
 PSYoungGen      total 4608K, used 768K [0x00000000eab00000, 0x00000000eb100000, 0x0000000100000000)
  eden space 3584K, 0% used [0x00000000eab00000,0x00000000eab00000,0x00000000eae80000)
  from space 1024K, 75% used [0x00000000eb000000,0x00000000eb0c0000,0x00000000eb100000)
  to   space 1024K, 0% used [0x00000000eaf00000,0x00000000eaf00000,0x00000000eb000000)
 ParOldGen       total 246272K, used 228566K [0x00000000c0000000, 0x00000000cf080000, 0x00000000eab00000)
  object space 246272K, 92% used [0x00000000c0000000,0x00000000cdf35b90,0x00000000cf080000)
 Metaspace       used 70353K, committed 71616K, reserved 1114112K
  class space    used 7214K, committed 7808K, reserved 1048576K
}
Event: 33.621 GC heap before
{Heap before GC invocations=376 (full 12):
 PSYoungGen      total 4608K, used 4352K [0x00000000eab00000, 0x00000000eb100000, 0x0000000100000000)
  eden space 3584K, 100% used [0x00000000eab00000,0x00000000eae80000,0x00000000eae80000)
  from space 1024K, 75% used [0x00000000eb000000,0x00000000eb0c0000,0x00000000eb100000)
  to   space 1024K, 0% used [0x00000000eaf00000,0x00000000eaf00000,0x00000000eb000000)
 ParOldGen       total 246272K, used 228566K [0x00000000c0000000, 0x00000000cf080000, 0x00000000eab00000)
  object space 246272K, 92% used [0x00000000c0000000,0x00000000cdf35b90,0x00000000cf080000)
 Metaspace       used 70353K, committed 71616K, reserved 1114112K
  class space    used 7214K, committed 7808K, reserved 1048576K
}
Event: 33.623 GC heap after
{Heap after GC invocations=376 (full 12):
 PSYoungGen      total 4608K, used 864K [0x00000000eab00000, 0x00000000eb080000, 0x0000000100000000)
  eden space 3584K, 0% used [0x00000000eab00000,0x00000000eab00000,0x00000000eae80000)
  from space 1024K, 84% used [0x00000000eaf00000,0x00000000eafd8020,0x00000000eb000000)
  to   space 512K, 0% used [0x00000000eb000000,0x00000000eb000000,0x00000000eb080000)
 ParOldGen       total 246272K, used 229264K [0x00000000c0000000, 0x00000000cf080000, 0x00000000eab00000)
  object space 246272K, 93% used [0x00000000c0000000,0x00000000cdfe4380,0x00000000cf080000)
 Metaspace       used 70353K, committed 71616K, reserved 1114112K
  class space    used 7214K, committed 7808K, reserved 1048576K
}
Event: 33.632 GC heap before
{Heap before GC invocations=377 (full 12):
 PSYoungGen      total 4608K, used 4448K [0x00000000eab00000, 0x00000000eb080000, 0x0000000100000000)
  eden space 3584K, 100% used [0x00000000eab00000,0x00000000eae80000,0x00000000eae80000)
  from space 1024K, 84% used [0x00000000eaf00000,0x00000000eafd8020,0x00000000eb000000)
  to   space 512K, 0% used [0x00000000eb000000,0x00000000eb000000,0x00000000eb080000)
 ParOldGen       total 246272K, used 229264K [0x00000000c0000000, 0x00000000cf080000, 0x00000000eab00000)
  object space 246272K, 93% used [0x00000000c0000000,0x00000000cdfe4380,0x00000000cf080000)
 Metaspace       used 70353K, committed 71616K, reserved 1114112K
  class space    used 7214K, committed 7808K, reserved 1048576K
}
Event: 33.635 GC heap after
{Heap after GC invocations=377 (full 12):
 PSYoungGen      total 3584K, used 512K [0x00000000eab00000, 0x00000000eb380000, 0x0000000100000000)
  eden space 3072K, 0% used [0x00000000eab00000,0x00000000eab00000,0x00000000eae00000)
  from space 512K, 100% used [0x00000000eb000000,0x00000000eb080000,0x00000000eb080000)
  to   space 2048K, 0% used [0x00000000eae00000,0x00000000eae00000,0x00000000eb000000)
 ParOldGen       total 246272K, used 230336K [0x00000000c0000000, 0x00000000cf080000, 0x00000000eab00000)
  object space 246272K, 93% used [0x00000000c0000000,0x00000000ce0f0250,0x00000000cf080000)
 Metaspace       used 70353K, committed 71616K, reserved 1114112K
  class space    used 7214K, committed 7808K, reserved 1048576K
}
Event: 33.771 GC heap before
{Heap before GC invocations=378 (full 12):
 PSYoungGen      total 3584K, used 3584K [0x00000000eab00000, 0x00000000eb380000, 0x0000000100000000)
  eden space 3072K, 100% used [0x00000000eab00000,0x00000000eae00000,0x00000000eae00000)
  from space 512K, 100% used [0x00000000eb000000,0x00000000eb080000,0x00000000eb080000)
  to   space 2048K, 0% used [0x00000000eae00000,0x00000000eae00000,0x00000000eb000000)
 ParOldGen       total 246272K, used 230336K [0x00000000c0000000, 0x00000000cf080000, 0x00000000eab00000)
  object space 246272K, 93% used [0x00000000c0000000,0x00000000ce0f0250,0x00000000cf080000)
 Metaspace       used 70353K, committed 71616K, reserved 1114112K
  class space    used 7214K, committed 7808K, reserved 1048576K
}
Event: 33.774 GC heap after
{Heap after GC invocations=378 (full 12):
 PSYoungGen      total 4096K, used 929K [0x00000000eab00000, 0x00000000eb100000, 0x0000000100000000)
  eden space 3072K, 0% used [0x00000000eab00000,0x00000000eab00000,0x00000000eae00000)
  from space 1024K, 90% used [0x00000000eae00000,0x00000000eaee87e8,0x00000000eaf00000)
  to   space 1536K, 0% used [0x00000000eaf80000,0x00000000eaf80000,0x00000000eb100000)
 ParOldGen       total 246272K, used 230858K [0x00000000c0000000, 0x00000000cf080000, 0x00000000eab00000)
  object space 246272K, 93% used [0x00000000c0000000,0x00000000ce172a00,0x00000000cf080000)
 Metaspace       used 70353K, committed 71616K, reserved 1114112K
  class space    used 7214K, committed 7808K, reserved 1048576K
}
Event: 33.789 GC heap before
{Heap before GC invocations=379 (full 12):
 PSYoungGen      total 4096K, used 4001K [0x00000000eab00000, 0x00000000eb100000, 0x0000000100000000)
  eden space 3072K, 100% used [0x00000000eab00000,0x00000000eae00000,0x00000000eae00000)
  from space 1024K, 90% used [0x00000000eae00000,0x00000000eaee87e8,0x00000000eaf00000)
  to   space 1536K, 0% used [0x00000000eaf80000,0x00000000eaf80000,0x00000000eb100000)
 ParOldGen       total 246272K, used 230858K [0x00000000c0000000, 0x00000000cf080000, 0x00000000eab00000)
  object space 246272K, 93% used [0x00000000c0000000,0x00000000ce172a00,0x00000000cf080000)
 Metaspace       used 70353K, committed 71616K, reserved 1114112K
  class space    used 7214K, committed 7808K, reserved 1048576K
}
Event: 33.791 GC heap after
{Heap after GC invocations=379 (full 12):
 PSYoungGen      total 4096K, used 714K [0x00000000eab00000, 0x00000000eb080000, 0x0000000100000000)
  eden space 3072K, 0% used [0x00000000eab00000,0x00000000eab00000,0x00000000eae00000)
  from space 1024K, 69% used [0x00000000eaf80000,0x00000000eb032ab8,0x00000000eb080000)
  to   space 1024K, 0% used [0x00000000eae00000,0x00000000eae00000,0x00000000eaf00000)
 ParOldGen       total 246272K, used 231596K [0x00000000c0000000, 0x00000000cf080000, 0x00000000eab00000)
  object space 246272K, 94% used [0x00000000c0000000,0x00000000ce22b080,0x00000000cf080000)
 Metaspace       used 70353K, committed 71616K, reserved 1114112K
  class space    used 7214K, committed 7808K, reserved 1048576K
}
Event: 33.800 GC heap before
{Heap before GC invocations=380 (full 12):
 PSYoungGen      total 4096K, used 3786K [0x00000000eab00000, 0x00000000eb080000, 0x0000000100000000)
  eden space 3072K, 100% used [0x00000000eab00000,0x00000000eae00000,0x00000000eae00000)
  from space 1024K, 69% used [0x00000000eaf80000,0x00000000eb032ab8,0x00000000eb080000)
  to   space 1024K, 0% used [0x00000000eae00000,0x00000000eae00000,0x00000000eaf00000)
 ParOldGen       total 246272K, used 231596K [0x00000000c0000000, 0x00000000cf080000, 0x00000000eab00000)
  object space 246272K, 94% used [0x00000000c0000000,0x00000000ce22b080,0x00000000cf080000)
 Metaspace       used 70353K, committed 71616K, reserved 1114112K
  class space    used 7214K, committed 7808K, reserved 1048576K
}
Event: 33.802 GC heap after
{Heap after GC invocations=380 (full 12):
 PSYoungGen      total 4096K, used 896K [0x00000000eab00000, 0x00000000eb100000, 0x0000000100000000)
  eden space 3072K, 0% used [0x00000000eab00000,0x00000000eab00000,0x00000000eae00000)
  from space 1024K, 87% used [0x00000000eae00000,0x00000000eaee0000,0x00000000eaf00000)
  to   space 1024K, 0% used [0x00000000eb000000,0x00000000eb000000,0x00000000eb100000)
 ParOldGen       total 246272K, used 232168K [0x00000000c0000000, 0x00000000cf080000, 0x00000000eab00000)
  object space 246272K, 94% used [0x00000000c0000000,0x00000000ce2ba130,0x00000000cf080000)
 Metaspace       used 70353K, committed 71616K, reserved 1114112K
  class space    used 7214K, committed 7808K, reserved 1048576K
}
Event: 33.818 GC heap before
{Heap before GC invocations=381 (full 12):
 PSYoungGen      total 4096K, used 3968K [0x00000000eab00000, 0x00000000eb100000, 0x0000000100000000)
  eden space 3072K, 100% used [0x00000000eab00000,0x00000000eae00000,0x00000000eae00000)
  from space 1024K, 87% used [0x00000000eae00000,0x00000000eaee0000,0x00000000eaf00000)
  to   space 1024K, 0% used [0x00000000eb000000,0x00000000eb000000,0x00000000eb100000)
 ParOldGen       total 246272K, used 232168K [0x00000000c0000000, 0x00000000cf080000, 0x00000000eab00000)
  object space 246272K, 94% used [0x00000000c0000000,0x00000000ce2ba130,0x00000000cf080000)
 Metaspace       used 70353K, committed 71616K, reserved 1114112K
  class space    used 7214K, committed 7808K, reserved 1048576K
}
Event: 33.820 GC heap after
{Heap after GC invocations=381 (full 12):
 PSYoungGen      total 5120K, used 789K [0x00000000eab00000, 0x00000000eb100000, 0x0000000100000000)
  eden space 4096K, 0% used [0x00000000eab00000,0x00000000eab00000,0x00000000eaf00000)
  from space 1024K, 77% used [0x00000000eb000000,0x00000000eb0c5588,0x00000000eb100000)
  to   space 1024K, 0% used [0x00000000eaf00000,0x00000000eaf00000,0x00000000eb000000)
 ParOldGen       total 246272K, used 232775K [0x00000000c0000000, 0x00000000cf080000, 0x00000000eab00000)
  object space 246272K, 94% used [0x00000000c0000000,0x00000000ce351c50,0x00000000cf080000)
 Metaspace       used 70353K, committed 71616K, reserved 1114112K
  class space    used 7214K, committed 7808K, reserved 1048576K
}
Event: 33.916 GC heap before
{Heap before GC invocations=382 (full 12):
 PSYoungGen      total 5120K, used 4885K [0x00000000eab00000, 0x00000000eb100000, 0x0000000100000000)
  eden space 4096K, 100% used [0x00000000eab00000,0x00000000eaf00000,0x00000000eaf00000)
  from space 1024K, 77% used [0x00000000eb000000,0x00000000eb0c5588,0x00000000eb100000)
  to   space 1024K, 0% used [0x00000000eaf00000,0x00000000eaf00000,0x00000000eb000000)
 ParOldGen       total 246272K, used 232775K [0x00000000c0000000, 0x00000000cf080000, 0x00000000eab00000)
  object space 246272K, 94% used [0x00000000c0000000,0x00000000ce351c50,0x00000000cf080000)
 Metaspace       used 70353K, committed 71616K, reserved 1114112K
  class space    used 7214K, committed 7808K, reserved 1048576K
}
Event: 33.921 GC heap after
{Heap after GC invocations=382 (full 12):
 PSYoungGen      total 5120K, used 816K [0x00000000eab00000, 0x00000000eb100000, 0x0000000100000000)
  eden space 4096K, 0% used [0x00000000eab00000,0x00000000eab00000,0x00000000eaf00000)
  from space 1024K, 79% used [0x00000000eaf00000,0x00000000eafcc2a0,0x00000000eb000000)
  to   space 1024K, 0% used [0x00000000eb000000,0x00000000eb000000,0x00000000eb100000)
 ParOldGen       total 246272K, used 233374K [0x00000000c0000000, 0x00000000cf080000, 0x00000000eab00000)
  object space 246272K, 94% used [0x00000000c0000000,0x00000000ce3e7a00,0x00000000cf080000)
 Metaspace       used 70353K, committed 71616K, reserved 1114112K
  class space    used 7214K, committed 7808K, reserved 1048576K
}
Event: 34.009 GC heap before
{Heap before GC invocations=383 (full 12):
 PSYoungGen      total 5120K, used 4912K [0x00000000eab00000, 0x00000000eb100000, 0x0000000100000000)
  eden space 4096K, 100% used [0x00000000eab00000,0x00000000eaf00000,0x00000000eaf00000)
  from space 1024K, 79% used [0x00000000eaf00000,0x00000000eafcc2a0,0x00000000eb000000)
  to   space 1024K, 0% used [0x00000000eb000000,0x00000000eb000000,0x00000000eb100000)
 ParOldGen       total 246272K, used 233374K [0x00000000c0000000, 0x00000000cf080000, 0x00000000eab00000)
  object space 246272K, 94% used [0x00000000c0000000,0x00000000ce3e7a00,0x00000000cf080000)
 Metaspace       used 70353K, committed 71616K, reserved 1114112K
  class space    used 7214K, committed 7808K, reserved 1048576K
}

Dll operation events (10 events):
Event: 0.062 Loaded shared library c:\Users\Fernanda Jama\.vscode\extensions\redhat.java-1.38.0-win32-x64\jre\17.0.13-win32-x86_64\bin\java.dll
Event: 0.495 Loaded shared library c:\Users\Fernanda Jama\.vscode\extensions\redhat.java-1.38.0-win32-x64\jre\17.0.13-win32-x86_64\bin\zip.dll
Event: 0.500 Loaded shared library C:\Users\Fernanda Jama\.vscode\extensions\redhat.java-1.38.0-win32-x64\jre\17.0.13-win32-x86_64\bin\instrument.dll
Event: 0.528 Loaded shared library C:\Users\Fernanda Jama\.vscode\extensions\redhat.java-1.38.0-win32-x64\jre\17.0.13-win32-x86_64\bin\net.dll
Event: 0.531 Loaded shared library C:\Users\Fernanda Jama\.vscode\extensions\redhat.java-1.38.0-win32-x64\jre\17.0.13-win32-x86_64\bin\nio.dll
Event: 0.543 Loaded shared library C:\Users\Fernanda Jama\.vscode\extensions\redhat.java-1.38.0-win32-x64\jre\17.0.13-win32-x86_64\bin\zip.dll
Event: 0.599 Loaded shared library C:\Users\Fernanda Jama\.vscode\extensions\redhat.java-1.38.0-win32-x64\jre\17.0.13-win32-x86_64\bin\jimage.dll
Event: 0.697 Loaded shared library c:\Users\Fernanda Jama\.vscode\extensions\redhat.java-1.38.0-win32-x64\jre\17.0.13-win32-x86_64\bin\verify.dll
Event: 2.326 Loaded shared library C:\Users\Fernanda Jama\AppData\Roaming\Code\User\globalStorage\redhat.java\1.38.0\config_win\org.eclipse.equinox.launcher\org.eclipse.equinox.launcher.win32.win32.x86_64_1.2.1100.v20240722-2106\eclipse_11904.dll
Event: 4.666 Loaded shared library C:\Users\Fernanda Jama\AppData\Local\Temp\jna--1470441178\jna503990944259380765.dll

Deoptimization events (20 events):
Event: 31.671 Thread 0x000001547e65bf70 DEOPT PACKING pc=0x000001546e2a2498 sp=0x0000000d81ffe550
Event: 31.671 Thread 0x000001547e65bf70 DEOPT UNPACKING pc=0x000001546d4a9ea3 sp=0x0000000d81ffe2b8 mode 2
Event: 31.671 Thread 0x000001547e65bf70 Uncommon trap: trap_request=0xffffff45 fr.pc=0x000001546e29c988 relative=0x0000000000000868
Event: 31.671 Thread 0x000001547e65bf70 Uncommon trap: reason=unstable_if action=reinterpret pc=0x000001546e29c988 method=org.eclipse.jdt.internal.compiler.lookup.LookupEnvironment.convertUnresolvedBinaryToRawType(Lorg/eclipse/jdt/internal/compiler/lookup/TypeBinding;)Lorg/eclipse/jdt/internal/
Event: 31.671 Thread 0x000001547e65bf70 DEOPT PACKING pc=0x000001546e29c988 sp=0x0000000d81ffe440
Event: 31.672 Thread 0x000001547e65bf70 DEOPT UNPACKING pc=0x000001546d4a9ea3 sp=0x0000000d81ffe2c8 mode 2
Event: 31.672 Thread 0x000001547e65bf70 Uncommon trap: trap_request=0xffffff45 fr.pc=0x000001546e299788 relative=0x00000000000001e8
Event: 31.672 Thread 0x000001547e65bf70 Uncommon trap: reason=unstable_if action=reinterpret pc=0x000001546e299788 method=org.eclipse.jdt.internal.compiler.lookup.LookupEnvironment.convertUnresolvedBinaryToRawType(Lorg/eclipse/jdt/internal/compiler/lookup/TypeBinding;)Lorg/eclipse/jdt/internal/
Event: 31.672 Thread 0x000001547e65bf70 DEOPT PACKING pc=0x000001546e299788 sp=0x0000000d81ffe380
Event: 31.672 Thread 0x000001547e65bf70 DEOPT UNPACKING pc=0x000001546d4a9ea3 sp=0x0000000d81ffe2b8 mode 2
Event: 31.681 Thread 0x000001547e65bf70 Uncommon trap: trap_request=0xffffff45 fr.pc=0x000001546de22834 relative=0x0000000000000754
Event: 31.681 Thread 0x000001547e65bf70 Uncommon trap: reason=unstable_if action=reinterpret pc=0x000001546de22834 method=org.eclipse.jdt.internal.compiler.util.HashtableOfObject.putUnsafely([CLjava/lang/Object;)V @ 23 c2
Event: 31.681 Thread 0x000001547e65bf70 DEOPT PACKING pc=0x000001546de22834 sp=0x0000000d81ffe510
Event: 31.681 Thread 0x000001547e65bf70 DEOPT UNPACKING pc=0x000001546d4a9ea3 sp=0x0000000d81ffe430 mode 2
Event: 32.133 Thread 0x000001547db72890 Uncommon trap: trap_request=0xffffff45 fr.pc=0x000001546e302070 relative=0x0000000000000510
Event: 32.133 Thread 0x000001547db72890 Uncommon trap: reason=unstable_if action=reinterpret pc=0x000001546e302070 method=java.util.HashMap.removeNode(ILjava/lang/Object;Ljava/lang/Object;ZZ)Ljava/util/HashMap$Node; @ 62 c2
Event: 32.133 Thread 0x000001547db72890 DEOPT PACKING pc=0x000001546e302070 sp=0x0000000dff2feb50
Event: 32.133 Thread 0x000001547db72890 DEOPT UNPACKING pc=0x000001546d4a9ea3 sp=0x0000000dff2fea50 mode 2
Event: 32.372 Thread 0x000001547e6587c0 DEOPT PACKING pc=0x0000015466e294fd sp=0x0000000d801fe710
Event: 32.372 Thread 0x000001547e6587c0 DEOPT UNPACKING pc=0x000001546d4aa9e3 sp=0x0000000d801fdc18 mode 0

Classes loaded (20 events):
Event: 32.202 Loading class sun/util/locale/provider/TimeZoneNameProviderImpl done
Event: 32.202 Loading class sun/util/cldr/CLDRTimeZoneNameProviderImpl done
Event: 32.203 Loading class sun/util/locale/provider/BaseLocaleDataMetaInfo
Event: 32.203 Loading class sun/util/locale/provider/BaseLocaleDataMetaInfo done
Event: 32.208 Loading class sun/util/resources/cldr/TimeZoneNames
Event: 32.208 Loading class sun/util/resources/TimeZoneNamesBundle
Event: 32.208 Loading class sun/util/resources/OpenListResourceBundle
Event: 32.209 Loading class sun/util/resources/OpenListResourceBundle done
Event: 32.209 Loading class sun/util/resources/TimeZoneNamesBundle done
Event: 32.209 Loading class sun/util/resources/cldr/TimeZoneNames done
Event: 32.209 Loading class sun/util/resources/cldr/TimeZoneNames_en
Event: 32.211 Loading class sun/util/resources/cldr/TimeZoneNames_en done
Event: 32.211 Loading class sun/util/resources/cldr/TimeZoneNames_en_US
Event: 32.211 Loading class sun/util/resources/cldr/TimeZoneNames_en_US done
Event: 32.214 Loading class sun/util/cldr/CLDRBaseLocaleDataMetaInfo$TZCanonicalIDMapHolder
Event: 32.215 Loading class sun/util/cldr/CLDRBaseLocaleDataMetaInfo$TZCanonicalIDMapHolder done
Event: 32.217 Loading class sun/util/resources/TimeZoneNames
Event: 32.219 Loading class sun/util/resources/TimeZoneNames done
Event: 32.220 Loading class sun/util/resources/TimeZoneNames_en
Event: 32.220 Loading class sun/util/resources/TimeZoneNames_en done

Classes unloaded (8 events):
Event: 6.559 Thread 0x000001547c2614b0 Unloading class 0x0000000100252000 'java/lang/invoke/LambdaForm$MH+0x0000000100252000'
Event: 6.559 Thread 0x000001547c2614b0 Unloading class 0x0000000100251c00 'java/lang/invoke/LambdaForm$MH+0x0000000100251c00'
Event: 6.559 Thread 0x000001547c2614b0 Unloading class 0x0000000100251800 'java/lang/invoke/LambdaForm$MH+0x0000000100251800'
Event: 6.559 Thread 0x000001547c2614b0 Unloading class 0x0000000100251400 'java/lang/invoke/LambdaForm$MH+0x0000000100251400'
Event: 6.559 Thread 0x000001547c2614b0 Unloading class 0x0000000100251000 'java/lang/invoke/LambdaForm$BMH+0x0000000100251000'
Event: 6.559 Thread 0x000001547c2614b0 Unloading class 0x0000000100250c00 'java/lang/invoke/LambdaForm$DMH+0x0000000100250c00'
Event: 6.559 Thread 0x000001547c2614b0 Unloading class 0x000000010024c400 'java/lang/invoke/LambdaForm$DMH+0x000000010024c400'
Event: 18.575 Thread 0x000001547c2614b0 Unloading class 0x0000000100738800 'java/lang/invoke/LambdaForm$DMH+0x0000000100738800'

Classes redefined (0 events):
No events

Internal exceptions (20 events):
Event: 24.657 Thread 0x000001547e6587c0 Exception <a 'sun/nio/fs/WindowsException'{0x00000000ead10cc8}> (0x00000000ead10cc8) 
thrown [s\src\hotspot\share\prims\jni.cpp, line 516]
Event: 24.660 Thread 0x000001547dfdd3b0 Exception <a 'sun/nio/fs/WindowsException'{0x00000000eaee7790}> (0x00000000eaee7790) 
thrown [s\src\hotspot\share\prims\jni.cpp, line 516]
Event: 24.662 Thread 0x000001547dfdd3b0 Exception <a 'sun/nio/fs/WindowsException'{0x00000000eaef95b8}> (0x00000000eaef95b8) 
thrown [s\src\hotspot\share\prims\jni.cpp, line 516]
Event: 24.668 Thread 0x000001547dfdd3b0 Exception <a 'sun/nio/fs/WindowsException'{0x00000000eafd3d60}> (0x00000000eafd3d60) 
thrown [s\src\hotspot\share\prims\jni.cpp, line 516]
Event: 24.672 Thread 0x000001547dfdd3b0 Exception <a 'sun/nio/fs/WindowsException'{0x00000000eafd5650}> (0x00000000eafd5650) 
thrown [s\src\hotspot\share\prims\jni.cpp, line 516]
Event: 25.110 Thread 0x000001547e6587c0 Exception <a 'sun/nio/fs/WindowsException'{0x00000000eac9c560}> (0x00000000eac9c560) 
thrown [s\src\hotspot\share\prims\jni.cpp, line 516]
Event: 25.110 Thread 0x000001547e6587c0 Exception <a 'sun/nio/fs/WindowsException'{0x00000000eac9cb98}> (0x00000000eac9cb98) 
thrown [s\src\hotspot\share\prims\jni.cpp, line 516]
Event: 30.216 Thread 0x000001547e65bf70 Exception <a 'java/lang/NoSuchMethodError'{0x00000000eae11e28}: 'java.lang.Object java.lang.invoke.DirectMethodHandle$Holder.newInvokeSpecial(java.lang.Object, int, java.lang.Object, java.lang.Object, java.lang.Object)'> (0x00000000eae11e28) 
thrown [s\src\hotspot\share\interpreter\linkResolver.cpp, line 759]
Event: 30.385 Thread 0x000001547e6587c0 Exception <a 'sun/nio/fs/WindowsException'{0x00000000eab81d98}> (0x00000000eab81d98) 
thrown [s\src\hotspot\share\prims\jni.cpp, line 516]
Event: 30.385 Thread 0x000001547e6587c0 Exception <a 'sun/nio/fs/WindowsException'{0x00000000eab823d0}> (0x00000000eab823d0) 
thrown [s\src\hotspot\share\prims\jni.cpp, line 516]
Event: 30.433 Thread 0x000001547e6587c0 Exception <a 'sun/nio/fs/WindowsException'{0x00000000ead50460}> (0x00000000ead50460) 
thrown [s\src\hotspot\share\prims\jni.cpp, line 516]
Event: 30.447 Thread 0x000001547dfdd3b0 Exception <a 'sun/nio/fs/WindowsException'{0x00000000ead57790}> (0x00000000ead57790) 
thrown [s\src\hotspot\share\prims\jni.cpp, line 516]
Event: 30.452 Thread 0x000001547dfe1070 Exception <a 'sun/nio/fs/WindowsException'{0x00000000ead5afb8}> (0x00000000ead5afb8) 
thrown [s\src\hotspot\share\prims\jni.cpp, line 516]
Event: 30.452 Thread 0x0000015400b937d0 Exception <a 'sun/nio/fs/WindowsException'{0x00000000ead5e690}> (0x00000000ead5e690) 
thrown [s\src\hotspot\share\prims\jni.cpp, line 516]
Event: 30.452 Thread 0x0000015400b94c10 Exception <a 'sun/nio/fs/WindowsException'{0x00000000ead5baf8}> (0x00000000ead5baf8) 
thrown [s\src\hotspot\share\prims\jni.cpp, line 516]
Event: 30.461 Thread 0x000001547dfe1fa0 Exception <a 'sun/nio/fs/WindowsException'{0x00000000ead600e8}> (0x00000000ead600e8) 
thrown [s\src\hotspot\share\prims\jni.cpp, line 516]
Event: 31.823 Thread 0x000001547e6587c0 Exception <a 'sun/nio/fs/WindowsException'{0x00000000eadb3fd8}> (0x00000000eadb3fd8) 
thrown [s\src\hotspot\share\prims\jni.cpp, line 516]
Event: 31.829 Thread 0x000001547dfdd3b0 Exception <a 'sun/nio/fs/WindowsException'{0x00000000eadb5c68}> (0x00000000eadb5c68) 
thrown [s\src\hotspot\share\prims\jni.cpp, line 516]
Event: 32.749 Thread 0x000001547e6587c0 Exception <a 'sun/nio/fs/WindowsException'{0x00000000eac6fe00}> (0x00000000eac6fe00) 
thrown [s\src\hotspot\share\prims\jni.cpp, line 516]
Event: 32.749 Thread 0x000001547e6587c0 Exception <a 'sun/nio/fs/WindowsException'{0x00000000eac70438}> (0x00000000eac70438) 
thrown [s\src\hotspot\share\prims\jni.cpp, line 516]

VM Operations (20 events):
Event: 33.547 Executing VM operation: ParallelGCFailedAllocation done
Event: 33.575 Executing VM operation: ParallelGCFailedAllocation
Event: 33.596 Executing VM operation: ParallelGCFailedAllocation done
Event: 33.610 Executing VM operation: ParallelGCFailedAllocation
Event: 33.612 Executing VM operation: ParallelGCFailedAllocation done
Event: 33.621 Executing VM operation: ParallelGCFailedAllocation
Event: 33.623 Executing VM operation: ParallelGCFailedAllocation done
Event: 33.632 Executing VM operation: ParallelGCFailedAllocation
Event: 33.635 Executing VM operation: ParallelGCFailedAllocation done
Event: 33.649 Executing VM operation: ParallelGCFailedAllocation
Event: 33.774 Executing VM operation: ParallelGCFailedAllocation done
Event: 33.789 Executing VM operation: ParallelGCFailedAllocation
Event: 33.791 Executing VM operation: ParallelGCFailedAllocation done
Event: 33.800 Executing VM operation: ParallelGCFailedAllocation
Event: 33.802 Executing VM operation: ParallelGCFailedAllocation done
Event: 33.818 Executing VM operation: ParallelGCFailedAllocation
Event: 33.820 Executing VM operation: ParallelGCFailedAllocation done
Event: 33.883 Executing VM operation: ParallelGCFailedAllocation
Event: 33.921 Executing VM operation: ParallelGCFailedAllocation done
Event: 34.009 Executing VM operation: ParallelGCFailedAllocation

Memory protections (0 events):
No events

Nmethod flushes (20 events):
Event: 21.718 Thread 0x000001547c327e20 flushing  nmethod 0x00000154671d6910
Event: 21.718 Thread 0x000001547c327e20 flushing  nmethod 0x00000154671d7010
Event: 21.718 Thread 0x000001547c327e20 flushing  nmethod 0x0000015467212210
Event: 21.718 Thread 0x000001547c327e20 flushing  nmethod 0x000001546722b910
Event: 21.718 Thread 0x000001547c327e20 flushing  nmethod 0x000001546722c990
Event: 21.718 Thread 0x000001547c327e20 flushing  nmethod 0x000001546722f190
Event: 21.718 Thread 0x000001547c327e20 flushing  nmethod 0x0000015467233d90
Event: 21.719 Thread 0x000001547c327e20 flushing  nmethod 0x0000015467252390
Event: 21.719 Thread 0x000001547c327e20 flushing  nmethod 0x000001546728b690
Event: 21.719 Thread 0x000001547c327e20 flushing  nmethod 0x00000154672e1a10
Event: 21.719 Thread 0x000001547c327e20 flushing  nmethod 0x00000154672e2490
Event: 21.719 Thread 0x000001547c327e20 flushing  nmethod 0x00000154672e2810
Event: 21.719 Thread 0x000001547c327e20 flushing  nmethod 0x0000015467357990
Event: 29.639 Thread 0x000001547c327e20 flushing  nmethod 0x00000154660cf690
Event: 29.645 Thread 0x000001547c327e20 flushing  nmethod 0x0000015466808790
Event: 29.645 Thread 0x000001547c327e20 flushing  nmethod 0x000001546689a290
Event: 29.646 Thread 0x000001547c327e20 flushing  nmethod 0x00000154668bd710
Event: 29.646 Thread 0x000001547c327e20 flushing  nmethod 0x00000154669a9b90
Event: 29.647 Thread 0x000001547c327e20 flushing  nmethod 0x00000154669e1d10
Event: 29.648 Thread 0x000001547c327e20 flushing  nmethod 0x0000015466b77f10

Events (20 events):
Event: 28.871 Thread 0x0000015402e57f00 Thread exited: 0x0000015402e57f00
Event: 29.039 Thread 0x000001547c30b170 Thread added: 0x0000015402e56470
Event: 29.046 Thread 0x0000015402a9a280 Thread exited: 0x0000015402a9a280
Event: 29.046 Thread 0x0000015402a99350 Thread exited: 0x0000015402a99350
Event: 29.046 Thread 0x0000015402a99d70 Thread exited: 0x0000015402a99d70
Event: 29.046 Thread 0x0000015400b92db0 Thread exited: 0x0000015400b92db0
Event: 29.046 Thread 0x0000015402a99860 Thread exited: 0x0000015402a99860
Event: 29.409 Thread 0x000001547c30b170 Thread added: 0x0000015402e56f10
Event: 29.422 Thread 0x000001547e6587c0 Thread added: 0x0000015400b92db0
Event: 29.422 Thread 0x000001547e6587c0 Thread added: 0x0000015402a98e40
Event: 29.423 Thread 0x000001547e6587c0 Thread added: 0x0000015402a9b6c0
Event: 29.423 Thread 0x000001547e6587c0 Thread added: 0x0000015402a98420
Event: 29.423 Thread 0x000001547e6587c0 Thread added: 0x0000015402a99350
Event: 29.481 Thread 0x0000015402a98e40 Thread exited: 0x0000015402a98e40
Event: 29.481 Thread 0x0000015402a99350 Thread exited: 0x0000015402a99350
Event: 29.481 Thread 0x0000015400b92db0 Thread exited: 0x0000015400b92db0
Event: 29.482 Thread 0x0000015402a98420 Thread exited: 0x0000015402a98420
Event: 29.482 Thread 0x0000015402a9b6c0 Thread exited: 0x0000015402a9b6c0
Event: 32.909 Thread 0x0000015402e56f10 Thread exited: 0x0000015402e56f10
Event: 33.333 Thread 0x0000015402e56470 Thread exited: 0x0000015402e56470


Dynamic libraries:
0x00007ff7571a0000 - 0x00007ff7571ae000 	c:\Users\Fernanda Jama\.vscode\extensions\redhat.java-1.38.0-win32-x64\jre\17.0.13-win32-x86_64\bin\java.exe
0x00007ffe0c5a0000 - 0x00007ffe0c803000 	C:\WINDOWS\SYSTEM32\ntdll.dll
0x00007ffe0add0000 - 0x00007ffe0ae98000 	C:\WINDOWS\System32\KERNEL32.DLL
0x00007ffe09cf0000 - 0x00007ffe0a0a2000 	C:\WINDOWS\System32\KERNELBASE.dll
0x00007ffe09ba0000 - 0x00007ffe09ceb000 	C:\WINDOWS\System32\ucrtbase.dll
0x00007ffdf8750000 - 0x00007ffdf8767000 	c:\Users\Fernanda Jama\.vscode\extensions\redhat.java-1.38.0-win32-x64\jre\17.0.13-win32-x86_64\bin\jli.dll
0x00007ffe0a8a0000 - 0x00007ffe0aa68000 	C:\WINDOWS\System32\USER32.dll
0x00007ffe0a0b0000 - 0x00007ffe0a0d7000 	C:\WINDOWS\System32\win32u.dll
0x00007ffe0b7b0000 - 0x00007ffe0b7da000 	C:\WINDOWS\System32\GDI32.dll
0x00007ffe0a2d0000 - 0x00007ffe0a3fb000 	C:\WINDOWS\System32\gdi32full.dll
0x00007ffe09970000 - 0x00007ffe09a13000 	C:\WINDOWS\System32\msvcp_win.dll
0x00007ffdf7510000 - 0x00007ffdf752e000 	c:\Users\Fernanda Jama\.vscode\extensions\redhat.java-1.38.0-win32-x64\jre\17.0.13-win32-x86_64\bin\VCRUNTIME140.dll
0x00007ffde7480000 - 0x00007ffde7710000 	C:\WINDOWS\WinSxS\amd64_microsoft.windows.common-controls_6595b64144ccf1df_6.0.26100.2454_none_3e0b68a2e331ad60\COMCTL32.dll
0x00007ffe0a400000 - 0x00007ffe0a4a9000 	C:\WINDOWS\System32\msvcrt.dll
0x00007ffe0ac80000 - 0x00007ffe0acaf000 	C:\WINDOWS\System32\IMM32.DLL
0x00007ffe06910000 - 0x00007ffe0691c000 	c:\Users\Fernanda Jama\.vscode\extensions\redhat.java-1.38.0-win32-x64\jre\17.0.13-win32-x86_64\bin\vcruntime140_1.dll
0x00007ffdc4300000 - 0x00007ffdc438d000 	c:\Users\Fernanda Jama\.vscode\extensions\redhat.java-1.38.0-win32-x64\jre\17.0.13-win32-x86_64\bin\msvcp140.dll
0x00007ffdbf7c0000 - 0x00007ffdc042b000 	c:\Users\Fernanda Jama\.vscode\extensions\redhat.java-1.38.0-win32-x64\jre\17.0.13-win32-x86_64\bin\server\jvm.dll
0x00007ffe0a7e0000 - 0x00007ffe0a894000 	C:\WINDOWS\System32\ADVAPI32.dll
0x00007ffe0acc0000 - 0x00007ffe0ad66000 	C:\WINDOWS\System32\sechost.dll
0x00007ffe0aad0000 - 0x00007ffe0abe6000 	C:\WINDOWS\System32\RPCRT4.dll
0x00007ffe0a680000 - 0x00007ffe0a6f4000 	C:\WINDOWS\System32\WS2_32.dll
0x00007ffe09800000 - 0x00007ffe0984e000 	C:\WINDOWS\SYSTEM32\POWRPROF.dll
0x00007ffe05820000 - 0x00007ffe0582b000 	C:\WINDOWS\SYSTEM32\VERSION.dll
0x00007ffdff070000 - 0x00007ffdff0a6000 	C:\WINDOWS\SYSTEM32\WINMM.dll
0x00007ffe097e0000 - 0x00007ffe097f4000 	C:\WINDOWS\SYSTEM32\UMPDC.dll
0x00007ffe08770000 - 0x00007ffe0878a000 	C:\WINDOWS\SYSTEM32\kernel.appcore.dll
0x00007ffe04bd0000 - 0x00007ffe04bda000 	c:\Users\Fernanda Jama\.vscode\extensions\redhat.java-1.38.0-win32-x64\jre\17.0.13-win32-x86_64\bin\jimage.dll
0x00007ffdf0650000 - 0x00007ffdf0891000 	C:\WINDOWS\SYSTEM32\DBGHELP.DLL
0x00007ffe0c1d0000 - 0x00007ffe0c54e000 	C:\WINDOWS\System32\combase.dll
0x00007ffe0c000000 - 0x00007ffe0c0d6000 	C:\WINDOWS\System32\OLEAUT32.dll
0x00007ffdf0180000 - 0x00007ffdf01b9000 	C:\WINDOWS\SYSTEM32\dbgcore.DLL
0x00007ffe0a170000 - 0x00007ffe0a209000 	C:\WINDOWS\System32\bcryptPrimitives.dll
0x00007ffe04b70000 - 0x00007ffe04b7e000 	c:\Users\Fernanda Jama\.vscode\extensions\redhat.java-1.38.0-win32-x64\jre\17.0.13-win32-x86_64\bin\instrument.dll
0x00007ffdf8810000 - 0x00007ffdf8835000 	c:\Users\Fernanda Jama\.vscode\extensions\redhat.java-1.38.0-win32-x64\jre\17.0.13-win32-x86_64\bin\java.dll
0x00007ffe00e80000 - 0x00007ffe00e98000 	c:\Users\Fernanda Jama\.vscode\extensions\redhat.java-1.38.0-win32-x64\jre\17.0.13-win32-x86_64\bin\zip.dll
0x00007ffe0b090000 - 0x00007ffe0b790000 	C:\WINDOWS\System32\SHELL32.dll
0x00007ffe07640000 - 0x00007ffe07e71000 	C:\WINDOWS\SYSTEM32\windows.storage.dll
0x00007ffe0b810000 - 0x00007ffe0b8ea000 	C:\WINDOWS\System32\SHCORE.dll
0x00007ffe0ad70000 - 0x00007ffe0adcd000 	C:\WINDOWS\System32\shlwapi.dll
0x00007ffe09880000 - 0x00007ffe098ae000 	C:\WINDOWS\SYSTEM32\profapi.dll
0x00007ffdf8720000 - 0x00007ffdf8739000 	C:\Users\Fernanda Jama\.vscode\extensions\redhat.java-1.38.0-win32-x64\jre\17.0.13-win32-x86_64\bin\net.dll
0x00007ffe04c00000 - 0x00007ffe04d26000 	C:\WINDOWS\SYSTEM32\WINHTTP.dll
0x00007ffe08c50000 - 0x00007ffe08cb8000 	C:\WINDOWS\system32\mswsock.dll
0x00007ffdf74f0000 - 0x00007ffdf7506000 	C:\Users\Fernanda Jama\.vscode\extensions\redhat.java-1.38.0-win32-x64\jre\17.0.13-win32-x86_64\bin\nio.dll
0x00007ffe02c50000 - 0x00007ffe02c60000 	c:\Users\Fernanda Jama\.vscode\extensions\redhat.java-1.38.0-win32-x64\jre\17.0.13-win32-x86_64\bin\verify.dll
0x00007ffde0a70000 - 0x00007ffde0ab5000 	C:\Users\Fernanda Jama\AppData\Roaming\Code\User\globalStorage\redhat.java\1.38.0\config_win\org.eclipse.equinox.launcher\org.eclipse.equinox.launcher.win32.win32.x86_64_1.2.1100.v20240722-2106\eclipse_11904.dll
0x00007ffe0b920000 - 0x00007ffe0bab9000 	C:\WINDOWS\System32\ole32.dll
0x00007ffe09000000 - 0x00007ffe0901c000 	C:\WINDOWS\SYSTEM32\CRYPTSP.dll
0x00007ffe086d0000 - 0x00007ffe08708000 	C:\WINDOWS\system32\rsaenh.dll
0x00007ffe08cf0000 - 0x00007ffe08d1b000 	C:\WINDOWS\SYSTEM32\USERENV.dll
0x00007ffe09190000 - 0x00007ffe091b6000 	C:\WINDOWS\SYSTEM32\bcrypt.dll
0x00007ffe08e80000 - 0x00007ffe08e8c000 	C:\WINDOWS\SYSTEM32\CRYPTBASE.dll
0x00007ffe08130000 - 0x00007ffe08162000 	C:\WINDOWS\SYSTEM32\IPHLPAPI.DLL
0x00007ffe0ac70000 - 0x00007ffe0ac7a000 	C:\WINDOWS\System32\NSI.dll
0x00007ffe04e20000 - 0x00007ffe04e3e000 	C:\WINDOWS\SYSTEM32\dhcpcsvc6.DLL
0x00007ffe04df0000 - 0x00007ffe04e15000 	C:\WINDOWS\SYSTEM32\dhcpcsvc.DLL
0x00007ffe08170000 - 0x00007ffe08295000 	C:\WINDOWS\SYSTEM32\DNSAPI.dll
0x00007ffddf690000 - 0x00007ffddf6d9000 	C:\Users\Fernanda Jama\AppData\Local\Temp\jna--1470441178\jna503990944259380765.dll
0x00007ffe0b8f0000 - 0x00007ffe0b8f8000 	C:\WINDOWS\System32\PSAPI.DLL

dbghelp: loaded successfully - version: 4.0.5 - missing functions: none
symbol engine: initialized successfully - sym options: 0x614 - pdb path: .;c:\Users\Fernanda Jama\.vscode\extensions\redhat.java-1.38.0-win32-x64\jre\17.0.13-win32-x86_64\bin;C:\WINDOWS\SYSTEM32;C:\WINDOWS\WinSxS\amd64_microsoft.windows.common-controls_6595b64144ccf1df_6.0.26100.2454_none_3e0b68a2e331ad60;c:\Users\Fernanda Jama\.vscode\extensions\redhat.java-1.38.0-win32-x64\jre\17.0.13-win32-x86_64\bin\server;C:\Users\Fernanda Jama\AppData\Roaming\Code\User\globalStorage\redhat.java\1.38.0\config_win\org.eclipse.equinox.launcher\org.eclipse.equinox.launcher.win32.win32.x86_64_1.2.1100.v20240722-2106;C:\Users\Fernanda Jama\AppData\Local\Temp\jna--1470441178

VM Arguments:
jvm_args: --add-modules=ALL-SYSTEM --add-opens=java.base/java.util=ALL-UNNAMED --add-opens=java.base/java.lang=ALL-UNNAMED --add-opens=java.base/sun.nio.fs=ALL-UNNAMED -Declipse.application=org.eclipse.jdt.ls.core.id1 -Dosgi.bundles.defaultStartLevel=4 -Declipse.product=org.eclipse.jdt.ls.core.product -Djava.import.generatesMetadataFilesAtProjectRoot=false -DDetectVMInstallationsJob.disabled=true -Dfile.encoding=utf8 -XX:+UseParallelGC -XX:GCTimeRatio=4 -XX:AdaptiveSizePolicyWeight=90 -Dsun.zip.disableMemoryMapping=true -Xmx1G -Xms100m -Xlog:disable -javaagent:c:\Users\Fernanda Jama\.vscode\extensions\redhat.java-1.38.0-win32-x64\lombok\lombok-1.18.34.jar -XX:+HeapDumpOnOutOfMemoryError -XX:HeapDumpPath=c:\Users\Fernanda Jama\AppData\Roaming\Code\User\workspaceStorage\0f8fcf9722f280a0dd6517273a57f36b\redhat.java -Daether.dependencyCollector.impl=bf 
java_command: c:\Users\Fernanda Jama\.vscode\extensions\redhat.java-1.38.0-win32-x64\server\plugins\org.eclipse.equinox.launcher_1.6.900.v20240613-2009.jar -configuration c:\Users\Fernanda Jama\AppData\Roaming\Code\User\globalStorage\redhat.java\1.38.0\config_win -data c:\Users\Fernanda Jama\AppData\Roaming\Code\User\workspaceStorage\0f8fcf9722f280a0dd6517273a57f36b\redhat.java\jdt_ws --pipe=\\.\pipe\lsp-0a7b2a0bf485161f6e76fe5d8424dfcf-sock
java_class_path (initial): c:\Users\Fernanda Jama\.vscode\extensions\redhat.java-1.38.0-win32-x64\server\plugins\org.eclipse.equinox.launcher_1.6.900.v20240613-2009.jar
Launcher Type: SUN_STANDARD

[Global flags]
    uintx AdaptiveSizePolicyWeight                 = 90                                        {product} {command line}
     intx CICompilerCount                          = 4                                         {product} {ergonomic}
    uintx GCTimeRatio                              = 4                                         {product} {command line}
     bool HeapDumpOnOutOfMemoryError               = true                                   {manageable} {command line}
    ccstr HeapDumpPath                             = c:\Users\Fernanda Jama\AppData\Roaming\Code\User\workspaceStorage\0f8fcf9722f280a0dd6517273a57f36b\redhat.java         {manageable} {command line}
   size_t InitialHeapSize                          = 104857600                                 {product} {command line}
   size_t MaxHeapSize                              = 1073741824                                {product} {command line}
   size_t MaxNewSize                               = 357564416                                 {product} {ergonomic}
   size_t MinHeapDeltaBytes                        = 524288                                    {product} {ergonomic}
   size_t MinHeapSize                              = 104857600                                 {product} {command line}
   size_t NewSize                                  = 34603008                                  {product} {ergonomic}
    uintx NonNMethodCodeHeapSize                   = 5839372                                {pd product} {ergonomic}
    uintx NonProfiledCodeHeapSize                  = 122909434                              {pd product} {ergonomic}
   size_t OldSize                                  = 70254592                                  {product} {ergonomic}
    uintx ProfiledCodeHeapSize                     = 122909434                              {pd product} {ergonomic}
    uintx ReservedCodeCacheSize                    = 251658240                              {pd product} {ergonomic}
     bool SegmentedCodeCache                       = true                                      {product} {ergonomic}
   size_t SoftMaxHeapSize                          = 1073741824                             {manageable} {ergonomic}
     bool UseCompressedClassPointers               = true                           {product lp64_product} {ergonomic}
     bool UseCompressedOops                        = true                           {product lp64_product} {ergonomic}
     bool UseLargePagesIndividualAllocation        = false                                  {pd product} {ergonomic}
     bool UseParallelGC                            = true                                      {product} {command line}

Logging:
Log output configuration:
 #0: stdout all=off uptime,level,tags
 #1: stderr all=off uptime,level,tags

Environment Variables:
JAVA_HOME=C:\Program Files\java\jdk-17
CLASSPATH=C:\Program Files\SAP\SAP Business One DI API\JCO\LIB\sbowrapper.jar;C:\Program Files\SAP\SAP Business One DI API\JCO\LIB\sboapi.jar;C:\Program Files (x86)\SAP\SAP Business One DI API\JCO\LIB\sbowrapper.jar;C:\Program Files (x86)\SAP\SAP Business One DI API\JCO\LIB\sboapi.jar
PATH=C:\Python312\Scripts\;C:\Python312\;C:\Program Files\Eclipse Adoptium\jdk-21.0.3.9-hotspot\bin;C:\Program Files\java\jdk-17\bin;C:\Program Files\Microsoft MPI\Bin\;C:\apache-maven-3.9.6\bin;C:\Program Files\Common Files\Oracle\Java\javapath;C:\Program Files\Eclipse Foundation\jdk-8.0.302.8-hotspot\bin;C:\WINDOWS\system32;C:\WINDOWS;C:\WINDOWS\System32\Wbem;C:\WINDOWS\System32\WindowsPowerShell\v1.0\;C:\WINDOWS\System32\OpenSSH\;C:\Program Files\Azure Data Studio\bin;C:\Program Files\Microsoft SQL Server\Client SDK\ODBC\170\Tools\Binn\;C:\ProgramData\chocolatey\bin;C:\Program Files\Git\cmd;C:\Program Files\PuTTY\;C:\Program Files\Eclipse Adoptium\jdk-21.0.3.9-hotspot\\bin;C:\Program Files\SAP\SAP Business One DI API\JCO\LIB\;C:\Program Files\SAP\SAP Business One DI API\DI API 90;C:\Program Files\SAP\SAP Business One\;C:\Program Files (x86)\SAP\SAP Business One DI API\JCO\LIB\;C:\Program Files (x86)\SAP\SAP Business One DI API\DI API 90;C:\Program Files (x86)\SAP\SAP Business One\;C:\Program Files\Docker\Docker\resources\bin;C:\Program Files (x86)\Microsoft SQL Server\160\Tools\Binn\;C:\Program Files\Microsoft SQL Server\160\Tools\Binn\;C:\Program Files\Microsoft SQL Server\160\DTS\Binn\;C:\Program Files (x86)\Microsoft SQL Server\160\DTS\Binn\;C:\Program Files\Microsoft SQL Server\130\Tools\Binn\;C:\Program Files (x86)\Microsoft SQL Server\150\Tools\Binn\;C:\Program Files\Microsoft SQL Server\150\Tools\Binn\;C:\Program Files\Microsoft SQL Server\150\DTS\Binn\;C:\xampp\php;C:\Program Files\nodejs\;C:\Users\Fernanda Jama\AppData\Local\Microsoft\WindowsApps;C:\Program Files\Azure Data Studio\bin;C:\Users\Fernanda Jama\AppData\Local\GitHubDesktop\bin;C:\Program Files\java\jdk-17\bin;C:\Program Files\JetBrains\IntelliJ IDEA 2024.1\bin;;C:\Program Files\JetBrains\IntelliJ IDEA Community Edition 2023.2.5\bin;;C:\Users\Fernanda Jama\AppData\Local\Programs\Microsoft VS Code\bin;C:\Program Files\JetBrains\DataGrip 2024.2.1\bin;;C:\xampp\php;C:\Program Files\vtex\bin;C:\Users
USERNAME=Fernanda Jama
OS=Windows_NT
PROCESSOR_IDENTIFIER=Intel64 Family 6 Model 140 Stepping 1, GenuineIntel
TMP=C:\Users\FERNAN~1\AppData\Local\Temp
TEMP=C:\Users\FERNAN~1\AppData\Local\Temp



Periodic native trim disabled


---------------  S Y S T E M  ---------------

OS:
 Windows 11 , 64 bit Build 26100 (10.0.26100.2454)
OS uptime: 0 days 23:23 hours
Hyper-V role detected

CPU: total 8 (initial active 8) (4 cores per cpu, 2 threads per core) family 6 model 140 stepping 1 microcode 0xb8, cx8, cmov, fxsr, ht, mmx, 3dnowpref, sse, sse2, sse3, ssse3, sse4.1, sse4.2, popcnt, lzcnt, tsc, tscinvbit, avx, avx2, aes, erms, clmul, bmi1, bmi2, adx, avx512f, avx512dq, avx512cd, avx512bw, avx512vl, sha, fma, vzeroupper, avx512_vpopcntdq, avx512_vpclmulqdq, avx512_vaes, avx512_vnni, clflush, clflushopt, clwb, avx512_vbmi2, avx512_vbmi, hv
Processor Information for all 8 processors :
  Max Mhz: 2803, Current Mhz: 2803, Mhz Limit: 2803

Memory: 4k page, system-wide physical 32494M (747M free)
TotalPageFile size 93435M (AvailPageFile size 3M)
current process WorkingSet (physical memory assigned to process): 576M, peak: 577M
current process commit charge ("private bytes"): 548M, peak: 555M

vm_info: OpenJDK 64-Bit Server VM (17.0.13+11) for windows-amd64 JRE (17.0.13+11), built on Oct 16 2024 00:10:08 by "admin" with MS VC++ 17.7 (VS2022)

END.
