#
# There is insufficient memory for the Java Runtime Environment to continue.
# Native memory allocation (malloc) failed to allocate 1494256 bytes for Chunk::new
# Possible reasons:
#   The system is out of physical RAM or swap space
#   The process is running with CompressedOops enabled, and the Java Heap may be blocking the growth of the native heap
# Possible solutions:
#   Reduce memory load on the system
#   Increase physical memory or swap space
#   Check if swap backing store is full
#   Decrease Java heap size (-Xmx/-Xms)
#   Decrease number of Java threads
#   Decrease Java thread stack sizes (-Xss)
#   Set larger code cache with -XX:ReservedCodeCacheSize=
#   JVM is running with Zero Based Compressed Oops mode in which the Java heap is
#     placed in the first 32GB address space. The Java Heap base address is the
#     maximum limit for the native heap growth. Please use -XX:HeapBaseMinAddress
#     to set the Java Heap base and to place the Java Heap above 32GB virtual address.
# This output file may be truncated or incomplete.
#
#  Out of Memory Error (arena.cpp:189), pid=25740, tid=19836
#
# JRE version: Java(TM) SE Runtime Environment (17.0.9+11) (build 17.0.9+11-LTS-201)
# Java VM: Java HotSpot(TM) 64-Bit Server VM (17.0.9+11-LTS-201, mixed mode, sharing, tiered, compressed oops, compressed class ptrs, g1 gc, windows-amd64)
# No core dump will be written. Minidumps are not enabled by default on client versions of Windows
#

---------------  S U M M A R Y ------------

Command Line: -XX:+ShowCodeDetailsInExceptionMessages com.manamer.backend.business.sellout.SelloutApplication

Host: 11th Gen Intel(R) Core(TM) i7-1165G7 @ 2.80GHz, 8 cores, 31G,  Windows 11 , 64 bit Build 26100 (10.0.26100.2454)
Time: Thu Dec 26 08:43:00 2024 Hora est. Pacífico, Sudamérica elapsed time: 151464.400202 seconds (1d 18h 4m 24s)

---------------  T H R E A D  ---------------

Current thread (0x00000264936b2f30):  JavaThread "C2 CompilerThread0" daemon [_thread_in_native, id=19836, stack(0x000000fe06700000,0x000000fe06800000)]


Current CompileTask:
C2:151464401 16810   !   4       sun.reflect.annotation.AnnotationParser::parseAnnotation2 (271 bytes)

Stack: [0x000000fe06700000,0x000000fe06800000]
Native frames: (J=compiled Java code, j=interpreted, Vv=VM code, C=native code)
V  [jvm.dll+0x678a4a]
V  [jvm.dll+0x7d9cfd]
V  [jvm.dll+0x7db60e]
V  [jvm.dll+0x7dbc73]
V  [jvm.dll+0x245e1f]
V  [jvm.dll+0xaaafb]
V  [jvm.dll+0xab09c]
V  [jvm.dll+0x36232f]
V  [jvm.dll+0x32ca01]
V  [jvm.dll+0x32be9a]
V  [jvm.dll+0x21812f]
V  [jvm.dll+0x217561]
V  [jvm.dll+0x1a3bc0]
V  [jvm.dll+0x2272de]
V  [jvm.dll+0x22548b]
V  [jvm.dll+0x78f58c]
V  [jvm.dll+0x78998a]
V  [jvm.dll+0x677875]
C  [ucrtbase.dll+0x14ea0]
C  [KERNEL32.DLL+0x2e8d7]
C  [ntdll.dll+0xdfbcc]


---------------  P R O C E S S  ---------------

Threads class SMR info:
_java_thread_list=0x00000264dfd2c680, length=38, elements={
0x0000026493696490, 0x0000026493697050, 0x00000264936ae940, 0x00000264936b0f20,
0x00000264936b14f0, 0x00000264936b2630, 0x00000264936b2f30, 0x00000264936b6850,
0x00000264936ba550, 0x00000264d7195a90, 0x00000264d710a2d0, 0x00000264df7ed0b0,
0x00000264df7e9900, 0x00000264df7e9e10, 0x00000264df7e7080, 0x00000264df7edfe0,
0x00000264df7ee4f0, 0x00000264df7ed5c0, 0x00000264df7eea00, 0x00000264df7eb250,
0x00000264df7ec180, 0x00000264df7ebc70, 0x00000264e3161380, 0x00000264e31622b0,
0x00000264e3161890, 0x00000264e3161da0, 0x00000264e31627c0, 0x00000264e3162cd0,
0x00000264e31631e0, 0x00000264e31636f0, 0x00000264e3160960, 0x00000264e3165040,
0x00000264e3166480, 0x00000264e3165550, 0x00000264e3166990, 0x00000264e3165a60,
0x00000264e3165f70, 0x00000264e3166ea0
}

Java Threads: ( => current thread )
  0x0000026493696490 JavaThread "Reference Handler" daemon [_thread_blocked, id=19644, stack(0x000000fe06100000,0x000000fe06200000)]
  0x0000026493697050 JavaThread "Finalizer" daemon [_thread_blocked, id=26556, stack(0x000000fe06200000,0x000000fe06300000)]
  0x00000264936ae940 JavaThread "Signal Dispatcher" daemon [_thread_blocked, id=1404, stack(0x000000fe06300000,0x000000fe06400000)]
  0x00000264936b0f20 JavaThread "Attach Listener" daemon [_thread_blocked, id=980, stack(0x000000fe06400000,0x000000fe06500000)]
  0x00000264936b14f0 JavaThread "Service Thread" daemon [_thread_blocked, id=16380, stack(0x000000fe06500000,0x000000fe06600000)]
  0x00000264936b2630 JavaThread "Monitor Deflation Thread" daemon [_thread_blocked, id=27344, stack(0x000000fe06600000,0x000000fe06700000)]
=>0x00000264936b2f30 JavaThread "C2 CompilerThread0" daemon [_thread_in_native, id=19836, stack(0x000000fe06700000,0x000000fe06800000)]
  0x00000264936b6850 JavaThread "C1 CompilerThread0" daemon [_thread_blocked, id=27276, stack(0x000000fe06800000,0x000000fe06900000)]
  0x00000264936ba550 JavaThread "Sweeper thread" daemon [_thread_blocked, id=23840, stack(0x000000fe06900000,0x000000fe06a00000)]
  0x00000264d7195a90 JavaThread "Notification Thread" daemon [_thread_blocked, id=17000, stack(0x000000fe06a00000,0x000000fe06b00000)]
  0x00000264d710a2d0 JavaThread "Common-Cleaner" daemon [_thread_blocked, id=13636, stack(0x000000fe06c00000,0x000000fe06d00000)]
  0x00000264df7ed0b0 JavaThread "DestroyJavaVM" [_thread_blocked, id=1332, stack(0x000000fe05a00000,0x000000fe05b00000)]
  0x00000264df7e9900 JavaThread "Catalina-utility-1" [_thread_blocked, id=756, stack(0x000000fe07500000,0x000000fe07600000)]
  0x00000264df7e9e10 JavaThread "Catalina-utility-2" [_thread_blocked, id=7984, stack(0x000000fe07600000,0x000000fe07700000)]
  0x00000264df7e7080 JavaThread "container-0" [_thread_blocked, id=15068, stack(0x000000fe07a00000,0x000000fe07b00000)]
  0x00000264df7edfe0 JavaThread "mssql-jdbc-shared-timer-core-6" daemon [_thread_blocked, id=13900, stack(0x000000fe07b00000,0x000000fe07c00000)]
  0x00000264df7ee4f0 JavaThread "HikariPool-5 housekeeper" daemon [_thread_blocked, id=27556, stack(0x000000fe07c00000,0x000000fe07d00000)]
  0x00000264df7ed5c0 JavaThread "spring.cloud.inetutils" daemon [_thread_blocked, id=13820, stack(0x000000fe05900000,0x000000fe05a00000)]
  0x00000264df7eea00 JavaThread "AsyncResolver-bootstrap-0" daemon [_thread_blocked, id=16456, stack(0x000000fe07f00000,0x000000fe08000000)]
  0x00000264df7eb250 JavaThread "idle-connection-evictor-1" daemon [_thread_blocked, id=12124, stack(0x000000fe08100000,0x000000fe08200000)]
  0x00000264df7ec180 JavaThread "DiscoveryClient-0" daemon [_thread_blocked, id=13904, stack(0x000000fe08200000,0x000000fe08300000)]
  0x00000264df7ebc70 JavaThread "DiscoveryClient-1" daemon [_thread_blocked, id=9836, stack(0x000000fe08300000,0x000000fe08400000)]
  0x00000264e3161380 JavaThread "DiscoveryClient-InstanceInfoReplicator-0" daemon [_thread_blocked, id=12816, stack(0x000000fe08400000,0x000000fe08500000)]
  0x00000264e31622b0 JavaThread "http-nio-8082-exec-1" daemon [_thread_blocked, id=15992, stack(0x000000fe08500000,0x000000fe08600000)]
  0x00000264e3161890 JavaThread "http-nio-8082-exec-2" daemon [_thread_blocked, id=21964, stack(0x000000fe08600000,0x000000fe08700000)]
  0x00000264e3161da0 JavaThread "http-nio-8082-exec-3" daemon [_thread_blocked, id=22576, stack(0x000000fe08700000,0x000000fe08800000)]
  0x00000264e31627c0 JavaThread "http-nio-8082-exec-4" daemon [_thread_blocked, id=24864, stack(0x000000fe08800000,0x000000fe08900000)]
  0x00000264e3162cd0 JavaThread "http-nio-8082-exec-5" daemon [_thread_blocked, id=23776, stack(0x000000fe08900000,0x000000fe08a00000)]
  0x00000264e31631e0 JavaThread "http-nio-8082-exec-6" daemon [_thread_blocked, id=25468, stack(0x000000fe08a00000,0x000000fe08b00000)]
  0x00000264e31636f0 JavaThread "http-nio-8082-exec-7" daemon [_thread_blocked, id=7684, stack(0x000000fe08b00000,0x000000fe08c00000)]
  0x00000264e3160960 JavaThread "http-nio-8082-exec-8" daemon [_thread_blocked, id=21068, stack(0x000000fe08c00000,0x000000fe08d00000)]
  0x00000264e3165040 JavaThread "http-nio-8082-exec-9" daemon [_thread_blocked, id=13620, stack(0x000000fe08d00000,0x000000fe08e00000)]
  0x00000264e3166480 JavaThread "http-nio-8082-exec-10" daemon [_thread_blocked, id=24792, stack(0x000000fe08e00000,0x000000fe08f00000)]
  0x00000264e3165550 JavaThread "http-nio-8082-Poller" daemon [_thread_in_native, id=24268, stack(0x000000fe08f00000,0x000000fe09000000)]
  0x00000264e3166990 JavaThread "http-nio-8082-Acceptor" daemon [_thread_in_native, id=17392, stack(0x000000fe09000000,0x000000fe09100000)]
  0x00000264e3165a60 JavaThread "DiscoveryClient-HeartbeatExecutor-0" daemon [_thread_blocked, id=7884, stack(0x000000fe07e00000,0x000000fe07f00000)]
  0x00000264e3165f70 JavaThread "DiscoveryClient-CacheRefreshExecutor-0" daemon [_thread_blocked, id=2064, stack(0x000000fe09100000,0x000000fe09200000)]
  0x00000264e3166ea0 JavaThread "AsyncResolver-bootstrap-executor-0" daemon [_thread_blocked, id=12140, stack(0x000000fe05800000,0x000000fe05900000)]

Other Threads:
  0x0000026493690e50 VMThread "VM Thread" [stack: 0x000000fe06000000,0x000000fe06100000] [id=10288]
  0x0000026493525790 WatcherThread [stack: 0x000000fe06b00000,0x000000fe06c00000] [id=21932]
  0x00000264934f4880 GCTaskThread "GC Thread#0" [stack: 0x000000fe05b00000,0x000000fe05c00000] [id=16476]
  0x00000264d73a2530 GCTaskThread "GC Thread#1" [stack: 0x000000fe06e00000,0x000000fe06f00000] [id=15132]
  0x00000264d73a1a30 GCTaskThread "GC Thread#2" [stack: 0x000000fe06f00000,0x000000fe07000000] [id=26796]
  0x00000264d73a1cf0 GCTaskThread "GC Thread#3" [stack: 0x000000fe07000000,0x000000fe07100000] [id=25764]
  0x00000264d73a14b0 GCTaskThread "GC Thread#4" [stack: 0x000000fe07100000,0x000000fe07200000] [id=26528]
  0x00000264d73a1fb0 GCTaskThread "GC Thread#5" [stack: 0x000000fe07200000,0x000000fe07300000] [id=13876]
  0x00000264d73a2270 GCTaskThread "GC Thread#6" [stack: 0x000000fe07300000,0x000000fe07400000] [id=25580]
  0x00000264d73a27f0 GCTaskThread "GC Thread#7" [stack: 0x000000fe07400000,0x000000fe07500000] [id=23392]
  0x0000026493505640 ConcurrentGCThread "G1 Main Marker" [stack: 0x000000fe05c00000,0x000000fe05d00000] [id=25012]
  0x0000026493508610 ConcurrentGCThread "G1 Conc#0" [stack: 0x000000fe05d00000,0x000000fe05e00000] [id=15080]
  0x00000264d73a0c70 ConcurrentGCThread "G1 Conc#1" [stack: 0x000000fe06d00000,0x000000fe06e00000] [id=5528]
  0x00000264935c9bd0 ConcurrentGCThread "G1 Refine#0" [stack: 0x000000fe05e00000,0x000000fe05f00000] [id=27452]
  0x00000264dec30490 ConcurrentGCThread "G1 Refine#1" [stack: 0x000000fe07800000,0x000000fe07900000] [id=19356]
  0x00000264deacd670 ConcurrentGCThread "G1 Refine#2" [stack: 0x000000fe07900000,0x000000fe07a00000] [id=9552]
  0x00000264935ca600 ConcurrentGCThread "G1 Service" [stack: 0x000000fe05f00000,0x000000fe06000000] [id=7036]

Threads with active compile tasks:
C2 CompilerThread0  151464433 16810   !   4       sun.reflect.annotation.AnnotationParser::parseAnnotation2 (271 bytes)

VM state: not at safepoint (normal execution)

VM Mutex/Monitor currently owned by a thread: None

Heap address: 0x0000000604400000, size: 8124 MB, Compressed Oops mode: Zero based, Oop shift amount: 3

CDS archive(s) mapped at: [0x0000026496000000-0x0000026496bd0000-0x0000026496bd0000), size 12386304, SharedBaseAddress: 0x0000026496000000, ArchiveRelocationMode: 1.
Compressed class space mapped at: 0x0000026497000000-0x00000264d7000000, reserved size: 1073741824
Narrow klass base: 0x0000026496000000, Narrow klass shift: 0, Narrow klass range: 0x100000000

GC Precious Log:
 CPUs: 8 total, 8 available
 Memory: 32494M
 Large Page Support: Disabled
 NUMA Support: Disabled
 Compressed Oops: Enabled (Zero based)
 Heap Region Size: 4M
 Heap Min Capacity: 8M
 Heap Initial Capacity: 508M
 Heap Max Capacity: 8124M
 Pre-touch: Disabled
 Parallel Workers: 8
 Concurrent Workers: 2
 Concurrent Refinement Workers: 8
 Periodic GC: Disabled

Heap:
 garbage-first heap   total 151552K, used 96189K [0x0000000604400000, 0x0000000800000000)
  region size 4096K, 12 young (49152K), 2 survivors (8192K)
 Metaspace       used 94152K, committed 94912K, reserved 1179648K
  class space    used 12064K, committed 12416K, reserved 1048576K

Heap Regions: E=young(eden), S=young(survivor), O=old, HS=humongous(starts), HC=humongous(continues), CS=collection set, F=free, OA=open archive, CA=closed archive, TAMS=top-at-mark-start (previous, next)
|   0|0x0000000604400000, 0x0000000604800000, 0x0000000604800000|100%| O|  |TAMS 0x0000000604800000, 0x0000000604400000| Untracked 
|   1|0x0000000604800000, 0x0000000604c00000, 0x0000000604c00000|100%| O|  |TAMS 0x0000000604c00000, 0x0000000604800000| Untracked 
|   2|0x0000000604c00000, 0x0000000604fffff8, 0x0000000605000000| 99%| O|  |TAMS 0x0000000604fffff8, 0x0000000604c00000| Untracked 
|   3|0x0000000605000000, 0x00000006053fffa0, 0x0000000605400000| 99%| O|  |TAMS 0x00000006053fffa0, 0x0000000605000000| Untracked 
|   4|0x0000000605400000, 0x00000006057fffc0, 0x0000000605800000| 99%| O|  |TAMS 0x00000006057fffc0, 0x0000000605400000| Untracked 
|   5|0x0000000605800000, 0x0000000605bfffb0, 0x0000000605c00000| 99%| O|  |TAMS 0x0000000605bfffb0, 0x0000000605800000| Untracked 
|   6|0x0000000605c00000, 0x0000000605fffff0, 0x0000000606000000| 99%| O|  |TAMS 0x0000000605fffff0, 0x0000000605c00000| Untracked 
|   7|0x0000000606000000, 0x00000006063ffff8, 0x0000000606400000| 99%| O|  |TAMS 0x0000000606000000, 0x0000000606000000| Untracked 
|   8|0x0000000606400000, 0x00000006067fff90, 0x0000000606800000| 99%| O|  |TAMS 0x0000000606400000, 0x0000000606400000| Untracked 
|   9|0x0000000606800000, 0x0000000606bfffa0, 0x0000000606c00000| 99%| O|  |TAMS 0x0000000606800000, 0x0000000606800000| Untracked 
|  10|0x0000000606c00000, 0x0000000606fffff0, 0x0000000607000000| 99%| O|  |TAMS 0x0000000606c00000, 0x0000000606c00000| Untracked 
|  11|0x0000000607000000, 0x00000006070d59a8, 0x0000000607400000| 20%| O|  |TAMS 0x0000000607000000, 0x0000000607000000| Untracked 
|  12|0x0000000607400000, 0x0000000607800000, 0x0000000607800000|100%| O|  |TAMS 0x0000000607400000, 0x0000000607400000| Untracked 
|  13|0x0000000607800000, 0x0000000607918850, 0x0000000607c00000| 27%| O|  |TAMS 0x0000000607800000, 0x0000000607800000| Untracked 
|  14|0x0000000607c00000, 0x0000000607ec1c00, 0x0000000608000000| 68%| O|  |TAMS 0x0000000607c00000, 0x0000000607c00000| Untracked 
|  15|0x0000000608000000, 0x0000000608000000, 0x0000000608400000|  0%| F|  |TAMS 0x0000000608000000, 0x0000000608000000| Untracked 
|  16|0x0000000608400000, 0x0000000608400000, 0x0000000608800000|  0%| F|  |TAMS 0x0000000608400000, 0x0000000608400000| Untracked 
|  17|0x0000000608800000, 0x0000000608800000, 0x0000000608c00000|  0%| F|  |TAMS 0x0000000608800000, 0x0000000608800000| Untracked 
|  18|0x0000000608c00000, 0x0000000608c00000, 0x0000000609000000|  0%| F|  |TAMS 0x0000000608c00000, 0x0000000608c00000| Untracked 
|  19|0x0000000609000000, 0x0000000609000000, 0x0000000609400000|  0%| F|  |TAMS 0x0000000609000000, 0x0000000609000000| Untracked 
|  20|0x0000000609400000, 0x0000000609400000, 0x0000000609800000|  0%| F|  |TAMS 0x0000000609400000, 0x0000000609400000| Untracked 
|  21|0x0000000609800000, 0x0000000609800000, 0x0000000609c00000|  0%| F|  |TAMS 0x0000000609800000, 0x0000000609800000| Untracked 
|  22|0x0000000609c00000, 0x0000000609d3f848, 0x000000060a000000| 31%| S|CS|TAMS 0x0000000609c00000, 0x0000000609c00000| Complete 
|  23|0x000000060a000000, 0x000000060a400000, 0x000000060a400000|100%| S|CS|TAMS 0x000000060a000000, 0x000000060a000000| Complete 
|  24|0x000000060a400000, 0x000000060a400000, 0x000000060a800000|  0%| F|  |TAMS 0x000000060a400000, 0x000000060a400000| Untracked 
|  25|0x000000060a800000, 0x000000060a800000, 0x000000060ac00000|  0%| F|  |TAMS 0x000000060a800000, 0x000000060a800000| Untracked 
|  26|0x000000060ac00000, 0x000000060ac00000, 0x000000060b000000|  0%| F|  |TAMS 0x000000060ac00000, 0x000000060ac00000| Untracked 
|  27|0x000000060b000000, 0x000000060b204e20, 0x000000060b400000| 50%| E|  |TAMS 0x000000060b000000, 0x000000060b000000| Complete 
|  28|0x000000060b400000, 0x000000060b800000, 0x000000060b800000|100%| E|CS|TAMS 0x000000060b400000, 0x000000060b400000| Complete 
|  29|0x000000060b800000, 0x000000060bc00000, 0x000000060bc00000|100%| E|CS|TAMS 0x000000060b800000, 0x000000060b800000| Complete 
|  30|0x000000060bc00000, 0x000000060c000000, 0x000000060c000000|100%| E|CS|TAMS 0x000000060bc00000, 0x000000060bc00000| Complete 
|  31|0x000000060c000000, 0x000000060c400000, 0x000000060c400000|100%| E|CS|TAMS 0x000000060c000000, 0x000000060c000000| Complete 
|  32|0x000000060c400000, 0x000000060c800000, 0x000000060c800000|100%| E|CS|TAMS 0x000000060c400000, 0x000000060c400000| Complete 
|  33|0x000000060c800000, 0x000000060cc00000, 0x000000060cc00000|100%| E|CS|TAMS 0x000000060c800000, 0x000000060c800000| Complete 
|  53|0x0000000611800000, 0x0000000611c00000, 0x0000000611c00000|100%| E|CS|TAMS 0x0000000611800000, 0x0000000611800000| Complete 
|  54|0x0000000611c00000, 0x0000000612000000, 0x0000000612000000|100%| E|CS|TAMS 0x0000000611c00000, 0x0000000611c00000| Complete 
| 126|0x0000000623c00000, 0x0000000624000000, 0x0000000624000000|100%| E|CS|TAMS 0x0000000623c00000, 0x0000000623c00000| Complete 

Card table byte_map: [0x0000026481750000,0x0000026482730000] _byte_map_base: 0x000002647e72e000

Marking Bits (Prev, Next): (CMBitMap*) 0x00000264e936dbf0, (CMBitMap*) 0x00000264e936dbb0
 Prev Bits: [0x000002648b600000, 0x00000264934f0000)
 Next Bits: [0x0000026483710000, 0x000002648b600000)

Polling page: 0x00000264e79e0000

Metaspace:

Usage:
  Non-class:     80.16 MB used.
      Class:     11.78 MB used.
       Both:     91.95 MB used.

Virtual space:
  Non-class space:      128.00 MB reserved,      80.56 MB ( 63%) committed,  2 nodes.
      Class space:        1.00 GB reserved,      12.12 MB (  1%) committed,  1 nodes.
             Both:        1.12 GB reserved,      92.69 MB (  8%) committed. 

Chunk freelists:
   Non-Class:  14.95 MB
       Class:  3.88 MB
        Both:  18.84 MB

MaxMetaspaceSize: unlimited
CompressedClassSpaceSize: 1.00 GB
Initial GC threshold: 21.00 MB
Current GC threshold: 152.75 MB
CDS: on
MetaspaceReclaimPolicy: balanced
 - commit_granule_bytes: 65536.
 - commit_granule_words: 8192.
 - virtual_space_node_default_size: 8388608.
 - enlarge_chunks_in_place: 1.
 - new_chunks_are_fully_committed: 0.
 - uncommit_free_chunks: 1.
 - use_allocation_guard: 0.
 - handle_deallocations: 1.


Internal statistics:

num_allocs_failed_limit: 9.
num_arena_births: 1348.
num_arena_deaths: 334.
num_vsnodes_births: 3.
num_vsnodes_deaths: 0.
num_space_committed: 1483.
num_space_uncommitted: 0.
num_chunks_returned_to_freelist: 416.
num_chunks_taken_from_freelist: 5098.
num_chunk_merges: 128.
num_chunk_splits: 3355.
num_chunks_enlarged: 2392.
num_inconsistent_stats: 0.

CodeHeap 'non-profiled nmethods': size=120000Kb used=12362Kb max_used=12362Kb free=107637Kb
 bounds [0x00000264f86e0000, 0x00000264f9300000, 0x00000264ffc10000]
CodeHeap 'profiled nmethods': size=120000Kb used=26633Kb max_used=26633Kb free=93366Kb
 bounds [0x00000264f0c10000, 0x00000264f2620000, 0x00000264f8140000]
CodeHeap 'non-nmethods': size=5760Kb used=1418Kb max_used=1514Kb free=4341Kb
 bounds [0x00000264f8140000, 0x00000264f83b0000, 0x00000264f86e0000]
 total_blobs=14506 nmethods=13760 adapters=656
 compilation: enabled
              stopped_count=0, restarted_count=0
 full_count=0

Compilation events (20 events):
Event: 151462.561 Thread 0x00000264936b6850 16809       1       com.fasterxml.jackson.databind.deser.impl.BeanPropertyMap::isCaseInsensitive (5 bytes)
Event: 151462.561 Thread 0x00000264936b6850 nmethod 16809 0x00000264f92f1e90 code [0x00000264f92f2020, 0x00000264f92f20f8]
Event: 151462.561 Thread 0x00000264936b6850 16811       3       com.fasterxml.jackson.databind.deser.ValueInstantiator::<init> (5 bytes)
Event: 151462.561 Thread 0x00000264936b6850 nmethod 16811 0x00000264f260a710 code [0x00000264f260a8a0, 0x00000264f260a9f8]
Event: 151462.561 Thread 0x00000264936b2f30 nmethod 16798 0x00000264f92f2190 code [0x00000264f92f2320, 0x00000264f92f27d8]
Event: 151462.561 Thread 0x00000264936b6850 16812       3       com.fasterxml.jackson.databind.type.SimpleType::toString (34 bytes)
Event: 151462.562 Thread 0x00000264936b2f30 16810   !   4       sun.reflect.annotation.AnnotationParser::parseAnnotation2 (271 bytes)
Event: 151462.562 Thread 0x00000264936b6850 nmethod 16812 0x00000264f260aa90 code [0x00000264f260acc0, 0x00000264f260b388]
Event: 151462.562 Thread 0x00000264936b6850 16816       3       com.fasterxml.jackson.databind.deser.BasicDeserializerFactory::_findCreatorsFromProperties (200 bytes)
Event: 151462.564 Thread 0x00000264936b6850 nmethod 16816 0x00000264f260b610 code [0x00000264f260b9e0, 0x00000264f260dea8]
Event: 151462.564 Thread 0x00000264936b6850 16817       3       com.fasterxml.jackson.databind.introspect.AnnotatedConstructor::<init> (20 bytes)
Event: 151462.564 Thread 0x00000264936b6850 nmethod 16817 0x00000264f260ea10 code [0x00000264f260ec00, 0x00000264f260f188]
Event: 151462.564 Thread 0x00000264936b6850 16813       3       com.fasterxml.jackson.databind.type.SimpleType::buildCanonicalName (100 bytes)
Event: 151462.565 Thread 0x00000264936b6850 nmethod 16813 0x00000264f260f390 code [0x00000264f260f6c0, 0x00000264f2610a98]
Event: 151462.565 Thread 0x00000264936b6850 16818       3       com.fasterxml.jackson.databind.ext.OptionalHandlerFactory::hasSuperClassStartingWith (40 bytes)
Event: 151462.565 Thread 0x00000264936b6850 nmethod 16818 0x00000264f2611190 code [0x00000264f26113a0, 0x00000264f2611838]
Event: 151462.565 Thread 0x00000264936b6850 16815       3       com.fasterxml.jackson.databind.deser.impl.CreatorCollector::<init> (48 bytes)
Event: 151462.566 Thread 0x00000264936b6850 nmethod 16815 0x00000264f2611a10 code [0x00000264f2611be0, 0x00000264f26121b8]
Event: 151462.566 Thread 0x00000264936b6850 16819       3       sun.nio.ch.NioSocketImpl::booleanValue (43 bytes)
Event: 151462.566 Thread 0x00000264936b6850 nmethod 16819 0x00000264f2612410 code [0x00000264f2612640, 0x00000264f2612eb8]

GC Heap History (20 events):
Event: 150504.598 GC heap before
{Heap before GC invocations=31 (full 2):
 garbage-first heap   total 151552K, used 115062K [0x0000000604400000, 0x0000000800000000)
  region size 4096K, 14 young (57344K), 2 survivors (8192K)
 Metaspace       used 91870K, committed 92672K, reserved 1179648K
  class space    used 11993K, committed 12416K, reserved 1048576K
}
Event: 150504.611 GC heap after
{Heap after GC invocations=32 (full 2):
 garbage-first heap   total 151552K, used 67541K [0x0000000604400000, 0x0000000800000000)
  region size 4096K, 2 young (8192K), 2 survivors (8192K)
 Metaspace       used 91870K, committed 92672K, reserved 1179648K
  class space    used 11993K, committed 12416K, reserved 1048576K
}
Event: 150637.933 GC heap before
{Heap before GC invocations=33 (full 2):
 garbage-first heap   total 151552K, used 88021K [0x0000000604400000, 0x0000000800000000)
  region size 4096K, 8 young (32768K), 2 survivors (8192K)
 Metaspace       used 92048K, committed 92864K, reserved 1179648K
  class space    used 11955K, committed 12416K, reserved 1048576K
}
Event: 150638.112 GC heap after
{Heap after GC invocations=34 (full 3):
 garbage-first heap   total 151552K, used 46250K [0x0000000604400000, 0x0000000800000000)
  region size 4096K, 0 young (0K), 0 survivors (0K)
 Metaspace       used 92008K, committed 92864K, reserved 1179648K
  class space    used 11948K, committed 12416K, reserved 1048576K
}
Event: 150640.045 GC heap before
{Heap before GC invocations=34 (full 3):
 garbage-first heap   total 151552K, used 124074K [0x0000000604400000, 0x0000000800000000)
  region size 4096K, 19 young (77824K), 0 survivors (0K)
 Metaspace       used 92241K, committed 93056K, reserved 1179648K
  class space    used 11965K, committed 12416K, reserved 1048576K
}
Event: 150640.063 GC heap after
{Heap after GC invocations=35 (full 3):
 garbage-first heap   total 151552K, used 51845K [0x0000000604400000, 0x0000000800000000)
  region size 4096K, 2 young (8192K), 2 survivors (8192K)
 Metaspace       used 92241K, committed 93056K, reserved 1179648K
  class space    used 11965K, committed 12416K, reserved 1048576K
}
Event: 150641.073 GC heap before
{Heap before GC invocations=35 (full 3):
 garbage-first heap   total 151552K, used 117381K [0x0000000604400000, 0x0000000800000000)
  region size 4096K, 18 young (73728K), 2 survivors (8192K)
 Metaspace       used 92911K, committed 93696K, reserved 1179648K
  class space    used 12004K, committed 12416K, reserved 1048576K
}
Event: 150641.079 GC heap after
{Heap after GC invocations=36 (full 3):
 garbage-first heap   total 151552K, used 55176K [0x0000000604400000, 0x0000000800000000)
  region size 4096K, 3 young (12288K), 3 survivors (12288K)
 Metaspace       used 92911K, committed 93696K, reserved 1179648K
  class space    used 12004K, committed 12416K, reserved 1048576K
}
Event: 150642.280 GC heap before
{Heap before GC invocations=36 (full 3):
 garbage-first heap   total 151552K, used 116616K [0x0000000604400000, 0x0000000800000000)
  region size 4096K, 18 young (73728K), 3 survivors (12288K)
 Metaspace       used 92947K, committed 93760K, reserved 1179648K
  class space    used 12004K, committed 12416K, reserved 1048576K
}
Event: 150642.319 GC heap after
{Heap after GC invocations=37 (full 3):
 garbage-first heap   total 151552K, used 58528K [0x0000000604400000, 0x0000000800000000)
  region size 4096K, 2 young (8192K), 2 survivors (8192K)
 Metaspace       used 92947K, committed 93760K, reserved 1179648K
  class space    used 12004K, committed 12416K, reserved 1048576K
}
Event: 150647.624 GC heap before
{Heap before GC invocations=37 (full 3):
 garbage-first heap   total 151552K, used 111776K [0x0000000604400000, 0x0000000800000000)
  region size 4096K, 16 young (65536K), 2 survivors (8192K)
 Metaspace       used 93052K, committed 93824K, reserved 1179648K
  class space    used 12008K, committed 12416K, reserved 1048576K
}
Event: 150647.754 GC heap after
{Heap after GC invocations=38 (full 4):
 garbage-first heap   total 151552K, used 47032K [0x0000000604400000, 0x0000000800000000)
  region size 4096K, 0 young (0K), 0 survivors (0K)
 Metaspace       used 93049K, committed 93824K, reserved 1179648K
  class space    used 12007K, committed 12416K, reserved 1048576K
}
Event: 150649.003 GC heap before
{Heap before GC invocations=38 (full 4):
 garbage-first heap   total 151552K, used 116664K [0x0000000604400000, 0x0000000800000000)
  region size 4096K, 17 young (69632K), 0 survivors (0K)
 Metaspace       used 93230K, committed 93952K, reserved 1179648K
  class space    used 12019K, committed 12416K, reserved 1048576K
}
Event: 150649.007 GC heap after
{Heap after GC invocations=39 (full 4):
 garbage-first heap   total 151552K, used 52263K [0x0000000604400000, 0x0000000800000000)
  region size 4096K, 2 young (8192K), 2 survivors (8192K)
 Metaspace       used 93230K, committed 93952K, reserved 1179648K
  class space    used 12019K, committed 12416K, reserved 1048576K
}
Event: 150649.622 GC heap before
{Heap before GC invocations=39 (full 4):
 garbage-first heap   total 151552K, used 113703K [0x0000000604400000, 0x0000000800000000)
  region size 4096K, 17 young (69632K), 2 survivors (8192K)
 Metaspace       used 93638K, committed 94400K, reserved 1179648K
  class space    used 12040K, committed 12416K, reserved 1048576K
}
Event: 150649.627 GC heap after
{Heap after GC invocations=40 (full 4):
 garbage-first heap   total 151552K, used 54521K [0x0000000604400000, 0x0000000800000000)
  region size 4096K, 2 young (8192K), 2 survivors (8192K)
 Metaspace       used 93638K, committed 94400K, reserved 1179648K
  class space    used 12040K, committed 12416K, reserved 1048576K
}
Event: 150650.233 GC heap before
{Heap before GC invocations=40 (full 4):
 garbage-first heap   total 151552K, used 115961K [0x0000000604400000, 0x0000000800000000)
  region size 4096K, 17 young (69632K), 2 survivors (8192K)
 Metaspace       used 93805K, committed 94528K, reserved 1179648K
  class space    used 12048K, committed 12416K, reserved 1048576K
}
Event: 150650.239 GC heap after
{Heap after GC invocations=41 (full 4):
 garbage-first heap   total 151552K, used 57350K [0x0000000604400000, 0x0000000800000000)
  region size 4096K, 2 young (8192K), 2 survivors (8192K)
 Metaspace       used 93805K, committed 94528K, reserved 1179648K
  class space    used 12048K, committed 12416K, reserved 1048576K
}
Event: 150651.783 GC heap before
{Heap before GC invocations=41 (full 4):
 garbage-first heap   total 151552K, used 110598K [0x0000000604400000, 0x0000000800000000)
  region size 4096K, 15 young (61440K), 2 survivors (8192K)
 Metaspace       used 93824K, committed 94528K, reserved 1179648K
  class space    used 12049K, committed 12416K, reserved 1048576K
}
Event: 150651.788 GC heap after
{Heap after GC invocations=42 (full 4):
 garbage-first heap   total 151552K, used 59325K [0x0000000604400000, 0x0000000800000000)
  region size 4096K, 2 young (8192K), 2 survivors (8192K)
 Metaspace       used 93824K, committed 94528K, reserved 1179648K
  class space    used 12049K, committed 12416K, reserved 1048576K
}

Deoptimization events (20 events):
Event: 151230.895 Thread 0x00000264df7ec690 Uncommon trap: trap_request=0xffffff45 fr.pc=0x00000264f8ecb8b4 relative=0x0000000000000034
Event: 151230.895 Thread 0x00000264df7ec690 Uncommon trap: reason=unstable_if action=reinterpret pc=0x00000264f8ecb8b4 method=org.springframework.util.Assert.isTrue(ZLjava/lang/String;)V @ 1 c2
Event: 151230.895 Thread 0x00000264df7ec690 DEOPT PACKING pc=0x00000264f8ecb8b4 sp=0x000000fe080fed50
Event: 151230.895 Thread 0x00000264df7ec690 DEOPT UNPACKING pc=0x00000264f8195ba3 sp=0x000000fe080fecf0 mode 2
Event: 151312.429 Thread 0x00000264e3165f70 Uncommon trap: trap_request=0xffffffd6 fr.pc=0x00000264f92e3408 relative=0x0000000000000468
Event: 151312.429 Thread 0x00000264e3165f70 Uncommon trap: reason=array_check action=maybe_recompile pc=0x00000264f92e3408 method=java.util.LinkedHashMap.valuesToArray([Ljava/lang/Object;)[Ljava/lang/Object; @ 25 c2
Event: 151312.429 Thread 0x00000264e3165f70 DEOPT PACKING pc=0x00000264f92e3408 sp=0x000000fe091fdf40
Event: 151312.429 Thread 0x00000264e3165f70 DEOPT UNPACKING pc=0x00000264f8195ba3 sp=0x000000fe091fde80 mode 2
Event: 151312.429 Thread 0x00000264e3165f70 Uncommon trap: trap_request=0xffffffd6 fr.pc=0x00000264f92e3408 relative=0x0000000000000468
Event: 151312.429 Thread 0x00000264e3165f70 Uncommon trap: reason=array_check action=maybe_recompile pc=0x00000264f92e3408 method=java.util.LinkedHashMap.valuesToArray([Ljava/lang/Object;)[Ljava/lang/Object; @ 25 c2
Event: 151312.429 Thread 0x00000264e3165f70 DEOPT PACKING pc=0x00000264f92e3408 sp=0x000000fe091fdff0
Event: 151312.429 Thread 0x00000264e3165f70 DEOPT UNPACKING pc=0x00000264f8195ba3 sp=0x000000fe091fdf30 mode 2
Event: 151312.430 Thread 0x00000264e3165f70 Uncommon trap: trap_request=0xffffffd6 fr.pc=0x00000264f92e3408 relative=0x0000000000000468
Event: 151312.430 Thread 0x00000264e3165f70 Uncommon trap: reason=array_check action=maybe_recompile pc=0x00000264f92e3408 method=java.util.LinkedHashMap.valuesToArray([Ljava/lang/Object;)[Ljava/lang/Object; @ 25 c2
Event: 151312.430 Thread 0x00000264e3165f70 DEOPT PACKING pc=0x00000264f92e3408 sp=0x000000fe091fdd30
Event: 151312.430 Thread 0x00000264e3165f70 DEOPT UNPACKING pc=0x00000264f8195ba3 sp=0x000000fe091fdc70 mode 2
Event: 151312.430 Thread 0x00000264e3165f70 Uncommon trap: trap_request=0xffffffd6 fr.pc=0x00000264f92e3408 relative=0x0000000000000468
Event: 151312.430 Thread 0x00000264e3165f70 Uncommon trap: reason=array_check action=maybe_recompile pc=0x00000264f92e3408 method=java.util.LinkedHashMap.valuesToArray([Ljava/lang/Object;)[Ljava/lang/Object; @ 25 c2
Event: 151312.430 Thread 0x00000264e3165f70 DEOPT PACKING pc=0x00000264f92e3408 sp=0x000000fe091fdde0
Event: 151312.430 Thread 0x00000264e3165f70 DEOPT UNPACKING pc=0x00000264f8195ba3 sp=0x000000fe091fdd20 mode 2

Classes unloaded (20 events):
Event: 150504.746 Thread 0x0000026493690e50 Unloading class 0x0000026497015c00 'java/lang/invoke/LambdaForm$MH+0x0000026497015c00'
Event: 150504.746 Thread 0x0000026493690e50 Unloading class 0x0000026497015800 'java/lang/invoke/LambdaForm$MH+0x0000026497015800'
Event: 150504.746 Thread 0x0000026493690e50 Unloading class 0x0000026497015400 'java/lang/invoke/LambdaForm$MH+0x0000026497015400'
Event: 150504.747 Thread 0x0000026493690e50 Unloading class 0x0000026497015000 'java/lang/invoke/LambdaForm$MH+0x0000026497015000'
Event: 150504.747 Thread 0x0000026493690e50 Unloading class 0x0000026497014800 'java/lang/invoke/LambdaForm$MH+0x0000026497014800'
Event: 150504.747 Thread 0x0000026493690e50 Unloading class 0x0000026497014000 'java/lang/invoke/LambdaForm$MH+0x0000026497014000'
Event: 150637.987 Thread 0x0000026493690e50 Unloading class 0x0000026497bd1000 'java/lang/invoke/LambdaForm$DMH+0x0000026497bd1000'
Event: 150637.987 Thread 0x0000026493690e50 Unloading class 0x0000026497bd0800 'java/lang/invoke/LambdaForm$DMH+0x0000026497bd0800'
Event: 150637.987 Thread 0x0000026493690e50 Unloading class 0x0000026497bd0c00 'java/lang/invoke/LambdaForm$DMH+0x0000026497bd0c00'
Event: 150637.987 Thread 0x0000026493690e50 Unloading class 0x0000026497bc9800 'jdk/internal/reflect/GeneratedMethodAccessor43'
Event: 150637.987 Thread 0x0000026493690e50 Unloading class 0x0000026497bc9400 'jdk/internal/reflect/GeneratedMethodAccessor42'
Event: 150637.987 Thread 0x0000026493690e50 Unloading class 0x0000026497bc9000 'jdk/internal/reflect/GeneratedConstructorAccessor91'
Event: 150637.987 Thread 0x0000026493690e50 Unloading class 0x0000026497bc8000 'jdk/internal/reflect/GeneratedMethodAccessor38'
Event: 150637.987 Thread 0x0000026493690e50 Unloading class 0x0000026497bc1800 'jdk/internal/reflect/GeneratedConstructorAccessor89'
Event: 150637.987 Thread 0x0000026493690e50 Unloading class 0x0000026497bc1400 'jdk/internal/reflect/GeneratedConstructorAccessor88'
Event: 150637.987 Thread 0x0000026493690e50 Unloading class 0x0000026497bc1000 'jdk/internal/reflect/GeneratedConstructorAccessor87'
Event: 150637.987 Thread 0x0000026493690e50 Unloading class 0x0000026497bc0c00 'jdk/internal/reflect/GeneratedConstructorAccessor86'
Event: 150637.987 Thread 0x0000026493690e50 Unloading class 0x0000026497bc0800 'jdk/internal/reflect/GeneratedConstructorAccessor85'
Event: 150637.987 Thread 0x0000026493690e50 Unloading class 0x0000026497b91000 'jdk/internal/reflect/GeneratedConstructorAccessor64'
Event: 150647.674 Thread 0x0000026493690e50 Unloading class 0x0000026497bc0000 'org/apache/catalina/loader/JdbcLeakPrevention'

Classes redefined (0 events):
No events

Internal exceptions (20 events):
Event: 150649.669 Thread 0x00000264df7ea320 Exception <a 'java/lang/reflect/InvocationTargetException'{0x0000000611c9b3a0}> (0x0000000611c9b3a0) 
thrown [s\open\src\hotspot\share\runtime\reflection.cpp, line 1121]
Event: 150649.997 Thread 0x00000264df7ea320 Exception <a 'sun/nio/fs/WindowsException'{0x000000060b0448a8}> (0x000000060b0448a8) 
thrown [s\open\src\hotspot\share\prims\jni.cpp, line 516]
Event: 150651.136 Thread 0x00000264df7ea320 Exception <a 'java/net/BindException'{0x000000060b25c108}: Address already in use: bind> (0x000000060b25c108) 
thrown [s\open\src\hotspot\share\prims\jni.cpp, line 535]
Event: 150651.136 Thread 0x00000264df7ea320 Exception <a 'java/net/SocketException'{0x000000060b25c6e8}: Socket is not connected: shutdown> (0x000000060b25c6e8) 
thrown [s\open\src\hotspot\share\prims\jni.cpp, line 535]
Event: 151462.540 Thread 0x00000264e3165a60 Exception <a 'java/net/ConnectException'{0x000000060b5fb148}: Connection refused: no further information> (0x000000060b5fb148) 
thrown [s\open\src\hotspot\share\prims\jni.cpp, line 535]
Event: 151462.540 Thread 0x00000264e3165a60 Exception <a 'java/net/SocketException'{0x000000060b5fb728}: Socket is not connected: shutdown> (0x000000060b5fb728) 
thrown [s\open\src\hotspot\share\prims\jni.cpp, line 535]
Event: 151462.540 Thread 0x00000264e3165a60 Exception <a 'java/net/ConnectException'{0x000000060b5fcc38}: Connection refused: no further information> (0x000000060b5fcc38) 
thrown [s\open\src\hotspot\share\prims\jni.cpp, line 535]
Event: 151462.540 Thread 0x00000264e3165a60 Exception <a 'java/net/SocketException'{0x000000060b5fd218}: Socket is not connected: shutdown> (0x000000060b5fd218) 
thrown [s\open\src\hotspot\share\prims\jni.cpp, line 535]
Event: 151462.555 Thread 0x00000264e3165f70 Exception <a 'java/net/ConnectException'{0x000000060b741e40}: Connection refused: no further information> (0x000000060b741e40) 
thrown [s\open\src\hotspot\share\prims\jni.cpp, line 535]
Event: 151462.555 Thread 0x00000264e3165f70 Exception <a 'java/net/SocketException'{0x000000060b742420}: Socket is not connected: shutdown> (0x000000060b742420) 
thrown [s\open\src\hotspot\share\prims\jni.cpp, line 535]
Event: 151462.555 Thread 0x00000264e3165f70 Exception <a 'java/net/ConnectException'{0x000000060b743828}: Connection refused: no further information> (0x000000060b743828) 
thrown [s\open\src\hotspot\share\prims\jni.cpp, line 535]
Event: 151462.555 Thread 0x00000264e3165f70 Exception <a 'java/net/SocketException'{0x000000060b743e08}: Socket is not connected: shutdown> (0x000000060b743e08) 
thrown [s\open\src\hotspot\share\prims\jni.cpp, line 535]
Event: 151462.566 Thread 0x00000264e3165f70 Exception <a 'java/net/ConnectException'{0x000000060b14b4e0}: Connection refused: no further information> (0x000000060b14b4e0) 
thrown [s\open\src\hotspot\share\prims\jni.cpp, line 535]
Event: 151462.566 Thread 0x00000264e3165f70 Exception <a 'java/net/SocketException'{0x000000060b14bac0}: Socket is not connected: shutdown> (0x000000060b14bac0) 
thrown [s\open\src\hotspot\share\prims\jni.cpp, line 535]
Event: 151462.566 Thread 0x00000264e3165f70 Exception <a 'java/net/ConnectException'{0x000000060b14cec8}: Connection refused: no further information> (0x000000060b14cec8) 
thrown [s\open\src\hotspot\share\prims\jni.cpp, line 535]
Event: 151462.566 Thread 0x00000264e3165f70 Exception <a 'java/net/SocketException'{0x000000060b14d4a8}: Socket is not connected: shutdown> (0x000000060b14d4a8) 
thrown [s\open\src\hotspot\share\prims\jni.cpp, line 535]
Event: 151462.570 Thread 0x00000264e3165a60 Exception <a 'java/net/ConnectException'{0x000000060b094b00}: Connection refused: no further information> (0x000000060b094b00) 
thrown [s\open\src\hotspot\share\prims\jni.cpp, line 535]
Event: 151462.570 Thread 0x00000264e3165a60 Exception <a 'java/net/SocketException'{0x000000060b0950e0}: Socket is not connected: shutdown> (0x000000060b0950e0) 
thrown [s\open\src\hotspot\share\prims\jni.cpp, line 535]
Event: 151462.570 Thread 0x00000264e3165a60 Exception <a 'java/net/ConnectException'{0x000000060b0964e8}: Connection refused: no further information> (0x000000060b0964e8) 
thrown [s\open\src\hotspot\share\prims\jni.cpp, line 535]
Event: 151462.570 Thread 0x00000264e3165a60 Exception <a 'java/net/SocketException'{0x000000060b096ac8}: Socket is not connected: shutdown> (0x000000060b096ac8) 
thrown [s\open\src\hotspot\share\prims\jni.cpp, line 535]

VM Operations (20 events):
Event: 150659.871 Executing VM operation: Cleanup
Event: 150659.871 Executing VM operation: Cleanup done
Event: 150662.898 Executing VM operation: Cleanup
Event: 150663.051 Executing VM operation: Cleanup done
Event: 150682.233 Executing VM operation: Cleanup
Event: 150682.233 Executing VM operation: Cleanup done
Event: 150772.196 Executing VM operation: Cleanup
Event: 150772.196 Executing VM operation: Cleanup done
Event: 151073.225 Executing VM operation: Cleanup
Event: 151073.225 Executing VM operation: Cleanup done
Event: 151231.904 Executing VM operation: Cleanup
Event: 151231.904 Executing VM operation: Cleanup done
Event: 151283.349 Executing VM operation: Cleanup
Event: 151283.349 Executing VM operation: Cleanup done
Event: 151312.601 Executing VM operation: Cleanup
Event: 151312.601 Executing VM operation: Cleanup done
Event: 151462.545 Executing VM operation: HandshakeAllThreads
Event: 151462.545 Executing VM operation: HandshakeAllThreads done
Event: 151463.553 Executing VM operation: Cleanup
Event: 151463.553 Executing VM operation: Cleanup done

Events (20 events):
Event: 150651.854 Thread 0x00000264e31627c0 Thread added: 0x00000264e31627c0
Event: 150651.854 Thread 0x00000264e3162cd0 Thread added: 0x00000264e3162cd0
Event: 150651.855 Thread 0x00000264e31631e0 Thread added: 0x00000264e31631e0
Event: 150651.855 Thread 0x00000264e31636f0 Thread added: 0x00000264e31636f0
Event: 150651.855 Thread 0x00000264e3160960 Thread added: 0x00000264e3160960
Event: 150651.855 Thread 0x00000264e3165040 Thread added: 0x00000264e3165040
Event: 150651.855 Thread 0x00000264e3166480 Thread added: 0x00000264e3166480
Event: 150651.858 Thread 0x00000264e3165550 Thread added: 0x00000264e3165550
Event: 150651.858 Thread 0x00000264e3166990 Thread added: 0x00000264e3166990
Event: 150652.369 Thread 0x00000264df7ea320 Thread exited: 0x00000264df7ea320
Event: 150652.369 Thread 0x00000264df7ea830 Thread exited: 0x00000264df7ea830
Event: 150655.062 Thread 0x00000264df7ead40 Thread exited: 0x00000264df7ead40
Event: 150658.120 Thread 0x00000264dc55bec0 Thread added: 0x00000264dc55bec0
Event: 150659.677 Thread 0x00000264dc55bec0 Thread exited: 0x00000264dc55bec0
Event: 150681.843 Thread 0x00000264e3165a60 Thread added: 0x00000264e3165a60
Event: 150681.843 Thread 0x00000264e3165f70 Thread added: 0x00000264e3165f70
Event: 150951.814 Thread 0x00000264e3166ea0 Thread added: 0x00000264e3166ea0
Event: 151230.895 loading class java/lang/Throwable$WrappedPrintStream
Event: 151230.896 loading class java/lang/Throwable$WrappedPrintStream done
Event: 151230.898 Thread 0x00000264df7ec690 Thread exited: 0x00000264df7ec690


Dynamic libraries:
0x00007ff7f8dd0000 - 0x00007ff7f8de0000 	C:\Program Files\java\jdk-17\bin\java.exe
0x00007ffbbe180000 - 0x00007ffbbe3e3000 	C:\WINDOWS\SYSTEM32\ntdll.dll
0x00007ffbbd430000 - 0x00007ffbbd4f8000 	C:\WINDOWS\System32\KERNEL32.DLL
0x00007ffbbb600000 - 0x00007ffbbb9b2000 	C:\WINDOWS\System32\KERNELBASE.dll
0x00007ffbbb9c0000 - 0x00007ffbbbb0b000 	C:\WINDOWS\System32\ucrtbase.dll
0x00007ffba5340000 - 0x00007ffba5359000 	C:\Program Files\java\jdk-17\bin\jli.dll
0x00007ffbbde40000 - 0x00007ffbbdef4000 	C:\WINDOWS\System32\ADVAPI32.dll
0x00007ffbbc310000 - 0x00007ffbbc3b9000 	C:\WINDOWS\System32\msvcrt.dll
0x00007ffbbc090000 - 0x00007ffbbc136000 	C:\WINDOWS\System32\sechost.dll
0x00007ffba52e0000 - 0x00007ffba52fb000 	C:\Program Files\java\jdk-17\bin\VCRUNTIME140.dll
0x00007ffbbc690000 - 0x00007ffbbc7a6000 	C:\WINDOWS\System32\RPCRT4.dll
0x00007ffbbc140000 - 0x00007ffbbc308000 	C:\WINDOWS\System32\USER32.dll
0x00007ffbbbd00000 - 0x00007ffbbbd27000 	C:\WINDOWS\System32\win32u.dll
0x00007ffbbdf90000 - 0x00007ffbbdfba000 	C:\WINDOWS\System32\GDI32.dll
0x00007ffb96860000 - 0x00007ffb96af0000 	C:\WINDOWS\WinSxS\amd64_microsoft.windows.common-controls_6595b64144ccf1df_6.0.26100.2454_none_3e0b68a2e331ad60\COMCTL32.dll
0x00007ffbbbb10000 - 0x00007ffbbbc3b000 	C:\WINDOWS\System32\gdi32full.dll
0x00007ffbbb550000 - 0x00007ffbbb5f3000 	C:\WINDOWS\System32\msvcp_win.dll
0x00007ffbb2ce0000 - 0x00007ffbb2ceb000 	C:\WINDOWS\SYSTEM32\VERSION.dll
0x00007ffbbdf50000 - 0x00007ffbbdf7f000 	C:\WINDOWS\System32\IMM32.DLL
0x00007ffba5420000 - 0x00007ffba542c000 	C:\Program Files\java\jdk-17\bin\vcruntime140_1.dll
0x00007ffb71450000 - 0x00007ffb714de000 	C:\Program Files\java\jdk-17\bin\msvcp140.dll
0x00007ffb2ad90000 - 0x00007ffb2b971000 	C:\Program Files\java\jdk-17\bin\server\jvm.dll
0x00007ffbbe120000 - 0x00007ffbbe128000 	C:\WINDOWS\System32\PSAPI.DLL
0x00007ffbb3450000 - 0x00007ffbb345a000 	C:\WINDOWS\SYSTEM32\WSOCK32.dll
0x00007ffbbbfe0000 - 0x00007ffbbc054000 	C:\WINDOWS\System32\WS2_32.dll
0x00007ffbae8b0000 - 0x00007ffbae8e6000 	C:\WINDOWS\SYSTEM32\WINMM.dll
0x00007ffbba350000 - 0x00007ffbba36a000 	C:\WINDOWS\SYSTEM32\kernel.appcore.dll
0x00007ffba52d0000 - 0x00007ffba52da000 	C:\Program Files\java\jdk-17\bin\jimage.dll
0x00007ffbb87f0000 - 0x00007ffbb8a31000 	C:\WINDOWS\SYSTEM32\DBGHELP.DLL
0x00007ffbbd080000 - 0x00007ffbbd3fe000 	C:\WINDOWS\System32\combase.dll
0x00007ffbbce90000 - 0x00007ffbbcf66000 	C:\WINDOWS\System32\OLEAUT32.dll
0x00007ffba5520000 - 0x00007ffba5559000 	C:\WINDOWS\SYSTEM32\dbgcore.DLL
0x00007ffbbbf40000 - 0x00007ffbbbfd9000 	C:\WINDOWS\System32\bcryptPrimitives.dll
0x00007ffb7ce70000 - 0x00007ffb7ce95000 	C:\Program Files\java\jdk-17\bin\java.dll
0x00007ffb68660000 - 0x00007ffb68737000 	C:\Program Files\java\jdk-17\bin\jsvml.dll
0x00007ffbbd500000 - 0x00007ffbbdc00000 	C:\WINDOWS\System32\SHELL32.dll
0x00007ffbb9220000 - 0x00007ffbb9a51000 	C:\WINDOWS\SYSTEM32\windows.storage.dll
0x00007ffbbdc10000 - 0x00007ffbbdcea000 	C:\WINDOWS\System32\SHCORE.dll
0x00007ffbbcc40000 - 0x00007ffbbcc9d000 	C:\WINDOWS\System32\shlwapi.dll
0x00007ffbbb460000 - 0x00007ffbbb48e000 	C:\WINDOWS\SYSTEM32\profapi.dll
0x00007ffb889c0000 - 0x00007ffb889d9000 	C:\Program Files\java\jdk-17\bin\net.dll
0x00007ffbb67c0000 - 0x00007ffbb68e6000 	C:\WINDOWS\SYSTEM32\WINHTTP.dll
0x00007ffbba830000 - 0x00007ffbba898000 	C:\WINDOWS\system32\mswsock.dll
0x00007ffb83290000 - 0x00007ffb832a6000 	C:\Program Files\java\jdk-17\bin\nio.dll
0x00007ffb7c180000 - 0x00007ffb7c198000 	C:\Program Files\java\jdk-17\bin\zip.dll
0x00007ffba37b0000 - 0x00007ffba37ba000 	C:\Program Files\java\jdk-17\bin\management.dll
0x00007ffb95c90000 - 0x00007ffb95c9b000 	C:\Program Files\java\jdk-17\bin\management_ext.dll
0x00007ffbb9d10000 - 0x00007ffbb9d42000 	C:\WINDOWS\SYSTEM32\IPHLPAPI.DLL
0x00007ffbbe130000 - 0x00007ffbbe13a000 	C:\WINDOWS\System32\NSI.dll
0x00007ffbb6b40000 - 0x00007ffbb6b5e000 	C:\WINDOWS\SYSTEM32\dhcpcsvc6.DLL
0x00007ffbb6b10000 - 0x00007ffbb6b35000 	C:\WINDOWS\SYSTEM32\dhcpcsvc.DLL
0x00007ffbb9d50000 - 0x00007ffbb9e75000 	C:\WINDOWS\SYSTEM32\DNSAPI.dll
0x00007ffbb4db0000 - 0x00007ffbb4dbb000 	C:\Windows\System32\rasadhlp.dll
0x00007ffbb6e50000 - 0x00007ffbb6ed5000 	C:\WINDOWS\System32\fwpuclnt.dll
0x00007ffb91690000 - 0x00007ffb9169e000 	C:\Program Files\java\jdk-17\bin\sunmscapi.dll
0x00007ffbbbd30000 - 0x00007ffbbbea6000 	C:\WINDOWS\System32\CRYPT32.dll
0x00007ffbbad30000 - 0x00007ffbbad60000 	C:\WINDOWS\SYSTEM32\ncrypt.dll
0x00007ffbbace0000 - 0x00007ffbbad1f000 	C:\WINDOWS\SYSTEM32\NTASN1.dll
0x00007ffbbabe0000 - 0x00007ffbbabfc000 	C:\WINDOWS\SYSTEM32\CRYPTSP.dll
0x00007ffbba2b0000 - 0x00007ffbba2e8000 	C:\WINDOWS\system32\rsaenh.dll
0x00007ffbba8d0000 - 0x00007ffbba8fb000 	C:\WINDOWS\SYSTEM32\USERENV.dll
0x00007ffbbad70000 - 0x00007ffbbad96000 	C:\WINDOWS\SYSTEM32\bcrypt.dll
0x00007ffbbaa60000 - 0x00007ffbbaa6c000 	C:\WINDOWS\SYSTEM32\CRYPTBASE.dll
0x00007ffba14b0000 - 0x00007ffba14c8000 	C:\WINDOWS\system32\napinsp.dll
0x00007ffb95130000 - 0x00007ffb95142000 	C:\WINDOWS\System32\winrnr.dll
0x00007ffb95200000 - 0x00007ffb95222000 	C:\WINDOWS\system32\nlansp_c.dll
0x00007ffbb23d0000 - 0x00007ffbb23e6000 	C:\WINDOWS\system32\wshbth.dll
0x00007ffb912d0000 - 0x00007ffb912e0000 	C:\Program Files\java\jdk-17\bin\verify.dll
0x00007ffba8130000 - 0x00007ffba8138000 	C:\WINDOWS\system32\wshunix.dll

dbghelp: loaded successfully - version: 4.0.5 - missing functions: none
symbol engine: initialized successfully - sym options: 0x614 - pdb path: .;C:\Program Files\java\jdk-17\bin;C:\WINDOWS\SYSTEM32;C:\WINDOWS\WinSxS\amd64_microsoft.windows.common-controls_6595b64144ccf1df_6.0.26100.2454_none_3e0b68a2e331ad60;C:\Program Files\java\jdk-17\bin\server

VM Arguments:
jvm_args: -XX:+ShowCodeDetailsInExceptionMessages 
java_command: com.manamer.backend.business.sellout.SelloutApplication
java_class_path (initial): C:\Users\Fernanda Jama\OneDrive - Manamer\Documentos\PROYEC_DEVELOP\SellOut\backend\business\sellout\target\classes;C:\Users\Fernanda Jama\.m2\repository\org\springframework\boot\spring-boot-starter\3.2.4\spring-boot-starter-3.2.4.jar;C:\Users\Fernanda Jama\.m2\repository\org\springframework\boot\spring-boot\3.2.4\spring-boot-3.2.4.jar;C:\Users\Fernanda Jama\.m2\repository\org\springframework\boot\spring-boot-autoconfigure\3.2.4\spring-boot-autoconfigure-3.2.4.jar;C:\Users\Fernanda Jama\.m2\repository\org\springframework\boot\spring-boot-starter-logging\3.2.4\spring-boot-starter-logging-3.2.4.jar;C:\Users\Fernanda Jama\.m2\repository\ch\qos\logback\logback-classic\1.4.14\logback-classic-1.4.14.jar;C:\Users\Fernanda Jama\.m2\repository\ch\qos\logback\logback-core\1.4.14\logback-core-1.4.14.jar;C:\Users\Fernanda Jama\.m2\repository\org\apache\logging\log4j\log4j-to-slf4j\2.23.1\log4j-to-slf4j-2.23.1.jar;C:\Users\Fernanda Jama\.m2\repository\org\slf4j\jul-to-slf4j\2.0.12\jul-to-slf4j-2.0.12.jar;C:\Users\Fernanda Jama\.m2\repository\jakarta\annotation\jakarta.annotation-api\2.1.1\jakarta.annotation-api-2.1.1.jar;C:\Users\Fernanda Jama\.m2\repository\org\springframework\spring-core\6.1.11\spring-core-6.1.11.jar;C:\Users\Fernanda Jama\.m2\repository\org\springframework\spring-jcl\6.1.11\spring-jcl-6.1.11.jar;C:\Users\Fernanda Jama\.m2\repository\org\yaml\snakeyaml\2.2\snakeyaml-2.2.jar;C:\Users\Fernanda Jama\.m2\repository\com\microsoft\sqlserver\mssql-jdbc\12.4.2.jre11\mssql-jdbc-12.4.2.jre11.jar;C:\Users\Fernanda Jama\.m2\repository\org\projectlombok\lombok\1.18.24\lombok-1.18.24.jar;C:\Users\Fernanda Jama\.m2\repository\org\springframework\boot\spring-boot-starter-data-jpa\3.2.4\spring-boot-starter-data-jpa-3.2.4.jar;C:\Users\Fernanda Jama\.m2\repository\org\springframework\boot\spring-boot-starter-aop\3.2.4\spring-boot-starter-aop-3.2.4.jar;C:\Users\Fernanda Jama\.m2\repository\org\aspectj\aspectjweaver\1.9.21\aspectjweaver-1.9.21.jar;C:\U
Launcher Type: SUN_STANDARD

[Global flags]
     intx CICompilerCount                          = 4                                         {product} {ergonomic}
     uint ConcGCThreads                            = 2                                         {product} {ergonomic}
     uint G1ConcRefinementThreads                  = 8                                         {product} {ergonomic}
   size_t G1HeapRegionSize                         = 4194304                                   {product} {ergonomic}
    uintx GCDrainStackTargetSize                   = 64                                        {product} {ergonomic}
   size_t InitialHeapSize                          = 532676608                                 {product} {ergonomic}
   size_t MarkStackSize                            = 4194304                                   {product} {ergonomic}
   size_t MaxHeapSize                              = 8518631424                                {product} {ergonomic}
   size_t MaxNewSize                               = 5108662272                                {product} {ergonomic}
   size_t MinHeapDeltaBytes                        = 4194304                                   {product} {ergonomic}
   size_t MinHeapSize                              = 8388608                                   {product} {ergonomic}
    uintx NonNMethodCodeHeapSize                   = 5839372                                {pd product} {ergonomic}
    uintx NonProfiledCodeHeapSize                  = 122909434                              {pd product} {ergonomic}
    uintx ProfiledCodeHeapSize                     = 122909434                              {pd product} {ergonomic}
    uintx ReservedCodeCacheSize                    = 251658240                              {pd product} {ergonomic}
     bool SegmentedCodeCache                       = true                                      {product} {ergonomic}
     bool ShowCodeDetailsInExceptionMessages       = true                                   {manageable} {command line}
   size_t SoftMaxHeapSize                          = 8518631424                             {manageable} {ergonomic}
     bool UseCompressedClassPointers               = true                           {product lp64_product} {ergonomic}
     bool UseCompressedOops                        = true                           {product lp64_product} {ergonomic}
     bool UseG1GC                                  = true                                      {product} {ergonomic}
     bool UseLargePagesIndividualAllocation        = false                                  {pd product} {ergonomic}

Logging:
Log output configuration:
 #0: stdout all=warning uptime,level,tags
 #1: stderr all=off uptime,level,tags

Environment Variables:
JAVA_HOME=C:\Program Files\java\jdk-17
CLASSPATH=C:\Program Files\SAP\SAP Business One DI API\JCO\LIB\sbowrapper.jar;C:\Program Files\SAP\SAP Business One DI API\JCO\LIB\sboapi.jar;C:\Program Files (x86)\SAP\SAP Business One DI API\JCO\LIB\sbowrapper.jar;C:\Program Files (x86)\SAP\SAP Business One DI API\JCO\LIB\sboapi.jar
PATH=C:\Python312\Scripts\;C:\Python312\;C:\Program Files\Eclipse Adoptium\jdk-21.0.3.9-hotspot\bin;C:\Program Files\java\jdk-17\bin;C:\Program Files\Microsoft MPI\Bin\;C:\apache-maven-3.9.6\bin;C:\Program Files\Common Files\Oracle\Java\javapath;C:\Program Files\Eclipse Foundation\jdk-8.0.302.8-hotspot\bin;C:\WINDOWS\system32;C:\WINDOWS;C:\WINDOWS\System32\Wbem;C:\WINDOWS\System32\WindowsPowerShell\v1.0\;C:\WINDOWS\System32\OpenSSH\;C:\Program Files\Azure Data Studio\bin;C:\Program Files\Microsoft SQL Server\Client SDK\ODBC\170\Tools\Binn\;C:\ProgramData\chocolatey\bin;C:\Program Files\Git\cmd;C:\Program Files\PuTTY\;C:\Program Files\Eclipse Adoptium\jdk-21.0.3.9-hotspot\\bin;C:\Program Files\SAP\SAP Business One DI API\JCO\LIB\;C:\Program Files\SAP\SAP Business One DI API\DI API 90;C:\Program Files\SAP\SAP Business One\;C:\Program Files (x86)\SAP\SAP Business One DI API\JCO\LIB\;C:\Program Files (x86)\SAP\SAP Business One DI API\DI API 90;C:\Program Files (x86)\SAP\SAP Business One\;C:\Program Files\Docker\Docker\resources\bin;C:\Program Files (x86)\Microsoft SQL Server\160\Tools\Binn\;C:\Program Files\Microsoft SQL Server\160\Tools\Binn\;C:\Program Files\Microsoft SQL Server\160\DTS\Binn\;C:\Program Files (x86)\Microsoft SQL Server\160\DTS\Binn\;C:\Program Files\Microsoft SQL Server\130\Tools\Binn\;C:\Program Files (x86)\Microsoft SQL Server\150\Tools\Binn\;C:\Program Files\Microsoft SQL Server\150\Tools\Binn\;C:\Program Files\Microsoft SQL Server\150\DTS\Binn\;C:\xampp\php;C:\Program Files\nodejs\;C:\Users\Fernanda Jama\AppData\Local\Microsoft\WindowsApps;C:\Program Files\Azure Data Studio\bin;C:\Users\Fernanda Jama\AppData\Local\GitHubDesktop\bin;C:\Program Files\java\jdk-17\bin;C:\Program Files\JetBrains\IntelliJ IDEA 2024.1\bin;;C:\Program Files\JetBrains\IntelliJ IDEA Community Edition 2023.2.5\bin;;C:\Users\Fernanda Jama\AppData\Local\Programs\Microsoft VS Code\bin;C:\Program Files\JetBrains\DataGrip 2024.2.1\bin;;C:\xampp\php;C:\Program Files\vtex\bin;C:\Users
USERNAME=Fernanda Jama
LANG=en_US.UTF-8
OS=Windows_NT
PROCESSOR_IDENTIFIER=Intel64 Family 6 Model 140 Stepping 1, GenuineIntel



---------------  S Y S T E M  ---------------

OS:
 Windows 11 , 64 bit Build 26100 (10.0.26100.2454)
OS uptime: 5 days 10:27 hours
Hyper-V role detected

CPU: total 8 (initial active 8) (4 cores per cpu, 2 threads per core) family 6 model 140 stepping 1 microcode 0xb8, cx8, cmov, fxsr, ht, mmx, 3dnowpref, sse, sse2, sse3, ssse3, sse4.1, sse4.2, popcnt, lzcnt, tsc, tscinvbit, avx, avx2, aes, erms, clmul, bmi1, bmi2, adx, avx512f, avx512dq, avx512cd, avx512bw, avx512vl, sha, fma, vzeroupper, avx512_vpopcntdq, avx512_vpclmulqdq, avx512_vaes, avx512_vnni, clflush, clflushopt, clwb, avx512_vbmi2, avx512_vbmi, hv

Memory: 4k page, system-wide physical 32494M (1082M free)
TotalPageFile size 93435M (AvailPageFile size 0M)
current process WorkingSet (physical memory assigned to process): 383M, peak: 431M
current process commit charge ("private bytes"): 458M, peak: 691M

vm_info: Java HotSpot(TM) 64-Bit Server VM (17.0.9+11-LTS-201) for windows-amd64 JRE (17.0.9+11-LTS-201), built on Oct 10 2023 23:16:06 by "mach5one" with MS VC++ 17.1 (VS2022)

END.
